ResNet18 quantization with myAdaRound!
    Original model Evaluation accuracy on 50000 images, 69.76
{'scheme': 'AdaRoundQuantizer', 'per_channel': True, 'dstDtype': 'INT4'}
Initiated the V
Initiated the V
Initiated the V
Initiated the V
Initiated the V
Initiated the V
Initiated the V
Initiated the V
Initiated the V
Initiated the V
Initiated the V
Initiated the V
Initiated the V
Initiated the V
Initiated the V
Initiated the V
Initiated the V
Initiated the V
Initiated the V
Initiated the V
Initiated the V
Qparams computing done!
    QuantModule: conv1, torch.Size([64, 3, 7, 7])
    QuantModule: layer1.0.conv1, torch.Size([64, 64, 3, 3])
    QuantModule: layer1.0.conv2, torch.Size([64, 64, 3, 3])
    QuantModule: layer1.1.conv1, torch.Size([64, 64, 3, 3])
    QuantModule: layer1.1.conv2, torch.Size([64, 64, 3, 3])
    QuantModule: layer2.0.conv1, torch.Size([128, 64, 3, 3])
    QuantModule: layer2.0.conv2, torch.Size([128, 128, 3, 3])
    QuantModule: layer2.0.downsample.0, torch.Size([128, 64, 1, 1])
    QuantModule: layer2.1.conv1, torch.Size([128, 128, 3, 3])
    QuantModule: layer2.1.conv2, torch.Size([128, 128, 3, 3])
    QuantModule: layer3.0.conv1, torch.Size([256, 128, 3, 3])
    QuantModule: layer3.0.conv2, torch.Size([256, 256, 3, 3])
    QuantModule: layer3.0.downsample.0, torch.Size([256, 128, 1, 1])
    QuantModule: layer3.1.conv1, torch.Size([256, 256, 3, 3])
    QuantModule: layer3.1.conv2, torch.Size([256, 256, 3, 3])
    QuantModule: layer4.0.conv1, torch.Size([512, 256, 3, 3])
    QuantModule: layer4.0.conv2, torch.Size([512, 512, 3, 3])
    QuantModule: layer4.0.downsample.0, torch.Size([512, 256, 1, 1])
    QuantModule: layer4.1.conv1, torch.Size([512, 512, 3, 3])
    QuantModule: layer4.1.conv2, torch.Size([512, 512, 3, 3])
    QuantModule: fc, torch.Size([1000, 512])
Total QuantModule: 21
........
   FP_OUTPUTS shape torch.Size([1024, 64, 112, 112])
................
   FP_OUTPUTS shape torch.Size([1024, 64, 56, 56])
........................
   FP_OUTPUTS shape torch.Size([1024, 64, 56, 56])
................................
   FP_OUTPUTS shape torch.Size([1024, 64, 56, 56])
........................................
   FP_OUTPUTS shape torch.Size([1024, 64, 56, 56])
................................................
   FP_OUTPUTS shape torch.Size([1024, 128, 28, 28])
........................................................
   FP_OUTPUTS shape torch.Size([1024, 128, 28, 28])
................................................................
   FP_OUTPUTS shape torch.Size([1024, 128, 28, 28])
........................................................................
   FP_OUTPUTS shape torch.Size([1024, 128, 28, 28])
................................................................................
   FP_OUTPUTS shape torch.Size([1024, 128, 28, 28])
........................................................................................
   FP_OUTPUTS shape torch.Size([1024, 256, 14, 14])
................................................................................................
   FP_OUTPUTS shape torch.Size([1024, 256, 14, 14])
........................................................................................................
   FP_OUTPUTS shape torch.Size([1024, 256, 14, 14])
................................................................................................................
   FP_OUTPUTS shape torch.Size([1024, 256, 14, 14])
........................................................................................................................
   FP_OUTPUTS shape torch.Size([1024, 256, 14, 14])
................................................................................................................................
   FP_OUTPUTS shape torch.Size([1024, 512, 7, 7])
........................................................................................................................................
   FP_OUTPUTS shape torch.Size([1024, 512, 7, 7])
................................................................................................................................................
   FP_OUTPUTS shape torch.Size([1024, 512, 7, 7])
........................................................................................................................................................
   FP_OUTPUTS shape torch.Size([1024, 512, 7, 7])
................................................................................................................................................................
   FP_OUTPUTS shape torch.Size([1024, 512, 7, 7])
........................................................................................................................................................................
   FP_OUTPUTS shape torch.Size([1024, 1000])
Iter     1 | Total loss: 0.0806 (MSE:0.0806, Reg:0.0000) beta=0.00
Iter   500 | Total loss: 0.0197 (MSE:0.0197, Reg:0.0000) beta=0.00
Iter  1000 | Total loss: 0.0094 (MSE:0.0094, Reg:0.0000) beta=0.00
Iter  1500 | Total loss: 0.0066 (MSE:0.0066, Reg:0.0000) beta=0.00
Iter  2000 | Total loss: 0.0058 (MSE:0.0058, Reg:0.0000) beta=0.00
Iter  2500 | Total loss: 0.0057 (MSE:0.0057, Reg:0.0000) beta=0.00
Iter  3000 | Total loss: 0.0043 (MSE:0.0043, Reg:0.0000) beta=0.00
Iter  3500 | Total loss: 0.0049 (MSE:0.0049, Reg:0.0000) beta=0.00
Iter  4000 | Total loss: 1941.7097 (MSE:0.0036, Reg:1941.7061) beta=20.00
Iter  4500 | Total loss: 92.3107 (MSE:0.0708, Reg:92.2399) beta=19.44
Iter  5000 | Total loss: 71.1527 (MSE:0.0687, Reg:71.0841) beta=18.88
Iter  5500 | Total loss: 40.6329 (MSE:0.0623, Reg:40.5705) beta=18.31
Iter  6000 | Total loss: 35.4042 (MSE:0.0559, Reg:35.3483) beta=17.75
Iter  6500 | Total loss: 31.0357 (MSE:0.0523, Reg:30.9835) beta=17.19
Iter  7000 | Total loss: 28.6009 (MSE:0.0734, Reg:28.5275) beta=16.62
Iter  7500 | Total loss: 25.2712 (MSE:0.0572, Reg:25.2140) beta=16.06
Iter  8000 | Total loss: 21.0447 (MSE:0.0629, Reg:20.9818) beta=15.50
Iter  8500 | Total loss: 17.0655 (MSE:0.0655, Reg:17.0000) beta=14.94
Iter  9000 | Total loss: 14.4585 (MSE:0.0570, Reg:14.4015) beta=14.38
Iter  9500 | Total loss: 13.0619 (MSE:0.0624, Reg:12.9995) beta=13.81
Iter 10000 | Total loss: 10.5486 (MSE:0.0644, Reg:10.4843) beta=13.25
Iter 10500 | Total loss: 7.5801 (MSE:0.0609, Reg:7.5192) beta=12.69
Iter 11000 | Total loss: 6.0563 (MSE:0.0563, Reg:6.0000) beta=12.12
Iter 11500 | Total loss: 5.6907 (MSE:0.0597, Reg:5.6310) beta=11.56
Iter 12000 | Total loss: 2.8606 (MSE:0.0648, Reg:2.7958) beta=11.00
Iter 12500 | Total loss: 2.0621 (MSE:0.0621, Reg:2.0000) beta=10.44
Iter 13000 | Total loss: 2.0607 (MSE:0.0607, Reg:2.0000) beta=9.88
Iter 13500 | Total loss: 2.0742 (MSE:0.0742, Reg:2.0000) beta=9.31
Iter 14000 | Total loss: 2.0627 (MSE:0.0627, Reg:2.0000) beta=8.75
Iter 14500 | Total loss: 2.0621 (MSE:0.0621, Reg:2.0000) beta=8.19
Iter 15000 | Total loss: 2.0019 (MSE:0.0648, Reg:1.9370) beta=7.62
Iter 15500 | Total loss: 1.0537 (MSE:0.0537, Reg:1.0000) beta=7.06
Iter 16000 | Total loss: 1.0637 (MSE:0.0637, Reg:1.0000) beta=6.50
Iter 16500 | Total loss: 1.0535 (MSE:0.0535, Reg:1.0000) beta=5.94
Iter 17000 | Total loss: 0.9367 (MSE:0.0615, Reg:0.8753) beta=5.38
Iter 17500 | Total loss: 0.0654 (MSE:0.0654, Reg:0.0000) beta=4.81
Iter 18000 | Total loss: 0.0583 (MSE:0.0583, Reg:0.0000) beta=4.25
Iter 18500 | Total loss: 0.0607 (MSE:0.0607, Reg:0.0000) beta=3.69
Iter 19000 | Total loss: 0.0609 (MSE:0.0609, Reg:0.0000) beta=3.12
Iter 19500 | Total loss: 0.0567 (MSE:0.0567, Reg:0.0000) beta=2.56
Iter 20000 | Total loss: 0.0605 (MSE:0.0605, Reg:0.0000) beta=2.00
,,,,,,,,Iter     1 | Total loss: 0.0354 (MSE:0.0354, Reg:0.0000) beta=0.00
Iter   500 | Total loss: 0.0120 (MSE:0.0120, Reg:0.0000) beta=0.00
Iter  1000 | Total loss: 0.0092 (MSE:0.0092, Reg:0.0000) beta=0.00
Iter  1500 | Total loss: 0.0078 (MSE:0.0078, Reg:0.0000) beta=0.00
Iter  2000 | Total loss: 0.0060 (MSE:0.0060, Reg:0.0000) beta=0.00
Iter  2500 | Total loss: 0.0057 (MSE:0.0057, Reg:0.0000) beta=0.00
Iter  3000 | Total loss: 0.0052 (MSE:0.0052, Reg:0.0000) beta=0.00
Iter  3500 | Total loss: 0.0055 (MSE:0.0055, Reg:0.0000) beta=0.00
Iter  4000 | Total loss: 5113.3257 (MSE:0.0051, Reg:5113.3203) beta=20.00
Iter  4500 | Total loss: 908.8940 (MSE:0.0180, Reg:908.8760) beta=19.44
Iter  5000 | Total loss: 570.2065 (MSE:0.0144, Reg:570.1921) beta=18.88
Iter  5500 | Total loss: 377.7815 (MSE:0.0136, Reg:377.7680) beta=18.31
Iter  6000 | Total loss: 314.7276 (MSE:0.0144, Reg:314.7133) beta=17.75
Iter  6500 | Total loss: 263.1544 (MSE:0.0147, Reg:263.1398) beta=17.19
Iter  7000 | Total loss: 220.8918 (MSE:0.0143, Reg:220.8775) beta=16.62
Iter  7500 | Total loss: 189.8376 (MSE:0.0141, Reg:189.8235) beta=16.06
Iter  8000 | Total loss: 170.3229 (MSE:0.0134, Reg:170.3095) beta=15.50
Iter  8500 | Total loss: 136.3829 (MSE:0.0159, Reg:136.3669) beta=14.94
Iter  9000 | Total loss: 115.3033 (MSE:0.0148, Reg:115.2885) beta=14.38
Iter  9500 | Total loss: 101.8917 (MSE:0.0174, Reg:101.8743) beta=13.81
Iter 10000 | Total loss: 87.1684 (MSE:0.0154, Reg:87.1530) beta=13.25
Iter 10500 | Total loss: 67.3199 (MSE:0.0124, Reg:67.3075) beta=12.69
Iter 11000 | Total loss: 57.0168 (MSE:0.0146, Reg:57.0023) beta=12.12
Iter 11500 | Total loss: 42.8098 (MSE:0.0158, Reg:42.7940) beta=11.56
Iter 12000 | Total loss: 29.9460 (MSE:0.0164, Reg:29.9296) beta=11.00
Iter 12500 | Total loss: 24.5135 (MSE:0.0141, Reg:24.4994) beta=10.44
Iter 13000 | Total loss: 21.0370 (MSE:0.0145, Reg:21.0225) beta=9.88
Iter 13500 | Total loss: 16.5562 (MSE:0.0145, Reg:16.5417) beta=9.31
Iter 14000 | Total loss: 8.8112 (MSE:0.0149, Reg:8.7963) beta=8.75
Iter 14500 | Total loss: 5.9455 (MSE:0.0164, Reg:5.9292) beta=8.19
Iter 15000 | Total loss: 3.0736 (MSE:0.0139, Reg:3.0598) beta=7.62
Iter 15500 | Total loss: 0.8766 (MSE:0.0140, Reg:0.8626) beta=7.06
Iter 16000 | Total loss: 0.0133 (MSE:0.0133, Reg:0.0000) beta=6.50
Iter 16500 | Total loss: 0.0155 (MSE:0.0155, Reg:0.0000) beta=5.94
Iter 17000 | Total loss: 0.0158 (MSE:0.0158, Reg:0.0000) beta=5.38
Iter 17500 | Total loss: 0.0141 (MSE:0.0141, Reg:0.0000) beta=4.81
Iter 18000 | Total loss: 0.0127 (MSE:0.0127, Reg:0.0000) beta=4.25
Iter 18500 | Total loss: 0.0153 (MSE:0.0153, Reg:0.0000) beta=3.69
Iter 19000 | Total loss: 0.0146 (MSE:0.0146, Reg:0.0000) beta=3.12
Iter 19500 | Total loss: 0.0152 (MSE:0.0152, Reg:0.0000) beta=2.56
Iter 20000 | Total loss: 0.0135 (MSE:0.0135, Reg:0.0000) beta=2.00
,,,,,,,,,,,,,,,,Iter     1 | Total loss: 0.0055 (MSE:0.0055, Reg:0.0000) beta=0.00
Iter   500 | Total loss: 0.0038 (MSE:0.0038, Reg:0.0000) beta=0.00
Iter  1000 | Total loss: 0.0031 (MSE:0.0031, Reg:0.0000) beta=0.00
Iter  1500 | Total loss: 0.0028 (MSE:0.0028, Reg:0.0000) beta=0.00
Iter  2000 | Total loss: 0.0024 (MSE:0.0024, Reg:0.0000) beta=0.00
Iter  2500 | Total loss: 0.0023 (MSE:0.0023, Reg:0.0000) beta=0.00
Iter  3000 | Total loss: 0.0024 (MSE:0.0024, Reg:0.0000) beta=0.00
Iter  3500 | Total loss: 0.0023 (MSE:0.0023, Reg:0.0000) beta=0.00
Iter  4000 | Total loss: 7073.3706 (MSE:0.0023, Reg:7073.3682) beta=20.00
Iter  4500 | Total loss: 1541.3274 (MSE:0.0028, Reg:1541.3246) beta=19.44
Iter  5000 | Total loss: 979.2682 (MSE:0.0025, Reg:979.2657) beta=18.88
Iter  5500 | Total loss: 706.3080 (MSE:0.0027, Reg:706.3054) beta=18.31
Iter  6000 | Total loss: 585.9844 (MSE:0.0028, Reg:585.9816) beta=17.75
Iter  6500 | Total loss: 486.3639 (MSE:0.0025, Reg:486.3613) beta=17.19
Iter  7000 | Total loss: 427.2281 (MSE:0.0027, Reg:427.2255) beta=16.62
Iter  7500 | Total loss: 371.9983 (MSE:0.0024, Reg:371.9959) beta=16.06
Iter  8000 | Total loss: 321.7361 (MSE:0.0026, Reg:321.7335) beta=15.50
Iter  8500 | Total loss: 280.1831 (MSE:0.0025, Reg:280.1806) beta=14.94
Iter  9000 | Total loss: 232.3718 (MSE:0.0024, Reg:232.3694) beta=14.38
Iter  9500 | Total loss: 198.1491 (MSE:0.0026, Reg:198.1465) beta=13.81
Iter 10000 | Total loss: 179.6015 (MSE:0.0024, Reg:179.5991) beta=13.25
Iter 10500 | Total loss: 146.7568 (MSE:0.0031, Reg:146.7537) beta=12.69
Iter 11000 | Total loss: 122.8298 (MSE:0.0029, Reg:122.8268) beta=12.12
Iter 11500 | Total loss: 99.8737 (MSE:0.0025, Reg:99.8712) beta=11.56
Iter 12000 | Total loss: 76.7061 (MSE:0.0025, Reg:76.7037) beta=11.00
Iter 12500 | Total loss: 58.6197 (MSE:0.0025, Reg:58.6173) beta=10.44
Iter 13000 | Total loss: 43.1082 (MSE:0.0022, Reg:43.1060) beta=9.88
Iter 13500 | Total loss: 30.0326 (MSE:0.0023, Reg:30.0304) beta=9.31
Iter 14000 | Total loss: 23.6712 (MSE:0.0027, Reg:23.6686) beta=8.75
Iter 14500 | Total loss: 13.9773 (MSE:0.0028, Reg:13.9746) beta=8.19
Iter 15000 | Total loss: 9.7122 (MSE:0.0026, Reg:9.7096) beta=7.62
Iter 15500 | Total loss: 6.0607 (MSE:0.0026, Reg:6.0581) beta=7.06
Iter 16000 | Total loss: 2.5015 (MSE:0.0026, Reg:2.4989) beta=6.50
Iter 16500 | Total loss: 1.0028 (MSE:0.0028, Reg:1.0000) beta=5.94
Iter 17000 | Total loss: 0.0864 (MSE:0.0027, Reg:0.0837) beta=5.38
Iter 17500 | Total loss: 0.0024 (MSE:0.0024, Reg:0.0000) beta=4.81
Iter 18000 | Total loss: 0.0024 (MSE:0.0024, Reg:0.0000) beta=4.25
Iter 18500 | Total loss: 0.0027 (MSE:0.0027, Reg:0.0000) beta=3.69
Iter 19000 | Total loss: 0.0029 (MSE:0.0029, Reg:0.0000) beta=3.12
Iter 19500 | Total loss: 0.0022 (MSE:0.0022, Reg:0.0000) beta=2.56
Iter 20000 | Total loss: 0.0026 (MSE:0.0026, Reg:0.0000) beta=2.00
,,,,,,,,,,,,,,,,,,,,,,,,Iter     1 | Total loss: 0.0513 (MSE:0.0513, Reg:0.0000) beta=0.00
Iter   500 | Total loss: 0.0189 (MSE:0.0189, Reg:0.0000) beta=0.00
Iter  1000 | Total loss: 0.0179 (MSE:0.0179, Reg:0.0000) beta=0.00
Iter  1500 | Total loss: 0.0147 (MSE:0.0147, Reg:0.0000) beta=0.00
Iter  2000 | Total loss: 0.0146 (MSE:0.0146, Reg:0.0000) beta=0.00
Iter  2500 | Total loss: 0.0119 (MSE:0.0119, Reg:0.0000) beta=0.00
Iter  3000 | Total loss: 0.0124 (MSE:0.0124, Reg:0.0000) beta=0.00
Iter  3500 | Total loss: 0.0135 (MSE:0.0135, Reg:0.0000) beta=0.00
Iter  4000 | Total loss: 6004.3872 (MSE:0.0128, Reg:6004.3745) beta=20.00
Iter  4500 | Total loss: 1104.0259 (MSE:0.0294, Reg:1103.9966) beta=19.44
Iter  5000 | Total loss: 684.3436 (MSE:0.0249, Reg:684.3187) beta=18.88
Iter  5500 | Total loss: 515.0609 (MSE:0.0237, Reg:515.0372) beta=18.31
Iter  6000 | Total loss: 441.9568 (MSE:0.0227, Reg:441.9341) beta=17.75
Iter  6500 | Total loss: 380.8135 (MSE:0.0243, Reg:380.7892) beta=17.19
Iter  7000 | Total loss: 323.1769 (MSE:0.0271, Reg:323.1499) beta=16.62
Iter  7500 | Total loss: 271.5868 (MSE:0.0239, Reg:271.5629) beta=16.06
Iter  8000 | Total loss: 243.7470 (MSE:0.0252, Reg:243.7218) beta=15.50
Iter  8500 | Total loss: 215.4652 (MSE:0.0249, Reg:215.4403) beta=14.94
Iter  9000 | Total loss: 192.4444 (MSE:0.0251, Reg:192.4194) beta=14.38
Iter  9500 | Total loss: 169.4714 (MSE:0.0249, Reg:169.4465) beta=13.81
Iter 10000 | Total loss: 142.0067 (MSE:0.0248, Reg:141.9819) beta=13.25
Iter 10500 | Total loss: 111.6468 (MSE:0.0234, Reg:111.6234) beta=12.69
Iter 11000 | Total loss: 86.7378 (MSE:0.0251, Reg:86.7127) beta=12.12
Iter 11500 | Total loss: 75.0752 (MSE:0.0232, Reg:75.0520) beta=11.56
Iter 12000 | Total loss: 61.9097 (MSE:0.0224, Reg:61.8873) beta=11.00
Iter 12500 | Total loss: 48.6175 (MSE:0.0244, Reg:48.5931) beta=10.44
Iter 13000 | Total loss: 37.6527 (MSE:0.0235, Reg:37.6292) beta=9.88
Iter 13500 | Total loss: 30.4214 (MSE:0.0242, Reg:30.3972) beta=9.31
Iter 14000 | Total loss: 25.5313 (MSE:0.0240, Reg:25.5073) beta=8.75
Iter 14500 | Total loss: 15.9115 (MSE:0.0260, Reg:15.8855) beta=8.19
Iter 15000 | Total loss: 10.4004 (MSE:0.0243, Reg:10.3762) beta=7.62
Iter 15500 | Total loss: 7.4084 (MSE:0.0228, Reg:7.3856) beta=7.06
Iter 16000 | Total loss: 4.7847 (MSE:0.0261, Reg:4.7586) beta=6.50
Iter 16500 | Total loss: 2.1597 (MSE:0.0253, Reg:2.1344) beta=5.94
Iter 17000 | Total loss: 2.0250 (MSE:0.0250, Reg:2.0000) beta=5.38
Iter 17500 | Total loss: 1.1044 (MSE:0.0247, Reg:1.0797) beta=4.81
Iter 18000 | Total loss: 0.0250 (MSE:0.0249, Reg:0.0000) beta=4.25
Iter 18500 | Total loss: 0.0245 (MSE:0.0245, Reg:0.0000) beta=3.69
Iter 19000 | Total loss: 0.0253 (MSE:0.0253, Reg:0.0000) beta=3.12
Iter 19500 | Total loss: 0.0246 (MSE:0.0246, Reg:0.0000) beta=2.56
Iter 20000 | Total loss: 0.0233 (MSE:0.0233, Reg:0.0000) beta=2.00
,,,,,,,,,,,,,,,,,,,,,,,,,,,,,,,,Iter     1 | Total loss: 0.0094 (MSE:0.0094, Reg:0.0000) beta=0.00
Iter   500 | Total loss: 0.0065 (MSE:0.0065, Reg:0.0000) beta=0.00
Iter  1000 | Total loss: 0.0047 (MSE:0.0047, Reg:0.0000) beta=0.00
Iter  1500 | Total loss: 0.0043 (MSE:0.0043, Reg:0.0000) beta=0.00
Iter  2000 | Total loss: 0.0039 (MSE:0.0039, Reg:0.0000) beta=0.00
Iter  2500 | Total loss: 0.0038 (MSE:0.0038, Reg:0.0000) beta=0.00
Iter  3000 | Total loss: 0.0038 (MSE:0.0038, Reg:0.0000) beta=0.00
Iter  3500 | Total loss: 0.0036 (MSE:0.0036, Reg:0.0000) beta=0.00
Iter  4000 | Total loss: 9228.3291 (MSE:0.0033, Reg:9228.3262) beta=20.00
Iter  4500 | Total loss: 1985.3960 (MSE:0.0038, Reg:1985.3922) beta=19.44
Iter  5000 | Total loss: 1161.5981 (MSE:0.0034, Reg:1161.5947) beta=18.88
Iter  5500 | Total loss: 871.6489 (MSE:0.0037, Reg:871.6453) beta=18.31
Iter  6000 | Total loss: 733.5119 (MSE:0.0039, Reg:733.5081) beta=17.75
Iter  6500 | Total loss: 627.0569 (MSE:0.0037, Reg:627.0532) beta=17.19
Iter  7000 | Total loss: 545.6878 (MSE:0.0036, Reg:545.6843) beta=16.62
Iter  7500 | Total loss: 481.0965 (MSE:0.0036, Reg:481.0928) beta=16.06
Iter  8000 | Total loss: 424.5648 (MSE:0.0038, Reg:424.5610) beta=15.50
Iter  8500 | Total loss: 365.9406 (MSE:0.0037, Reg:365.9369) beta=14.94
Iter  9000 | Total loss: 319.6675 (MSE:0.0033, Reg:319.6642) beta=14.38
Iter  9500 | Total loss: 267.0677 (MSE:0.0037, Reg:267.0640) beta=13.81
Iter 10000 | Total loss: 224.3654 (MSE:0.0039, Reg:224.3615) beta=13.25
Iter 10500 | Total loss: 191.4620 (MSE:0.0037, Reg:191.4582) beta=12.69
Iter 11000 | Total loss: 157.0595 (MSE:0.0037, Reg:157.0557) beta=12.12
Iter 11500 | Total loss: 137.5101 (MSE:0.0039, Reg:137.5062) beta=11.56
Iter 12000 | Total loss: 116.8160 (MSE:0.0037, Reg:116.8124) beta=11.00
Iter 12500 | Total loss: 93.4356 (MSE:0.0037, Reg:93.4319) beta=10.44
Iter 13000 | Total loss: 78.7589 (MSE:0.0041, Reg:78.7548) beta=9.88
Iter 13500 | Total loss: 65.1648 (MSE:0.0034, Reg:65.1614) beta=9.31
Iter 14000 | Total loss: 48.0589 (MSE:0.0038, Reg:48.0550) beta=8.75
Iter 14500 | Total loss: 31.7051 (MSE:0.0036, Reg:31.7014) beta=8.19
Iter 15000 | Total loss: 20.8165 (MSE:0.0036, Reg:20.8128) beta=7.62
Iter 15500 | Total loss: 14.7839 (MSE:0.0039, Reg:14.7800) beta=7.06
Iter 16000 | Total loss: 9.8487 (MSE:0.0037, Reg:9.8450) beta=6.50
Iter 16500 | Total loss: 5.0122 (MSE:0.0038, Reg:5.0084) beta=5.94
Iter 17000 | Total loss: 2.2760 (MSE:0.0036, Reg:2.2724) beta=5.38
Iter 17500 | Total loss: 0.0037 (MSE:0.0037, Reg:0.0000) beta=4.81
Iter 18000 | Total loss: 0.0038 (MSE:0.0038, Reg:0.0000) beta=4.25
Iter 18500 | Total loss: 0.0038 (MSE:0.0038, Reg:0.0000) beta=3.69
Iter 19000 | Total loss: 0.0038 (MSE:0.0038, Reg:0.0000) beta=3.12
Iter 19500 | Total loss: 0.0041 (MSE:0.0041, Reg:0.0000) beta=2.56
Iter 20000 | Total loss: 0.0035 (MSE:0.0035, Reg:0.0000) beta=2.00
,,,,,,,,,,,,,,,,,,,,,,,,,,,,,,,,,,,,,,,,Iter     1 | Total loss: 0.0474 (MSE:0.0474, Reg:0.0000) beta=0.00
Iter   500 | Total loss: 0.0342 (MSE:0.0342, Reg:0.0000) beta=0.00
Iter  1000 | Total loss: 0.0338 (MSE:0.0338, Reg:0.0000) beta=0.00
Iter  1500 | Total loss: 0.0318 (MSE:0.0318, Reg:0.0000) beta=0.00
Iter  2000 | Total loss: 0.0330 (MSE:0.0330, Reg:0.0000) beta=0.00
Iter  2500 | Total loss: 0.0352 (MSE:0.0352, Reg:0.0000) beta=0.00
Iter  3000 | Total loss: 0.0288 (MSE:0.0288, Reg:0.0000) beta=0.00
Iter  3500 | Total loss: 0.0327 (MSE:0.0327, Reg:0.0000) beta=0.00
Iter  4000 | Total loss: 9758.2461 (MSE:0.0324, Reg:9758.2139) beta=20.00
Iter  4500 | Total loss: 1979.1492 (MSE:0.0319, Reg:1979.1172) beta=19.44
Iter  5000 | Total loss: 1218.5746 (MSE:0.0326, Reg:1218.5420) beta=18.88
Iter  5500 | Total loss: 975.6697 (MSE:0.0345, Reg:975.6353) beta=18.31
Iter  6000 | Total loss: 824.5990 (MSE:0.0325, Reg:824.5665) beta=17.75
Iter  6500 | Total loss: 717.6006 (MSE:0.0313, Reg:717.5693) beta=17.19
Iter  7000 | Total loss: 628.8024 (MSE:0.0338, Reg:628.7687) beta=16.62
Iter  7500 | Total loss: 542.1055 (MSE:0.0336, Reg:542.0718) beta=16.06
Iter  8000 | Total loss: 470.8380 (MSE:0.0326, Reg:470.8054) beta=15.50
Iter  8500 | Total loss: 415.1881 (MSE:0.0355, Reg:415.1526) beta=14.94
Iter  9000 | Total loss: 365.8797 (MSE:0.0345, Reg:365.8451) beta=14.38
Iter  9500 | Total loss: 312.4860 (MSE:0.0328, Reg:312.4533) beta=13.81
Iter 10000 | Total loss: 268.4810 (MSE:0.0321, Reg:268.4489) beta=13.25
Iter 10500 | Total loss: 225.1524 (MSE:0.0332, Reg:225.1192) beta=12.69
Iter 11000 | Total loss: 191.7006 (MSE:0.0323, Reg:191.6684) beta=12.12
Iter 11500 | Total loss: 157.7659 (MSE:0.0354, Reg:157.7305) beta=11.56
Iter 12000 | Total loss: 124.7872 (MSE:0.0324, Reg:124.7548) beta=11.00
Iter 12500 | Total loss: 102.1961 (MSE:0.0327, Reg:102.1635) beta=10.44
Iter 13000 | Total loss: 75.1611 (MSE:0.0345, Reg:75.1266) beta=9.88
Iter 13500 | Total loss: 45.2202 (MSE:0.0316, Reg:45.1887) beta=9.31
Iter 14000 | Total loss: 26.3743 (MSE:0.0338, Reg:26.3405) beta=8.75
Iter 14500 | Total loss: 18.1303 (MSE:0.0347, Reg:18.0957) beta=8.19
Iter 15000 | Total loss: 10.3721 (MSE:0.0359, Reg:10.3362) beta=7.62
Iter 15500 | Total loss: 8.1233 (MSE:0.0334, Reg:8.0899) beta=7.06
Iter 16000 | Total loss: 2.7069 (MSE:0.0329, Reg:2.6740) beta=6.50
Iter 16500 | Total loss: 1.6983 (MSE:0.0321, Reg:1.6662) beta=5.94
Iter 17000 | Total loss: 0.0331 (MSE:0.0331, Reg:0.0000) beta=5.38
Iter 17500 | Total loss: 0.0329 (MSE:0.0329, Reg:0.0000) beta=4.81
Iter 18000 | Total loss: 0.0326 (MSE:0.0326, Reg:0.0000) beta=4.25
Iter 18500 | Total loss: 0.0313 (MSE:0.0313, Reg:0.0000) beta=3.69
Iter 19000 | Total loss: 0.0296 (MSE:0.0296, Reg:0.0000) beta=3.12
Iter 19500 | Total loss: 0.0315 (MSE:0.0315, Reg:0.0000) beta=2.56
Iter 20000 | Total loss: 0.0336 (MSE:0.0336, Reg:0.0000) beta=2.00
,,,,,,,,,,,,,,,,,,,,,,,,,,,,,,,,,,,,,,,,,,,,,,,,Iter     1 | Total loss: 0.0067 (MSE:0.0067, Reg:0.0000) beta=0.00
Iter   500 | Total loss: 0.0048 (MSE:0.0048, Reg:0.0000) beta=0.00
Iter  1000 | Total loss: 0.0049 (MSE:0.0049, Reg:0.0000) beta=0.00
Iter  1500 | Total loss: 0.0044 (MSE:0.0044, Reg:0.0000) beta=0.00
Iter  2000 | Total loss: 0.0047 (MSE:0.0047, Reg:0.0000) beta=0.00
Iter  2500 | Total loss: 0.0043 (MSE:0.0043, Reg:0.0000) beta=0.00
Iter  3000 | Total loss: 0.0045 (MSE:0.0045, Reg:0.0000) beta=0.00
Iter  3500 | Total loss: 0.0044 (MSE:0.0044, Reg:0.0000) beta=0.00
Iter  4000 | Total loss: 24091.7266 (MSE:0.0042, Reg:24091.7227) beta=20.00
Iter  4500 | Total loss: 2716.9204 (MSE:0.0051, Reg:2716.9153) beta=19.44
Iter  5000 | Total loss: 1631.0631 (MSE:0.0048, Reg:1631.0583) beta=18.88
Iter  5500 | Total loss: 1226.4152 (MSE:0.0051, Reg:1226.4100) beta=18.31
Iter  6000 | Total loss: 911.1798 (MSE:0.0046, Reg:911.1752) beta=17.75
Iter  6500 | Total loss: 702.2701 (MSE:0.0047, Reg:702.2654) beta=17.19
Iter  7000 | Total loss: 560.2599 (MSE:0.0046, Reg:560.2554) beta=16.62
Iter  7500 | Total loss: 439.5395 (MSE:0.0050, Reg:439.5345) beta=16.06
Iter  8000 | Total loss: 376.1433 (MSE:0.0049, Reg:376.1384) beta=15.50
Iter  8500 | Total loss: 321.1059 (MSE:0.0049, Reg:321.1010) beta=14.94
Iter  9000 | Total loss: 279.1001 (MSE:0.0048, Reg:279.0952) beta=14.38
Iter  9500 | Total loss: 235.0769 (MSE:0.0049, Reg:235.0719) beta=13.81
Iter 10000 | Total loss: 208.5334 (MSE:0.0047, Reg:208.5287) beta=13.25
Iter 10500 | Total loss: 190.5111 (MSE:0.0047, Reg:190.5065) beta=12.69
Iter 11000 | Total loss: 159.2053 (MSE:0.0050, Reg:159.2003) beta=12.12
Iter 11500 | Total loss: 135.7998 (MSE:0.0049, Reg:135.7949) beta=11.56
Iter 12000 | Total loss: 118.4447 (MSE:0.0049, Reg:118.4398) beta=11.00
Iter 12500 | Total loss: 93.8337 (MSE:0.0050, Reg:93.8287) beta=10.44
Iter 13000 | Total loss: 81.1994 (MSE:0.0053, Reg:81.1941) beta=9.88
Iter 13500 | Total loss: 53.9526 (MSE:0.0049, Reg:53.9478) beta=9.31
Iter 14000 | Total loss: 35.4114 (MSE:0.0049, Reg:35.4065) beta=8.75
Iter 14500 | Total loss: 20.7109 (MSE:0.0048, Reg:20.7061) beta=8.19
Iter 15000 | Total loss: 16.2008 (MSE:0.0045, Reg:16.1963) beta=7.62
Iter 15500 | Total loss: 6.5192 (MSE:0.0048, Reg:6.5144) beta=7.06
Iter 16000 | Total loss: 1.5317 (MSE:0.0048, Reg:1.5268) beta=6.50
Iter 16500 | Total loss: 0.6222 (MSE:0.0049, Reg:0.6173) beta=5.94
Iter 17000 | Total loss: 0.0047 (MSE:0.0047, Reg:0.0000) beta=5.38
Iter 17500 | Total loss: 0.0046 (MSE:0.0046, Reg:0.0000) beta=4.81
Iter 18000 | Total loss: 0.0050 (MSE:0.0050, Reg:0.0000) beta=4.25
Iter 18500 | Total loss: 0.0050 (MSE:0.0050, Reg:0.0000) beta=3.69
Iter 19000 | Total loss: 0.0047 (MSE:0.0047, Reg:0.0000) beta=3.12
Iter 19500 | Total loss: 0.0047 (MSE:0.0047, Reg:0.0000) beta=2.56
Iter 20000 | Total loss: 0.0047 (MSE:0.0047, Reg:0.0000) beta=2.00
,,,,,,,,,,,,,,,,,,,,,,,,,,,,,,,,,,,,,,,,,,,,,,,,,,,,,,,,Iter     1 | Total loss: 0.0090 (MSE:0.0090, Reg:0.0000) beta=0.00
Iter   500 | Total loss: 0.0061 (MSE:0.0061, Reg:0.0000) beta=0.00
Iter  1000 | Total loss: 0.0048 (MSE:0.0048, Reg:0.0000) beta=0.00
Iter  1500 | Total loss: 0.0045 (MSE:0.0045, Reg:0.0000) beta=0.00
Iter  2000 | Total loss: 0.0044 (MSE:0.0044, Reg:0.0000) beta=0.00
Iter  2500 | Total loss: 0.0045 (MSE:0.0045, Reg:0.0000) beta=0.00
Iter  3000 | Total loss: 0.0046 (MSE:0.0046, Reg:0.0000) beta=0.00
Iter  3500 | Total loss: 0.0045 (MSE:0.0045, Reg:0.0000) beta=0.00
Iter  4000 | Total loss: 2561.7378 (MSE:0.0044, Reg:2561.7334) beta=20.00
Iter  4500 | Total loss: 560.3049 (MSE:0.0048, Reg:560.3000) beta=19.44
Iter  5000 | Total loss: 360.2167 (MSE:0.0051, Reg:360.2116) beta=18.88
Iter  5500 | Total loss: 288.9643 (MSE:0.0049, Reg:288.9594) beta=18.31
Iter  6000 | Total loss: 254.9266 (MSE:0.0051, Reg:254.9215) beta=17.75
Iter  6500 | Total loss: 224.6854 (MSE:0.0049, Reg:224.6805) beta=17.19
Iter  7000 | Total loss: 202.2671 (MSE:0.0048, Reg:202.2623) beta=16.62
Iter  7500 | Total loss: 181.1894 (MSE:0.0052, Reg:181.1842) beta=16.06
Iter  8000 | Total loss: 159.7134 (MSE:0.0048, Reg:159.7086) beta=15.50
Iter  8500 | Total loss: 145.0284 (MSE:0.0050, Reg:145.0234) beta=14.94
Iter  9000 | Total loss: 128.3045 (MSE:0.0048, Reg:128.2997) beta=14.38
Iter  9500 | Total loss: 120.4444 (MSE:0.0049, Reg:120.4396) beta=13.81
Iter 10000 | Total loss: 107.2665 (MSE:0.0049, Reg:107.2616) beta=13.25
Iter 10500 | Total loss: 98.8691 (MSE:0.0052, Reg:98.8639) beta=12.69
Iter 11000 | Total loss: 86.1348 (MSE:0.0052, Reg:86.1296) beta=12.12
Iter 11500 | Total loss: 74.0646 (MSE:0.0050, Reg:74.0596) beta=11.56
Iter 12000 | Total loss: 65.8228 (MSE:0.0050, Reg:65.8178) beta=11.00
Iter 12500 | Total loss: 56.3464 (MSE:0.0048, Reg:56.3416) beta=10.44
Iter 13000 | Total loss: 42.6017 (MSE:0.0049, Reg:42.5968) beta=9.88
Iter 13500 | Total loss: 31.2259 (MSE:0.0049, Reg:31.2210) beta=9.31
Iter 14000 | Total loss: 18.6216 (MSE:0.0050, Reg:18.6166) beta=8.75
Iter 14500 | Total loss: 12.1541 (MSE:0.0049, Reg:12.1492) beta=8.19
Iter 15000 | Total loss: 6.6521 (MSE:0.0054, Reg:6.6468) beta=7.62
Iter 15500 | Total loss: 5.0122 (MSE:0.0053, Reg:5.0069) beta=7.06
Iter 16000 | Total loss: 4.0047 (MSE:0.0047, Reg:4.0000) beta=6.50
Iter 16500 | Total loss: 3.9741 (MSE:0.0049, Reg:3.9692) beta=5.94
Iter 17000 | Total loss: 1.0802 (MSE:0.0050, Reg:1.0752) beta=5.38
Iter 17500 | Total loss: 1.0047 (MSE:0.0047, Reg:1.0000) beta=4.81
Iter 18000 | Total loss: 0.4300 (MSE:0.0048, Reg:0.4252) beta=4.25
Iter 18500 | Total loss: 0.0049 (MSE:0.0049, Reg:0.0000) beta=3.69
Iter 19000 | Total loss: 0.0052 (MSE:0.0052, Reg:0.0000) beta=3.12
Iter 19500 | Total loss: 0.0050 (MSE:0.0050, Reg:0.0000) beta=2.56
Iter 20000 | Total loss: 0.0056 (MSE:0.0056, Reg:0.0000) beta=2.00
,,,,,,,,,,,,,,,,,,,,,,,,,,,,,,,,,,,,,,,,,,,,,,,,,,,,,,,,,,,,,,,,Iter     1 | Total loss: 0.0180 (MSE:0.0180, Reg:0.0000) beta=0.00
Iter   500 | Total loss: 0.0143 (MSE:0.0143, Reg:0.0000) beta=0.00
Iter  1000 | Total loss: 0.0133 (MSE:0.0133, Reg:0.0000) beta=0.00
Iter  1500 | Total loss: 0.0131 (MSE:0.0131, Reg:0.0000) beta=0.00
Iter  2000 | Total loss: 0.0122 (MSE:0.0122, Reg:0.0000) beta=0.00
Iter  2500 | Total loss: 0.0132 (MSE:0.0132, Reg:0.0000) beta=0.00
Iter  3000 | Total loss: 0.0129 (MSE:0.0129, Reg:0.0000) beta=0.00
Iter  3500 | Total loss: 0.0126 (MSE:0.0126, Reg:0.0000) beta=0.00
Iter  4000 | Total loss: 22026.4551 (MSE:0.0113, Reg:22026.4434) beta=20.00
Iter  4500 | Total loss: 3882.1216 (MSE:0.0133, Reg:3882.1082) beta=19.44
Iter  5000 | Total loss: 2515.7153 (MSE:0.0135, Reg:2515.7019) beta=18.88
Iter  5500 | Total loss: 1826.6036 (MSE:0.0134, Reg:1826.5902) beta=18.31
Iter  6000 | Total loss: 1433.5444 (MSE:0.0131, Reg:1433.5314) beta=17.75
Iter  6500 | Total loss: 1183.0787 (MSE:0.0132, Reg:1183.0656) beta=17.19
Iter  7000 | Total loss: 990.4807 (MSE:0.0136, Reg:990.4671) beta=16.62
Iter  7500 | Total loss: 853.1530 (MSE:0.0135, Reg:853.1395) beta=16.06
Iter  8000 | Total loss: 738.5513 (MSE:0.0124, Reg:738.5388) beta=15.50
Iter  8500 | Total loss: 632.2394 (MSE:0.0131, Reg:632.2263) beta=14.94
Iter  9000 | Total loss: 550.7791 (MSE:0.0123, Reg:550.7668) beta=14.38
Iter  9500 | Total loss: 483.3250 (MSE:0.0128, Reg:483.3122) beta=13.81
Iter 10000 | Total loss: 420.4114 (MSE:0.0129, Reg:420.3985) beta=13.25
Iter 10500 | Total loss: 374.7671 (MSE:0.0135, Reg:374.7536) beta=12.69
Iter 11000 | Total loss: 328.7831 (MSE:0.0122, Reg:328.7709) beta=12.12
Iter 11500 | Total loss: 278.4914 (MSE:0.0139, Reg:278.4775) beta=11.56
Iter 12000 | Total loss: 231.1427 (MSE:0.0125, Reg:231.1302) beta=11.00
Iter 12500 | Total loss: 191.7386 (MSE:0.0134, Reg:191.7253) beta=10.44
Iter 13000 | Total loss: 159.8757 (MSE:0.0141, Reg:159.8616) beta=9.88
Iter 13500 | Total loss: 111.0443 (MSE:0.0131, Reg:111.0312) beta=9.31
Iter 14000 | Total loss: 80.3802 (MSE:0.0126, Reg:80.3676) beta=8.75
Iter 14500 | Total loss: 61.0182 (MSE:0.0129, Reg:61.0052) beta=8.19
Iter 15000 | Total loss: 38.9299 (MSE:0.0126, Reg:38.9173) beta=7.62
Iter 15500 | Total loss: 18.7660 (MSE:0.0126, Reg:18.7535) beta=7.06
Iter 16000 | Total loss: 10.2523 (MSE:0.0133, Reg:10.2390) beta=6.50
Iter 16500 | Total loss: 4.4023 (MSE:0.0130, Reg:4.3892) beta=5.94
Iter 17000 | Total loss: 1.6074 (MSE:0.0125, Reg:1.5949) beta=5.38
Iter 17500 | Total loss: 0.0138 (MSE:0.0138, Reg:0.0000) beta=4.81
Iter 18000 | Total loss: 0.0131 (MSE:0.0131, Reg:0.0000) beta=4.25
Iter 18500 | Total loss: 0.0140 (MSE:0.0140, Reg:0.0000) beta=3.69
Iter 19000 | Total loss: 0.0128 (MSE:0.0128, Reg:0.0000) beta=3.12
Iter 19500 | Total loss: 0.0125 (MSE:0.0125, Reg:0.0000) beta=2.56
Iter 20000 | Total loss: 0.0126 (MSE:0.0126, Reg:0.0000) beta=2.00
,,,,,,,,,,,,,,,,,,,,,,,,,,,,,,,,,,,,,,,,,,,,,,,,,,,,,,,,,,,,,,,,,,,,,,,,Iter     1 | Total loss: 0.0029 (MSE:0.0029, Reg:0.0000) beta=0.00
Iter   500 | Total loss: 0.0027 (MSE:0.0027, Reg:0.0000) beta=0.00
Iter  1000 | Total loss: 0.0026 (MSE:0.0026, Reg:0.0000) beta=0.00
Iter  1500 | Total loss: 0.0023 (MSE:0.0023, Reg:0.0000) beta=0.00
Iter  2000 | Total loss: 0.0024 (MSE:0.0024, Reg:0.0000) beta=0.00
Iter  2500 | Total loss: 0.0025 (MSE:0.0025, Reg:0.0000) beta=0.00
Iter  3000 | Total loss: 0.0025 (MSE:0.0025, Reg:0.0000) beta=0.00
Iter  3500 | Total loss: 0.0024 (MSE:0.0024, Reg:0.0000) beta=0.00
Iter  4000 | Total loss: 38409.7148 (MSE:0.0023, Reg:38409.7109) beta=20.00
Iter  4500 | Total loss: 2066.5137 (MSE:0.0026, Reg:2066.5110) beta=19.44
Iter  5000 | Total loss: 1388.5924 (MSE:0.0026, Reg:1388.5897) beta=18.88
Iter  5500 | Total loss: 948.1395 (MSE:0.0025, Reg:948.1371) beta=18.31
Iter  6000 | Total loss: 693.6595 (MSE:0.0027, Reg:693.6569) beta=17.75
Iter  6500 | Total loss: 528.3389 (MSE:0.0027, Reg:528.3362) beta=17.19
Iter  7000 | Total loss: 438.1613 (MSE:0.0026, Reg:438.1587) beta=16.62
Iter  7500 | Total loss: 360.0273 (MSE:0.0025, Reg:360.0248) beta=16.06
Iter  8000 | Total loss: 316.0522 (MSE:0.0027, Reg:316.0496) beta=15.50
Iter  8500 | Total loss: 274.2930 (MSE:0.0026, Reg:274.2904) beta=14.94
Iter  9000 | Total loss: 239.8441 (MSE:0.0026, Reg:239.8415) beta=14.38
Iter  9500 | Total loss: 217.2777 (MSE:0.0026, Reg:217.2751) beta=13.81
Iter 10000 | Total loss: 192.0031 (MSE:0.0027, Reg:192.0004) beta=13.25
Iter 10500 | Total loss: 170.9429 (MSE:0.0026, Reg:170.9403) beta=12.69
Iter 11000 | Total loss: 153.5534 (MSE:0.0027, Reg:153.5507) beta=12.12
Iter 11500 | Total loss: 134.9795 (MSE:0.0025, Reg:134.9770) beta=11.56
Iter 12000 | Total loss: 117.1497 (MSE:0.0027, Reg:117.1470) beta=11.00
Iter 12500 | Total loss: 97.7227 (MSE:0.0027, Reg:97.7201) beta=10.44
Iter 13000 | Total loss: 77.6280 (MSE:0.0025, Reg:77.6254) beta=9.88
Iter 13500 | Total loss: 61.7141 (MSE:0.0027, Reg:61.7114) beta=9.31
Iter 14000 | Total loss: 43.2754 (MSE:0.0027, Reg:43.2728) beta=8.75
Iter 14500 | Total loss: 35.4789 (MSE:0.0024, Reg:35.4765) beta=8.19
Iter 15000 | Total loss: 21.6352 (MSE:0.0026, Reg:21.6326) beta=7.62
Iter 15500 | Total loss: 17.7843 (MSE:0.0026, Reg:17.7817) beta=7.06
Iter 16000 | Total loss: 9.3830 (MSE:0.0028, Reg:9.3802) beta=6.50
Iter 16500 | Total loss: 3.6012 (MSE:0.0025, Reg:3.5986) beta=5.94
Iter 17000 | Total loss: 0.0026 (MSE:0.0026, Reg:0.0000) beta=5.38
Iter 17500 | Total loss: 0.0026 (MSE:0.0026, Reg:0.0000) beta=4.81
Iter 18000 | Total loss: 0.0027 (MSE:0.0027, Reg:0.0000) beta=4.25
Iter 18500 | Total loss: 0.0027 (MSE:0.0027, Reg:0.0000) beta=3.69
Iter 19000 | Total loss: 0.0025 (MSE:0.0025, Reg:0.0000) beta=3.12
Iter 19500 | Total loss: 0.0026 (MSE:0.0026, Reg:0.0000) beta=2.56
Iter 20000 | Total loss: 0.0026 (MSE:0.0026, Reg:0.0000) beta=2.00
,,,,,,,,,,,,,,,,,,,,,,,,,,,,,,,,,,,,,,,,,,,,,,,,,,,,,,,,,,,,,,,,,,,,,,,,,,,,,,,,Iter     1 | Total loss: 0.0204 (MSE:0.0204, Reg:0.0000) beta=0.00
Iter   500 | Total loss: 0.0159 (MSE:0.0159, Reg:0.0000) beta=0.00
Iter  1000 | Total loss: 0.0161 (MSE:0.0161, Reg:0.0000) beta=0.00
Iter  1500 | Total loss: 0.0150 (MSE:0.0150, Reg:0.0000) beta=0.00
Iter  2000 | Total loss: 0.0146 (MSE:0.0146, Reg:0.0000) beta=0.00
Iter  2500 | Total loss: 0.0143 (MSE:0.0143, Reg:0.0000) beta=0.00
Iter  3000 | Total loss: 0.0147 (MSE:0.0147, Reg:0.0000) beta=0.00
Iter  3500 | Total loss: 0.0148 (MSE:0.0148, Reg:0.0000) beta=0.00
Iter  4000 | Total loss: 47970.7383 (MSE:0.0147, Reg:47970.7227) beta=20.00
Iter  4500 | Total loss: 6874.3101 (MSE:0.0160, Reg:6874.2939) beta=19.44
Iter  5000 | Total loss: 4401.7432 (MSE:0.0154, Reg:4401.7275) beta=18.88
Iter  5500 | Total loss: 3214.8188 (MSE:0.0142, Reg:3214.8047) beta=18.31
Iter  6000 | Total loss: 2463.1504 (MSE:0.0156, Reg:2463.1348) beta=17.75
Iter  6500 | Total loss: 1932.9651 (MSE:0.0161, Reg:1932.9490) beta=17.19
Iter  7000 | Total loss: 1566.0457 (MSE:0.0163, Reg:1566.0293) beta=16.62
Iter  7500 | Total loss: 1345.3455 (MSE:0.0156, Reg:1345.3298) beta=16.06
Iter  8000 | Total loss: 1167.8824 (MSE:0.0149, Reg:1167.8676) beta=15.50
Iter  8500 | Total loss: 1021.6146 (MSE:0.0149, Reg:1021.5997) beta=14.94
Iter  9000 | Total loss: 891.7669 (MSE:0.0151, Reg:891.7518) beta=14.38
Iter  9500 | Total loss: 785.6115 (MSE:0.0161, Reg:785.5954) beta=13.81
Iter 10000 | Total loss: 686.8367 (MSE:0.0164, Reg:686.8203) beta=13.25
Iter 10500 | Total loss: 593.0588 (MSE:0.0151, Reg:593.0437) beta=12.69
Iter 11000 | Total loss: 506.5870 (MSE:0.0154, Reg:506.5716) beta=12.12
Iter 11500 | Total loss: 437.9589 (MSE:0.0150, Reg:437.9440) beta=11.56
Iter 12000 | Total loss: 367.4041 (MSE:0.0150, Reg:367.3891) beta=11.00
Iter 12500 | Total loss: 306.9450 (MSE:0.0150, Reg:306.9300) beta=10.44
Iter 13000 | Total loss: 240.2588 (MSE:0.0153, Reg:240.2435) beta=9.88
Iter 13500 | Total loss: 181.0396 (MSE:0.0150, Reg:181.0246) beta=9.31
Iter 14000 | Total loss: 131.7680 (MSE:0.0153, Reg:131.7527) beta=8.75
Iter 14500 | Total loss: 89.8498 (MSE:0.0157, Reg:89.8341) beta=8.19
Iter 15000 | Total loss: 56.2157 (MSE:0.0152, Reg:56.2005) beta=7.62
Iter 15500 | Total loss: 39.9613 (MSE:0.0161, Reg:39.9453) beta=7.06
Iter 16000 | Total loss: 28.8595 (MSE:0.0147, Reg:28.8448) beta=6.50
Iter 16500 | Total loss: 14.3571 (MSE:0.0158, Reg:14.3413) beta=5.94
Iter 17000 | Total loss: 4.1730 (MSE:0.0160, Reg:4.1570) beta=5.38
Iter 17500 | Total loss: 0.6741 (MSE:0.0149, Reg:0.6592) beta=4.81
Iter 18000 | Total loss: 0.0156 (MSE:0.0156, Reg:0.0000) beta=4.25
Iter 18500 | Total loss: 0.0157 (MSE:0.0157, Reg:0.0000) beta=3.69
Iter 19000 | Total loss: 0.0157 (MSE:0.0157, Reg:0.0000) beta=3.12
Iter 19500 | Total loss: 0.0146 (MSE:0.0146, Reg:0.0000) beta=2.56
Iter 20000 | Total loss: 0.0156 (MSE:0.0156, Reg:0.0000) beta=2.00
,,,,,,,,,,,,,,,,,,,,,,,,,,,,,,,,,,,,,,,,,,,,,,,,,,,,,,,,,,,,,,,,,,,,,,,,,,,,,,,,,,,,,,,,Iter     1 | Total loss: 0.0077 (MSE:0.0077, Reg:0.0000) beta=0.00
Iter   500 | Total loss: 0.0065 (MSE:0.0065, Reg:0.0000) beta=0.00
Iter  1000 | Total loss: 0.0062 (MSE:0.0062, Reg:0.0000) beta=0.00
Iter  1500 | Total loss: 0.0063 (MSE:0.0063, Reg:0.0000) beta=0.00
Iter  2000 | Total loss: 0.0063 (MSE:0.0063, Reg:0.0000) beta=0.00
Iter  2500 | Total loss: 0.0058 (MSE:0.0058, Reg:0.0000) beta=0.00
Iter  3000 | Total loss: 0.0056 (MSE:0.0056, Reg:0.0000) beta=0.00
Iter  3500 | Total loss: 0.0056 (MSE:0.0056, Reg:0.0000) beta=0.00
Iter  4000 | Total loss: 103641.8672 (MSE:0.0058, Reg:103641.8594) beta=20.00
Iter  4500 | Total loss: 4149.2861 (MSE:0.0068, Reg:4149.2793) beta=19.44
Iter  5000 | Total loss: 2567.5137 (MSE:0.0070, Reg:2567.5068) beta=18.88
Iter  5500 | Total loss: 1720.9199 (MSE:0.0070, Reg:1720.9128) beta=18.31
Iter  6000 | Total loss: 1229.7544 (MSE:0.0066, Reg:1229.7478) beta=17.75
Iter  6500 | Total loss: 938.9600 (MSE:0.0069, Reg:938.9531) beta=17.19
Iter  7000 | Total loss: 732.5540 (MSE:0.0069, Reg:732.5471) beta=16.62
Iter  7500 | Total loss: 605.6135 (MSE:0.0068, Reg:605.6067) beta=16.06
Iter  8000 | Total loss: 521.1299 (MSE:0.0067, Reg:521.1232) beta=15.50
Iter  8500 | Total loss: 456.9583 (MSE:0.0064, Reg:456.9520) beta=14.94
Iter  9000 | Total loss: 406.7477 (MSE:0.0066, Reg:406.7412) beta=14.38
Iter  9500 | Total loss: 353.2392 (MSE:0.0068, Reg:353.2324) beta=13.81
Iter 10000 | Total loss: 302.7125 (MSE:0.0066, Reg:302.7059) beta=13.25
Iter 10500 | Total loss: 267.8044 (MSE:0.0068, Reg:267.7976) beta=12.69
Iter 11000 | Total loss: 231.8240 (MSE:0.0070, Reg:231.8170) beta=12.12
Iter 11500 | Total loss: 196.8408 (MSE:0.0067, Reg:196.8341) beta=11.56
Iter 12000 | Total loss: 161.3125 (MSE:0.0062, Reg:161.3062) beta=11.00
Iter 12500 | Total loss: 139.0781 (MSE:0.0070, Reg:139.0711) beta=10.44
Iter 13000 | Total loss: 105.5668 (MSE:0.0069, Reg:105.5600) beta=9.88
Iter 13500 | Total loss: 86.7801 (MSE:0.0068, Reg:86.7734) beta=9.31
Iter 14000 | Total loss: 73.8206 (MSE:0.0065, Reg:73.8141) beta=8.75
Iter 14500 | Total loss: 57.7382 (MSE:0.0070, Reg:57.7311) beta=8.19
Iter 15000 | Total loss: 42.3524 (MSE:0.0067, Reg:42.3457) beta=7.62
Iter 15500 | Total loss: 31.4038 (MSE:0.0067, Reg:31.3971) beta=7.06
Iter 16000 | Total loss: 16.3965 (MSE:0.0066, Reg:16.3899) beta=6.50
Iter 16500 | Total loss: 6.3392 (MSE:0.0068, Reg:6.3324) beta=5.94
Iter 17000 | Total loss: 2.7512 (MSE:0.0067, Reg:2.7445) beta=5.38
Iter 17500 | Total loss: 1.1439 (MSE:0.0070, Reg:1.1369) beta=4.81
Iter 18000 | Total loss: 0.2643 (MSE:0.0064, Reg:0.2579) beta=4.25
Iter 18500 | Total loss: 0.0067 (MSE:0.0067, Reg:0.0000) beta=3.69
Iter 19000 | Total loss: 0.0063 (MSE:0.0063, Reg:0.0000) beta=3.12
Iter 19500 | Total loss: 0.0068 (MSE:0.0068, Reg:0.0000) beta=2.56
Iter 20000 | Total loss: 0.0069 (MSE:0.0069, Reg:0.0000) beta=2.00
,,,,,,,,,,,,,,,,,,,,,,,,,,,,,,,,,,,,,,,,,,,,,,,,,,,,,,,,,,,,,,,,,,,,,,,,,,,,,,,,,,,,,,,,,,,,,,,,Iter     1 | Total loss: 0.0015 (MSE:0.0015, Reg:0.0000) beta=0.00
Iter   500 | Total loss: 0.0012 (MSE:0.0012, Reg:0.0000) beta=0.00
Iter  1000 | Total loss: 0.0012 (MSE:0.0012, Reg:0.0000) beta=0.00
Iter  1500 | Total loss: 0.0011 (MSE:0.0011, Reg:0.0000) beta=0.00
Iter  2000 | Total loss: 0.0011 (MSE:0.0011, Reg:0.0000) beta=0.00
Iter  2500 | Total loss: 0.0011 (MSE:0.0011, Reg:0.0000) beta=0.00
Iter  3000 | Total loss: 0.0010 (MSE:0.0010, Reg:0.0000) beta=0.00
Iter  3500 | Total loss: 0.0010 (MSE:0.0010, Reg:0.0000) beta=0.00
Iter  4000 | Total loss: 11548.7959 (MSE:0.0011, Reg:11548.7949) beta=20.00
Iter  4500 | Total loss: 1139.6726 (MSE:0.0012, Reg:1139.6714) beta=19.44
Iter  5000 | Total loss: 748.0582 (MSE:0.0012, Reg:748.0570) beta=18.88
Iter  5500 | Total loss: 518.5671 (MSE:0.0011, Reg:518.5659) beta=18.31
Iter  6000 | Total loss: 433.0347 (MSE:0.0012, Reg:433.0335) beta=17.75
Iter  6500 | Total loss: 350.0159 (MSE:0.0012, Reg:350.0146) beta=17.19
Iter  7000 | Total loss: 286.5424 (MSE:0.0012, Reg:286.5412) beta=16.62
Iter  7500 | Total loss: 249.2326 (MSE:0.0012, Reg:249.2313) beta=16.06
Iter  8000 | Total loss: 218.8646 (MSE:0.0012, Reg:218.8634) beta=15.50
Iter  8500 | Total loss: 196.7088 (MSE:0.0012, Reg:196.7076) beta=14.94
Iter  9000 | Total loss: 170.6392 (MSE:0.0011, Reg:170.6381) beta=14.38
Iter  9500 | Total loss: 150.5059 (MSE:0.0013, Reg:150.5047) beta=13.81
Iter 10000 | Total loss: 140.2999 (MSE:0.0011, Reg:140.2988) beta=13.25
Iter 10500 | Total loss: 126.4427 (MSE:0.0012, Reg:126.4415) beta=12.69
Iter 11000 | Total loss: 103.7375 (MSE:0.0013, Reg:103.7362) beta=12.12
Iter 11500 | Total loss: 92.2951 (MSE:0.0013, Reg:92.2938) beta=11.56
Iter 12000 | Total loss: 85.2683 (MSE:0.0012, Reg:85.2670) beta=11.00
Iter 12500 | Total loss: 77.4813 (MSE:0.0012, Reg:77.4801) beta=10.44
Iter 13000 | Total loss: 66.7230 (MSE:0.0012, Reg:66.7218) beta=9.88
Iter 13500 | Total loss: 51.1088 (MSE:0.0012, Reg:51.1076) beta=9.31
Iter 14000 | Total loss: 38.0819 (MSE:0.0013, Reg:38.0807) beta=8.75
Iter 14500 | Total loss: 26.2847 (MSE:0.0012, Reg:26.2835) beta=8.19
Iter 15000 | Total loss: 16.9101 (MSE:0.0012, Reg:16.9089) beta=7.62
Iter 15500 | Total loss: 10.0342 (MSE:0.0012, Reg:10.0330) beta=7.06
Iter 16000 | Total loss: 4.4106 (MSE:0.0012, Reg:4.4094) beta=6.50
Iter 16500 | Total loss: 3.1517 (MSE:0.0012, Reg:3.1505) beta=5.94
Iter 17000 | Total loss: 1.3965 (MSE:0.0012, Reg:1.3954) beta=5.38
Iter 17500 | Total loss: 1.0012 (MSE:0.0012, Reg:1.0000) beta=4.81
Iter 18000 | Total loss: 0.4040 (MSE:0.0012, Reg:0.4029) beta=4.25
Iter 18500 | Total loss: 0.0012 (MSE:0.0012, Reg:0.0000) beta=3.69
Iter 19000 | Total loss: 0.0013 (MSE:0.0013, Reg:0.0000) beta=3.12
Iter 19500 | Total loss: 0.0012 (MSE:0.0012, Reg:0.0000) beta=2.56
Iter 20000 | Total loss: 0.0012 (MSE:0.0012, Reg:0.0000) beta=2.00
,,,,,,,,,,,,,,,,,,,,,,,,,,,,,,,,,,,,,,,,,,,,,,,,,,,,,,,,,,,,,,,,,,,,,,,,,,,,,,,,,,,,,,,,,,,,,,,,,,,,,,,,Iter     1 | Total loss: 0.0101 (MSE:0.0101, Reg:0.0000) beta=0.00
Iter   500 | Total loss: 0.0083 (MSE:0.0083, Reg:0.0000) beta=0.00
Iter  1000 | Total loss: 0.0082 (MSE:0.0082, Reg:0.0000) beta=0.00
Iter  1500 | Total loss: 0.0076 (MSE:0.0076, Reg:0.0000) beta=0.00
Iter  2000 | Total loss: 0.0083 (MSE:0.0083, Reg:0.0000) beta=0.00
Iter  2500 | Total loss: 0.0080 (MSE:0.0080, Reg:0.0000) beta=0.00
Iter  3000 | Total loss: 0.0081 (MSE:0.0081, Reg:0.0000) beta=0.00
Iter  3500 | Total loss: 0.0074 (MSE:0.0074, Reg:0.0000) beta=0.00
Iter  4000 | Total loss: 91361.2031 (MSE:0.0075, Reg:91361.1953) beta=20.00
Iter  4500 | Total loss: 4134.6260 (MSE:0.0090, Reg:4134.6167) beta=19.44
Iter  5000 | Total loss: 2284.6956 (MSE:0.0091, Reg:2284.6865) beta=18.88
Iter  5500 | Total loss: 1494.0135 (MSE:0.0087, Reg:1494.0049) beta=18.31
Iter  6000 | Total loss: 1059.8718 (MSE:0.0090, Reg:1059.8628) beta=17.75
Iter  6500 | Total loss: 804.0312 (MSE:0.0091, Reg:804.0221) beta=17.19
Iter  7000 | Total loss: 635.7639 (MSE:0.0091, Reg:635.7548) beta=16.62
Iter  7500 | Total loss: 520.3447 (MSE:0.0087, Reg:520.3361) beta=16.06
Iter  8000 | Total loss: 449.3156 (MSE:0.0088, Reg:449.3068) beta=15.50
Iter  8500 | Total loss: 369.4268 (MSE:0.0085, Reg:369.4184) beta=14.94
Iter  9000 | Total loss: 324.5996 (MSE:0.0087, Reg:324.5909) beta=14.38
Iter  9500 | Total loss: 281.3686 (MSE:0.0090, Reg:281.3596) beta=13.81
Iter 10000 | Total loss: 242.9451 (MSE:0.0089, Reg:242.9362) beta=13.25
Iter 10500 | Total loss: 211.3052 (MSE:0.0086, Reg:211.2966) beta=12.69
Iter 11000 | Total loss: 180.1620 (MSE:0.0087, Reg:180.1533) beta=12.12
Iter 11500 | Total loss: 155.9060 (MSE:0.0087, Reg:155.8973) beta=11.56
Iter 12000 | Total loss: 136.0912 (MSE:0.0090, Reg:136.0822) beta=11.00
Iter 12500 | Total loss: 115.5920 (MSE:0.0089, Reg:115.5831) beta=10.44
Iter 13000 | Total loss: 96.5168 (MSE:0.0090, Reg:96.5078) beta=9.88
Iter 13500 | Total loss: 81.7436 (MSE:0.0089, Reg:81.7347) beta=9.31
Iter 14000 | Total loss: 60.6690 (MSE:0.0086, Reg:60.6604) beta=8.75
Iter 14500 | Total loss: 41.2100 (MSE:0.0091, Reg:41.2009) beta=8.19
Iter 15000 | Total loss: 28.1347 (MSE:0.0089, Reg:28.1258) beta=7.62
Iter 15500 | Total loss: 16.8273 (MSE:0.0090, Reg:16.8183) beta=7.06
Iter 16000 | Total loss: 7.3291 (MSE:0.0084, Reg:7.3207) beta=6.50
Iter 16500 | Total loss: 1.0766 (MSE:0.0087, Reg:1.0680) beta=5.94
Iter 17000 | Total loss: 0.9195 (MSE:0.0084, Reg:0.9110) beta=5.38
Iter 17500 | Total loss: 0.0089 (MSE:0.0089, Reg:0.0000) beta=4.81
Iter 18000 | Total loss: 0.0087 (MSE:0.0087, Reg:0.0000) beta=4.25
Iter 18500 | Total loss: 0.0084 (MSE:0.0084, Reg:0.0000) beta=3.69
Iter 19000 | Total loss: 0.0087 (MSE:0.0087, Reg:0.0000) beta=3.12
Iter 19500 | Total loss: 0.0097 (MSE:0.0097, Reg:0.0000) beta=2.56
Iter 20000 | Total loss: 0.0087 (MSE:0.0087, Reg:0.0000) beta=2.00
,,,,,,,,,,,,,,,,,,,,,,,,,,,,,,,,,,,,,,,,,,,,,,,,,,,,,,,,,,,,,,,,,,,,,,,,,,,,,,,,,,,,,,,,,,,,,,,,,,,,,,,,,,,,,,,,Iter     1 | Total loss: 0.0017 (MSE:0.0017, Reg:0.0000) beta=0.00
Iter   500 | Total loss: 0.0015 (MSE:0.0015, Reg:0.0000) beta=0.00
Iter  1000 | Total loss: 0.0015 (MSE:0.0015, Reg:0.0000) beta=0.00
Iter  1500 | Total loss: 0.0016 (MSE:0.0016, Reg:0.0000) beta=0.00
Iter  2000 | Total loss: 0.0015 (MSE:0.0015, Reg:0.0000) beta=0.00
Iter  2500 | Total loss: 0.0014 (MSE:0.0014, Reg:0.0000) beta=0.00
Iter  3000 | Total loss: 0.0015 (MSE:0.0015, Reg:0.0000) beta=0.00
Iter  3500 | Total loss: 0.0014 (MSE:0.0014, Reg:0.0000) beta=0.00
Iter  4000 | Total loss: 139875.5469 (MSE:0.0014, Reg:139875.5469) beta=20.00
Iter  4500 | Total loss: 247.5412 (MSE:0.0018, Reg:247.5395) beta=19.44
Iter  5000 | Total loss: 179.1594 (MSE:0.0017, Reg:179.1577) beta=18.88
Iter  5500 | Total loss: 123.5026 (MSE:0.0017, Reg:123.5009) beta=18.31
Iter  6000 | Total loss: 97.0390 (MSE:0.0018, Reg:97.0372) beta=17.75
Iter  6500 | Total loss: 77.4354 (MSE:0.0017, Reg:77.4337) beta=17.19
Iter  7000 | Total loss: 71.6522 (MSE:0.0018, Reg:71.6504) beta=16.62
Iter  7500 | Total loss: 64.0013 (MSE:0.0018, Reg:63.9995) beta=16.06
Iter  8000 | Total loss: 57.2444 (MSE:0.0017, Reg:57.2426) beta=15.50
Iter  8500 | Total loss: 48.7556 (MSE:0.0017, Reg:48.7539) beta=14.94
Iter  9000 | Total loss: 45.0017 (MSE:0.0017, Reg:45.0000) beta=14.38
Iter  9500 | Total loss: 41.9100 (MSE:0.0016, Reg:41.9085) beta=13.81
Iter 10000 | Total loss: 32.5009 (MSE:0.0019, Reg:32.4991) beta=13.25
Iter 10500 | Total loss: 25.1843 (MSE:0.0016, Reg:25.1826) beta=12.69
Iter 11000 | Total loss: 22.5339 (MSE:0.0017, Reg:22.5322) beta=12.12
Iter 11500 | Total loss: 17.2255 (MSE:0.0018, Reg:17.2237) beta=11.56
Iter 12000 | Total loss: 12.6055 (MSE:0.0017, Reg:12.6038) beta=11.00
Iter 12500 | Total loss: 7.8218 (MSE:0.0017, Reg:7.8201) beta=10.44
Iter 13000 | Total loss: 4.8540 (MSE:0.0016, Reg:4.8524) beta=9.88
Iter 13500 | Total loss: 4.0013 (MSE:0.0016, Reg:3.9996) beta=9.31
Iter 14000 | Total loss: 2.0016 (MSE:0.0016, Reg:2.0000) beta=8.75
Iter 14500 | Total loss: 1.0018 (MSE:0.0018, Reg:1.0000) beta=8.19
Iter 15000 | Total loss: 1.0017 (MSE:0.0017, Reg:1.0000) beta=7.62
Iter 15500 | Total loss: 0.0082 (MSE:0.0018, Reg:0.0064) beta=7.06
Iter 16000 | Total loss: 0.0017 (MSE:0.0017, Reg:0.0000) beta=6.50
Iter 16500 | Total loss: 0.0018 (MSE:0.0018, Reg:0.0000) beta=5.94
Iter 17000 | Total loss: 0.0017 (MSE:0.0017, Reg:0.0000) beta=5.38
Iter 17500 | Total loss: 0.0018 (MSE:0.0018, Reg:0.0000) beta=4.81
Iter 18000 | Total loss: 0.0017 (MSE:0.0017, Reg:0.0000) beta=4.25
Iter 18500 | Total loss: 0.0017 (MSE:0.0017, Reg:0.0000) beta=3.69
Iter 19000 | Total loss: 0.0017 (MSE:0.0017, Reg:0.0000) beta=3.12
Iter 19500 | Total loss: 0.0017 (MSE:0.0017, Reg:0.0000) beta=2.56
Iter 20000 | Total loss: 0.0017 (MSE:0.0017, Reg:0.0000) beta=2.00
,,,,,,,,,,,,,,,,,,,,,,,,,,,,,,,,,,,,,,,,,,,,,,,,,,,,,,,,,,,,,,,,,,,,,,,,,,,,,,,,,,,,,,,,,,,,,,,,,,,,,,,,,,,,,,,,,,,,,,,,Iter     1 | Total loss: 0.0103 (MSE:0.0103, Reg:0.0000) beta=0.00
Iter   500 | Total loss: 0.0094 (MSE:0.0094, Reg:0.0000) beta=0.00
Iter  1000 | Total loss: 0.0089 (MSE:0.0089, Reg:0.0000) beta=0.00
Iter  1500 | Total loss: 0.0087 (MSE:0.0087, Reg:0.0000) beta=0.00
Iter  2000 | Total loss: 0.0085 (MSE:0.0085, Reg:0.0000) beta=0.00
Iter  2500 | Total loss: 0.0085 (MSE:0.0085, Reg:0.0000) beta=0.00
Iter  3000 | Total loss: 0.0086 (MSE:0.0086, Reg:0.0000) beta=0.00
Iter  3500 | Total loss: 0.0085 (MSE:0.0085, Reg:0.0000) beta=0.00
Iter  4000 | Total loss: 200755.1719 (MSE:0.0087, Reg:200755.1562) beta=20.00
Iter  4500 | Total loss: 2784.4668 (MSE:0.0098, Reg:2784.4570) beta=19.44
Iter  5000 | Total loss: 1839.5178 (MSE:0.0098, Reg:1839.5081) beta=18.88
Iter  5500 | Total loss: 1240.5809 (MSE:0.0099, Reg:1240.5710) beta=18.31
Iter  6000 | Total loss: 950.3644 (MSE:0.0097, Reg:950.3547) beta=17.75
Iter  6500 | Total loss: 755.6135 (MSE:0.0100, Reg:755.6035) beta=17.19
Iter  7000 | Total loss: 644.4406 (MSE:0.0096, Reg:644.4309) beta=16.62
Iter  7500 | Total loss: 530.4229 (MSE:0.0097, Reg:530.4132) beta=16.06
Iter  8000 | Total loss: 438.4850 (MSE:0.0095, Reg:438.4755) beta=15.50
Iter  8500 | Total loss: 385.0756 (MSE:0.0096, Reg:385.0660) beta=14.94
Iter  9000 | Total loss: 322.4959 (MSE:0.0102, Reg:322.4858) beta=14.38
Iter  9500 | Total loss: 281.4937 (MSE:0.0093, Reg:281.4844) beta=13.81
Iter 10000 | Total loss: 236.8006 (MSE:0.0097, Reg:236.7909) beta=13.25
Iter 10500 | Total loss: 198.9830 (MSE:0.0100, Reg:198.9730) beta=12.69
Iter 11000 | Total loss: 174.3972 (MSE:0.0097, Reg:174.3875) beta=12.12
Iter 11500 | Total loss: 145.1788 (MSE:0.0094, Reg:145.1693) beta=11.56
Iter 12000 | Total loss: 124.1527 (MSE:0.0097, Reg:124.1431) beta=11.00
Iter 12500 | Total loss: 103.1860 (MSE:0.0097, Reg:103.1763) beta=10.44
Iter 13000 | Total loss: 75.5905 (MSE:0.0100, Reg:75.5805) beta=9.88
Iter 13500 | Total loss: 56.7847 (MSE:0.0099, Reg:56.7747) beta=9.31
Iter 14000 | Total loss: 45.7658 (MSE:0.0093, Reg:45.7565) beta=8.75
Iter 14500 | Total loss: 38.0172 (MSE:0.0098, Reg:38.0073) beta=8.19
Iter 15000 | Total loss: 27.2056 (MSE:0.0093, Reg:27.1963) beta=7.62
Iter 15500 | Total loss: 15.9884 (MSE:0.0095, Reg:15.9789) beta=7.06
Iter 16000 | Total loss: 8.9618 (MSE:0.0094, Reg:8.9524) beta=6.50
Iter 16500 | Total loss: 5.8371 (MSE:0.0096, Reg:5.8274) beta=5.94
Iter 17000 | Total loss: 3.7399 (MSE:0.0106, Reg:3.7293) beta=5.38
Iter 17500 | Total loss: 0.0099 (MSE:0.0099, Reg:0.0000) beta=4.81
Iter 18000 | Total loss: 0.0097 (MSE:0.0097, Reg:0.0000) beta=4.25
Iter 18500 | Total loss: 0.0101 (MSE:0.0101, Reg:0.0000) beta=3.69
Iter 19000 | Total loss: 0.0103 (MSE:0.0103, Reg:0.0000) beta=3.12
Iter 19500 | Total loss: 0.0107 (MSE:0.0107, Reg:0.0000) beta=2.56
Iter 20000 | Total loss: 0.0099 (MSE:0.0099, Reg:0.0000) beta=2.00
,,,,,,,,,,,,,,,,,,,,,,,,,,,,,,,,,,,,,,,,,,,,,,,,,,,,,,,,,,,,,,,,,,,,,,,,,,,,,,,,,,,,,,,,,,,,,,,,,,,,,,,,,,,,,,,,,,,,,,,,,,,,,,,,Iter     1 | Total loss: 0.0022 (MSE:0.0022, Reg:0.0000) beta=0.00
Iter   500 | Total loss: 0.0022 (MSE:0.0022, Reg:0.0000) beta=0.00
Iter  1000 | Total loss: 0.0022 (MSE:0.0022, Reg:0.0000) beta=0.00
Iter  1500 | Total loss: 0.0020 (MSE:0.0020, Reg:0.0000) beta=0.00
Iter  2000 | Total loss: 0.0020 (MSE:0.0020, Reg:0.0000) beta=0.00
Iter  2500 | Total loss: 0.0021 (MSE:0.0021, Reg:0.0000) beta=0.00
Iter  3000 | Total loss: 0.0021 (MSE:0.0021, Reg:0.0000) beta=0.00
Iter  3500 | Total loss: 0.0020 (MSE:0.0020, Reg:0.0000) beta=0.00
Iter  4000 | Total loss: 420302.2812 (MSE:0.0019, Reg:420302.2812) beta=20.00
Iter  4500 | Total loss: 67.6099 (MSE:0.0024, Reg:67.6075) beta=19.44
Iter  5000 | Total loss: 42.4336 (MSE:0.0022, Reg:42.4313) beta=18.88
Iter  5500 | Total loss: 30.3218 (MSE:0.0022, Reg:30.3196) beta=18.31
Iter  6000 | Total loss: 23.8823 (MSE:0.0022, Reg:23.8800) beta=17.75
Iter  6500 | Total loss: 19.0013 (MSE:0.0023, Reg:18.9990) beta=17.19
Iter  7000 | Total loss: 16.1096 (MSE:0.0022, Reg:16.1074) beta=16.62
Iter  7500 | Total loss: 12.9817 (MSE:0.0023, Reg:12.9795) beta=16.06
Iter  8000 | Total loss: 10.9700 (MSE:0.0023, Reg:10.9677) beta=15.50
Iter  8500 | Total loss: 7.0023 (MSE:0.0023, Reg:7.0000) beta=14.94
Iter  9000 | Total loss: 7.0022 (MSE:0.0022, Reg:7.0000) beta=14.38
Iter  9500 | Total loss: 7.0022 (MSE:0.0022, Reg:7.0000) beta=13.81
Iter 10000 | Total loss: 5.0019 (MSE:0.0023, Reg:4.9996) beta=13.25
Iter 10500 | Total loss: 3.0022 (MSE:0.0022, Reg:3.0000) beta=12.69
Iter 11000 | Total loss: 3.0022 (MSE:0.0022, Reg:3.0000) beta=12.12
Iter 11500 | Total loss: 3.0023 (MSE:0.0023, Reg:3.0000) beta=11.56
Iter 12000 | Total loss: 3.0022 (MSE:0.0022, Reg:3.0000) beta=11.00
Iter 12500 | Total loss: 3.0021 (MSE:0.0021, Reg:3.0000) beta=10.44
Iter 13000 | Total loss: 3.0023 (MSE:0.0023, Reg:3.0000) beta=9.88
Iter 13500 | Total loss: 3.0022 (MSE:0.0022, Reg:3.0000) beta=9.31
Iter 14000 | Total loss: 3.0023 (MSE:0.0023, Reg:3.0000) beta=8.75
Iter 14500 | Total loss: 1.0024 (MSE:0.0024, Reg:1.0000) beta=8.19
Iter 15000 | Total loss: 1.0022 (MSE:0.0022, Reg:1.0000) beta=7.62
Iter 15500 | Total loss: 1.0022 (MSE:0.0022, Reg:1.0000) beta=7.06
Iter 16000 | Total loss: 0.0023 (MSE:0.0023, Reg:0.0000) beta=6.50
Iter 16500 | Total loss: 0.0021 (MSE:0.0021, Reg:0.0000) beta=5.94
Iter 17000 | Total loss: 0.0023 (MSE:0.0023, Reg:0.0000) beta=5.38
Iter 17500 | Total loss: 0.0023 (MSE:0.0023, Reg:0.0000) beta=4.81
Iter 18000 | Total loss: 0.0023 (MSE:0.0023, Reg:0.0000) beta=4.25
Iter 18500 | Total loss: 0.0022 (MSE:0.0022, Reg:0.0000) beta=3.69
Iter 19000 | Total loss: 0.0022 (MSE:0.0022, Reg:0.0000) beta=3.12
Iter 19500 | Total loss: 0.0023 (MSE:0.0023, Reg:0.0000) beta=2.56
Iter 20000 | Total loss: 0.0021 (MSE:0.0021, Reg:0.0000) beta=2.00
,,,,,,,,,,,,,,,,,,,,,,,,,,,,,,,,,,,,,,,,,,,,,,,,,,,,,,,,,,,,,,,,,,,,,,,,,,,,,,,,,,,,,,,,,,,,,,,,,,,,,,,,,,,,,,,,,,,,,,,,,,,,,,,,,,,,,,,,Iter     1 | Total loss: 0.0018 (MSE:0.0018, Reg:0.0000) beta=0.00
Iter   500 | Total loss: 0.0016 (MSE:0.0016, Reg:0.0000) beta=0.00
Iter  1000 | Total loss: 0.0016 (MSE:0.0016, Reg:0.0000) beta=0.00
Iter  1500 | Total loss: 0.0015 (MSE:0.0015, Reg:0.0000) beta=0.00
Iter  2000 | Total loss: 0.0016 (MSE:0.0016, Reg:0.0000) beta=0.00
Iter  2500 | Total loss: 0.0015 (MSE:0.0015, Reg:0.0000) beta=0.00
Iter  3000 | Total loss: 0.0015 (MSE:0.0015, Reg:0.0000) beta=0.00
Iter  3500 | Total loss: 0.0015 (MSE:0.0015, Reg:0.0000) beta=0.00
Iter  4000 | Total loss: 40110.0391 (MSE:0.0015, Reg:40110.0391) beta=20.00
Iter  4500 | Total loss: 676.7241 (MSE:0.0018, Reg:676.7223) beta=19.44
Iter  5000 | Total loss: 451.4699 (MSE:0.0018, Reg:451.4682) beta=18.88
Iter  5500 | Total loss: 278.8104 (MSE:0.0017, Reg:278.8087) beta=18.31
Iter  6000 | Total loss: 206.9671 (MSE:0.0018, Reg:206.9653) beta=17.75
Iter  6500 | Total loss: 160.5132 (MSE:0.0017, Reg:160.5115) beta=17.19
Iter  7000 | Total loss: 131.8602 (MSE:0.0017, Reg:131.8585) beta=16.62
Iter  7500 | Total loss: 120.0940 (MSE:0.0018, Reg:120.0922) beta=16.06
Iter  8000 | Total loss: 105.9842 (MSE:0.0019, Reg:105.9823) beta=15.50
Iter  8500 | Total loss: 96.6112 (MSE:0.0017, Reg:96.6095) beta=14.94
Iter  9000 | Total loss: 80.5843 (MSE:0.0018, Reg:80.5825) beta=14.38
Iter  9500 | Total loss: 75.1404 (MSE:0.0018, Reg:75.1386) beta=13.81
Iter 10000 | Total loss: 69.0017 (MSE:0.0018, Reg:69.0000) beta=13.25
Iter 10500 | Total loss: 62.1859 (MSE:0.0019, Reg:62.1840) beta=12.69
Iter 11000 | Total loss: 57.4257 (MSE:0.0017, Reg:57.4241) beta=12.12
Iter 11500 | Total loss: 50.4848 (MSE:0.0017, Reg:50.4831) beta=11.56
Iter 12000 | Total loss: 41.3809 (MSE:0.0017, Reg:41.3791) beta=11.00
Iter 12500 | Total loss: 36.4220 (MSE:0.0017, Reg:36.4202) beta=10.44
Iter 13000 | Total loss: 28.2885 (MSE:0.0018, Reg:28.2867) beta=9.88
Iter 13500 | Total loss: 23.3382 (MSE:0.0017, Reg:23.3365) beta=9.31
Iter 14000 | Total loss: 19.0018 (MSE:0.0018, Reg:19.0000) beta=8.75
Iter 14500 | Total loss: 16.6743 (MSE:0.0017, Reg:16.6726) beta=8.19
Iter 15000 | Total loss: 11.1700 (MSE:0.0016, Reg:11.1683) beta=7.62
Iter 15500 | Total loss: 7.9577 (MSE:0.0017, Reg:7.9559) beta=7.06
Iter 16000 | Total loss: 7.0017 (MSE:0.0017, Reg:7.0000) beta=6.50
Iter 16500 | Total loss: 4.6172 (MSE:0.0018, Reg:4.6154) beta=5.94
Iter 17000 | Total loss: 3.2942 (MSE:0.0018, Reg:3.2924) beta=5.38
Iter 17500 | Total loss: 2.3989 (MSE:0.0017, Reg:2.3972) beta=4.81
Iter 18000 | Total loss: 0.6837 (MSE:0.0018, Reg:0.6819) beta=4.25
Iter 18500 | Total loss: 0.0019 (MSE:0.0019, Reg:0.0000) beta=3.69
Iter 19000 | Total loss: 0.0016 (MSE:0.0016, Reg:0.0000) beta=3.12
Iter 19500 | Total loss: 0.0018 (MSE:0.0018, Reg:0.0000) beta=2.56
Iter 20000 | Total loss: 0.0018 (MSE:0.0018, Reg:0.0000) beta=2.00
,,,,,,,,,,,,,,,,,,,,,,,,,,,,,,,,,,,,,,,,,,,,,,,,,,,,,,,,,,,,,,,,,,,,,,,,,,,,,,,,,,,,,,,,,,,,,,,,,,,,,,,,,,,,,,,,,,,,,,,,,,,,,,,,,,,,,,,,,,,,,,,,Iter     1 | Total loss: 0.0147 (MSE:0.0147, Reg:0.0000) beta=0.00
Iter   500 | Total loss: 0.0126 (MSE:0.0126, Reg:0.0000) beta=0.00
Iter  1000 | Total loss: 0.0136 (MSE:0.0136, Reg:0.0000) beta=0.00
Iter  1500 | Total loss: 0.0128 (MSE:0.0128, Reg:0.0000) beta=0.00
Iter  2000 | Total loss: 0.0122 (MSE:0.0122, Reg:0.0000) beta=0.00
Iter  2500 | Total loss: 0.0119 (MSE:0.0119, Reg:0.0000) beta=0.00
Iter  3000 | Total loss: 0.0120 (MSE:0.0120, Reg:0.0000) beta=0.00
Iter  3500 | Total loss: 0.0123 (MSE:0.0123, Reg:0.0000) beta=0.00
Iter  4000 | Total loss: 453571.5625 (MSE:0.0124, Reg:453571.5625) beta=20.00
Iter  4500 | Total loss: 2121.7849 (MSE:0.0143, Reg:2121.7705) beta=19.44
Iter  5000 | Total loss: 1704.4017 (MSE:0.0139, Reg:1704.3878) beta=18.88
Iter  5500 | Total loss: 1290.4545 (MSE:0.0133, Reg:1290.4412) beta=18.31
Iter  6000 | Total loss: 996.2172 (MSE:0.0138, Reg:996.2034) beta=17.75
Iter  6500 | Total loss: 799.7576 (MSE:0.0130, Reg:799.7446) beta=17.19
Iter  7000 | Total loss: 619.3831 (MSE:0.0135, Reg:619.3696) beta=16.62
Iter  7500 | Total loss: 505.7526 (MSE:0.0133, Reg:505.7392) beta=16.06
Iter  8000 | Total loss: 434.8785 (MSE:0.0136, Reg:434.8649) beta=15.50
Iter  8500 | Total loss: 365.0721 (MSE:0.0134, Reg:365.0587) beta=14.94
Iter  9000 | Total loss: 308.9214 (MSE:0.0140, Reg:308.9073) beta=14.38
Iter  9500 | Total loss: 257.1681 (MSE:0.0132, Reg:257.1548) beta=13.81
Iter 10000 | Total loss: 216.4430 (MSE:0.0146, Reg:216.4284) beta=13.25
Iter 10500 | Total loss: 188.4303 (MSE:0.0138, Reg:188.4165) beta=12.69
Iter 11000 | Total loss: 157.4021 (MSE:0.0129, Reg:157.3892) beta=12.12
Iter 11500 | Total loss: 134.9532 (MSE:0.0137, Reg:134.9395) beta=11.56
Iter 12000 | Total loss: 107.2048 (MSE:0.0138, Reg:107.1910) beta=11.00
Iter 12500 | Total loss: 87.3082 (MSE:0.0144, Reg:87.2939) beta=10.44
Iter 13000 | Total loss: 71.9270 (MSE:0.0138, Reg:71.9132) beta=9.88
Iter 13500 | Total loss: 59.3034 (MSE:0.0137, Reg:59.2897) beta=9.31
Iter 14000 | Total loss: 44.1815 (MSE:0.0135, Reg:44.1680) beta=8.75
Iter 14500 | Total loss: 33.8410 (MSE:0.0134, Reg:33.8276) beta=8.19
Iter 15000 | Total loss: 28.4420 (MSE:0.0131, Reg:28.4289) beta=7.62
Iter 15500 | Total loss: 18.6068 (MSE:0.0142, Reg:18.5926) beta=7.06
Iter 16000 | Total loss: 9.2531 (MSE:0.0143, Reg:9.2388) beta=6.50
Iter 16500 | Total loss: 3.3854 (MSE:0.0141, Reg:3.3714) beta=5.94
Iter 17000 | Total loss: 2.9892 (MSE:0.0136, Reg:2.9757) beta=5.38
Iter 17500 | Total loss: 1.1247 (MSE:0.0134, Reg:1.1113) beta=4.81
Iter 18000 | Total loss: 0.1517 (MSE:0.0139, Reg:0.1378) beta=4.25
Iter 18500 | Total loss: 0.0138 (MSE:0.0138, Reg:0.0000) beta=3.69
Iter 19000 | Total loss: 0.0134 (MSE:0.0134, Reg:0.0000) beta=3.12
Iter 19500 | Total loss: 0.0134 (MSE:0.0134, Reg:0.0000) beta=2.56
Iter 20000 | Total loss: 0.0142 (MSE:0.0142, Reg:0.0000) beta=2.00
,,,,,,,,,,,,,,,,,,,,,,,,,,,,,,,,,,,,,,,,,,,,,,,,,,,,,,,,,,,,,,,,,,,,,,,,,,,,,,,,,,,,,,,,,,,,,,,,,,,,,,,,,,,,,,,,,,,,,,,,,,,,,,,,,,,,,,,,,,,,,,,,,,,,,,,,Iter     1 | Total loss: 0.0024 (MSE:0.0024, Reg:0.0000) beta=0.00
Iter   500 | Total loss: 0.0022 (MSE:0.0022, Reg:0.0000) beta=0.00
Iter  1000 | Total loss: 0.0022 (MSE:0.0022, Reg:0.0000) beta=0.00
Iter  1500 | Total loss: 0.0023 (MSE:0.0023, Reg:0.0000) beta=0.00
Iter  2000 | Total loss: 0.0021 (MSE:0.0021, Reg:0.0000) beta=0.00
Iter  2500 | Total loss: 0.0022 (MSE:0.0022, Reg:0.0000) beta=0.00
Iter  3000 | Total loss: 0.0023 (MSE:0.0023, Reg:0.0000) beta=0.00
Iter  3500 | Total loss: 0.0021 (MSE:0.0021, Reg:0.0000) beta=0.00
Iter  4000 | Total loss: 388747.7500 (MSE:0.0022, Reg:388747.7500) beta=20.00
Iter  4500 | Total loss: 1.0025 (MSE:0.0025, Reg:1.0000) beta=19.44
Iter  5000 | Total loss: 0.8347 (MSE:0.0023, Reg:0.8324) beta=18.88
Iter  5500 | Total loss: 0.0022 (MSE:0.0022, Reg:0.0000) beta=18.31
Iter  6000 | Total loss: 0.0023 (MSE:0.0023, Reg:0.0000) beta=17.75
Iter  6500 | Total loss: 0.0024 (MSE:0.0024, Reg:0.0000) beta=17.19
Iter  7000 | Total loss: 0.0023 (MSE:0.0023, Reg:0.0000) beta=16.62
Iter  7500 | Total loss: 0.0024 (MSE:0.0024, Reg:0.0000) beta=16.06
Iter  8000 | Total loss: 0.0023 (MSE:0.0023, Reg:0.0000) beta=15.50
Iter  8500 | Total loss: 0.0022 (MSE:0.0022, Reg:0.0000) beta=14.94
Iter  9000 | Total loss: 0.0024 (MSE:0.0024, Reg:0.0000) beta=14.38
Iter  9500 | Total loss: 0.0024 (MSE:0.0024, Reg:0.0000) beta=13.81
Iter 10000 | Total loss: 0.0023 (MSE:0.0023, Reg:0.0000) beta=13.25
Iter 10500 | Total loss: 0.0022 (MSE:0.0022, Reg:0.0000) beta=12.69
Iter 11000 | Total loss: 0.0023 (MSE:0.0023, Reg:0.0000) beta=12.12
Iter 11500 | Total loss: 0.0022 (MSE:0.0022, Reg:0.0000) beta=11.56
Iter 12000 | Total loss: 0.0022 (MSE:0.0022, Reg:0.0000) beta=11.00
Iter 12500 | Total loss: 0.0023 (MSE:0.0023, Reg:0.0000) beta=10.44
Iter 13000 | Total loss: 0.0022 (MSE:0.0022, Reg:0.0000) beta=9.88
Iter 13500 | Total loss: 0.0022 (MSE:0.0022, Reg:0.0000) beta=9.31
Iter 14000 | Total loss: 0.0023 (MSE:0.0023, Reg:0.0000) beta=8.75
Iter 14500 | Total loss: 0.0022 (MSE:0.0022, Reg:0.0000) beta=8.19
Iter 15000 | Total loss: 0.0023 (MSE:0.0023, Reg:0.0000) beta=7.62
Iter 15500 | Total loss: 0.0026 (MSE:0.0026, Reg:0.0000) beta=7.06
Iter 16000 | Total loss: 0.0022 (MSE:0.0022, Reg:0.0000) beta=6.50
Iter 16500 | Total loss: 0.0023 (MSE:0.0023, Reg:0.0000) beta=5.94
Iter 17000 | Total loss: 0.0023 (MSE:0.0023, Reg:0.0000) beta=5.38
Iter 17500 | Total loss: 0.0022 (MSE:0.0022, Reg:0.0000) beta=4.81
Iter 18000 | Total loss: 0.0022 (MSE:0.0022, Reg:0.0000) beta=4.25
Iter 18500 | Total loss: 0.0022 (MSE:0.0022, Reg:0.0000) beta=3.69
Iter 19000 | Total loss: 0.0022 (MSE:0.0022, Reg:0.0000) beta=3.12
Iter 19500 | Total loss: 0.0025 (MSE:0.0025, Reg:0.0000) beta=2.56
Iter 20000 | Total loss: 0.0024 (MSE:0.0024, Reg:0.0000) beta=2.00
,,,,,,,,,,,,,,,,,,,,,,,,,,,,,,,,,,,,,,,,,,,,,,,,,,,,,,,,,,,,,,,,,,,,,,,,,,,,,,,,,,,,,,,,,,,,,,,,,,,,,,,,,,,,,,,,,,,,,,,,,,,,,,,,,,,,,,,,,,,,,,,,,,,,,,,,,,,,,,,,Iter     1 | Total loss: 0.7162 (MSE:0.7162, Reg:0.0000) beta=0.00
Iter   500 | Total loss: 0.4497 (MSE:0.4497, Reg:0.0000) beta=0.00
Iter  1000 | Total loss: 0.4964 (MSE:0.4964, Reg:0.0000) beta=0.00
Iter  1500 | Total loss: 0.4742 (MSE:0.4742, Reg:0.0000) beta=0.00
Iter  2000 | Total loss: 0.4465 (MSE:0.4465, Reg:0.0000) beta=0.00
Iter  2500 | Total loss: 0.4440 (MSE:0.4440, Reg:0.0000) beta=0.00
Iter  3000 | Total loss: 0.4115 (MSE:0.4115, Reg:0.0000) beta=0.00
Iter  3500 | Total loss: 0.4325 (MSE:0.4325, Reg:0.0000) beta=0.00
Iter  4000 | Total loss: 93774.4453 (MSE:0.4769, Reg:93773.9688) beta=20.00
Iter  4500 | Total loss: 3504.0620 (MSE:0.5271, Reg:3503.5349) beta=19.44
Iter  5000 | Total loss: 3078.3372 (MSE:0.5764, Reg:3077.7607) beta=18.88
Iter  5500 | Total loss: 1730.1504 (MSE:0.5471, Reg:1729.6033) beta=18.31
Iter  6000 | Total loss: 1191.5956 (MSE:0.5440, Reg:1191.0515) beta=17.75
Iter  6500 | Total loss: 975.6703 (MSE:0.5109, Reg:975.1594) beta=17.19
Iter  7000 | Total loss: 808.8137 (MSE:0.4955, Reg:808.3182) beta=16.62
Iter  7500 | Total loss: 673.8396 (MSE:0.4726, Reg:673.3670) beta=16.06
Iter  8000 | Total loss: 553.3730 (MSE:0.5464, Reg:552.8267) beta=15.50
Iter  8500 | Total loss: 478.0495 (MSE:0.5723, Reg:477.4772) beta=14.94
Iter  9000 | Total loss: 424.2875 (MSE:0.5342, Reg:423.7533) beta=14.38
Iter  9500 | Total loss: 365.8707 (MSE:0.6445, Reg:365.2262) beta=13.81
Iter 10000 | Total loss: 321.9808 (MSE:0.5320, Reg:321.4488) beta=13.25
Iter 10500 | Total loss: 290.0734 (MSE:0.5526, Reg:289.5208) beta=12.69
Iter 11000 | Total loss: 267.1458 (MSE:0.5089, Reg:266.6370) beta=12.12
Iter 11500 | Total loss: 248.4874 (MSE:0.5464, Reg:247.9410) beta=11.56
Iter 12000 | Total loss: 225.1582 (MSE:0.4977, Reg:224.6604) beta=11.00
Iter 12500 | Total loss: 192.2093 (MSE:0.4959, Reg:191.7133) beta=10.44
Iter 13000 | Total loss: 160.2131 (MSE:0.5431, Reg:159.6701) beta=9.88
Iter 13500 | Total loss: 142.0244 (MSE:0.5203, Reg:141.5041) beta=9.31
Iter 14000 | Total loss: 119.2113 (MSE:0.4601, Reg:118.7512) beta=8.75
Iter 14500 | Total loss: 102.3365 (MSE:0.5154, Reg:101.8211) beta=8.19
Iter 15000 | Total loss: 82.2062 (MSE:0.5277, Reg:81.6785) beta=7.62
Iter 15500 | Total loss: 60.2751 (MSE:0.5048, Reg:59.7703) beta=7.06
Iter 16000 | Total loss: 47.2588 (MSE:0.5719, Reg:46.6869) beta=6.50
Iter 16500 | Total loss: 25.1800 (MSE:0.5060, Reg:24.6740) beta=5.94
Iter 17000 | Total loss: 10.1555 (MSE:0.5524, Reg:9.6031) beta=5.38
Iter 17500 | Total loss: 2.8029 (MSE:0.5574, Reg:2.2455) beta=4.81
Iter 18000 | Total loss: 0.5450 (MSE:0.5450, Reg:0.0000) beta=4.25
Iter 18500 | Total loss: 0.4566 (MSE:0.4566, Reg:0.0000) beta=3.69
Iter 19000 | Total loss: 0.5186 (MSE:0.5186, Reg:0.0000) beta=3.12
Iter 19500 | Total loss: 0.5682 (MSE:0.5682, Reg:0.0000) beta=2.56
Iter 20000 | Total loss: 0.5592 (MSE:0.5592, Reg:0.0000) beta=2.00
AdaRound values computing done!
,,,,,,,,,,,,,,,,,,,,,,,,,,,,,,,,,,,,,,,,,,,,,,,,,,,,,,,,,,,,,,,,,,,,,,,,,,,,,,,,,,,,,,,,,,,,,,,,,,,,,,,,,,,,,,,,,,,,,,,,,,,,,,,,,,,,,,,,,,,,,,,,,,,,,,,,,,,,,,,,,,,,,,,,,,,,,,,,,,,,,,,,,,,,,,,,,,,,,,,,,,,,,,,,,,,,,,,,,,,,,,,,,,,,,,,,,,,,,,,,,,,,,,,,,,,,,,,,,,,,,,,,,,,,,,,,,,,,,,,,,,,,,,,,,,,,,,,,,,,,,,,,,,,,,,,,,,,,,,,,,,,,,,,,,,,,,,,,,,,,,,,,,,,,,,,,,,,,,,,,,,,,,,,,,,,,,,,,,,,,,,,,,,,,,,,,,,,,,,,,,,,,,,,,,,,,,,,,,,,,,,,,,,,,,,,,,,,,,,,,,,,,,,,,,,,,,,,,,,,,,,,,,,,,,,,,,,,,,,,,,,,,,,,,,,,,,,,,,,,,,,,,,,,,,,,,,,,,,,,,,,,,,,,,,,,,,,,,,,,,,,,,,,,,,,,,,,,,,,,,,,,,,,,,,,,,,,,,,,,,,,,,,,,,,,,,,,,,,,,,,,,,,,,,,,,,,,,,,,,,,,,,,,,,,,,,,,,,,,,,,,,,,,,,,,,,,,,,,,,,,,,,,,,,,,,,,,,,,,,,,,,,,,,,,,,,,,,,,,,,,,,,,,,,,,,,,,,,,,,,,,,,,,,,,,,,,,,,,,,,,,,,,,,,,,,,,,,,,,,,,,,,,,,,,,,,,,,,,,,,,,,,,,,,,,,,,,,,,,,,,,,,,,,,,,,,,,,,,,,,,,,,,,,,,,,,,,,,,,,,,,,,,,,,,,,,,,,,,,,,,,,,,,,,,,,,,,,,,,,,,,,,,,,,,,,,,,,,,,,,,,,,,,,,,,,,,,,,,,,,,,,,,,,,,,,,,,,,,,,,,,,,,,,,,,,,,,,,,,,,,,,,,,,,,,,,,,,,,,,,,,,,,,,,,,,,,,,,,,,,,,,,,,,,,,,,,,,,,,,,,,,,,,,,,,,,,,,,,,,,,,,,,,,,,,,,,,,,,,,,,,,,,,,,,,,,,,,,,,,,,,,,,,,,,,,,,,,,,,,,,,,,,,,,,,,,,,,,,,,,,,,,,,,,,,,,,,,,,,,,,,,,,,,,,,,,,,,,,,,,,,,,,,,,,,,,,,,,,,,,,,,,,,,,,,,,,,,,,,,,,,,,,,,,,,,,,,,,,,,,,,,,,,,,,,,,,,,,,,,,,,,,,,,,,,,,,,,,,,,,,,,,,,,,,,,,,,,,,,,,,,,,,,,,,,,,,,,,,,,,,,,,,,,,,,,,,,,,,,,,,,,,,,,,,,,,,,,,,,,,,,,,,,,,,,,,,,,,,,,,,,,,,,,,,,,,,,,,,,,,,,,,,,,,,,,,,,,,,,,,,,,,,,,,,,,,,,,,,,,,,,,,,,,,,,,,,,,,,,,,,,,,,,,,,,,,,,,,,,,,,,,,,,,,,,,,,,,,,,,,,,,,,,,,,,,,,,,,,,,,,,,,,,,,,,,,,,,,,,,,,,,,,,,,,,,,,,,,,,,,,,,,,,,,,,,,,,,,,,,,,,,,,,,,,,,,,,,,,,,,,,,,,,,,,,,,,,,,,,,,,,,,,,,,,,,,,,,,,,,,,,,,,,,,,,,,,,,,,,,,,,,,,,,,,,,,,,,,,,,,,,,,,,,,,,,,,,,,,,,,,,,,,,,,,,,,,,,,,,,,,,,,,,,,,,,,,,,,,,,,,,,,,,,,,,,,,,,,,,,,,,,,,,,,,,,,,,,,,,,,,,,,,,,,,,,,,,,,,,,,,,,,,,,,,,,,,,,,,,,,,,,,,,,,,,,,,,,,,,,,,,,,,,,,,,,,,,,,,,,,,,,,,,,,,,,,,,,,,,,,,,,,,,,,,,,,,,,,,,,,,,,,,,,,,,,,,,,,,,,,,,,,,,,,,,,,,,,,,,,,,,,,,,,,,,,,,,,,,,,,,,,,,,,,,,,,,,,,,,,,,,,,,,,,,,,,,,,,,,,,,,,,,,,,,,,,,,,,,,,,,,,,,,,,,,,,,,,,,,,,,,,,,,,,,,,,,,,,,,,,,,,,,,,,,,,,,,,,,,,,,,,,,,,,,,,,,,,,,,,,,,,,,,,,,,,,,,,,,,,,,,,,,,,,,,,,,,,,,,,,,,,,,,,,,,,,,,,,,,,,,,,,,,,,,,,,,,,,,,,,,,,,,,,,,,,,,,,,,,,,,,,,,,,,,,,,,,,,,,,,,,,,,,,,,,,,,,,,,,,,,,,,,,,,,,,,,,,,,,,,,,,,,,,,,,,,,,,,,,,,,,,,,,,,,,,,,,,,,,,,,,,,,,,,,,,,,,,,,,,,,,,,,,,,,,,,,,,,,,,,,,,,,,,,,,,,,,,,,,,,,,,,,,,,,,,,,,,,,,,,,,,,,,,,,,,,,,,,,,,,,,,,,,,,,,,,,,,,,,,,,,,,,,,,,,,,,,,,,,,,,,,,,,,,,,,,,,,,,,,,,,,,,,,,,,,,,,,,,,,,,,,,,,,,,,,,,,,,,,,,,,,,,,,,,,,,,,,,,,,,,,,,,,,,,,,,,,,,,,,,,,,,,,,,,,,,,,,,,,,,,,,,,,,,,,,,,,,,,,,,,,,,,,,,,,,,,,,,,,,,,,,,,,,,,,,,,,,,,,,,,,,,,,,,,,,,,,,,,,,,,,,,,,,,,,,,,,,,,,,,,,,,,,,,,,,,,,,,,,,,,,,,,,,,,,,,,,,,,,,,,,,,,,,,,,,,,,,,,,,,,,,,,,,,,,,,,,,,,,,,,,,,,,,,,,,,,,,,,,,,,,,,,,,,,,,,,,,,,,,,,,,,,,,,,,,,,,,,,,,,,,,,,,,,,,,,,,,,,,,,,,,,,,,,,,,,,,,,,,,,,,,,,,,,,,,,,,,,,,,,,,,,,,,,,,,,,,,,,,,,,,,,,,,,,,,,,,,,,,,,,,,,,,,,,,,,,,,,,,,,,,,,,,,,,,,,,,,,,,,,,,,,,,,,,,,,,,,,,,,,,,,,,,,,,,,,,,,,,,,,,,,,,,,,,,,,,,,,,,,,,,,,,,,,,,,,,,,,,,,,,,,,,,,,,,,,,,,,,,,,,,,,,,,,,,,,,,,,,,,,,,,,,,,,,,,,,,,,,,,,,,,,,,,,,,,,,,,,,,,,,,,,,,,,,,,,,,,,,,,,,,,,,,,,,,,,,,,,,,,,,,,,,,,,,,,,,,,,,,,,,,,,,,,,,,,,,,,,,,,,,,,,,,,,,,,,,,,,,,,,,,,,,,,,,,,,,,,,,,,,,,,,,,,,,,,,,,,,,,,,,,,,,,,,,,,,,,,,,,,,,,,,,,,,,,,,,,,,,,,,,,,,,,,,,,,,,,,,,,,,,,,,,,,,,,,,,,,,,,,,,,,,,,,,,,,,,,,,,,,,,,,,,,,,,,,,,,,,,,,,,,,,,,,,,,,,,,,,,,,,,,,,,,,,,,,,,,,,,,,,,,,,,,,,,,,,,,,,,,,,,,,,,,,,,,,,,,,,,,,,,,,,,,,,,,,,,,,,,,,,,,,,,,,,,,,,,,,,,,,,,,,,,,,,,,,,,,,,,,,,,,,,,,,,,,,,,,,,,,,,,,,,,,,,,,,,,,,,,,,,,,,,,,,,,,,,,,,,,,,,,,,,,,,,,,,,,,,,,,,,,,,,,,,,,,,,,,,,,,,,,,,,,,,,,,,,,,,,,,,,,,,,,,,,,,,,,,,,,,,,,,,,,,,,,,,,,,,,,,,,,,,,,,,,,,,,,,,,,,,,,,,,,,,,,,,,,,,,,,,,,,,,,,,,,,,,,,,,,,,,,,,,,,,,,,,,,,,,,,,,,,,,,,,,,,,,,,,,,,,,,,,,,,,,,,,,,,,,,,,,,,,,,,,,,,,,,,,,,,,,,,,,,,,,,,,,,,,,,,,,,,,,,,,,,,,,,,,,,,,,,,,,,,,,,,,,,,,,,,,,,,,,,,,,,,,,,,,,,,,,,,,,,,,,,,,,,,,,,,,,,,,,,,,,,,,,,,,,,,,,,,,,,,,,,,,,,,,,,,,,,,,,,,,,,,,,,,,,,,,,,,,,,,,,,,,,,,,,,,,,,,,,,,,,,,,,,,,,,,,,,,,,,,,,,,,,,,,,,,,,,,,,,,,,,,,,,,,,,,,,,,,,,,,,,,,,,,,,,,,,,,,,,,,,,,,,,,,,,,,,,,,,,,,,,,,,,,,,,,,,,,,,,,,,,,,,,,,,,,,,,,,,,,,,,,,,,,,,,,,,,,,,,,,,,,,,,,,,,,,,,,,,,,,,,,,,,,,,,,,,,,,,,,,,,,,,,,,,,,,,,,,,,,,,,,,,,,,,,,,,,,,,,,,,,,,,,,,,,,,,,,,,,,,,,,,,,,,,,,,,,,,,,,,,,,,,,,,,,,,,,,,,,,,,,,,,,,,,,,,,,,,,,,,,,,,,,,,,,,,,,,,,,,,,,,,,,,,,,,,,,,,,,,,,,,,,,,,,,,,,,,,,,,,,,,,,,,,,,,,,,,,,,,,,,,,,,,,,,,,,,,,,,,,,,,,,,,,,,,,,,,,,,,,,,,,,,,,,,,,,,,,,,,,,,,,,,,,,,,,,,,,,,,,,,,,,,,,,,,,,,,,,,,,,,,,,,,,,,,,,,,,,,,,,,,,,,,,,,,,,,,,,,,,,,,,,,,,,,,,,,,,,,,,,,,,,,,,,,,,,,,,,,,,,,,,,,,,,,,,,,,,,,,,,,,,,,,,,,,,,,,,,,,,,,,,,,,,,,,,,,,,,,,,,,,,,,,,,,,,,,,,,,,,,,,,,,,,,,,,,,,,,,,,,,,,,,,,,,,,,,,,,,,,,,,,,,,,,,,,,,,,,,,,,,,,,,,,,,,,,,,,,,,,,,,,,,,,,,,,,,,,,,,,,,,,,,,,,,,,,,,,,,,,,,,,,,,,,,,,,,,,,,,,,,,,,,,,,,,,,,,,,,,,,,,,,,,,,,,,,,,,,,,,,,,,,,,,,,,,,,,,,,,,,,,,,,,,,,,,,,,,,,,,,,,,,,,,,,,,,,,,,,,,,,,,,,,,,,,,,,,,,,,,,,,,,,,,,,,,,,,,,,,,,,,,,,,,,,,,,,,,,,,,,,,,,,,,,,,,,,,,,,,,,,,,,,,,,,,,,,,,,,,,,,,,,,,,,,,,,,,,,,,,,,,,,,,,,,,,,,,,,,,,,,,,,,,,,,,,,,,,,,,,,,,,,,,,,,,,,,,,,,,,,,,,,,,,,,,,,,,,,,,,,,,,,,,,,,,,,,,,,,,,,,,,,,,,,,,,,,,,,,,,,,,,,,,,,,,,,,,,,,,,,,,,,,,,,,,,,,,,,,,,,,,,,,,,,,,,,,,,,,,,,,,,,,,,,,,,,,,,,,,,,,,,,,,,,,,,,,,,,,,,,,,,,,,,,,,,,,,,,,,,,,,,,,,,,,,,,,,,,,,,,,,,,,,,,,,,,,,,,,,,,,,,,,,,,,,,,,,,,,,,,,,,,,,,,,,,,,,,,,,,,,,,,,,,,,,,,,,,,,,,,,,,,,,,,,,,,,,,,,,,,,,,,,,,,,,,,,,,,,,,,,,,,,,,,,,,,,,,,,,,,,,,,,,,,,,,,,,,,,,,,,,,,,,,,,,,,,,,,,,,,,,,,,,,,,,,,,,,,,,,,,,,,,,,,,,,,,,,,,,,,,,,,,,,,,,,,,,,,,,,,,,,,,,,,,,,,,,,,,,,,,,,,,,,,,,,,,,,,,,,,,,,,,,,,,,,,,,,,,,,,,,,,,,,,,,,,,,,,,,,,,,,,,,,,,,,,,,,,,,,,,,,,,,,,,,,,,,,,,,,,,,,,,,,,,,,,,,,,,,,,,,,,,,,,,,,,,,,,,,,,,,,,,,,,,,,,,,,,,,,,,,,,,,,,,,,,,,,,,,,,,,,,,,,,,,,,,,,,,,,,,,,,,,,,,,,,,,,,,,,,,,,,,,,,,,,,,,,,,,,,,,,,,,,,,,,,,,,,,,,,,,,,,,,,,,,,,,,,,,,,,,,,,,,,,,,,,,,,,,,,,,,,,,,,,,,,,,,,,,,,,,,,,,,,,,,,,,,,,,,,,,,,,,,,,,,,,,,,,,,,,,,,,,,,,,,,,,,,,,,,,,,,,,,,,,,,,,,,,,,,,,,,,,,,,,,,,,,,,,,,,,,,,,,,,,,,,,,,,,,,,,,,,,,,,,,,,,,,,,,,,,,,,,,,,,,,,,,,,,,,,,,,,,,,,,,,,,,,,,,,,,,,,,,,,,,,,,,,,,,,,,,,,,,,,,,,,,,,,,,,,,,,,,,,,,,,,,,,,,,,,,,,,,,,,,,,,,,,,,,,,,,,,,,,,,,,,,,,,,,,,,,,,,,,,,,,,,,,,,,,,,,,,,,,,,,,,,,,,,,,,,,,,,,,,,,,,,,,,,,,,,,,,,,,,,,,,,,,,,,,,,,,,,,,,,,,,,,,,,,,,,,,,,,,,,,,,,,,,,,,,,,,,,,,,,,,,,,,,,,,,,,,,,,,,,,,,,,,,,,,,,,,,,,,,,,,,,,,,,,,,,,,,,,,,,,,,,,,,,,,,,,,,,,,,,,,,,,,,,,,,,,,,,,,,,,,,,,,,,,,,,,,,,,,,,,,,,,,,,,,,,,,,,,,,,,,,,,,,,,,,,,,,,,,,,,,,,,,,,,,,,,,,,,,,,,,,,,,,,,,,,,,,,,,,,,,,,,,,,,,,,,,,,,,,,,,,,,,,,,,,,,,,,,,,,,,,,,,,,,,,,,,,,,,,,,,,,,,,,,,,,,,,,,,,,,,,,,,,,,,,,,,,,,,,,,,,,,,,,,,,,,,,,,,,,,,,,,,,,,,,,,,,,,,,,,,,,,,,,,,,,,,,,,,,,,,,,,,,,,,,,,,,,,,,,,,,,,,,,,,,,,,,,,,,,,,,,,,,,,,,,,,,,,,,,,,,,,,,,,,,,,,,,,,,,,,,,,,,,,,,,,,,,,,,,,,,,,,,,,,,,,,,,,,,,,,,,,,,,,,,,,,,,,,,,,,,,,,,,,,,,,,,,,,,,,,,,,,,,,,,,,,,,,,,,,,,,,,,,,,,,,,,,,,,,,,,,,,,,,,,,,,,,,,,,,,,,,,,,,,,,,,,,,,,,,,,,,,,,,,,,,,,,,,,,,,,,,,,,,,,,,,,,,,,,,,,,,,,,,,,,,,,,,,,,,,,,,,,,,,,,,,,,,,,,,,,,,,,,,,,,,,,,,,,,,,,,,,,,,,,,,,,,,,,,,,,,,,,,,,,,,,,,,,,,,,,,,,,,,,,,,,,,,,,,,,,,,,,,,,,,,,,,,,,,,,,,,,,,,,,,,,,,,,,,,,,,,,,,,,,,,,,,,,,,,,,,,,,,,,,,,,,,,,,,,,,,,,,,,,,,,,,,,,,,,,,,,,,,,,,,,,,,,,,,,,,,,,,,,,,,,,,,,,,,,,,,,,,,,,,,,,,,,,,,,,,,,,,,,,,,,,,,,,,,,,,,,,,,,,,,,,,,,,,,,,,,,,,,,,,,,,,,,,,,,,,,,,,,,,,,,,,,,,,,,,,,,,,,,,,,,,,,,,,,,,,,,,,,,,,,,,,,,,,,,,,,,,,,,,,,,,,,,,,,,,,,,,,,,,,,,,,,,,,,,,,,,,,,,,,,,,,,,,,,,,,,,,,,,,,,,,,,,,,,,,,,,,,,,,,,,,,,,,,,,,,,,,,,,,,,,,,,,,,,,,,,,,,,,,,,,,,,,,,,,,,,,,,,,,,,,,,,,,,,,,,,,,,,,,,,,,,,,,,,,,,,,,,,,,,,,,,,,,,,,,,,,,,,,,,,,,,,,,,,,,,,,,,,,,,,,,,,,,,,,,,,,,,,,,,,,,,,,,,,,,,,,,,,,,,,,,,,,,,,,,,,,,,,,,,,,,,,,,,,,,,,,,,,,,,,,,,,,,,,,,,,,,,,,,,,,,,,,,,,,,,,,,,,,,,,,,,,,,,,,,,,,,,,,,,,,,,,,,,,,,,,,,,,,,,,,,,,,,,,,,,,,,,,,,,,,,,,,,,,,,,,,,,,,,,,,,,,,,,,,,,,,,,,,,,,,,,,,,,,,,,,,,,,,,,,,,,,,,,,,,,,,,,,,,,,,,,,,,,,,,,,,,,,,,,,,,,,,,,,,,,,,,,,,,,,,,,,,,,,,,,,,,,,,,,,,,,,,,,,,,,,,,,,,,,,,,,,,,,,,,,,,,,,,,,,,,,,,,,,,,,,,,,,,,,,,,,,,,,,,,,,,,,,,,,,,,,,,,,,,,,,,,,,,,,,,,,,,,,,,,,,,,,,,,,,,,,,,,,,,,,,,,,,,,,,,,,,,,,,,,,,,,,,,,,,,,,,,,,,,,,,,,,,,,,,,,,,,,,,,,,,,,,,,,,,,,,,,,,,,,,,,,,,,,,,,,,,,,,,,,,,,,,,,,,,,,,,,,,,,,,,,,,,,,,,,,,,,,,,,,,,,,,,,,,,,,,,,,,,,,,,,,,,,,,,,,,,,,,,,,,,,,,,,,,,,,,,,,,,,,,,,,,,,,,,,,,,,,,,,,,,,,,,,,,,,,,,,,,,,,,,,,,,,,,,,    Quantized model Evaluation accuracy on 50000 images, 67.17
Total time: 896.95 sec
