ResNet18 quantization with myAdaRound!
    Original model Evaluation accuracy on 50000 images, 69.76
{'scheme': 'AdaRoundQuantizer', 'per_channel': True, 'dstDtype': 'INT4'}
Initiated the V
Initiated the V
Initiated the V
Initiated the V
Initiated the V
Initiated the V
Initiated the V
Initiated the V
Initiated the V
Initiated the V
Initiated the V
Initiated the V
Initiated the V
Initiated the V
Initiated the V
Initiated the V
Initiated the V
Initiated the V
Initiated the V
Initiated the V
Initiated the V
Qparams computing done!
    QuantModule: conv1, torch.Size([64, 3, 7, 7])
    QuantModule: layer1.0.conv1, torch.Size([64, 64, 3, 3])
    QuantModule: layer1.0.conv2, torch.Size([64, 64, 3, 3])
    QuantModule: layer1.1.conv1, torch.Size([64, 64, 3, 3])
    QuantModule: layer1.1.conv2, torch.Size([64, 64, 3, 3])
    QuantModule: layer2.0.conv1, torch.Size([128, 64, 3, 3])
    QuantModule: layer2.0.conv2, torch.Size([128, 128, 3, 3])
    QuantModule: layer2.0.downsample.0, torch.Size([128, 64, 1, 1])
    QuantModule: layer2.1.conv1, torch.Size([128, 128, 3, 3])
    QuantModule: layer2.1.conv2, torch.Size([128, 128, 3, 3])
    QuantModule: layer3.0.conv1, torch.Size([256, 128, 3, 3])
    QuantModule: layer3.0.conv2, torch.Size([256, 256, 3, 3])
    QuantModule: layer3.0.downsample.0, torch.Size([256, 128, 1, 1])
    QuantModule: layer3.1.conv1, torch.Size([256, 256, 3, 3])
    QuantModule: layer3.1.conv2, torch.Size([256, 256, 3, 3])
    QuantModule: layer4.0.conv1, torch.Size([512, 256, 3, 3])
    QuantModule: layer4.0.conv2, torch.Size([512, 512, 3, 3])
    QuantModule: layer4.0.downsample.0, torch.Size([512, 256, 1, 1])
    QuantModule: layer4.1.conv1, torch.Size([512, 512, 3, 3])
    QuantModule: layer4.1.conv2, torch.Size([512, 512, 3, 3])
    QuantModule: fc, torch.Size([1000, 512])
Total QuantModule: 21
........
   FP_OUTPUTS shape torch.Size([1024, 64, 112, 112])
................
   FP_OUTPUTS shape torch.Size([1024, 64, 56, 56])
........................
   FP_OUTPUTS shape torch.Size([1024, 64, 56, 56])
................................
   FP_OUTPUTS shape torch.Size([1024, 64, 56, 56])
........................................
   FP_OUTPUTS shape torch.Size([1024, 64, 56, 56])
................................................
   FP_OUTPUTS shape torch.Size([1024, 128, 28, 28])
........................................................
   FP_OUTPUTS shape torch.Size([1024, 128, 28, 28])
................................................................
   FP_OUTPUTS shape torch.Size([1024, 128, 28, 28])
........................................................................
   FP_OUTPUTS shape torch.Size([1024, 128, 28, 28])
................................................................................
   FP_OUTPUTS shape torch.Size([1024, 128, 28, 28])
........................................................................................
   FP_OUTPUTS shape torch.Size([1024, 256, 14, 14])
................................................................................................
   FP_OUTPUTS shape torch.Size([1024, 256, 14, 14])
........................................................................................................
   FP_OUTPUTS shape torch.Size([1024, 256, 14, 14])
................................................................................................................
   FP_OUTPUTS shape torch.Size([1024, 256, 14, 14])
........................................................................................................................
   FP_OUTPUTS shape torch.Size([1024, 256, 14, 14])
................................................................................................................................
   FP_OUTPUTS shape torch.Size([1024, 512, 7, 7])
........................................................................................................................................
   FP_OUTPUTS shape torch.Size([1024, 512, 7, 7])
................................................................................................................................................
   FP_OUTPUTS shape torch.Size([1024, 512, 7, 7])
........................................................................................................................................................
   FP_OUTPUTS shape torch.Size([1024, 512, 7, 7])
................................................................................................................................................................
   FP_OUTPUTS shape torch.Size([1024, 512, 7, 7])
........................................................................................................................................................................
   FP_OUTPUTS shape torch.Size([1024, 1000])

AdaRound computing: conv1
Iter     1 | Total loss: 0.0506 (MSE:0.0506, Reg:0.0000) beta=0.00
Iter   500 | Total loss: 0.0140 (MSE:0.0140, Reg:0.0000) beta=0.00
Iter  1000 | Total loss: 0.0074 (MSE:0.0074, Reg:0.0000) beta=0.00
Iter  1500 | Total loss: 0.0053 (MSE:0.0053, Reg:0.0000) beta=0.00
Iter  2000 | Total loss: 0.0051 (MSE:0.0051, Reg:0.0000) beta=0.00
Iter  2500 | Total loss: 0.0049 (MSE:0.0049, Reg:0.0000) beta=0.00
Iter  3000 | Total loss: 0.0040 (MSE:0.0040, Reg:0.0000) beta=0.00
Iter  3500 | Total loss: 0.0046 (MSE:0.0046, Reg:0.0000) beta=0.00
Iter  4000 | Total loss: 1777.8168 (MSE:0.0036, Reg:1777.8132) beta=20.00
Iter  4500 | Total loss: 76.6375 (MSE:0.0469, Reg:76.5907) beta=19.44
Iter  5000 | Total loss: 49.2589 (MSE:0.0446, Reg:49.2143) beta=18.88
Iter  5500 | Total loss: 26.1680 (MSE:0.0404, Reg:26.1276) beta=18.31
Iter  6000 | Total loss: 20.8545 (MSE:0.0366, Reg:20.8180) beta=17.75
Iter  6500 | Total loss: 17.7006 (MSE:0.0344, Reg:17.6662) beta=17.19
Iter  7000 | Total loss: 15.0475 (MSE:0.0475, Reg:15.0000) beta=16.62
Iter  7500 | Total loss: 15.0373 (MSE:0.0373, Reg:15.0000) beta=16.06
Iter  8000 | Total loss: 13.0412 (MSE:0.0412, Reg:13.0000) beta=15.50
Iter  8500 | Total loss: 12.2608 (MSE:0.0430, Reg:12.2179) beta=14.94
Iter  9000 | Total loss: 11.8989 (MSE:0.0373, Reg:11.8617) beta=14.38
Iter  9500 | Total loss: 8.0349 (MSE:0.0409, Reg:7.9941) beta=13.81
Iter 10000 | Total loss: 5.0937 (MSE:0.0422, Reg:5.0515) beta=13.25
Iter 10500 | Total loss: 5.0396 (MSE:0.0396, Reg:5.0000) beta=12.69
Iter 11000 | Total loss: 4.0371 (MSE:0.0371, Reg:4.0000) beta=12.12
Iter 11500 | Total loss: 4.0389 (MSE:0.0389, Reg:4.0000) beta=11.56
Iter 12000 | Total loss: 3.0423 (MSE:0.0423, Reg:3.0000) beta=11.00
Iter 12500 | Total loss: 3.0407 (MSE:0.0407, Reg:3.0000) beta=10.44
Iter 13000 | Total loss: 1.8897 (MSE:0.0401, Reg:1.8497) beta=9.88
Iter 13500 | Total loss: 1.0483 (MSE:0.0483, Reg:1.0000) beta=9.31
Iter 14000 | Total loss: 1.0410 (MSE:0.0410, Reg:1.0000) beta=8.75
Iter 14500 | Total loss: 1.0407 (MSE:0.0407, Reg:1.0000) beta=8.19
Iter 15000 | Total loss: 1.0420 (MSE:0.0420, Reg:1.0000) beta=7.62
Iter 15500 | Total loss: 1.0352 (MSE:0.0352, Reg:1.0000) beta=7.06
Iter 16000 | Total loss: 1.0411 (MSE:0.0411, Reg:1.0000) beta=6.50
Iter 16500 | Total loss: 0.7391 (MSE:0.0351, Reg:0.7039) beta=5.94
Iter 17000 | Total loss: 0.0401 (MSE:0.0401, Reg:0.0000) beta=5.38
Iter 17500 | Total loss: 0.0422 (MSE:0.0422, Reg:0.0000) beta=4.81
Iter 18000 | Total loss: 0.0376 (MSE:0.0376, Reg:0.0000) beta=4.25
Iter 18500 | Total loss: 0.0405 (MSE:0.0405, Reg:0.0000) beta=3.69
Iter 19000 | Total loss: 0.0397 (MSE:0.0397, Reg:0.0000) beta=3.12
Iter 19500 | Total loss: 0.0372 (MSE:0.0372, Reg:0.0000) beta=2.56
Iter 20000 | Total loss: 0.0394 (MSE:0.0394, Reg:0.0000) beta=2.00

AdaRound computing: conv1
,,,,,,,,Iter     1 | Total loss: 0.0256 (MSE:0.0256, Reg:0.0000) beta=0.00
Iter   500 | Total loss: 0.0083 (MSE:0.0083, Reg:0.0000) beta=0.00
Iter  1000 | Total loss: 0.0063 (MSE:0.0063, Reg:0.0000) beta=0.00
Iter  1500 | Total loss: 0.0050 (MSE:0.0050, Reg:0.0000) beta=0.00
Iter  2000 | Total loss: 0.0041 (MSE:0.0041, Reg:0.0000) beta=0.00
Iter  2500 | Total loss: 0.0037 (MSE:0.0037, Reg:0.0000) beta=0.00
Iter  3000 | Total loss: 0.0035 (MSE:0.0035, Reg:0.0000) beta=0.00
Iter  3500 | Total loss: 0.0036 (MSE:0.0036, Reg:0.0000) beta=0.00
Iter  4000 | Total loss: 5652.1089 (MSE:0.0033, Reg:5652.1055) beta=20.00
Iter  4500 | Total loss: 792.5776 (MSE:0.0139, Reg:792.5637) beta=19.44
Iter  5000 | Total loss: 418.9937 (MSE:0.0112, Reg:418.9824) beta=18.88
Iter  5500 | Total loss: 273.6919 (MSE:0.0110, Reg:273.6809) beta=18.31
Iter  6000 | Total loss: 211.6178 (MSE:0.0109, Reg:211.6069) beta=17.75
Iter  6500 | Total loss: 168.0598 (MSE:0.0116, Reg:168.0482) beta=17.19
Iter  7000 | Total loss: 134.0328 (MSE:0.0109, Reg:134.0219) beta=16.62
Iter  7500 | Total loss: 113.6851 (MSE:0.0109, Reg:113.6742) beta=16.06
Iter  8000 | Total loss: 100.6073 (MSE:0.0106, Reg:100.5967) beta=15.50
Iter  8500 | Total loss: 86.3776 (MSE:0.0120, Reg:86.3657) beta=14.94
Iter  9000 | Total loss: 68.3076 (MSE:0.0115, Reg:68.2961) beta=14.38
Iter  9500 | Total loss: 60.7382 (MSE:0.0127, Reg:60.7255) beta=13.81
Iter 10000 | Total loss: 47.6428 (MSE:0.0117, Reg:47.6311) beta=13.25
Iter 10500 | Total loss: 38.6745 (MSE:0.0101, Reg:38.6644) beta=12.69
Iter 11000 | Total loss: 32.4952 (MSE:0.0112, Reg:32.4841) beta=12.12
Iter 11500 | Total loss: 27.1781 (MSE:0.0118, Reg:27.1663) beta=11.56
Iter 12000 | Total loss: 23.1629 (MSE:0.0125, Reg:23.1504) beta=11.00
Iter 12500 | Total loss: 19.3526 (MSE:0.0110, Reg:19.3416) beta=10.44
Iter 13000 | Total loss: 13.7996 (MSE:0.0110, Reg:13.7887) beta=9.88
Iter 13500 | Total loss: 6.4497 (MSE:0.0112, Reg:6.4385) beta=9.31
Iter 14000 | Total loss: 4.7090 (MSE:0.0113, Reg:4.6977) beta=8.75
Iter 14500 | Total loss: 1.8189 (MSE:0.0125, Reg:1.8064) beta=8.19
Iter 15000 | Total loss: 0.0108 (MSE:0.0108, Reg:0.0000) beta=7.62
Iter 15500 | Total loss: 0.0110 (MSE:0.0110, Reg:0.0000) beta=7.06
Iter 16000 | Total loss: 0.0105 (MSE:0.0105, Reg:0.0000) beta=6.50
Iter 16500 | Total loss: 0.0116 (MSE:0.0116, Reg:0.0000) beta=5.94
Iter 17000 | Total loss: 0.0115 (MSE:0.0115, Reg:0.0000) beta=5.38
Iter 17500 | Total loss: 0.0110 (MSE:0.0110, Reg:0.0000) beta=4.81
Iter 18000 | Total loss: 0.0103 (MSE:0.0103, Reg:0.0000) beta=4.25
Iter 18500 | Total loss: 0.0113 (MSE:0.0113, Reg:0.0000) beta=3.69
Iter 19000 | Total loss: 0.0112 (MSE:0.0112, Reg:0.0000) beta=3.12
Iter 19500 | Total loss: 0.0115 (MSE:0.0115, Reg:0.0000) beta=2.56
Iter 20000 | Total loss: 0.0106 (MSE:0.0106, Reg:0.0000) beta=2.00

AdaRound computing: conv2
,,,,,,,,,,,,,,,,Iter     1 | Total loss: 0.0054 (MSE:0.0054, Reg:0.0000) beta=0.00
Iter   500 | Total loss: 0.0033 (MSE:0.0033, Reg:0.0000) beta=0.00
Iter  1000 | Total loss: 0.0024 (MSE:0.0024, Reg:0.0000) beta=0.00
Iter  1500 | Total loss: 0.0022 (MSE:0.0022, Reg:0.0000) beta=0.00
Iter  2000 | Total loss: 0.0018 (MSE:0.0018, Reg:0.0000) beta=0.00
Iter  2500 | Total loss: 0.0017 (MSE:0.0017, Reg:0.0000) beta=0.00
Iter  3000 | Total loss: 0.0017 (MSE:0.0017, Reg:0.0000) beta=0.00
Iter  3500 | Total loss: 0.0017 (MSE:0.0017, Reg:0.0000) beta=0.00
Iter  4000 | Total loss: 7597.6040 (MSE:0.0017, Reg:7597.6025) beta=20.00
Iter  4500 | Total loss: 1473.8381 (MSE:0.0023, Reg:1473.8358) beta=19.44
Iter  5000 | Total loss: 852.7204 (MSE:0.0021, Reg:852.7183) beta=18.88
Iter  5500 | Total loss: 662.5509 (MSE:0.0021, Reg:662.5488) beta=18.31
Iter  6000 | Total loss: 539.6144 (MSE:0.0023, Reg:539.6121) beta=17.75
Iter  6500 | Total loss: 475.8838 (MSE:0.0021, Reg:475.8817) beta=17.19
Iter  7000 | Total loss: 415.8821 (MSE:0.0022, Reg:415.8799) beta=16.62
Iter  7500 | Total loss: 355.1332 (MSE:0.0021, Reg:355.1311) beta=16.06
Iter  8000 | Total loss: 300.7193 (MSE:0.0022, Reg:300.7171) beta=15.50
Iter  8500 | Total loss: 259.6292 (MSE:0.0021, Reg:259.6271) beta=14.94
Iter  9000 | Total loss: 220.1995 (MSE:0.0020, Reg:220.1975) beta=14.38
Iter  9500 | Total loss: 184.8135 (MSE:0.0022, Reg:184.8113) beta=13.81
Iter 10000 | Total loss: 154.1369 (MSE:0.0021, Reg:154.1348) beta=13.25
Iter 10500 | Total loss: 124.0566 (MSE:0.0025, Reg:124.0541) beta=12.69
Iter 11000 | Total loss: 100.7337 (MSE:0.0024, Reg:100.7313) beta=12.12
Iter 11500 | Total loss: 85.8751 (MSE:0.0021, Reg:85.8730) beta=11.56
Iter 12000 | Total loss: 72.5493 (MSE:0.0021, Reg:72.5472) beta=11.00
Iter 12500 | Total loss: 53.4626 (MSE:0.0021, Reg:53.4604) beta=10.44
Iter 13000 | Total loss: 40.7010 (MSE:0.0019, Reg:40.6991) beta=9.88
Iter 13500 | Total loss: 32.4458 (MSE:0.0020, Reg:32.4438) beta=9.31
Iter 14000 | Total loss: 22.9180 (MSE:0.0021, Reg:22.9158) beta=8.75
Iter 14500 | Total loss: 13.2418 (MSE:0.0023, Reg:13.2395) beta=8.19
Iter 15000 | Total loss: 6.3114 (MSE:0.0021, Reg:6.3093) beta=7.62
Iter 15500 | Total loss: 3.9058 (MSE:0.0022, Reg:3.9036) beta=7.06
Iter 16000 | Total loss: 2.1117 (MSE:0.0022, Reg:2.1095) beta=6.50
Iter 16500 | Total loss: 2.0023 (MSE:0.0023, Reg:2.0000) beta=5.94
Iter 17000 | Total loss: 0.8783 (MSE:0.0022, Reg:0.8761) beta=5.38
Iter 17500 | Total loss: 0.0021 (MSE:0.0021, Reg:0.0000) beta=4.81
Iter 18000 | Total loss: 0.0020 (MSE:0.0020, Reg:0.0000) beta=4.25
Iter 18500 | Total loss: 0.0022 (MSE:0.0022, Reg:0.0000) beta=3.69
Iter 19000 | Total loss: 0.0023 (MSE:0.0023, Reg:0.0000) beta=3.12
Iter 19500 | Total loss: 0.0019 (MSE:0.0019, Reg:0.0000) beta=2.56
Iter 20000 | Total loss: 0.0022 (MSE:0.0022, Reg:0.0000) beta=2.00

AdaRound computing: conv1
,,,,,,,,,,,,,,,,,,,,,,,,Iter     1 | Total loss: 0.0284 (MSE:0.0284, Reg:0.0000) beta=0.00
Iter   500 | Total loss: 0.0134 (MSE:0.0134, Reg:0.0000) beta=0.00
Iter  1000 | Total loss: 0.0134 (MSE:0.0134, Reg:0.0000) beta=0.00
Iter  1500 | Total loss: 0.0106 (MSE:0.0106, Reg:0.0000) beta=0.00
Iter  2000 | Total loss: 0.0115 (MSE:0.0115, Reg:0.0000) beta=0.00
Iter  2500 | Total loss: 0.0093 (MSE:0.0093, Reg:0.0000) beta=0.00
Iter  3000 | Total loss: 0.0097 (MSE:0.0097, Reg:0.0000) beta=0.00
Iter  3500 | Total loss: 0.0102 (MSE:0.0102, Reg:0.0000) beta=0.00
Iter  4000 | Total loss: 4696.9126 (MSE:0.0098, Reg:4696.9028) beta=20.00
Iter  4500 | Total loss: 949.4840 (MSE:0.0181, Reg:949.4659) beta=19.44
Iter  5000 | Total loss: 641.6884 (MSE:0.0153, Reg:641.6730) beta=18.88
Iter  5500 | Total loss: 527.7670 (MSE:0.0145, Reg:527.7524) beta=18.31
Iter  6000 | Total loss: 454.8651 (MSE:0.0141, Reg:454.8510) beta=17.75
Iter  6500 | Total loss: 393.2938 (MSE:0.0153, Reg:393.2784) beta=17.19
Iter  7000 | Total loss: 348.0582 (MSE:0.0170, Reg:348.0412) beta=16.62
Iter  7500 | Total loss: 313.0704 (MSE:0.0149, Reg:313.0555) beta=16.06
Iter  8000 | Total loss: 271.4389 (MSE:0.0161, Reg:271.4228) beta=15.50
Iter  8500 | Total loss: 236.8819 (MSE:0.0156, Reg:236.8663) beta=14.94
Iter  9000 | Total loss: 212.3018 (MSE:0.0160, Reg:212.2858) beta=14.38
Iter  9500 | Total loss: 179.6653 (MSE:0.0156, Reg:179.6497) beta=13.81
Iter 10000 | Total loss: 161.2748 (MSE:0.0157, Reg:161.2591) beta=13.25
Iter 10500 | Total loss: 136.3589 (MSE:0.0148, Reg:136.3441) beta=12.69
Iter 11000 | Total loss: 110.2031 (MSE:0.0156, Reg:110.1874) beta=12.12
Iter 11500 | Total loss: 84.2338 (MSE:0.0146, Reg:84.2191) beta=11.56
Iter 12000 | Total loss: 65.0053 (MSE:0.0143, Reg:64.9910) beta=11.00
Iter 12500 | Total loss: 50.9721 (MSE:0.0153, Reg:50.9568) beta=10.44
Iter 13000 | Total loss: 30.1051 (MSE:0.0147, Reg:30.0904) beta=9.88
Iter 13500 | Total loss: 23.7171 (MSE:0.0152, Reg:23.7019) beta=9.31
Iter 14000 | Total loss: 15.5048 (MSE:0.0147, Reg:15.4901) beta=8.75
Iter 14500 | Total loss: 12.6093 (MSE:0.0166, Reg:12.5927) beta=8.19
Iter 15000 | Total loss: 7.0851 (MSE:0.0152, Reg:7.0699) beta=7.62
Iter 15500 | Total loss: 2.0141 (MSE:0.0141, Reg:2.0000) beta=7.06
Iter 16000 | Total loss: 2.0127 (MSE:0.0166, Reg:1.9961) beta=6.50
Iter 16500 | Total loss: 0.0470 (MSE:0.0160, Reg:0.0310) beta=5.94
Iter 17000 | Total loss: 0.0158 (MSE:0.0158, Reg:0.0000) beta=5.38
Iter 17500 | Total loss: 0.0157 (MSE:0.0157, Reg:0.0000) beta=4.81
Iter 18000 | Total loss: 0.0162 (MSE:0.0162, Reg:0.0000) beta=4.25
Iter 18500 | Total loss: 0.0161 (MSE:0.0161, Reg:0.0000) beta=3.69
Iter 19000 | Total loss: 0.0163 (MSE:0.0163, Reg:0.0000) beta=3.12
Iter 19500 | Total loss: 0.0155 (MSE:0.0155, Reg:0.0000) beta=2.56
Iter 20000 | Total loss: 0.0145 (MSE:0.0145, Reg:0.0000) beta=2.00

AdaRound computing: conv2
,,,,,,,,,,,,,,,,,,,,,,,,,,,,,,,,Iter     1 | Total loss: 0.0052 (MSE:0.0052, Reg:0.0000) beta=0.00
Iter   500 | Total loss: 0.0038 (MSE:0.0038, Reg:0.0000) beta=0.00
Iter  1000 | Total loss: 0.0032 (MSE:0.0032, Reg:0.0000) beta=0.00
Iter  1500 | Total loss: 0.0030 (MSE:0.0030, Reg:0.0000) beta=0.00
Iter  2000 | Total loss: 0.0028 (MSE:0.0028, Reg:0.0000) beta=0.00
Iter  2500 | Total loss: 0.0027 (MSE:0.0027, Reg:0.0000) beta=0.00
Iter  3000 | Total loss: 0.0025 (MSE:0.0025, Reg:0.0000) beta=0.00
Iter  3500 | Total loss: 0.0024 (MSE:0.0024, Reg:0.0000) beta=0.00
Iter  4000 | Total loss: 8205.9209 (MSE:0.0025, Reg:8205.9180) beta=20.00
Iter  4500 | Total loss: 1833.5105 (MSE:0.0027, Reg:1833.5078) beta=19.44
Iter  5000 | Total loss: 1168.5413 (MSE:0.0024, Reg:1168.5388) beta=18.88
Iter  5500 | Total loss: 847.3961 (MSE:0.0026, Reg:847.3934) beta=18.31
Iter  6000 | Total loss: 696.9527 (MSE:0.0029, Reg:696.9498) beta=17.75
Iter  6500 | Total loss: 576.9718 (MSE:0.0027, Reg:576.9691) beta=17.19
Iter  7000 | Total loss: 497.7920 (MSE:0.0025, Reg:497.7895) beta=16.62
Iter  7500 | Total loss: 422.5636 (MSE:0.0026, Reg:422.5610) beta=16.06
Iter  8000 | Total loss: 367.1556 (MSE:0.0028, Reg:367.1528) beta=15.50
Iter  8500 | Total loss: 316.8036 (MSE:0.0027, Reg:316.8009) beta=14.94
Iter  9000 | Total loss: 270.3835 (MSE:0.0024, Reg:270.3811) beta=14.38
Iter  9500 | Total loss: 232.9880 (MSE:0.0027, Reg:232.9853) beta=13.81
Iter 10000 | Total loss: 195.9538 (MSE:0.0029, Reg:195.9509) beta=13.25
Iter 10500 | Total loss: 170.0033 (MSE:0.0027, Reg:170.0006) beta=12.69
Iter 11000 | Total loss: 139.7853 (MSE:0.0027, Reg:139.7826) beta=12.12
Iter 11500 | Total loss: 119.3490 (MSE:0.0028, Reg:119.3463) beta=11.56
Iter 12000 | Total loss: 99.4196 (MSE:0.0027, Reg:99.4169) beta=11.00
Iter 12500 | Total loss: 84.7683 (MSE:0.0026, Reg:84.7656) beta=10.44
Iter 13000 | Total loss: 66.5465 (MSE:0.0029, Reg:66.5436) beta=9.88
Iter 13500 | Total loss: 49.0605 (MSE:0.0025, Reg:49.0580) beta=9.31
Iter 14000 | Total loss: 36.4995 (MSE:0.0027, Reg:36.4967) beta=8.75
Iter 14500 | Total loss: 26.2688 (MSE:0.0026, Reg:26.2662) beta=8.19
Iter 15000 | Total loss: 16.7098 (MSE:0.0027, Reg:16.7072) beta=7.62
Iter 15500 | Total loss: 10.6119 (MSE:0.0029, Reg:10.6091) beta=7.06
Iter 16000 | Total loss: 6.0380 (MSE:0.0027, Reg:6.0353) beta=6.50
Iter 16500 | Total loss: 2.8890 (MSE:0.0027, Reg:2.8864) beta=5.94
Iter 17000 | Total loss: 1.1248 (MSE:0.0026, Reg:1.1222) beta=5.38
Iter 17500 | Total loss: 0.5540 (MSE:0.0027, Reg:0.5513) beta=4.81
Iter 18000 | Total loss: 0.0026 (MSE:0.0026, Reg:0.0000) beta=4.25
Iter 18500 | Total loss: 0.0027 (MSE:0.0027, Reg:0.0000) beta=3.69
Iter 19000 | Total loss: 0.0028 (MSE:0.0028, Reg:0.0000) beta=3.12
Iter 19500 | Total loss: 0.0029 (MSE:0.0029, Reg:0.0000) beta=2.56
Iter 20000 | Total loss: 0.0025 (MSE:0.0025, Reg:0.0000) beta=2.00

AdaRound computing: conv1
,,,,,,,,,,,,,,,,,,,,,,,,,,,,,,,,,,,,,,,,Iter     1 | Total loss: 0.0366 (MSE:0.0366, Reg:0.0000) beta=0.00
Iter   500 | Total loss: 0.0253 (MSE:0.0253, Reg:0.0000) beta=0.00
Iter  1000 | Total loss: 0.0249 (MSE:0.0249, Reg:0.0000) beta=0.00
Iter  1500 | Total loss: 0.0236 (MSE:0.0236, Reg:0.0000) beta=0.00
Iter  2000 | Total loss: 0.0243 (MSE:0.0243, Reg:0.0000) beta=0.00
Iter  2500 | Total loss: 0.0267 (MSE:0.0267, Reg:0.0000) beta=0.00
Iter  3000 | Total loss: 0.0218 (MSE:0.0218, Reg:0.0000) beta=0.00
Iter  3500 | Total loss: 0.0240 (MSE:0.0240, Reg:0.0000) beta=0.00
Iter  4000 | Total loss: 9643.1055 (MSE:0.0238, Reg:9643.0820) beta=20.00
Iter  4500 | Total loss: 1811.0319 (MSE:0.0261, Reg:1811.0057) beta=19.44
Iter  5000 | Total loss: 1146.6432 (MSE:0.0252, Reg:1146.6179) beta=18.88
Iter  5500 | Total loss: 867.9301 (MSE:0.0272, Reg:867.9028) beta=18.31
Iter  6000 | Total loss: 746.4658 (MSE:0.0255, Reg:746.4402) beta=17.75
Iter  6500 | Total loss: 651.9324 (MSE:0.0249, Reg:651.9075) beta=17.19
Iter  7000 | Total loss: 581.6144 (MSE:0.0268, Reg:581.5876) beta=16.62
Iter  7500 | Total loss: 501.4185 (MSE:0.0265, Reg:501.3920) beta=16.06
Iter  8000 | Total loss: 443.2280 (MSE:0.0261, Reg:443.2019) beta=15.50
Iter  8500 | Total loss: 394.0164 (MSE:0.0276, Reg:393.9888) beta=14.94
Iter  9000 | Total loss: 354.0872 (MSE:0.0278, Reg:354.0594) beta=14.38
Iter  9500 | Total loss: 318.4461 (MSE:0.0261, Reg:318.4200) beta=13.81
Iter 10000 | Total loss: 275.8168 (MSE:0.0258, Reg:275.7910) beta=13.25
Iter 10500 | Total loss: 241.0149 (MSE:0.0268, Reg:240.9881) beta=12.69
Iter 11000 | Total loss: 206.9000 (MSE:0.0260, Reg:206.8741) beta=12.12
Iter 11500 | Total loss: 168.5805 (MSE:0.0280, Reg:168.5525) beta=11.56
Iter 12000 | Total loss: 142.4427 (MSE:0.0257, Reg:142.4171) beta=11.00
Iter 12500 | Total loss: 115.0416 (MSE:0.0263, Reg:115.0154) beta=10.44
Iter 13000 | Total loss: 85.3844 (MSE:0.0278, Reg:85.3566) beta=9.88
Iter 13500 | Total loss: 53.9837 (MSE:0.0259, Reg:53.9578) beta=9.31
Iter 14000 | Total loss: 34.4012 (MSE:0.0276, Reg:34.3736) beta=8.75
Iter 14500 | Total loss: 24.4594 (MSE:0.0276, Reg:24.4318) beta=8.19
Iter 15000 | Total loss: 17.5253 (MSE:0.0287, Reg:17.4966) beta=7.62
Iter 15500 | Total loss: 10.7885 (MSE:0.0265, Reg:10.7621) beta=7.06
Iter 16000 | Total loss: 8.4620 (MSE:0.0260, Reg:8.4360) beta=6.50
Iter 16500 | Total loss: 4.4711 (MSE:0.0260, Reg:4.4451) beta=5.94
Iter 17000 | Total loss: 1.9008 (MSE:0.0266, Reg:1.8742) beta=5.38
Iter 17500 | Total loss: 1.0223 (MSE:0.0264, Reg:0.9959) beta=4.81
Iter 18000 | Total loss: 0.0627 (MSE:0.0257, Reg:0.0370) beta=4.25
Iter 18500 | Total loss: 0.0252 (MSE:0.0252, Reg:0.0000) beta=3.69
Iter 19000 | Total loss: 0.0241 (MSE:0.0241, Reg:0.0000) beta=3.12
Iter 19500 | Total loss: 0.0249 (MSE:0.0249, Reg:0.0000) beta=2.56
Iter 20000 | Total loss: 0.0266 (MSE:0.0266, Reg:0.0000) beta=2.00

AdaRound computing: conv2
,,,,,,,,,,,,,,,,,,,,,,,,,,,,,,,,,,,,,,,,,,,,,,,,Iter     1 | Total loss: 0.0049 (MSE:0.0049, Reg:0.0000) beta=0.00
Iter   500 | Total loss: 0.0036 (MSE:0.0036, Reg:0.0000) beta=0.00
Iter  1000 | Total loss: 0.0036 (MSE:0.0036, Reg:0.0000) beta=0.00
Iter  1500 | Total loss: 0.0032 (MSE:0.0032, Reg:0.0000) beta=0.00
Iter  2000 | Total loss: 0.0035 (MSE:0.0035, Reg:0.0000) beta=0.00
Iter  2500 | Total loss: 0.0032 (MSE:0.0032, Reg:0.0000) beta=0.00
Iter  3000 | Total loss: 0.0033 (MSE:0.0033, Reg:0.0000) beta=0.00
Iter  3500 | Total loss: 0.0033 (MSE:0.0033, Reg:0.0000) beta=0.00
Iter  4000 | Total loss: 22980.4492 (MSE:0.0031, Reg:22980.4453) beta=20.00
Iter  4500 | Total loss: 2226.4092 (MSE:0.0039, Reg:2226.4053) beta=19.44
Iter  5000 | Total loss: 1219.1862 (MSE:0.0036, Reg:1219.1826) beta=18.88
Iter  5500 | Total loss: 924.8008 (MSE:0.0038, Reg:924.7970) beta=18.31
Iter  6000 | Total loss: 717.0668 (MSE:0.0035, Reg:717.0634) beta=17.75
Iter  6500 | Total loss: 540.3423 (MSE:0.0035, Reg:540.3387) beta=17.19
Iter  7000 | Total loss: 434.6664 (MSE:0.0035, Reg:434.6628) beta=16.62
Iter  7500 | Total loss: 373.2448 (MSE:0.0037, Reg:373.2411) beta=16.06
Iter  8000 | Total loss: 319.2717 (MSE:0.0037, Reg:319.2680) beta=15.50
Iter  8500 | Total loss: 279.6700 (MSE:0.0037, Reg:279.6663) beta=14.94
Iter  9000 | Total loss: 245.6460 (MSE:0.0036, Reg:245.6423) beta=14.38
Iter  9500 | Total loss: 216.2101 (MSE:0.0037, Reg:216.2064) beta=13.81
Iter 10000 | Total loss: 193.4743 (MSE:0.0035, Reg:193.4708) beta=13.25
Iter 10500 | Total loss: 170.9489 (MSE:0.0036, Reg:170.9454) beta=12.69
Iter 11000 | Total loss: 153.6240 (MSE:0.0038, Reg:153.6202) beta=12.12
Iter 11500 | Total loss: 137.9810 (MSE:0.0037, Reg:137.9773) beta=11.56
Iter 12000 | Total loss: 119.2191 (MSE:0.0037, Reg:119.2154) beta=11.00
Iter 12500 | Total loss: 96.1465 (MSE:0.0037, Reg:96.1428) beta=10.44
Iter 13000 | Total loss: 81.9540 (MSE:0.0040, Reg:81.9500) beta=9.88
Iter 13500 | Total loss: 65.1980 (MSE:0.0037, Reg:65.1943) beta=9.31
Iter 14000 | Total loss: 47.8583 (MSE:0.0036, Reg:47.8546) beta=8.75
Iter 14500 | Total loss: 27.9463 (MSE:0.0036, Reg:27.9426) beta=8.19
Iter 15000 | Total loss: 17.2189 (MSE:0.0035, Reg:17.2154) beta=7.62
Iter 15500 | Total loss: 10.8146 (MSE:0.0036, Reg:10.8110) beta=7.06
Iter 16000 | Total loss: 8.5645 (MSE:0.0037, Reg:8.5608) beta=6.50
Iter 16500 | Total loss: 5.9328 (MSE:0.0037, Reg:5.9291) beta=5.94
Iter 17000 | Total loss: 1.0053 (MSE:0.0035, Reg:1.0018) beta=5.38
Iter 17500 | Total loss: 0.0033 (MSE:0.0033, Reg:0.0000) beta=4.81
Iter 18000 | Total loss: 0.0038 (MSE:0.0038, Reg:0.0000) beta=4.25
Iter 18500 | Total loss: 0.0037 (MSE:0.0037, Reg:0.0000) beta=3.69
Iter 19000 | Total loss: 0.0036 (MSE:0.0036, Reg:0.0000) beta=3.12
Iter 19500 | Total loss: 0.0036 (MSE:0.0036, Reg:0.0000) beta=2.56
Iter 20000 | Total loss: 0.0035 (MSE:0.0035, Reg:0.0000) beta=2.00

AdaRound computing: 0
,,,,,,,,,,,,,,,,,,,,,,,,,,,,,,,,,,,,,,,,,,,,,,,,,,,,,,,,Iter     1 | Total loss: 0.0059 (MSE:0.0059, Reg:0.0000) beta=0.00
Iter   500 | Total loss: 0.0041 (MSE:0.0041, Reg:0.0000) beta=0.00
Iter  1000 | Total loss: 0.0035 (MSE:0.0035, Reg:0.0000) beta=0.00
Iter  1500 | Total loss: 0.0034 (MSE:0.0034, Reg:0.0000) beta=0.00
Iter  2000 | Total loss: 0.0033 (MSE:0.0033, Reg:0.0000) beta=0.00
Iter  2500 | Total loss: 0.0033 (MSE:0.0033, Reg:0.0000) beta=0.00
Iter  3000 | Total loss: 0.0034 (MSE:0.0034, Reg:0.0000) beta=0.00
Iter  3500 | Total loss: 0.0034 (MSE:0.0034, Reg:0.0000) beta=0.00
Iter  4000 | Total loss: 2346.7727 (MSE:0.0031, Reg:2346.7695) beta=20.00
Iter  4500 | Total loss: 438.0211 (MSE:0.0033, Reg:438.0178) beta=19.44
Iter  5000 | Total loss: 240.6199 (MSE:0.0036, Reg:240.6163) beta=18.88
Iter  5500 | Total loss: 169.8597 (MSE:0.0035, Reg:169.8562) beta=18.31
Iter  6000 | Total loss: 153.6834 (MSE:0.0036, Reg:153.6798) beta=17.75
Iter  6500 | Total loss: 143.6122 (MSE:0.0034, Reg:143.6088) beta=17.19
Iter  7000 | Total loss: 135.6784 (MSE:0.0034, Reg:135.6750) beta=16.62
Iter  7500 | Total loss: 121.6872 (MSE:0.0037, Reg:121.6835) beta=16.06
Iter  8000 | Total loss: 107.6595 (MSE:0.0035, Reg:107.6560) beta=15.50
Iter  8500 | Total loss: 97.3340 (MSE:0.0036, Reg:97.3305) beta=14.94
Iter  9000 | Total loss: 87.0698 (MSE:0.0036, Reg:87.0662) beta=14.38
Iter  9500 | Total loss: 79.4905 (MSE:0.0036, Reg:79.4869) beta=13.81
Iter 10000 | Total loss: 71.4475 (MSE:0.0036, Reg:71.4439) beta=13.25
Iter 10500 | Total loss: 61.9427 (MSE:0.0037, Reg:61.9389) beta=12.69
Iter 11000 | Total loss: 54.0642 (MSE:0.0037, Reg:54.0605) beta=12.12
Iter 11500 | Total loss: 43.3687 (MSE:0.0034, Reg:43.3653) beta=11.56
Iter 12000 | Total loss: 27.9790 (MSE:0.0037, Reg:27.9753) beta=11.00
Iter 12500 | Total loss: 25.4305 (MSE:0.0033, Reg:25.4272) beta=10.44
Iter 13000 | Total loss: 23.6986 (MSE:0.0035, Reg:23.6952) beta=9.88
Iter 13500 | Total loss: 22.3044 (MSE:0.0036, Reg:22.3008) beta=9.31
Iter 14000 | Total loss: 17.7961 (MSE:0.0036, Reg:17.7925) beta=8.75
Iter 14500 | Total loss: 14.0025 (MSE:0.0034, Reg:13.9991) beta=8.19
Iter 15000 | Total loss: 10.1276 (MSE:0.0038, Reg:10.1237) beta=7.62
Iter 15500 | Total loss: 7.9592 (MSE:0.0037, Reg:7.9556) beta=7.06
Iter 16000 | Total loss: 6.9986 (MSE:0.0033, Reg:6.9953) beta=6.50
Iter 16500 | Total loss: 3.0035 (MSE:0.0035, Reg:3.0000) beta=5.94
Iter 17000 | Total loss: 3.0036 (MSE:0.0036, Reg:3.0000) beta=5.38
Iter 17500 | Total loss: 2.5532 (MSE:0.0033, Reg:2.5499) beta=4.81
Iter 18000 | Total loss: 0.0127 (MSE:0.0034, Reg:0.0093) beta=4.25
Iter 18500 | Total loss: 0.0036 (MSE:0.0036, Reg:0.0000) beta=3.69
Iter 19000 | Total loss: 0.0037 (MSE:0.0037, Reg:0.0000) beta=3.12
Iter 19500 | Total loss: 0.0035 (MSE:0.0035, Reg:0.0000) beta=2.56
Iter 20000 | Total loss: 0.0039 (MSE:0.0039, Reg:0.0000) beta=2.00

AdaRound computing: conv1
,,,,,,,,,,,,,,,,,,,,,,,,,,,,,,,,,,,,,,,,,,,,,,,,,,,,,,,,,,,,,,,,Iter     1 | Total loss: 0.0140 (MSE:0.0140, Reg:0.0000) beta=0.00
Iter   500 | Total loss: 0.0110 (MSE:0.0110, Reg:0.0000) beta=0.00
Iter  1000 | Total loss: 0.0102 (MSE:0.0102, Reg:0.0000) beta=0.00
Iter  1500 | Total loss: 0.0103 (MSE:0.0103, Reg:0.0000) beta=0.00
Iter  2000 | Total loss: 0.0095 (MSE:0.0095, Reg:0.0000) beta=0.00
Iter  2500 | Total loss: 0.0102 (MSE:0.0102, Reg:0.0000) beta=0.00
Iter  3000 | Total loss: 0.0099 (MSE:0.0099, Reg:0.0000) beta=0.00
Iter  3500 | Total loss: 0.0097 (MSE:0.0097, Reg:0.0000) beta=0.00
Iter  4000 | Total loss: 20334.4688 (MSE:0.0088, Reg:20334.4590) beta=20.00
Iter  4500 | Total loss: 3240.3403 (MSE:0.0105, Reg:3240.3298) beta=19.44
Iter  5000 | Total loss: 1994.9954 (MSE:0.0107, Reg:1994.9847) beta=18.88
Iter  5500 | Total loss: 1408.8164 (MSE:0.0104, Reg:1408.8060) beta=18.31
Iter  6000 | Total loss: 1081.8992 (MSE:0.0102, Reg:1081.8889) beta=17.75
Iter  6500 | Total loss: 881.8320 (MSE:0.0103, Reg:881.8218) beta=17.19
Iter  7000 | Total loss: 757.0200 (MSE:0.0107, Reg:757.0093) beta=16.62
Iter  7500 | Total loss: 655.2897 (MSE:0.0108, Reg:655.2790) beta=16.06
Iter  8000 | Total loss: 586.8397 (MSE:0.0099, Reg:586.8298) beta=15.50
Iter  8500 | Total loss: 511.3161 (MSE:0.0104, Reg:511.3057) beta=14.94
Iter  9000 | Total loss: 456.6031 (MSE:0.0098, Reg:456.5934) beta=14.38
Iter  9500 | Total loss: 402.3810 (MSE:0.0099, Reg:402.3711) beta=13.81
Iter 10000 | Total loss: 362.3261 (MSE:0.0102, Reg:362.3159) beta=13.25
Iter 10500 | Total loss: 311.9544 (MSE:0.0106, Reg:311.9439) beta=12.69
Iter 11000 | Total loss: 266.4889 (MSE:0.0096, Reg:266.4794) beta=12.12
Iter 11500 | Total loss: 210.1480 (MSE:0.0109, Reg:210.1371) beta=11.56
Iter 12000 | Total loss: 172.5528 (MSE:0.0098, Reg:172.5430) beta=11.00
Iter 12500 | Total loss: 135.8125 (MSE:0.0104, Reg:135.8021) beta=10.44
Iter 13000 | Total loss: 96.9911 (MSE:0.0111, Reg:96.9800) beta=9.88
Iter 13500 | Total loss: 73.3605 (MSE:0.0103, Reg:73.3501) beta=9.31
Iter 14000 | Total loss: 59.8802 (MSE:0.0097, Reg:59.8704) beta=8.75
Iter 14500 | Total loss: 39.2341 (MSE:0.0101, Reg:39.2241) beta=8.19
Iter 15000 | Total loss: 23.4647 (MSE:0.0100, Reg:23.4548) beta=7.62
Iter 15500 | Total loss: 11.8991 (MSE:0.0099, Reg:11.8893) beta=7.06
Iter 16000 | Total loss: 5.0948 (MSE:0.0105, Reg:5.0843) beta=6.50
Iter 16500 | Total loss: 1.9100 (MSE:0.0101, Reg:1.8999) beta=5.94
Iter 17000 | Total loss: 0.0951 (MSE:0.0100, Reg:0.0851) beta=5.38
Iter 17500 | Total loss: 0.0109 (MSE:0.0109, Reg:0.0000) beta=4.81
Iter 18000 | Total loss: 0.0103 (MSE:0.0103, Reg:0.0000) beta=4.25
Iter 18500 | Total loss: 0.0111 (MSE:0.0111, Reg:0.0000) beta=3.69
Iter 19000 | Total loss: 0.0101 (MSE:0.0101, Reg:0.0000) beta=3.12
Iter 19500 | Total loss: 0.0097 (MSE:0.0097, Reg:0.0000) beta=2.56
Iter 20000 | Total loss: 0.0101 (MSE:0.0101, Reg:0.0000) beta=2.00

AdaRound computing: conv2
,,,,,,,,,,,,,,,,,,,,,,,,,,,,,,,,,,,,,,,,,,,,,,,,,,,,,,,,,,,,,,,,,,,,,,,,Iter     1 | Total loss: 0.0023 (MSE:0.0023, Reg:0.0000) beta=0.00
Iter   500 | Total loss: 0.0021 (MSE:0.0021, Reg:0.0000) beta=0.00
Iter  1000 | Total loss: 0.0020 (MSE:0.0020, Reg:0.0000) beta=0.00
Iter  1500 | Total loss: 0.0018 (MSE:0.0018, Reg:0.0000) beta=0.00
Iter  2000 | Total loss: 0.0018 (MSE:0.0018, Reg:0.0000) beta=0.00
Iter  2500 | Total loss: 0.0020 (MSE:0.0020, Reg:0.0000) beta=0.00
Iter  3000 | Total loss: 0.0020 (MSE:0.0020, Reg:0.0000) beta=0.00
Iter  3500 | Total loss: 0.0019 (MSE:0.0019, Reg:0.0000) beta=0.00
Iter  4000 | Total loss: 41422.9297 (MSE:0.0018, Reg:41422.9297) beta=20.00
Iter  4500 | Total loss: 1626.8022 (MSE:0.0021, Reg:1626.8002) beta=19.44
Iter  5000 | Total loss: 1103.6456 (MSE:0.0021, Reg:1103.6436) beta=18.88
Iter  5500 | Total loss: 730.7017 (MSE:0.0020, Reg:730.6998) beta=18.31
Iter  6000 | Total loss: 510.8084 (MSE:0.0021, Reg:510.8063) beta=17.75
Iter  6500 | Total loss: 378.8648 (MSE:0.0021, Reg:378.8627) beta=17.19
Iter  7000 | Total loss: 286.5388 (MSE:0.0021, Reg:286.5367) beta=16.62
Iter  7500 | Total loss: 235.3838 (MSE:0.0019, Reg:235.3819) beta=16.06
Iter  8000 | Total loss: 205.9442 (MSE:0.0022, Reg:205.9420) beta=15.50
Iter  8500 | Total loss: 188.2003 (MSE:0.0020, Reg:188.1983) beta=14.94
Iter  9000 | Total loss: 160.0051 (MSE:0.0020, Reg:160.0030) beta=14.38
Iter  9500 | Total loss: 140.2245 (MSE:0.0020, Reg:140.2225) beta=13.81
Iter 10000 | Total loss: 125.7593 (MSE:0.0021, Reg:125.7572) beta=13.25
Iter 10500 | Total loss: 113.4481 (MSE:0.0021, Reg:113.4460) beta=12.69
Iter 11000 | Total loss: 97.9687 (MSE:0.0021, Reg:97.9666) beta=12.12
Iter 11500 | Total loss: 91.8997 (MSE:0.0020, Reg:91.8978) beta=11.56
Iter 12000 | Total loss: 79.7317 (MSE:0.0021, Reg:79.7295) beta=11.00
Iter 12500 | Total loss: 64.7461 (MSE:0.0021, Reg:64.7440) beta=10.44
Iter 13000 | Total loss: 56.3970 (MSE:0.0020, Reg:56.3949) beta=9.88
Iter 13500 | Total loss: 43.3823 (MSE:0.0022, Reg:43.3801) beta=9.31
Iter 14000 | Total loss: 35.4899 (MSE:0.0021, Reg:35.4878) beta=8.75
Iter 14500 | Total loss: 30.5733 (MSE:0.0019, Reg:30.5714) beta=8.19
Iter 15000 | Total loss: 22.2019 (MSE:0.0020, Reg:22.1999) beta=7.62
Iter 15500 | Total loss: 16.7252 (MSE:0.0020, Reg:16.7232) beta=7.06
Iter 16000 | Total loss: 11.2727 (MSE:0.0022, Reg:11.2704) beta=6.50
Iter 16500 | Total loss: 7.0988 (MSE:0.0020, Reg:7.0968) beta=5.94
Iter 17000 | Total loss: 3.3117 (MSE:0.0020, Reg:3.3096) beta=5.38
Iter 17500 | Total loss: 1.0949 (MSE:0.0020, Reg:1.0928) beta=4.81
Iter 18000 | Total loss: 0.9002 (MSE:0.0021, Reg:0.8981) beta=4.25
Iter 18500 | Total loss: 0.0021 (MSE:0.0021, Reg:0.0000) beta=3.69
Iter 19000 | Total loss: 0.0020 (MSE:0.0020, Reg:0.0000) beta=3.12
Iter 19500 | Total loss: 0.0021 (MSE:0.0021, Reg:0.0000) beta=2.56
Iter 20000 | Total loss: 0.0020 (MSE:0.0020, Reg:0.0000) beta=2.00

AdaRound computing: conv1
,,,,,,,,,,,,,,,,,,,,,,,,,,,,,,,,,,,,,,,,,,,,,,,,,,,,,,,,,,,,,,,,,,,,,,,,,,,,,,,,Iter     1 | Total loss: 0.0153 (MSE:0.0153, Reg:0.0000) beta=0.00
Iter   500 | Total loss: 0.0118 (MSE:0.0118, Reg:0.0000) beta=0.00
Iter  1000 | Total loss: 0.0121 (MSE:0.0121, Reg:0.0000) beta=0.00
Iter  1500 | Total loss: 0.0112 (MSE:0.0112, Reg:0.0000) beta=0.00
Iter  2000 | Total loss: 0.0109 (MSE:0.0109, Reg:0.0000) beta=0.00
Iter  2500 | Total loss: 0.0105 (MSE:0.0105, Reg:0.0000) beta=0.00
Iter  3000 | Total loss: 0.0110 (MSE:0.0110, Reg:0.0000) beta=0.00
Iter  3500 | Total loss: 0.0108 (MSE:0.0108, Reg:0.0000) beta=0.00
Iter  4000 | Total loss: 48145.3594 (MSE:0.0109, Reg:48145.3477) beta=20.00
Iter  4500 | Total loss: 5831.3481 (MSE:0.0122, Reg:5831.3359) beta=19.44
Iter  5000 | Total loss: 3650.8767 (MSE:0.0120, Reg:3650.8647) beta=18.88
Iter  5500 | Total loss: 2637.4705 (MSE:0.0111, Reg:2637.4592) beta=18.31
Iter  6000 | Total loss: 1961.9017 (MSE:0.0118, Reg:1961.8899) beta=17.75
Iter  6500 | Total loss: 1534.0947 (MSE:0.0125, Reg:1534.0823) beta=17.19
Iter  7000 | Total loss: 1256.9341 (MSE:0.0120, Reg:1256.9221) beta=16.62
Iter  7500 | Total loss: 1101.4562 (MSE:0.0121, Reg:1101.4441) beta=16.06
Iter  8000 | Total loss: 944.7915 (MSE:0.0114, Reg:944.7801) beta=15.50
Iter  8500 | Total loss: 797.6350 (MSE:0.0115, Reg:797.6235) beta=14.94
Iter  9000 | Total loss: 694.8123 (MSE:0.0115, Reg:694.8008) beta=14.38
Iter  9500 | Total loss: 609.9153 (MSE:0.0124, Reg:609.9030) beta=13.81
Iter 10000 | Total loss: 534.2865 (MSE:0.0124, Reg:534.2740) beta=13.25
Iter 10500 | Total loss: 456.5588 (MSE:0.0116, Reg:456.5472) beta=12.69
Iter 11000 | Total loss: 390.2841 (MSE:0.0118, Reg:390.2723) beta=12.12
Iter 11500 | Total loss: 318.5403 (MSE:0.0114, Reg:318.5289) beta=11.56
Iter 12000 | Total loss: 268.4414 (MSE:0.0112, Reg:268.4302) beta=11.00
Iter 12500 | Total loss: 231.7558 (MSE:0.0117, Reg:231.7440) beta=10.44
Iter 13000 | Total loss: 193.3039 (MSE:0.0121, Reg:193.2919) beta=9.88
Iter 13500 | Total loss: 160.0154 (MSE:0.0118, Reg:160.0037) beta=9.31
Iter 14000 | Total loss: 128.1348 (MSE:0.0119, Reg:128.1228) beta=8.75
Iter 14500 | Total loss: 95.0802 (MSE:0.0121, Reg:95.0680) beta=8.19
Iter 15000 | Total loss: 60.1157 (MSE:0.0116, Reg:60.1041) beta=7.62
Iter 15500 | Total loss: 30.7055 (MSE:0.0121, Reg:30.6934) beta=7.06
Iter 16000 | Total loss: 10.9740 (MSE:0.0116, Reg:10.9624) beta=6.50
Iter 16500 | Total loss: 7.5706 (MSE:0.0121, Reg:7.5585) beta=5.94
Iter 17000 | Total loss: 0.8013 (MSE:0.0119, Reg:0.7894) beta=5.38
Iter 17500 | Total loss: 0.0117 (MSE:0.0117, Reg:0.0000) beta=4.81
Iter 18000 | Total loss: 0.0119 (MSE:0.0119, Reg:0.0000) beta=4.25
Iter 18500 | Total loss: 0.0121 (MSE:0.0121, Reg:0.0000) beta=3.69
Iter 19000 | Total loss: 0.0123 (MSE:0.0123, Reg:0.0000) beta=3.12
Iter 19500 | Total loss: 0.0114 (MSE:0.0114, Reg:0.0000) beta=2.56
Iter 20000 | Total loss: 0.0120 (MSE:0.0120, Reg:0.0000) beta=2.00

AdaRound computing: conv2
,,,,,,,,,,,,,,,,,,,,,,,,,,,,,,,,,,,,,,,,,,,,,,,,,,,,,,,,,,,,,,,,,,,,,,,,,,,,,,,,,,,,,,,,Iter     1 | Total loss: 0.0059 (MSE:0.0059, Reg:0.0000) beta=0.00
Iter   500 | Total loss: 0.0050 (MSE:0.0050, Reg:0.0000) beta=0.00
Iter  1000 | Total loss: 0.0048 (MSE:0.0048, Reg:0.0000) beta=0.00
Iter  1500 | Total loss: 0.0047 (MSE:0.0047, Reg:0.0000) beta=0.00
Iter  2000 | Total loss: 0.0047 (MSE:0.0047, Reg:0.0000) beta=0.00
Iter  2500 | Total loss: 0.0044 (MSE:0.0044, Reg:0.0000) beta=0.00
Iter  3000 | Total loss: 0.0043 (MSE:0.0043, Reg:0.0000) beta=0.00
Iter  3500 | Total loss: 0.0043 (MSE:0.0043, Reg:0.0000) beta=0.00
Iter  4000 | Total loss: 102348.7500 (MSE:0.0044, Reg:102348.7422) beta=20.00
Iter  4500 | Total loss: 3168.6689 (MSE:0.0053, Reg:3168.6636) beta=19.44
Iter  5000 | Total loss: 1854.9694 (MSE:0.0055, Reg:1854.9639) beta=18.88
Iter  5500 | Total loss: 1203.8625 (MSE:0.0054, Reg:1203.8572) beta=18.31
Iter  6000 | Total loss: 914.3798 (MSE:0.0051, Reg:914.3746) beta=17.75
Iter  6500 | Total loss: 698.5034 (MSE:0.0053, Reg:698.4980) beta=17.19
Iter  7000 | Total loss: 576.0088 (MSE:0.0053, Reg:576.0035) beta=16.62
Iter  7500 | Total loss: 480.2564 (MSE:0.0053, Reg:480.2511) beta=16.06
Iter  8000 | Total loss: 406.7777 (MSE:0.0051, Reg:406.7726) beta=15.50
Iter  8500 | Total loss: 358.1147 (MSE:0.0050, Reg:358.1097) beta=14.94
Iter  9000 | Total loss: 318.9089 (MSE:0.0051, Reg:318.9037) beta=14.38
Iter  9500 | Total loss: 271.3753 (MSE:0.0052, Reg:271.3701) beta=13.81
Iter 10000 | Total loss: 237.6969 (MSE:0.0052, Reg:237.6917) beta=13.25
Iter 10500 | Total loss: 209.5811 (MSE:0.0053, Reg:209.5757) beta=12.69
Iter 11000 | Total loss: 186.8121 (MSE:0.0055, Reg:186.8066) beta=12.12
Iter 11500 | Total loss: 161.8887 (MSE:0.0052, Reg:161.8835) beta=11.56
Iter 12000 | Total loss: 144.9137 (MSE:0.0049, Reg:144.9087) beta=11.00
Iter 12500 | Total loss: 123.6063 (MSE:0.0053, Reg:123.6010) beta=10.44
Iter 13000 | Total loss: 102.5893 (MSE:0.0053, Reg:102.5839) beta=9.88
Iter 13500 | Total loss: 84.1658 (MSE:0.0052, Reg:84.1606) beta=9.31
Iter 14000 | Total loss: 63.7274 (MSE:0.0052, Reg:63.7222) beta=8.75
Iter 14500 | Total loss: 50.0446 (MSE:0.0055, Reg:50.0392) beta=8.19
Iter 15000 | Total loss: 32.9461 (MSE:0.0052, Reg:32.9409) beta=7.62
Iter 15500 | Total loss: 19.2492 (MSE:0.0052, Reg:19.2440) beta=7.06
Iter 16000 | Total loss: 11.3130 (MSE:0.0051, Reg:11.3079) beta=6.50
Iter 16500 | Total loss: 5.0895 (MSE:0.0053, Reg:5.0842) beta=5.94
Iter 17000 | Total loss: 2.9785 (MSE:0.0053, Reg:2.9732) beta=5.38
Iter 17500 | Total loss: 1.5124 (MSE:0.0054, Reg:1.5070) beta=4.81
Iter 18000 | Total loss: 0.1023 (MSE:0.0050, Reg:0.0972) beta=4.25
Iter 18500 | Total loss: 0.0051 (MSE:0.0051, Reg:0.0000) beta=3.69
Iter 19000 | Total loss: 0.0048 (MSE:0.0048, Reg:0.0000) beta=3.12
Iter 19500 | Total loss: 0.0052 (MSE:0.0052, Reg:0.0000) beta=2.56
Iter 20000 | Total loss: 0.0054 (MSE:0.0054, Reg:0.0000) beta=2.00

AdaRound computing: 0
,,,,,,,,,,,,,,,,,,,,,,,,,,,,,,,,,,,,,,,,,,,,,,,,,,,,,,,,,,,,,,,,,,,,,,,,,,,,,,,,,,,,,,,,,,,,,,,,Iter     1 | Total loss: 0.0011 (MSE:0.0011, Reg:0.0000) beta=0.00
Iter   500 | Total loss: 0.0009 (MSE:0.0009, Reg:0.0000) beta=0.00
Iter  1000 | Total loss: 0.0009 (MSE:0.0009, Reg:0.0000) beta=0.00
Iter  1500 | Total loss: 0.0008 (MSE:0.0008, Reg:0.0000) beta=0.00
Iter  2000 | Total loss: 0.0009 (MSE:0.0009, Reg:0.0000) beta=0.00
Iter  2500 | Total loss: 0.0009 (MSE:0.0009, Reg:0.0000) beta=0.00
Iter  3000 | Total loss: 0.0008 (MSE:0.0008, Reg:0.0000) beta=0.00
Iter  3500 | Total loss: 0.0008 (MSE:0.0008, Reg:0.0000) beta=0.00
Iter  4000 | Total loss: 12071.5693 (MSE:0.0008, Reg:12071.5684) beta=20.00
Iter  4500 | Total loss: 900.4143 (MSE:0.0010, Reg:900.4133) beta=19.44
Iter  5000 | Total loss: 571.8704 (MSE:0.0009, Reg:571.8695) beta=18.88
Iter  5500 | Total loss: 386.8606 (MSE:0.0009, Reg:386.8597) beta=18.31
Iter  6000 | Total loss: 309.1784 (MSE:0.0009, Reg:309.1775) beta=17.75
Iter  6500 | Total loss: 240.4786 (MSE:0.0010, Reg:240.4776) beta=17.19
Iter  7000 | Total loss: 204.2684 (MSE:0.0009, Reg:204.2674) beta=16.62
Iter  7500 | Total loss: 172.6544 (MSE:0.0010, Reg:172.6535) beta=16.06
Iter  8000 | Total loss: 153.1382 (MSE:0.0009, Reg:153.1373) beta=15.50
Iter  8500 | Total loss: 137.4224 (MSE:0.0009, Reg:137.4215) beta=14.94
Iter  9000 | Total loss: 123.7223 (MSE:0.0009, Reg:123.7214) beta=14.38
Iter  9500 | Total loss: 115.4546 (MSE:0.0010, Reg:115.4536) beta=13.81
Iter 10000 | Total loss: 102.8994 (MSE:0.0009, Reg:102.8985) beta=13.25
Iter 10500 | Total loss: 93.0932 (MSE:0.0010, Reg:93.0923) beta=12.69
Iter 11000 | Total loss: 77.0160 (MSE:0.0010, Reg:77.0150) beta=12.12
Iter 11500 | Total loss: 70.0391 (MSE:0.0010, Reg:70.0382) beta=11.56
Iter 12000 | Total loss: 58.4905 (MSE:0.0009, Reg:58.4896) beta=11.00
Iter 12500 | Total loss: 51.6286 (MSE:0.0010, Reg:51.6277) beta=10.44
Iter 13000 | Total loss: 42.3105 (MSE:0.0010, Reg:42.3096) beta=9.88
Iter 13500 | Total loss: 36.9479 (MSE:0.0010, Reg:36.9470) beta=9.31
Iter 14000 | Total loss: 26.4900 (MSE:0.0010, Reg:26.4890) beta=8.75
Iter 14500 | Total loss: 18.4129 (MSE:0.0010, Reg:18.4119) beta=8.19
Iter 15000 | Total loss: 14.3112 (MSE:0.0009, Reg:14.3103) beta=7.62
Iter 15500 | Total loss: 9.6757 (MSE:0.0010, Reg:9.6748) beta=7.06
Iter 16000 | Total loss: 4.7514 (MSE:0.0009, Reg:4.7504) beta=6.50
Iter 16500 | Total loss: 2.0696 (MSE:0.0009, Reg:2.0686) beta=5.94
Iter 17000 | Total loss: 0.3016 (MSE:0.0009, Reg:0.3007) beta=5.38
Iter 17500 | Total loss: 0.0009 (MSE:0.0009, Reg:0.0000) beta=4.81
Iter 18000 | Total loss: 0.0009 (MSE:0.0009, Reg:0.0000) beta=4.25
Iter 18500 | Total loss: 0.0009 (MSE:0.0009, Reg:0.0000) beta=3.69
Iter 19000 | Total loss: 0.0010 (MSE:0.0010, Reg:0.0000) beta=3.12
Iter 19500 | Total loss: 0.0010 (MSE:0.0010, Reg:0.0000) beta=2.56
Iter 20000 | Total loss: 0.0010 (MSE:0.0010, Reg:0.0000) beta=2.00

AdaRound computing: conv1
,,,,,,,,,,,,,,,,,,,,,,,,,,,,,,,,,,,,,,,,,,,,,,,,,,,,,,,,,,,,,,,,,,,,,,,,,,,,,,,,,,,,,,,,,,,,,,,,,,,,,,,,Iter     1 | Total loss: 0.0077 (MSE:0.0077, Reg:0.0000) beta=0.00
Iter   500 | Total loss: 0.0065 (MSE:0.0065, Reg:0.0000) beta=0.00
Iter  1000 | Total loss: 0.0064 (MSE:0.0064, Reg:0.0000) beta=0.00
Iter  1500 | Total loss: 0.0059 (MSE:0.0059, Reg:0.0000) beta=0.00
Iter  2000 | Total loss: 0.0064 (MSE:0.0064, Reg:0.0000) beta=0.00
Iter  2500 | Total loss: 0.0061 (MSE:0.0061, Reg:0.0000) beta=0.00
Iter  3000 | Total loss: 0.0062 (MSE:0.0062, Reg:0.0000) beta=0.00
Iter  3500 | Total loss: 0.0057 (MSE:0.0057, Reg:0.0000) beta=0.00
Iter  4000 | Total loss: 88630.4531 (MSE:0.0060, Reg:88630.4453) beta=20.00
Iter  4500 | Total loss: 3425.8174 (MSE:0.0070, Reg:3425.8103) beta=19.44
Iter  5000 | Total loss: 1869.0160 (MSE:0.0070, Reg:1869.0090) beta=18.88
Iter  5500 | Total loss: 1197.0315 (MSE:0.0068, Reg:1197.0247) beta=18.31
Iter  6000 | Total loss: 869.8042 (MSE:0.0068, Reg:869.7974) beta=17.75
Iter  6500 | Total loss: 674.3112 (MSE:0.0072, Reg:674.3041) beta=17.19
Iter  7000 | Total loss: 547.3397 (MSE:0.0071, Reg:547.3325) beta=16.62
Iter  7500 | Total loss: 459.9763 (MSE:0.0067, Reg:459.9696) beta=16.06
Iter  8000 | Total loss: 387.7315 (MSE:0.0069, Reg:387.7246) beta=15.50
Iter  8500 | Total loss: 338.8832 (MSE:0.0066, Reg:338.8766) beta=14.94
Iter  9000 | Total loss: 289.9482 (MSE:0.0068, Reg:289.9414) beta=14.38
Iter  9500 | Total loss: 247.1984 (MSE:0.0071, Reg:247.1913) beta=13.81
Iter 10000 | Total loss: 216.7391 (MSE:0.0068, Reg:216.7323) beta=13.25
Iter 10500 | Total loss: 183.5074 (MSE:0.0068, Reg:183.5006) beta=12.69
Iter 11000 | Total loss: 152.1113 (MSE:0.0068, Reg:152.1045) beta=12.12
Iter 11500 | Total loss: 128.3001 (MSE:0.0069, Reg:128.2932) beta=11.56
Iter 12000 | Total loss: 111.4727 (MSE:0.0071, Reg:111.4657) beta=11.00
Iter 12500 | Total loss: 96.8858 (MSE:0.0069, Reg:96.8789) beta=10.44
Iter 13000 | Total loss: 81.5754 (MSE:0.0071, Reg:81.5683) beta=9.88
Iter 13500 | Total loss: 66.7496 (MSE:0.0069, Reg:66.7427) beta=9.31
Iter 14000 | Total loss: 57.8866 (MSE:0.0067, Reg:57.8800) beta=8.75
Iter 14500 | Total loss: 39.8554 (MSE:0.0071, Reg:39.8483) beta=8.19
Iter 15000 | Total loss: 30.5987 (MSE:0.0069, Reg:30.5918) beta=7.62
Iter 15500 | Total loss: 18.5470 (MSE:0.0070, Reg:18.5400) beta=7.06
Iter 16000 | Total loss: 15.2083 (MSE:0.0066, Reg:15.2017) beta=6.50
Iter 16500 | Total loss: 5.3021 (MSE:0.0067, Reg:5.2954) beta=5.94
Iter 17000 | Total loss: 0.5050 (MSE:0.0066, Reg:0.4985) beta=5.38
Iter 17500 | Total loss: 0.0068 (MSE:0.0068, Reg:0.0000) beta=4.81
Iter 18000 | Total loss: 0.0068 (MSE:0.0068, Reg:0.0000) beta=4.25
Iter 18500 | Total loss: 0.0067 (MSE:0.0067, Reg:0.0000) beta=3.69
Iter 19000 | Total loss: 0.0069 (MSE:0.0069, Reg:0.0000) beta=3.12
Iter 19500 | Total loss: 0.0074 (MSE:0.0074, Reg:0.0000) beta=2.56
Iter 20000 | Total loss: 0.0067 (MSE:0.0067, Reg:0.0000) beta=2.00

AdaRound computing: conv2
,,,,,,,,,,,,,,,,,,,,,,,,,,,,,,,,,,,,,,,,,,,,,,,,,,,,,,,,,,,,,,,,,,,,,,,,,,,,,,,,,,,,,,,,,,,,,,,,,,,,,,,,,,,,,,,,Iter     1 | Total loss: 0.0013 (MSE:0.0013, Reg:0.0000) beta=0.00
Iter   500 | Total loss: 0.0012 (MSE:0.0012, Reg:0.0000) beta=0.00
Iter  1000 | Total loss: 0.0012 (MSE:0.0012, Reg:0.0000) beta=0.00
Iter  1500 | Total loss: 0.0012 (MSE:0.0012, Reg:0.0000) beta=0.00
Iter  2000 | Total loss: 0.0011 (MSE:0.0011, Reg:0.0000) beta=0.00
Iter  2500 | Total loss: 0.0012 (MSE:0.0012, Reg:0.0000) beta=0.00
Iter  3000 | Total loss: 0.0012 (MSE:0.0012, Reg:0.0000) beta=0.00
Iter  3500 | Total loss: 0.0011 (MSE:0.0011, Reg:0.0000) beta=0.00
Iter  4000 | Total loss: 132485.9375 (MSE:0.0011, Reg:132485.9375) beta=20.00
Iter  4500 | Total loss: 120.5475 (MSE:0.0013, Reg:120.5462) beta=19.44
Iter  5000 | Total loss: 91.1778 (MSE:0.0013, Reg:91.1765) beta=18.88
Iter  5500 | Total loss: 63.7045 (MSE:0.0013, Reg:63.7032) beta=18.31
Iter  6000 | Total loss: 44.5000 (MSE:0.0014, Reg:44.4986) beta=17.75
Iter  6500 | Total loss: 34.8090 (MSE:0.0013, Reg:34.8077) beta=17.19
Iter  7000 | Total loss: 27.0037 (MSE:0.0014, Reg:27.0023) beta=16.62
Iter  7500 | Total loss: 20.0008 (MSE:0.0014, Reg:19.9994) beta=16.06
Iter  8000 | Total loss: 18.0010 (MSE:0.0013, Reg:17.9996) beta=15.50
Iter  8500 | Total loss: 16.3754 (MSE:0.0014, Reg:16.3741) beta=14.94
Iter  9000 | Total loss: 13.8748 (MSE:0.0013, Reg:13.8735) beta=14.38
Iter  9500 | Total loss: 13.0012 (MSE:0.0012, Reg:13.0000) beta=13.81
Iter 10000 | Total loss: 13.0014 (MSE:0.0014, Reg:13.0000) beta=13.25
Iter 10500 | Total loss: 12.3554 (MSE:0.0013, Reg:12.3542) beta=12.69
Iter 11000 | Total loss: 10.9717 (MSE:0.0013, Reg:10.9704) beta=12.12
Iter 11500 | Total loss: 9.0014 (MSE:0.0014, Reg:9.0000) beta=11.56
Iter 12000 | Total loss: 8.1485 (MSE:0.0013, Reg:8.1472) beta=11.00
Iter 12500 | Total loss: 7.0013 (MSE:0.0013, Reg:7.0000) beta=10.44
Iter 13000 | Total loss: 5.4843 (MSE:0.0013, Reg:5.4830) beta=9.88
Iter 13500 | Total loss: 4.7443 (MSE:0.0013, Reg:4.7430) beta=9.31
Iter 14000 | Total loss: 3.0013 (MSE:0.0013, Reg:3.0000) beta=8.75
Iter 14500 | Total loss: 2.1805 (MSE:0.0014, Reg:2.1791) beta=8.19
Iter 15000 | Total loss: 2.0013 (MSE:0.0013, Reg:2.0000) beta=7.62
Iter 15500 | Total loss: 1.9174 (MSE:0.0014, Reg:1.9160) beta=7.06
Iter 16000 | Total loss: 0.0013 (MSE:0.0013, Reg:0.0000) beta=6.50
Iter 16500 | Total loss: 0.0014 (MSE:0.0014, Reg:0.0000) beta=5.94
Iter 17000 | Total loss: 0.0013 (MSE:0.0013, Reg:0.0000) beta=5.38
Iter 17500 | Total loss: 0.0014 (MSE:0.0014, Reg:0.0000) beta=4.81
Iter 18000 | Total loss: 0.0013 (MSE:0.0013, Reg:0.0000) beta=4.25
Iter 18500 | Total loss: 0.0012 (MSE:0.0012, Reg:0.0000) beta=3.69
Iter 19000 | Total loss: 0.0013 (MSE:0.0013, Reg:0.0000) beta=3.12
Iter 19500 | Total loss: 0.0013 (MSE:0.0013, Reg:0.0000) beta=2.56
Iter 20000 | Total loss: 0.0013 (MSE:0.0013, Reg:0.0000) beta=2.00

AdaRound computing: conv1
,,,,,,,,,,,,,,,,,,,,,,,,,,,,,,,,,,,,,,,,,,,,,,,,,,,,,,,,,,,,,,,,,,,,,,,,,,,,,,,,,,,,,,,,,,,,,,,,,,,,,,,,,,,,,,,,,,,,,,,,Iter     1 | Total loss: 0.0079 (MSE:0.0079, Reg:0.0000) beta=0.00
Iter   500 | Total loss: 0.0072 (MSE:0.0072, Reg:0.0000) beta=0.00
Iter  1000 | Total loss: 0.0070 (MSE:0.0070, Reg:0.0000) beta=0.00
Iter  1500 | Total loss: 0.0068 (MSE:0.0068, Reg:0.0000) beta=0.00
Iter  2000 | Total loss: 0.0067 (MSE:0.0067, Reg:0.0000) beta=0.00
Iter  2500 | Total loss: 0.0067 (MSE:0.0067, Reg:0.0000) beta=0.00
Iter  3000 | Total loss: 0.0067 (MSE:0.0067, Reg:0.0000) beta=0.00
Iter  3500 | Total loss: 0.0067 (MSE:0.0067, Reg:0.0000) beta=0.00
Iter  4000 | Total loss: 207079.9062 (MSE:0.0066, Reg:207079.9062) beta=20.00
Iter  4500 | Total loss: 1688.4393 (MSE:0.0076, Reg:1688.4318) beta=19.44
Iter  5000 | Total loss: 1172.4019 (MSE:0.0076, Reg:1172.3943) beta=18.88
Iter  5500 | Total loss: 812.7322 (MSE:0.0074, Reg:812.7247) beta=18.31
Iter  6000 | Total loss: 661.1676 (MSE:0.0075, Reg:661.1602) beta=17.75
Iter  6500 | Total loss: 544.0320 (MSE:0.0077, Reg:544.0242) beta=17.19
Iter  7000 | Total loss: 457.1382 (MSE:0.0073, Reg:457.1309) beta=16.62
Iter  7500 | Total loss: 391.7622 (MSE:0.0075, Reg:391.7547) beta=16.06
Iter  8000 | Total loss: 326.7308 (MSE:0.0077, Reg:326.7231) beta=15.50
Iter  8500 | Total loss: 291.3260 (MSE:0.0077, Reg:291.3183) beta=14.94
Iter  9000 | Total loss: 250.2160 (MSE:0.0079, Reg:250.2081) beta=14.38
Iter  9500 | Total loss: 215.6622 (MSE:0.0071, Reg:215.6551) beta=13.81
Iter 10000 | Total loss: 193.7425 (MSE:0.0076, Reg:193.7349) beta=13.25
Iter 10500 | Total loss: 163.0139 (MSE:0.0078, Reg:163.0061) beta=12.69
Iter 11000 | Total loss: 134.1111 (MSE:0.0075, Reg:134.1036) beta=12.12
Iter 11500 | Total loss: 120.4800 (MSE:0.0073, Reg:120.4728) beta=11.56
Iter 12000 | Total loss: 101.6018 (MSE:0.0079, Reg:101.5939) beta=11.00
Iter 12500 | Total loss: 89.2747 (MSE:0.0074, Reg:89.2673) beta=10.44
Iter 13000 | Total loss: 67.9662 (MSE:0.0077, Reg:67.9585) beta=9.88
Iter 13500 | Total loss: 55.1286 (MSE:0.0077, Reg:55.1209) beta=9.31
Iter 14000 | Total loss: 41.6733 (MSE:0.0074, Reg:41.6659) beta=8.75
Iter 14500 | Total loss: 29.8705 (MSE:0.0076, Reg:29.8629) beta=8.19
Iter 15000 | Total loss: 21.6714 (MSE:0.0074, Reg:21.6640) beta=7.62
Iter 15500 | Total loss: 15.3029 (MSE:0.0074, Reg:15.2954) beta=7.06
Iter 16000 | Total loss: 10.5604 (MSE:0.0076, Reg:10.5528) beta=6.50
Iter 16500 | Total loss: 5.7797 (MSE:0.0076, Reg:5.7721) beta=5.94
Iter 17000 | Total loss: 3.7017 (MSE:0.0083, Reg:3.6934) beta=5.38
Iter 17500 | Total loss: 1.0267 (MSE:0.0077, Reg:1.0190) beta=4.81
Iter 18000 | Total loss: 0.0075 (MSE:0.0075, Reg:0.0000) beta=4.25
Iter 18500 | Total loss: 0.0079 (MSE:0.0079, Reg:0.0000) beta=3.69
Iter 19000 | Total loss: 0.0080 (MSE:0.0080, Reg:0.0000) beta=3.12
Iter 19500 | Total loss: 0.0082 (MSE:0.0082, Reg:0.0000) beta=2.56
Iter 20000 | Total loss: 0.0076 (MSE:0.0076, Reg:0.0000) beta=2.00

AdaRound computing: conv2
,,,,,,,,,,,,,,,,,,,,,,,,,,,,,,,,,,,,,,,,,,,,,,,,,,,,,,,,,,,,,,,,,,,,,,,,,,,,,,,,,,,,,,,,,,,,,,,,,,,,,,,,,,,,,,,,,,,,,,,,,,,,,,,,Iter     1 | Total loss: 0.0017 (MSE:0.0017, Reg:0.0000) beta=0.00
Iter   500 | Total loss: 0.0016 (MSE:0.0016, Reg:0.0000) beta=0.00
Iter  1000 | Total loss: 0.0017 (MSE:0.0017, Reg:0.0000) beta=0.00
Iter  1500 | Total loss: 0.0016 (MSE:0.0016, Reg:0.0000) beta=0.00
Iter  2000 | Total loss: 0.0016 (MSE:0.0016, Reg:0.0000) beta=0.00
Iter  2500 | Total loss: 0.0016 (MSE:0.0016, Reg:0.0000) beta=0.00
Iter  3000 | Total loss: 0.0017 (MSE:0.0017, Reg:0.0000) beta=0.00
Iter  3500 | Total loss: 0.0016 (MSE:0.0016, Reg:0.0000) beta=0.00
Iter  4000 | Total loss: 399555.2500 (MSE:0.0015, Reg:399555.2500) beta=20.00
Iter  4500 | Total loss: 14.6323 (MSE:0.0018, Reg:14.6306) beta=19.44
Iter  5000 | Total loss: 10.9998 (MSE:0.0017, Reg:10.9981) beta=18.88
Iter  5500 | Total loss: 8.0017 (MSE:0.0017, Reg:8.0000) beta=18.31
Iter  6000 | Total loss: 8.0017 (MSE:0.0017, Reg:8.0000) beta=17.75
Iter  6500 | Total loss: 6.0018 (MSE:0.0018, Reg:6.0000) beta=17.19
Iter  7000 | Total loss: 5.0017 (MSE:0.0017, Reg:5.0000) beta=16.62
Iter  7500 | Total loss: 3.8298 (MSE:0.0018, Reg:3.8280) beta=16.06
Iter  8000 | Total loss: 3.0017 (MSE:0.0017, Reg:3.0000) beta=15.50
Iter  8500 | Total loss: 2.0018 (MSE:0.0018, Reg:2.0000) beta=14.94
Iter  9000 | Total loss: 2.0017 (MSE:0.0017, Reg:2.0000) beta=14.38
Iter  9500 | Total loss: 2.0018 (MSE:0.0018, Reg:2.0000) beta=13.81
Iter 10000 | Total loss: 2.0018 (MSE:0.0018, Reg:2.0000) beta=13.25
Iter 10500 | Total loss: 2.0018 (MSE:0.0018, Reg:2.0000) beta=12.69
Iter 11000 | Total loss: 2.0017 (MSE:0.0017, Reg:2.0000) beta=12.12
Iter 11500 | Total loss: 1.0018 (MSE:0.0018, Reg:1.0000) beta=11.56
Iter 12000 | Total loss: 1.0017 (MSE:0.0017, Reg:1.0000) beta=11.00
Iter 12500 | Total loss: 1.0016 (MSE:0.0016, Reg:1.0000) beta=10.44
Iter 13000 | Total loss: 0.0018 (MSE:0.0018, Reg:0.0000) beta=9.88
Iter 13500 | Total loss: 0.0016 (MSE:0.0016, Reg:0.0000) beta=9.31
Iter 14000 | Total loss: 0.0018 (MSE:0.0018, Reg:0.0000) beta=8.75
Iter 14500 | Total loss: 0.0018 (MSE:0.0018, Reg:0.0000) beta=8.19
Iter 15000 | Total loss: 0.0017 (MSE:0.0017, Reg:0.0000) beta=7.62
Iter 15500 | Total loss: 0.0017 (MSE:0.0017, Reg:0.0000) beta=7.06
Iter 16000 | Total loss: 0.0018 (MSE:0.0018, Reg:0.0000) beta=6.50
Iter 16500 | Total loss: 0.0017 (MSE:0.0017, Reg:0.0000) beta=5.94
Iter 17000 | Total loss: 0.0018 (MSE:0.0018, Reg:0.0000) beta=5.38
Iter 17500 | Total loss: 0.0018 (MSE:0.0018, Reg:0.0000) beta=4.81
Iter 18000 | Total loss: 0.0017 (MSE:0.0017, Reg:0.0000) beta=4.25
Iter 18500 | Total loss: 0.0017 (MSE:0.0017, Reg:0.0000) beta=3.69
Iter 19000 | Total loss: 0.0017 (MSE:0.0017, Reg:0.0000) beta=3.12
Iter 19500 | Total loss: 0.0018 (MSE:0.0018, Reg:0.0000) beta=2.56
Iter 20000 | Total loss: 0.0016 (MSE:0.0016, Reg:0.0000) beta=2.00

AdaRound computing: 0
,,,,,,,,,,,,,,,,,,,,,,,,,,,,,,,,,,,,,,,,,,,,,,,,,,,,,,,,,,,,,,,,,,,,,,,,,,,,,,,,,,,,,,,,,,,,,,,,,,,,,,,,,,,,,,,,,,,,,,,,,,,,,,,,,,,,,,,,Iter     1 | Total loss: 0.0014 (MSE:0.0014, Reg:0.0000) beta=0.00
Iter   500 | Total loss: 0.0012 (MSE:0.0012, Reg:0.0000) beta=0.00
Iter  1000 | Total loss: 0.0012 (MSE:0.0012, Reg:0.0000) beta=0.00
Iter  1500 | Total loss: 0.0012 (MSE:0.0012, Reg:0.0000) beta=0.00
Iter  2000 | Total loss: 0.0013 (MSE:0.0013, Reg:0.0000) beta=0.00
Iter  2500 | Total loss: 0.0012 (MSE:0.0012, Reg:0.0000) beta=0.00
Iter  3000 | Total loss: 0.0011 (MSE:0.0011, Reg:0.0000) beta=0.00
Iter  3500 | Total loss: 0.0012 (MSE:0.0012, Reg:0.0000) beta=0.00
Iter  4000 | Total loss: 40991.3906 (MSE:0.0012, Reg:40991.3906) beta=20.00
Iter  4500 | Total loss: 564.3496 (MSE:0.0014, Reg:564.3482) beta=19.44
Iter  5000 | Total loss: 374.7968 (MSE:0.0014, Reg:374.7954) beta=18.88
Iter  5500 | Total loss: 219.5587 (MSE:0.0013, Reg:219.5574) beta=18.31
Iter  6000 | Total loss: 161.9681 (MSE:0.0014, Reg:161.9667) beta=17.75
Iter  6500 | Total loss: 133.5571 (MSE:0.0014, Reg:133.5558) beta=17.19
Iter  7000 | Total loss: 110.3960 (MSE:0.0014, Reg:110.3947) beta=16.62
Iter  7500 | Total loss: 95.7654 (MSE:0.0014, Reg:95.7640) beta=16.06
Iter  8000 | Total loss: 84.1592 (MSE:0.0015, Reg:84.1577) beta=15.50
Iter  8500 | Total loss: 70.9362 (MSE:0.0013, Reg:70.9349) beta=14.94
Iter  9000 | Total loss: 64.5293 (MSE:0.0014, Reg:64.5279) beta=14.38
Iter  9500 | Total loss: 55.6437 (MSE:0.0014, Reg:55.6423) beta=13.81
Iter 10000 | Total loss: 46.0889 (MSE:0.0014, Reg:46.0875) beta=13.25
Iter 10500 | Total loss: 42.7832 (MSE:0.0014, Reg:42.7817) beta=12.69
Iter 11000 | Total loss: 34.0013 (MSE:0.0013, Reg:34.0000) beta=12.12
Iter 11500 | Total loss: 31.3974 (MSE:0.0014, Reg:31.3960) beta=11.56
Iter 12000 | Total loss: 27.0013 (MSE:0.0013, Reg:27.0000) beta=11.00
Iter 12500 | Total loss: 23.9776 (MSE:0.0014, Reg:23.9762) beta=10.44
Iter 13000 | Total loss: 21.6063 (MSE:0.0014, Reg:21.6050) beta=9.88
Iter 13500 | Total loss: 15.9592 (MSE:0.0014, Reg:15.9578) beta=9.31
Iter 14000 | Total loss: 7.8762 (MSE:0.0014, Reg:7.8748) beta=8.75
Iter 14500 | Total loss: 5.5577 (MSE:0.0014, Reg:5.5564) beta=8.19
Iter 15000 | Total loss: 4.0013 (MSE:0.0013, Reg:4.0000) beta=7.62
Iter 15500 | Total loss: 3.3516 (MSE:0.0014, Reg:3.3502) beta=7.06
Iter 16000 | Total loss: 2.3832 (MSE:0.0014, Reg:2.3819) beta=6.50
Iter 16500 | Total loss: 1.6708 (MSE:0.0014, Reg:1.6695) beta=5.94
Iter 17000 | Total loss: 0.9706 (MSE:0.0014, Reg:0.9692) beta=5.38
Iter 17500 | Total loss: 0.0014 (MSE:0.0014, Reg:0.0000) beta=4.81
Iter 18000 | Total loss: 0.0014 (MSE:0.0014, Reg:0.0000) beta=4.25
Iter 18500 | Total loss: 0.0015 (MSE:0.0015, Reg:0.0000) beta=3.69
Iter 19000 | Total loss: 0.0013 (MSE:0.0013, Reg:0.0000) beta=3.12
Iter 19500 | Total loss: 0.0014 (MSE:0.0014, Reg:0.0000) beta=2.56
Iter 20000 | Total loss: 0.0014 (MSE:0.0014, Reg:0.0000) beta=2.00

AdaRound computing: conv1
,,,,,,,,,,,,,,,,,,,,,,,,,,,,,,,,,,,,,,,,,,,,,,,,,,,,,,,,,,,,,,,,,,,,,,,,,,,,,,,,,,,,,,,,,,,,,,,,,,,,,,,,,,,,,,,,,,,,,,,,,,,,,,,,,,,,,,,,,,,,,,,,Iter     1 | Total loss: 0.0110 (MSE:0.0110, Reg:0.0000) beta=0.00
Iter   500 | Total loss: 0.0096 (MSE:0.0096, Reg:0.0000) beta=0.00
Iter  1000 | Total loss: 0.0103 (MSE:0.0103, Reg:0.0000) beta=0.00
Iter  1500 | Total loss: 0.0098 (MSE:0.0098, Reg:0.0000) beta=0.00
Iter  2000 | Total loss: 0.0097 (MSE:0.0097, Reg:0.0000) beta=0.00
Iter  2500 | Total loss: 0.0096 (MSE:0.0096, Reg:0.0000) beta=0.00
Iter  3000 | Total loss: 0.0094 (MSE:0.0094, Reg:0.0000) beta=0.00
Iter  3500 | Total loss: 0.0092 (MSE:0.0092, Reg:0.0000) beta=0.00
Iter  4000 | Total loss: 441821.6250 (MSE:0.0099, Reg:441821.6250) beta=20.00
Iter  4500 | Total loss: 1102.4332 (MSE:0.0109, Reg:1102.4224) beta=19.44
Iter  5000 | Total loss: 899.7583 (MSE:0.0105, Reg:899.7478) beta=18.88
Iter  5500 | Total loss: 659.7380 (MSE:0.0105, Reg:659.7275) beta=18.31
Iter  6000 | Total loss: 519.8223 (MSE:0.0104, Reg:519.8119) beta=17.75
Iter  6500 | Total loss: 408.3077 (MSE:0.0101, Reg:408.2976) beta=17.19
Iter  7000 | Total loss: 325.7639 (MSE:0.0105, Reg:325.7535) beta=16.62
Iter  7500 | Total loss: 275.4002 (MSE:0.0101, Reg:275.3901) beta=16.06
Iter  8000 | Total loss: 238.8163 (MSE:0.0108, Reg:238.8055) beta=15.50
Iter  8500 | Total loss: 207.3552 (MSE:0.0105, Reg:207.3447) beta=14.94
Iter  9000 | Total loss: 176.6151 (MSE:0.0114, Reg:176.6038) beta=14.38
Iter  9500 | Total loss: 157.4746 (MSE:0.0105, Reg:157.4641) beta=13.81
Iter 10000 | Total loss: 134.8574 (MSE:0.0115, Reg:134.8459) beta=13.25
Iter 10500 | Total loss: 114.3825 (MSE:0.0105, Reg:114.3720) beta=12.69
Iter 11000 | Total loss: 95.9295 (MSE:0.0097, Reg:95.9198) beta=12.12
Iter 11500 | Total loss: 81.3173 (MSE:0.0109, Reg:81.3064) beta=11.56
Iter 12000 | Total loss: 65.7666 (MSE:0.0108, Reg:65.7559) beta=11.00
Iter 12500 | Total loss: 54.5280 (MSE:0.0110, Reg:54.5170) beta=10.44
Iter 13000 | Total loss: 45.7652 (MSE:0.0106, Reg:45.7546) beta=9.88
Iter 13500 | Total loss: 35.8400 (MSE:0.0110, Reg:35.8290) beta=9.31
Iter 14000 | Total loss: 27.6444 (MSE:0.0104, Reg:27.6340) beta=8.75
Iter 14500 | Total loss: 21.6165 (MSE:0.0107, Reg:21.6058) beta=8.19
Iter 15000 | Total loss: 15.0975 (MSE:0.0105, Reg:15.0870) beta=7.62
Iter 15500 | Total loss: 9.8053 (MSE:0.0111, Reg:9.7943) beta=7.06
Iter 16000 | Total loss: 7.6318 (MSE:0.0110, Reg:7.6208) beta=6.50
Iter 16500 | Total loss: 5.0479 (MSE:0.0103, Reg:5.0376) beta=5.94
Iter 17000 | Total loss: 1.2658 (MSE:0.0109, Reg:1.2549) beta=5.38
Iter 17500 | Total loss: 0.7976 (MSE:0.0102, Reg:0.7874) beta=4.81
Iter 18000 | Total loss: 0.0111 (MSE:0.0111, Reg:0.0000) beta=4.25
Iter 18500 | Total loss: 0.0106 (MSE:0.0106, Reg:0.0000) beta=3.69
Iter 19000 | Total loss: 0.0109 (MSE:0.0109, Reg:0.0000) beta=3.12
Iter 19500 | Total loss: 0.0105 (MSE:0.0105, Reg:0.0000) beta=2.56
Iter 20000 | Total loss: 0.0110 (MSE:0.0110, Reg:0.0000) beta=2.00

AdaRound computing: conv2
,,,,,,,,,,,,,,,,,,,,,,,,,,,,,,,,,,,,,,,,,,,,,,,,,,,,,,,,,,,,,,,,,,,,,,,,,,,,,,,,,,,,,,,,,,,,,,,,,,,,,,,,,,,,,,,,,,,,,,,,,,,,,,,,,,,,,,,,,,,,,,,,,,,,,,,,Iter     1 | Total loss: 0.0017 (MSE:0.0017, Reg:0.0000) beta=0.00
Iter   500 | Total loss: 0.0016 (MSE:0.0016, Reg:0.0000) beta=0.00
Iter  1000 | Total loss: 0.0016 (MSE:0.0016, Reg:0.0000) beta=0.00
Iter  1500 | Total loss: 0.0017 (MSE:0.0017, Reg:0.0000) beta=0.00
Iter  2000 | Total loss: 0.0016 (MSE:0.0016, Reg:0.0000) beta=0.00
Iter  2500 | Total loss: 0.0017 (MSE:0.0017, Reg:0.0000) beta=0.00
Iter  3000 | Total loss: 0.0017 (MSE:0.0017, Reg:0.0000) beta=0.00
Iter  3500 | Total loss: 0.0016 (MSE:0.0016, Reg:0.0000) beta=0.00
Iter  4000 | Total loss: 360712.8438 (MSE:0.0017, Reg:360712.8438) beta=20.00
Iter  4500 | Total loss: 0.0018 (MSE:0.0018, Reg:0.0000) beta=19.44
Iter  5000 | Total loss: 0.0016 (MSE:0.0016, Reg:0.0000) beta=18.88
Iter  5500 | Total loss: 0.0017 (MSE:0.0017, Reg:0.0000) beta=18.31
Iter  6000 | Total loss: 0.0017 (MSE:0.0017, Reg:0.0000) beta=17.75
Iter  6500 | Total loss: 0.0017 (MSE:0.0017, Reg:0.0000) beta=17.19
Iter  7000 | Total loss: 0.0016 (MSE:0.0016, Reg:0.0000) beta=16.62
Iter  7500 | Total loss: 0.0017 (MSE:0.0017, Reg:0.0000) beta=16.06
Iter  8000 | Total loss: 0.0017 (MSE:0.0017, Reg:0.0000) beta=15.50
Iter  8500 | Total loss: 0.0017 (MSE:0.0017, Reg:0.0000) beta=14.94
Iter  9000 | Total loss: 0.0018 (MSE:0.0018, Reg:0.0000) beta=14.38
Iter  9500 | Total loss: 0.0017 (MSE:0.0017, Reg:0.0000) beta=13.81
Iter 10000 | Total loss: 0.0017 (MSE:0.0017, Reg:0.0000) beta=13.25
Iter 10500 | Total loss: 0.0016 (MSE:0.0016, Reg:0.0000) beta=12.69
Iter 11000 | Total loss: 0.0017 (MSE:0.0017, Reg:0.0000) beta=12.12
Iter 11500 | Total loss: 0.0016 (MSE:0.0016, Reg:0.0000) beta=11.56
Iter 12000 | Total loss: 0.0016 (MSE:0.0016, Reg:0.0000) beta=11.00
Iter 12500 | Total loss: 0.0016 (MSE:0.0016, Reg:0.0000) beta=10.44
Iter 13000 | Total loss: 0.0016 (MSE:0.0016, Reg:0.0000) beta=9.88
Iter 13500 | Total loss: 0.0016 (MSE:0.0016, Reg:0.0000) beta=9.31
Iter 14000 | Total loss: 0.0016 (MSE:0.0016, Reg:0.0000) beta=8.75
Iter 14500 | Total loss: 0.0016 (MSE:0.0016, Reg:0.0000) beta=8.19
Iter 15000 | Total loss: 0.0017 (MSE:0.0017, Reg:0.0000) beta=7.62
Iter 15500 | Total loss: 0.0018 (MSE:0.0018, Reg:0.0000) beta=7.06
Iter 16000 | Total loss: 0.0016 (MSE:0.0016, Reg:0.0000) beta=6.50
Iter 16500 | Total loss: 0.0017 (MSE:0.0017, Reg:0.0000) beta=5.94
Iter 17000 | Total loss: 0.0017 (MSE:0.0017, Reg:0.0000) beta=5.38
Iter 17500 | Total loss: 0.0016 (MSE:0.0016, Reg:0.0000) beta=4.81
Iter 18000 | Total loss: 0.0016 (MSE:0.0016, Reg:0.0000) beta=4.25
Iter 18500 | Total loss: 0.0016 (MSE:0.0016, Reg:0.0000) beta=3.69
Iter 19000 | Total loss: 0.0016 (MSE:0.0016, Reg:0.0000) beta=3.12
Iter 19500 | Total loss: 0.0018 (MSE:0.0018, Reg:0.0000) beta=2.56
Iter 20000 | Total loss: 0.0017 (MSE:0.0017, Reg:0.0000) beta=2.00

AdaRound computing: fc
,,,,,,,,,,,,,,,,,,,,,,,,,,,,,,,,,,,,,,,,,,,,,,,,,,,,,,,,,,,,,,,,,,,,,,,,,,,,,,,,,,,,,,,,,,,,,,,,,,,,,,,,,,,,,,,,,,,,,,,,,,,,,,,,,,,,,,,,,,,,,,,,,,,,,,,,,,,,,,,,Iter     1 | Total loss: 0.4648 (MSE:0.4648, Reg:0.0000) beta=0.00
Iter   500 | Total loss: 0.3521 (MSE:0.3521, Reg:0.0000) beta=0.00
Iter  1000 | Total loss: 0.3781 (MSE:0.3781, Reg:0.0000) beta=0.00
Iter  1500 | Total loss: 0.3500 (MSE:0.3500, Reg:0.0000) beta=0.00
Iter  2000 | Total loss: 0.3070 (MSE:0.3070, Reg:0.0000) beta=0.00
Iter  2500 | Total loss: 0.3053 (MSE:0.3053, Reg:0.0000) beta=0.00
Iter  3000 | Total loss: 0.3027 (MSE:0.3027, Reg:0.0000) beta=0.00
Iter  3500 | Total loss: 0.3075 (MSE:0.3075, Reg:0.0000) beta=0.00
Iter  4000 | Total loss: 96554.0859 (MSE:0.3372, Reg:96553.7500) beta=20.00
Iter  4500 | Total loss: 3885.1174 (MSE:0.3529, Reg:3884.7646) beta=19.44
Iter  5000 | Total loss: 3396.8582 (MSE:0.3548, Reg:3396.5034) beta=18.88
Iter  5500 | Total loss: 1929.9324 (MSE:0.3811, Reg:1929.5513) beta=18.31
Iter  6000 | Total loss: 1311.5343 (MSE:0.3801, Reg:1311.1542) beta=17.75
Iter  6500 | Total loss: 1049.9224 (MSE:0.3471, Reg:1049.5753) beta=17.19
Iter  7000 | Total loss: 860.1215 (MSE:0.3745, Reg:859.7470) beta=16.62
Iter  7500 | Total loss: 710.9475 (MSE:0.3532, Reg:710.5944) beta=16.06
Iter  8000 | Total loss: 577.0677 (MSE:0.3694, Reg:576.6982) beta=15.50
Iter  8500 | Total loss: 472.0203 (MSE:0.3751, Reg:471.6452) beta=14.94
Iter  9000 | Total loss: 406.3973 (MSE:0.3501, Reg:406.0472) beta=14.38
Iter  9500 | Total loss: 369.7603 (MSE:0.4309, Reg:369.3294) beta=13.81
Iter 10000 | Total loss: 335.6924 (MSE:0.3354, Reg:335.3569) beta=13.25
Iter 10500 | Total loss: 301.8348 (MSE:0.3196, Reg:301.5152) beta=12.69
Iter 11000 | Total loss: 271.9379 (MSE:0.3423, Reg:271.5956) beta=12.12
Iter 11500 | Total loss: 245.8663 (MSE:0.3583, Reg:245.5081) beta=11.56
Iter 12000 | Total loss: 220.4535 (MSE:0.3286, Reg:220.1250) beta=11.00
Iter 12500 | Total loss: 194.6785 (MSE:0.3366, Reg:194.3419) beta=10.44
Iter 13000 | Total loss: 172.0663 (MSE:0.3460, Reg:171.7203) beta=9.88
Iter 13500 | Total loss: 144.1079 (MSE:0.3698, Reg:143.7381) beta=9.31
Iter 14000 | Total loss: 122.9434 (MSE:0.3256, Reg:122.6178) beta=8.75
Iter 14500 | Total loss: 103.1167 (MSE:0.3616, Reg:102.7550) beta=8.19
Iter 15000 | Total loss: 84.3183 (MSE:0.3525, Reg:83.9657) beta=7.62
Iter 15500 | Total loss: 67.3644 (MSE:0.3887, Reg:66.9758) beta=7.06
Iter 16000 | Total loss: 47.3940 (MSE:0.3935, Reg:47.0005) beta=6.50
Iter 16500 | Total loss: 31.0522 (MSE:0.3400, Reg:30.7122) beta=5.94
Iter 17000 | Total loss: 16.8470 (MSE:0.3618, Reg:16.4852) beta=5.38
Iter 17500 | Total loss: 5.6089 (MSE:0.3699, Reg:5.2391) beta=4.81
Iter 18000 | Total loss: 1.2111 (MSE:0.3784, Reg:0.8326) beta=4.25
Iter 18500 | Total loss: 0.3343 (MSE:0.3343, Reg:0.0000) beta=3.69
Iter 19000 | Total loss: 0.3706 (MSE:0.3706, Reg:0.0000) beta=3.12
Iter 19500 | Total loss: 0.4202 (MSE:0.4202, Reg:0.0000) beta=2.56
Iter 20000 | Total loss: 0.3840 (MSE:0.3840, Reg:0.0000) beta=2.00
AdaRound values computing done!
,,,,,,,,,,,,,,,,,,,,,,,,,,,,,,,,,,,,,,,,,,,,,,,,,,,,,,,,,,,,,,,,,,,,,,,,,,,,,,,,,,,,,,,,,,,,,,,,,,,,,,,,,,,,,,,,,,,,,,,,,,,,,,,,,,,,,,,,,,,,,,,,,,,,,,,,,,,,,,,,,,,,,,,,,,,,,,,,,,,,,,,,,,,,,,,,,,,,,,,,,,,,,,,,,,,,,,,,,,,,,,,,,,,,,,,,,,,,,,,,,,,,,,,,,,,,,,,,,,,,,,,,,,,,,,,,,,,,,,,,,,,,,,,,,,,,,,,,,,,,,,,,,,,,,,,,,,,,,,,,,,,,,,,,,,,,,,,,,,,,,,,,,,,,,,,,,,,,,,,,,,,,,,,,,,,,,,,,,,,,,,,,,,,,,,,,,,,,,,,,,,,,,,,,,,,,,,,,,,,,,,,,,,,,,,,,,,,,,,,,,,,,,,,,,,,,,,,,,,,,,,,,,,,,,,,,,,,,,,,,,,,,,,,,,,,,,,,,,,,,,,,,,,,,,,,,,,,,,,,,,,,,,,,,,,,,,,,,,,,,,,,,,,,,,,,,,,,,,,,,,,,,,,,,,,,,,,,,,,,,,,,,,,,,,,,,,,,,,,,,,,,,,,,,,,,,,,,,,,,,,,,,,,,,,,,,,,,,,,,,,,,,,,,,,,,,,,,,,,,,,,,,,,,,,,,,,,,,,,,,,,,,,,,,,,,,,,,,,,,,,,,,,,,,,,,,,,,,,,,,,,,,,,,,,,,,,,,,,,,,,,,,,,,,,,,,,,,,,,,,,,,,,,,,,,,,,,,,,,,,,,,,,,,,,,,,,,,,,,,,,,,,,,,,,,,,,,,,,,,,,,,,,,,,,,,,,,,,,,,,,,,,,,,,,,,,,,,,,,,,,,,,,,,,,,,,,,,,,,,,,,,,,,,,,,,,,,,,,,,,,,,,,,,,,,,,,,,,,,,,,,,,,,,,,,,,,,,,,,,,,,,,,,,,,,,,,,,,,,,,,,,,,,,,,,,,,,,,,,,,,,,,,,,,,,,,,,,,,,,,,,,,,,,,,,,,,,,,,,,,,,,,,,,,,,,,,,,,,,,,,,,,,,,,,,,,,,,,,,,,,,,,,,,,,,,,,,,,,,,,,,,,,,,,,,,,,,,,,,,,,,,,,,,,,,,,,,,,,,,,,,,,,,,,,,,,,,,,,,,,,,,,,,,,,,,,,,,,,,,,,,,,,,,,,,,,,,,,,,,,,,,,,,,,,,,,,,,,,,,,,,,,,,,,,,,,,,,,,,,,,,,,,,,,,,,,,,,,,,,,,,,,,,,,,,,,,,,,,,,,,,,,,,,,,,,,,,,,,,,,,,,,,,,,,,,,,,,,,,,,,,,,,,,,,,,,,,,,,,,,,,,,,,,,,,,,,,,,,,,,,,,,,,,,,,,,,,,,,,,,,,,,,,,,,,,,,,,,,,,,,,,,,,,,,,,,,,,,,,,,,,,,,,,,,,,,,,,,,,,,,,,,,,,,,,,,,,,,,,,,,,,,,,,,,,,,,,,,,,,,,,,,,,,,,,,,,,,,,,,,,,,,,,,,,,,,,,,,,,,,,,,,,,,,,,,,,,,,,,,,,,,,,,,,,,,,,,,,,,,,,,,,,,,,,,,,,,,,,,,,,,,,,,,,,,,,,,,,,,,,,,,,,,,,,,,,,,,,,,,,,,,,,,,,,,,,,,,,,,,,,,,,,,,,,,,,,,,,,,,,,,,,,,,,,,,,,,,,,,,,,,,,,,,,,,,,,,,,,,,,,,,,,,,,,,,,,,,,,,,,,,,,,,,,,,,,,,,,,,,,,,,,,,,,,,,,,,,,,,,,,,,,,,,,,,,,,,,,,,,,,,,,,,,,,,,,,,,,,,,,,,,,,,,,,,,,,,,,,,,,,,,,,,,,,,,,,,,,,,,,,,,,,,,,,,,,,,,,,,,,,,,,,,,,,,,,,,,,,,,,,,,,,,,,,,,,,,,,,,,,,,,,,,,,,,,,,,,,,,,,,,,,,,,,,,,,,,,,,,,,,,,,,,,,,,,,,,,,,,,,,,,,,,,,,,,,,,,,,,,,,,,,,,,,,,,,,,,,,,,,,,,,,,,,,,,,,,,,,,,,,,,,,,,,,,,,,,,,,,,,,,,,,,,,,,,,,,,,,,,,,,,,,,,,,,,,,,,,,,,,,,,,,,,,,,,,,,,,,,,,,,,,,,,,,,,,,,,,,,,,,,,,,,,,,,,,,,,,,,,,,,,,,,,,,,,,,,,,,,,,,,,,,,,,,,,,,,,,,,,,,,,,,,,,,,,,,,,,,,,,,,,,,,,,,,,,,,,,,,,,,,,,,,,,,,,,,,,,,,,,,,,,,,,,,,,,,,,,,,,,,,,,,,,,,,,,,,,,,,,,,,,,,,,,,,,,,,,,,,,,,,,,,,,,,,,,,,,,,,,,,,,,,,,,,,,,,,,,,,,,,,,,,,,,,,,,,,,,,,,,,,,,,,,,,,,,,,,,,,,,,,,,,,,,,,,,,,,,,,,,,,,,,,,,,,,,,,,,,,,,,,,,,,,,,,,,,,,,,,,,,,,,,,,,,,,,,,,,,,,,,,,,,,,,,,,,,,,,,,,,,,,,,,,,,,,,,,,,,,,,,,,,,,,,,,,,,,,,,,,,,,,,,,,,,,,,,,,,,,,,,,,,,,,,,,,,,,,,,,,,,,,,,,,,,,,,,,,,,,,,,,,,,,,,,,,,,,,,,,,,,,,,,,,,,,,,,,,,,,,,,,,,,,,,,,,,,,,,,,,,,,,,,,,,,,,,,,,,,,,,,,,,,,,,,,,,,,,,,,,,,,,,,,,,,,,,,,,,,,,,,,,,,,,,,,,,,,,,,,,,,,,,,,,,,,,,,,,,,,,,,,,,,,,,,,,,,,,,,,,,,,,,,,,,,,,,,,,,,,,,,,,,,,,,,,,,,,,,,,,,,,,,,,,,,,,,,,,,,,,,,,,,,,,,,,,,,,,,,,,,,,,,,,,,,,,,,,,,,,,,,,,,,,,,,,,,,,,,,,,,,,,,,,,,,,,,,,,,,,,,,,,,,,,,,,,,,,,,,,,,,,,,,,,,,,,,,,,,,,,,,,,,,,,,,,,,,,,,,,,,,,,,,,,,,,,,,,,,,,,,,,,,,,,,,,,,,,,,,,,,,,,,,,,,,,,,,,,,,,,,,,,,,,,,,,,,,,,,,,,,,,,,,,,,,,,,,,,,,,,,,,,,,,,,,,,,,,,,,,,,,,,,,,,,,,,,,,,,,,,,,,,,,,,,,,,,,,,,,,,,,,,,,,,,,,,,,,,,,,,,,,,,,,,,,,,,,,,,,,,,,,,,,,,,,,,,,,,,,,,,,,,,,,,,,,,,,,,,,,,,,,,,,,,,,,,,,,,,,,,,,,,,,,,,,,,,,,,,,,,,,,,,,,,,,,,,,,,,,,,,,,,,,,,,,,,,,,,,,,,,,,,,,,,,,,,,,,,,,,,,,,,,,,,,,,,,,,,,,,,,,,,,,,,,,,,,,,,,,,,,,,,,,,,,,,,,,,,,,,,,,,,,,,,,,,,,,,,,,,,,,,,,,,,,,,,,,,,,,,,,,,,,,,,,,,,,,,,,,,,,,,,,,,,,,,,,,,,,,,,,,,,,,,,,,,,,,,,,,,,,,,,,,,,,,,,,,,,,,,,,,,,,,,,,,,,,,,,,,,,,,,,,,,,,,,,,,,,,,,,,,,,,,,,,,,,,,,,,,,,,,,,,,,,,,,,,,,,,,,,,,,,,,,,,,,,,,,,,,,,,,,,,,,,,,,,,,,,,,,,,,,,,,,,,,,,,,,,,,,,,,,,,,,,,,,,,,,,,,,,,,,,,,,,,,,,,,,,,,,,,,,,,,,,,,,,,,,,,,,,,,,,,,,,,,,,,,,,,,,,,,,,,,,,,,,,,,,,,,,,,,,,,,,,,,,,,,,,,,,,,,,,,,,,,,,,,,,,,,,,,,,,,,,,,,,,,,,,,,,,,,,,,,,,,,,,,,,,,,,,,,,,,,,,,,,,,,,,,,,,,,,,,,,,,,,,,,,,,,,,,,,,,,,,,,,,,,,,,,,,,,,,,,,,,,,,,,,,,,,,,,,,,,,,,,,,,,,,,,,,,,,,,,,,,,,,,,,,,,,,,,,,,,,,,,,,,,,,,,,,,,,,,,,,,,,,,,,,,,,,,,,,,,,,,,,,,,,,,,,,,,,,,,,,,,,,,,,,,,,,,,,,,,,,,,,,,,,,,,,,,,,,,,,,,,,,,,,,,,,,,,,,,,,,,,,,,,,,,,,,,,,,,,,,,,,,,,,,,,,,,,,,,,,,,,,,,,,,,,,,,,,,,,,,,,,,,,,,,,,,,,,,,,,,,,,,,,,,,,,,,,,,,,,,,,,,,,,,,,,,,,,,,,,,,,,,,,,,,,,,,,,,,,,,,,,,,,,,,,,,,,,,,,,,,,,,,,,,,,,,,,,,,,,,,,,,,,,,,,,,,,,,,,,,,,,,,,,,,,,,,,,,,,,,,,,,,,,,,,,,,,,,,,,,,,,,,,,,,,,,,,,,,,,,,,,,,,,,,,,,,,,,,,,,,,,,,,,,,,,,,,,,,,,,,,,,,,,,,,,,,,,,,,,,,,,,,,,,,,,,,,,,,,,,,,,,,,,,,,,,,,,,,,,,,,,,,,,,,,,,,,,,,,,,,,,,,,,,,,,,,,,,,,,,,,,,,,,,,,,,,,,,,,,,,,,,,,,,,,,,,,,,,,,,,,,,,,,,,,,,,,,,,,,,,,,,,,,,,,,,,,,,,,,,,,,,,,,,,,,,,,,,,,,,,,,,,,,,,,,,,,,,,,,,,,,,,,,,,,,,,,,,,,,,,,,,,,,,,,,,,,,,,,,,,,,,,,,,,,,,,,,,,,,,,,,,,,,,,,,,,,,,,,,,,,,,,,,,,,,,,,,,,,,,,,,,,,,,,,,,,,,,,,,,,,,,,,,,,,,,,,,,,,,,,,,,,,,,,,,,,,,,,,,,,,,,,,,,,,,,,,,,,,,,,,,,,,,,,,,,,,,,,,,,,,,,,,,,,,,,,,,,,,,,,,,,,,,,,,,,,,,,,,,,,,,,,,,,,,,,,,,,,,,,,,,,,,,,,,,,,,,,,,,,,,,,,,,,,,,,,,,,,,,,,,,,,,,,,,,,,,,,,,,,,,,,,,,,,,,,,,,,,,,,,,,,,,,,,,,,,,,,,,,,,,,,,,,,,,,,,,,,,,,,,,,,,,,,,,,,,,,,,,,,,,,,,,,,,,,,,,,,,,,,,,,,,,,,,,,,,,,,,,,,,,,,,,,,,,,,,,,,,,,,,,,,,,,,,,,,,,,,,,,,,,,,,,,,,,,,,,,,,,,,,,,,,,,,,,,,,,,,,,,,,,,,,,,,,,,,,,,,,,,,,,,,,,,,,,,,,,,,,,,,,,,,,,,,,,,,,,,,,,,,,,,,,,,,,,,,,,,,,,,,,,,,,,,,,,,,,,,,,,,,,,,,,,,,,,,,,,,,,,,,,,,,,,,,,,,,,,,,,,,,,,,,,,,,,,,,,,,,,,,,,,,,,,,,,,,,,,,,,,,,,,,,,,,,,,,,,,,,,,,,,,,,,,,,,,,,,,,,,,,,,,,,,,,,,,,,,,,,,,,,,,,,,,,,,,,,,,,,,,,,,,,,,,,,,,,,,,,,,,,,,,,,,,,,,,,,,,,,,,,,,,,,,,,,,,,,,,,,,,,,,,,,,,,,,,,,,,,,,,,,,,,,,,,,,,,,,,,,,,,,,,,,,,,,,,,,,,,,,,,,,,,,,,,,,,,,,,,,,,,,,,,,,,,,,,,,,,,,,,,,,,,,,,,,,,,,,,,,,,,,,,,,,,,,,,,,,,,,,,,,,,,,,,,,,,,,,,,,,,,,,,,,,,,,,,,,,,,,,,,,,,,,,,,,,,,,,,,,,,,,,,,,,,,,,,,,,,,,,,,,,,,,,,,,,,,,,,,,,,,,,,,,,,,,,,,,,,,,,,,,,,,,,,,,,,,,,,,,,,,,,,,,,,,,,,,,,,,,,,,,,,,,,,,,,,,,,,,,,,,,,,,,,,,,,,,,,,,,,,,,,,,,,,,,,,,,,,,,,,,,,,,,,,,,,,,,,,,,,,,,,,,,,,,,,,,,,,,,,,,,,,,,,,,,,,,,,,,,,,,,,,,,,,,,,,,,,,,,,,,,,,,,,,,,,,,,,,,,,,,,,,,,,,,,,,,,,,,,,,,,,,,,,,,,,,,,,,,,,,,,,,,,,,,,,,,,,,,,,,,,,,,,,,,,,,,,,,,,,,,,,,,,,,,,,,,,,,,,,,,,,,,,,,,,,,,,,,,,,,,,,,,,,,,,,,,,,,,,,,,,,,,,,,,,,,,,,,,,,,,,,,,,,,,,,,,,,,,,,,,,,,,,,,,,,,,,,,,,,,,,,,,,,,,,,,,,,,,,,,,,,,,,,,,,,,,,,,,,,,,,,,,,,,,,,,,,,,,,,,,,,,,,,,,,,,,,,,,,,,,,,,,,,,,,,,,,,,,,,,,,,,,,,,,,,,,,,,,,,,,,,,,,,,,,,,,,,,,,,,,,,,,,,,,,,,,,,,,,,,,,,,,,,,,,,,,,,,,,,,,,,,,,,,,,,,,,,,,,,,,,,,,,,,,,,,,,,,,,,,,,,,,,,,,,,,,,,,,,,,,,,,,,,,,,,,,,,,,,,,,,,,,,,,,,,,,,,,,,,,,,,,,,,,,,,,,,,,,,,,,,,,,,,,,,,,,,,,,,,,,,,,,,,,,,,,,,,,,,,,,,,,,,,,,,,,,,,,,,,,,,,,,,,,,,,,,,,,,,,,,,,,,,,,,,,,,,,,,,,,,,,,,,,,,,,,,,,,,,,,,,,,,,,,,,,,,,,,,,,,,,,,,,,,,,,,,,,,,,,,,,,,,,,,,,,,,,,,,,,,,,,,,,,,,,,,,,,,,,,,,,,,,,,,,,,,,,,,,,,,,,,,,,,,,,,,,,,,,,,,,,,,,,,,,,,,,,,,,,,,,,,,,,,,,,,,,,,,,,,,,,,,,,,,,,,,,,,,,,,,,,,,,,,,,,,,,,,,,,,,,,,,,,,,,,,,,,,,,,,,,,,,,,,,,,,,,,,,,,,,,,,,,,,,,,,,,,,,,,,,,,,,,,,,,,,,,,,,,,,,,,,,,,,,,,,,,,,,,,,,,,,,,,,,,,,,,,,,,,,,,,,,,,,,,,,,,,,,,,,,,,,,,,,,,,,,,,,,,,,,,,,,,,,,,,,,,,,,,,,,,,,,,,,,,,,,,,,,,,,,,,,,,,,,,,,,,,,,,,,,,,,,,,,,,,,,,,,,,,,,,,,,,,,,,,,,,,,,,,,,,,,,,,,,,,,,,,,,,,,,,,,,,,,,,,,,,,,,,,,,,,,,,,,,,,,,,,,,,,,,,,,,,,,,,,,,,,,,,,,,,,,,,,,,,,,,,,,,,,,,,,,,,,,,,,,,,,,,,,,,,,,,,,,,,,,,,,,,,,,,,,,,,,,,,,,,,,,,,,,,,,,,,,,,,,,,,,,,,,,,,,,,,,,,,,,,,,,,,,,,,,,,,,,,,,,,,,,,,,,,,,,,,,,,,,,,,,,,,,,,,,,,,,,,,,,,,,,,,,,,,,,,,,,,,,,,,,,,,,,,,,,,,,,,,,,,,,,,,,,,,,,,,,,,,,,,,,,,,,,,,,,,,,,,,,,,,,,,,,,,,,,,,,,,,,,,,,,,,,,,,,,,,,,,,,,,,,,,,,,,,,,,,,,,,,,,,,,,,,,,,,,,,,,,,,,,,,,,,,,,,,,,,,,,,,,,,,,,,,,,,,,,,,,,,,,,,,,,,,,,,,,,,,,,,,,,,,,,,,,,,,,,,,,,,,,,,,,,,,,,,,,,,,,,,,,,,,,,,,,,,,,,,,,,,,,,,,,,,,,,,,,,,,,,,,,,,,,,,,,,,,,,,,,,,,,,,,,,,,,,,,,,,,,,,,,,,,,,,,,,,,,,,,,,,,,,,,,,,,,,,,,,,,,,,,,,,,,,,,,,,,,,,,,,,,,,,,,,,,,,,,,,,,,,,,,,,,,,,,,,,,,,,,,,,,,,,,,,,,,,,,,,,,,,,,,,,,,,,,,,,,,,,,,,,,,,,,,,,,,,,,,,,,,,,,,,,,,,,,,,,,,,,,,,,,,,,,,,,,,,,,,,,,,,,,,,,,,,,,,,,,,,,,,,,,,,,,,,,,,,,,,,,,,,,,,,,,,,,,,,,,,,,,,,,,,,,,,,,,,,,,,,,,,,,,,,,,,,,,,,,,,,,,,,,,,,,,,,,,,,,,,,,,,,,,,,,,,,,,,,,,,,,,,,,,,,,,,,,,,,,,,,,,,,,,,,,,,,,,,,,,,,,,,,,,,,,,,,,,,,,,,,,,,,,,,,,,,,,,,,,,,,,,,,,,,,,,,,,,,,,,,,,,,,,,,,,,,,,,,,,,,,,,,,,,,,,,,,,,,,,,,,,,,,,,,,,,,,,,,,,,,,,,,,,,,,,,,,,,,,,,,,,,,,,,,,,,,,,,,,,,,,,,,,,,,,,,,,,,,,,,,,,,,,,,,,,,,,,,,,,,,,,,,,,,,,,,,,,,,,,,,,,,,,,,,,,,,,,,,,,,,,,,,,,,,,,,,,,,,,,,,,,,,,,,,,,,,,,,,,,,,,,,,,,,,,,,,,,,,,,,,,,,,,,,,,,,,,,,,,,,,,,,    Quantized model Evaluation accuracy on 50000 images, 67.91
Total time: 902.27 sec
