ResNet18 quantization with myAdaRound!
    Original model Evaluation accuracy on 50000 images, 69.76
{'scheme': 'AdaRoundQuantizer', 'per_channel': True, 'dstDtype': 'INT4'}
Initiated the V
Initiated the V
Initiated the V
Initiated the V
Initiated the V
Initiated the V
Initiated the V
Initiated the V
Initiated the V
Initiated the V
Initiated the V
Initiated the V
Initiated the V
Initiated the V
Initiated the V
Initiated the V
Initiated the V
Initiated the V
Initiated the V
Initiated the V
Initiated the V
Qparams computing done!
    QuantModule: conv1, torch.Size([64, 3, 7, 7])
    QuantModule: layer1.0.conv1, torch.Size([64, 64, 3, 3])
    QuantModule: layer1.0.conv2, torch.Size([64, 64, 3, 3])
    QuantModule: layer1.1.conv1, torch.Size([64, 64, 3, 3])
    QuantModule: layer1.1.conv2, torch.Size([64, 64, 3, 3])
    QuantModule: layer2.0.conv1, torch.Size([128, 64, 3, 3])
    QuantModule: layer2.0.conv2, torch.Size([128, 128, 3, 3])
    QuantModule: layer2.0.downsample.0, torch.Size([128, 64, 1, 1])
    QuantModule: layer2.1.conv1, torch.Size([128, 128, 3, 3])
    QuantModule: layer2.1.conv2, torch.Size([128, 128, 3, 3])
    QuantModule: layer3.0.conv1, torch.Size([256, 128, 3, 3])
    QuantModule: layer3.0.conv2, torch.Size([256, 256, 3, 3])
    QuantModule: layer3.0.downsample.0, torch.Size([256, 128, 1, 1])
    QuantModule: layer3.1.conv1, torch.Size([256, 256, 3, 3])
    QuantModule: layer3.1.conv2, torch.Size([256, 256, 3, 3])
    QuantModule: layer4.0.conv1, torch.Size([512, 256, 3, 3])
    QuantModule: layer4.0.conv2, torch.Size([512, 512, 3, 3])
    QuantModule: layer4.0.downsample.0, torch.Size([512, 256, 1, 1])
    QuantModule: layer4.1.conv1, torch.Size([512, 512, 3, 3])
    QuantModule: layer4.1.conv2, torch.Size([512, 512, 3, 3])
    QuantModule: fc, torch.Size([1000, 512])
Total QuantModule: 21
........
   FP_OUTPUTS shape torch.Size([1024, 64, 112, 112])
................
   FP_OUTPUTS shape torch.Size([1024, 64, 56, 56])
........................
   FP_OUTPUTS shape torch.Size([1024, 64, 56, 56])
................................
   FP_OUTPUTS shape torch.Size([1024, 64, 56, 56])
........................................
   FP_OUTPUTS shape torch.Size([1024, 64, 56, 56])
................................................
   FP_OUTPUTS shape torch.Size([1024, 128, 28, 28])
........................................................
   FP_OUTPUTS shape torch.Size([1024, 128, 28, 28])
................................................................
   FP_OUTPUTS shape torch.Size([1024, 128, 28, 28])
........................................................................
   FP_OUTPUTS shape torch.Size([1024, 128, 28, 28])
................................................................................
   FP_OUTPUTS shape torch.Size([1024, 128, 28, 28])
........................................................................................
   FP_OUTPUTS shape torch.Size([1024, 256, 14, 14])
................................................................................................
   FP_OUTPUTS shape torch.Size([1024, 256, 14, 14])
........................................................................................................
   FP_OUTPUTS shape torch.Size([1024, 256, 14, 14])
................................................................................................................
   FP_OUTPUTS shape torch.Size([1024, 256, 14, 14])
........................................................................................................................
   FP_OUTPUTS shape torch.Size([1024, 256, 14, 14])
................................................................................................................................
   FP_OUTPUTS shape torch.Size([1024, 512, 7, 7])
........................................................................................................................................
   FP_OUTPUTS shape torch.Size([1024, 512, 7, 7])
................................................................................................................................................
   FP_OUTPUTS shape torch.Size([1024, 512, 7, 7])
........................................................................................................................................................
   FP_OUTPUTS shape torch.Size([1024, 512, 7, 7])
................................................................................................................................................................
   FP_OUTPUTS shape torch.Size([1024, 512, 7, 7])
........................................................................................................................................................................
   FP_OUTPUTS shape torch.Size([1024, 1000])
Iter     1 | Total loss: 0.0506 (MSE:0.0506, Reg:0.0000) beta=0.00
Iter   500 | Total loss: 0.0039 (MSE:0.0039, Reg:0.0000) beta=0.00
Iter  1000 | Total loss: 0.0035 (MSE:0.0035, Reg:0.0000) beta=0.00
Iter  1500 | Total loss: 0.0030 (MSE:0.0030, Reg:0.0000) beta=0.00
Iter  2000 | Total loss: 0.0030 (MSE:0.0030, Reg:0.0000) beta=0.00
Iter  2500 | Total loss: 0.0033 (MSE:0.0033, Reg:0.0000) beta=0.00
Iter  3000 | Total loss: 0.0027 (MSE:0.0027, Reg:0.0000) beta=0.00
Iter  3500 | Total loss: 0.0033 (MSE:0.0033, Reg:0.0000) beta=0.00
Iter  4000 | Total loss: 844.8461 (MSE:0.0025, Reg:844.8435) beta=20.00
Iter  4500 | Total loss: 125.2966 (MSE:0.0035, Reg:125.2930) beta=19.44
Iter  5000 | Total loss: 82.8456 (MSE:0.0035, Reg:82.8421) beta=18.88
Iter  5500 | Total loss: 67.0035 (MSE:0.0035, Reg:67.0000) beta=18.31
Iter  6000 | Total loss: 61.2710 (MSE:0.0035, Reg:61.2675) beta=17.75
Iter  6500 | Total loss: 54.0032 (MSE:0.0032, Reg:54.0000) beta=17.19
Iter  7000 | Total loss: 52.0037 (MSE:0.0037, Reg:52.0000) beta=16.62
Iter  7500 | Total loss: 46.0029 (MSE:0.0034, Reg:45.9995) beta=16.06
Iter  8000 | Total loss: 35.0034 (MSE:0.0034, Reg:35.0000) beta=15.50
Iter  8500 | Total loss: 32.0040 (MSE:0.0040, Reg:32.0000) beta=14.94
Iter  9000 | Total loss: 32.0036 (MSE:0.0036, Reg:32.0000) beta=14.38
Iter  9500 | Total loss: 28.0036 (MSE:0.0036, Reg:28.0000) beta=13.81
Iter 10000 | Total loss: 28.0039 (MSE:0.0039, Reg:28.0000) beta=13.25
Iter 10500 | Total loss: 25.0031 (MSE:0.0031, Reg:25.0000) beta=12.69
Iter 11000 | Total loss: 22.0035 (MSE:0.0035, Reg:22.0000) beta=12.12
Iter 11500 | Total loss: 19.0038 (MSE:0.0038, Reg:19.0000) beta=11.56
Iter 12000 | Total loss: 15.0041 (MSE:0.0041, Reg:15.0000) beta=11.00
Iter 12500 | Total loss: 13.9976 (MSE:0.0039, Reg:13.9937) beta=10.44
Iter 13000 | Total loss: 12.0042 (MSE:0.0042, Reg:12.0000) beta=9.88
Iter 13500 | Total loss: 10.0038 (MSE:0.0038, Reg:10.0000) beta=9.31
Iter 14000 | Total loss: 9.0040 (MSE:0.0040, Reg:9.0000) beta=8.75
Iter 14500 | Total loss: 7.0040 (MSE:0.0040, Reg:7.0000) beta=8.19
Iter 15000 | Total loss: 4.0043 (MSE:0.0043, Reg:4.0000) beta=7.62
Iter 15500 | Total loss: 1.0038 (MSE:0.0038, Reg:1.0000) beta=7.06
Iter 16000 | Total loss: 0.0034 (MSE:0.0034, Reg:0.0000) beta=6.50
Iter 16500 | Total loss: 0.0042 (MSE:0.0042, Reg:0.0000) beta=5.94
Iter 17000 | Total loss: 0.0042 (MSE:0.0042, Reg:0.0000) beta=5.38
Iter 17500 | Total loss: 0.0038 (MSE:0.0038, Reg:0.0000) beta=4.81
Iter 18000 | Total loss: 0.0037 (MSE:0.0037, Reg:0.0000) beta=4.25
Iter 18500 | Total loss: 0.0045 (MSE:0.0045, Reg:0.0000) beta=3.69
Iter 19000 | Total loss: 0.0037 (MSE:0.0037, Reg:0.0000) beta=3.12
Iter 19500 | Total loss: 0.0041 (MSE:0.0041, Reg:0.0000) beta=2.56
Iter 20000 | Total loss: 0.0035 (MSE:0.0035, Reg:0.0000) beta=2.00
,,,,,,,,Iter     1 | Total loss: 0.0214 (MSE:0.0214, Reg:0.0000) beta=0.00
Iter   500 | Total loss: 0.0024 (MSE:0.0024, Reg:0.0000) beta=0.00
Iter  1000 | Total loss: 0.0024 (MSE:0.0024, Reg:0.0000) beta=0.00
Iter  1500 | Total loss: 0.0023 (MSE:0.0023, Reg:0.0000) beta=0.00
Iter  2000 | Total loss: 0.0020 (MSE:0.0020, Reg:0.0000) beta=0.00
Iter  2500 | Total loss: 0.0021 (MSE:0.0021, Reg:0.0000) beta=0.00
Iter  3000 | Total loss: 0.0020 (MSE:0.0020, Reg:0.0000) beta=0.00
Iter  3500 | Total loss: 0.0023 (MSE:0.0023, Reg:0.0000) beta=0.00
Iter  4000 | Total loss: 1720.1364 (MSE:0.0022, Reg:1720.1342) beta=20.00
Iter  4500 | Total loss: 164.0020 (MSE:0.0025, Reg:163.9995) beta=19.44
Iter  5000 | Total loss: 126.7633 (MSE:0.0023, Reg:126.7611) beta=18.88
Iter  5500 | Total loss: 98.0021 (MSE:0.0021, Reg:98.0000) beta=18.31
Iter  6000 | Total loss: 88.0022 (MSE:0.0022, Reg:88.0000) beta=17.75
Iter  6500 | Total loss: 85.0024 (MSE:0.0024, Reg:85.0000) beta=17.19
Iter  7000 | Total loss: 77.9630 (MSE:0.0022, Reg:77.9608) beta=16.62
Iter  7500 | Total loss: 57.4517 (MSE:0.0022, Reg:57.4495) beta=16.06
Iter  8000 | Total loss: 40.0022 (MSE:0.0022, Reg:40.0000) beta=15.50
Iter  8500 | Total loss: 33.0025 (MSE:0.0025, Reg:33.0000) beta=14.94
Iter  9000 | Total loss: 28.0026 (MSE:0.0026, Reg:28.0000) beta=14.38
Iter  9500 | Total loss: 27.0029 (MSE:0.0029, Reg:27.0000) beta=13.81
Iter 10000 | Total loss: 22.0026 (MSE:0.0026, Reg:22.0000) beta=13.25
Iter 10500 | Total loss: 19.0018 (MSE:0.0018, Reg:19.0000) beta=12.69
Iter 11000 | Total loss: 16.0024 (MSE:0.0024, Reg:16.0000) beta=12.12
Iter 11500 | Total loss: 13.0027 (MSE:0.0027, Reg:13.0000) beta=11.56
Iter 12000 | Total loss: 13.0028 (MSE:0.0028, Reg:13.0000) beta=11.00
Iter 12500 | Total loss: 9.0020 (MSE:0.0022, Reg:8.9998) beta=10.44
Iter 13000 | Total loss: 6.0023 (MSE:0.0023, Reg:6.0000) beta=9.88
Iter 13500 | Total loss: 5.0024 (MSE:0.0024, Reg:5.0000) beta=9.31
Iter 14000 | Total loss: 1.0024 (MSE:0.0024, Reg:1.0000) beta=8.75
Iter 14500 | Total loss: 1.0027 (MSE:0.0027, Reg:1.0000) beta=8.19
Iter 15000 | Total loss: 1.0021 (MSE:0.0021, Reg:1.0000) beta=7.62
Iter 15500 | Total loss: 0.0022 (MSE:0.0022, Reg:0.0000) beta=7.06
Iter 16000 | Total loss: 0.0021 (MSE:0.0021, Reg:0.0000) beta=6.50
Iter 16500 | Total loss: 0.0025 (MSE:0.0025, Reg:0.0000) beta=5.94
Iter 17000 | Total loss: 0.0027 (MSE:0.0027, Reg:0.0000) beta=5.38
Iter 17500 | Total loss: 0.0024 (MSE:0.0024, Reg:0.0000) beta=4.81
Iter 18000 | Total loss: 0.0019 (MSE:0.0019, Reg:0.0000) beta=4.25
Iter 18500 | Total loss: 0.0026 (MSE:0.0026, Reg:0.0000) beta=3.69
Iter 19000 | Total loss: 0.0023 (MSE:0.0023, Reg:0.0000) beta=3.12
Iter 19500 | Total loss: 0.0025 (MSE:0.0025, Reg:0.0000) beta=2.56
Iter 20000 | Total loss: 0.0020 (MSE:0.0020, Reg:0.0000) beta=2.00
,,,,,,,,,,,,,,,,Iter     1 | Total loss: 0.0019 (MSE:0.0019, Reg:0.0000) beta=0.00
Iter   500 | Total loss: 0.0008 (MSE:0.0008, Reg:0.0000) beta=0.00
Iter  1000 | Total loss: 0.0007 (MSE:0.0007, Reg:0.0000) beta=0.00
Iter  1500 | Total loss: 0.0008 (MSE:0.0008, Reg:0.0000) beta=0.00
Iter  2000 | Total loss: 0.0006 (MSE:0.0006, Reg:0.0000) beta=0.00
Iter  2500 | Total loss: 0.0006 (MSE:0.0006, Reg:0.0000) beta=0.00
Iter  3000 | Total loss: 0.0007 (MSE:0.0007, Reg:0.0000) beta=0.00
Iter  3500 | Total loss: 0.0007 (MSE:0.0007, Reg:0.0000) beta=0.00
Iter  4000 | Total loss: 3111.2273 (MSE:0.0007, Reg:3111.2266) beta=20.00
Iter  4500 | Total loss: 420.2473 (MSE:0.0007, Reg:420.2466) beta=19.44
Iter  5000 | Total loss: 289.3170 (MSE:0.0007, Reg:289.3163) beta=18.88
Iter  5500 | Total loss: 224.0007 (MSE:0.0007, Reg:224.0000) beta=18.31
Iter  6000 | Total loss: 178.9555 (MSE:0.0009, Reg:178.9546) beta=17.75
Iter  6500 | Total loss: 145.9734 (MSE:0.0008, Reg:145.9726) beta=17.19
Iter  7000 | Total loss: 133.0008 (MSE:0.0008, Reg:133.0000) beta=16.62
Iter  7500 | Total loss: 122.0007 (MSE:0.0007, Reg:122.0000) beta=16.06
Iter  8000 | Total loss: 116.0008 (MSE:0.0008, Reg:116.0000) beta=15.50
Iter  8500 | Total loss: 105.9658 (MSE:0.0007, Reg:105.9650) beta=14.94
Iter  9000 | Total loss: 90.2073 (MSE:0.0007, Reg:90.2067) beta=14.38
Iter  9500 | Total loss: 63.9997 (MSE:0.0008, Reg:63.9989) beta=13.81
Iter 10000 | Total loss: 42.9996 (MSE:0.0007, Reg:42.9989) beta=13.25
Iter 10500 | Total loss: 31.7038 (MSE:0.0010, Reg:31.7028) beta=12.69
Iter 11000 | Total loss: 19.0009 (MSE:0.0009, Reg:19.0000) beta=12.12
Iter 11500 | Total loss: 16.0007 (MSE:0.0007, Reg:16.0000) beta=11.56
Iter 12000 | Total loss: 10.0007 (MSE:0.0007, Reg:10.0000) beta=11.00
Iter 12500 | Total loss: 8.0008 (MSE:0.0008, Reg:8.0000) beta=10.44
Iter 13000 | Total loss: 4.9878 (MSE:0.0006, Reg:4.9872) beta=9.88
Iter 13500 | Total loss: 4.0007 (MSE:0.0007, Reg:4.0000) beta=9.31
Iter 14000 | Total loss: 3.0008 (MSE:0.0008, Reg:3.0000) beta=8.75
Iter 14500 | Total loss: 2.0008 (MSE:0.0008, Reg:2.0000) beta=8.19
Iter 15000 | Total loss: 1.0008 (MSE:0.0008, Reg:1.0000) beta=7.62
Iter 15500 | Total loss: 0.0008 (MSE:0.0008, Reg:0.0000) beta=7.06
Iter 16000 | Total loss: 0.0008 (MSE:0.0008, Reg:0.0000) beta=6.50
Iter 16500 | Total loss: 0.0008 (MSE:0.0008, Reg:0.0000) beta=5.94
Iter 17000 | Total loss: 0.0008 (MSE:0.0008, Reg:0.0000) beta=5.38
Iter 17500 | Total loss: 0.0007 (MSE:0.0007, Reg:0.0000) beta=4.81
Iter 18000 | Total loss: 0.0007 (MSE:0.0007, Reg:0.0000) beta=4.25
Iter 18500 | Total loss: 0.0008 (MSE:0.0008, Reg:0.0000) beta=3.69
Iter 19000 | Total loss: 0.0009 (MSE:0.0009, Reg:0.0000) beta=3.12
Iter 19500 | Total loss: 0.0007 (MSE:0.0007, Reg:0.0000) beta=2.56
Iter 20000 | Total loss: 0.0008 (MSE:0.0008, Reg:0.0000) beta=2.00
,,,,,,,,,,,,,,,,,,,,,,,,Iter     1 | Total loss: 0.0244 (MSE:0.0244, Reg:0.0000) beta=0.00
Iter   500 | Total loss: 0.0052 (MSE:0.0052, Reg:0.0000) beta=0.00
Iter  1000 | Total loss: 0.0059 (MSE:0.0059, Reg:0.0000) beta=0.00
Iter  1500 | Total loss: 0.0050 (MSE:0.0050, Reg:0.0000) beta=0.00
Iter  2000 | Total loss: 0.0056 (MSE:0.0056, Reg:0.0000) beta=0.00
Iter  2500 | Total loss: 0.0045 (MSE:0.0045, Reg:0.0000) beta=0.00
Iter  3000 | Total loss: 0.0049 (MSE:0.0049, Reg:0.0000) beta=0.00
Iter  3500 | Total loss: 0.0058 (MSE:0.0058, Reg:0.0000) beta=0.00
Iter  4000 | Total loss: 2388.9402 (MSE:0.0057, Reg:2388.9346) beta=20.00
Iter  4500 | Total loss: 341.9127 (MSE:0.0061, Reg:341.9066) beta=19.44
Iter  5000 | Total loss: 282.0054 (MSE:0.0054, Reg:282.0000) beta=18.88
Iter  5500 | Total loss: 250.0048 (MSE:0.0052, Reg:249.9996) beta=18.31
Iter  6000 | Total loss: 230.0019 (MSE:0.0047, Reg:229.9971) beta=17.75
Iter  6500 | Total loss: 200.0054 (MSE:0.0054, Reg:200.0000) beta=17.19
Iter  7000 | Total loss: 193.0065 (MSE:0.0065, Reg:193.0000) beta=16.62
Iter  7500 | Total loss: 171.7198 (MSE:0.0052, Reg:171.7147) beta=16.06
Iter  8000 | Total loss: 150.0058 (MSE:0.0058, Reg:150.0000) beta=15.50
Iter  8500 | Total loss: 140.0058 (MSE:0.0058, Reg:140.0000) beta=14.94
Iter  9000 | Total loss: 133.8186 (MSE:0.0056, Reg:133.8130) beta=14.38
Iter  9500 | Total loss: 103.0009 (MSE:0.0056, Reg:102.9953) beta=13.81
Iter 10000 | Total loss: 71.0057 (MSE:0.0057, Reg:71.0000) beta=13.25
Iter 10500 | Total loss: 58.7024 (MSE:0.0052, Reg:58.6972) beta=12.69
Iter 11000 | Total loss: 46.0058 (MSE:0.0058, Reg:46.0000) beta=12.12
Iter 11500 | Total loss: 43.0051 (MSE:0.0051, Reg:43.0000) beta=11.56
Iter 12000 | Total loss: 38.0048 (MSE:0.0048, Reg:38.0000) beta=11.00
Iter 12500 | Total loss: 24.9752 (MSE:0.0057, Reg:24.9695) beta=10.44
Iter 13000 | Total loss: 14.0052 (MSE:0.0052, Reg:14.0000) beta=9.88
Iter 13500 | Total loss: 10.0056 (MSE:0.0056, Reg:10.0000) beta=9.31
Iter 14000 | Total loss: 9.0053 (MSE:0.0053, Reg:9.0000) beta=8.75
Iter 14500 | Total loss: 5.0062 (MSE:0.0062, Reg:5.0000) beta=8.19
Iter 15000 | Total loss: 2.0055 (MSE:0.0055, Reg:2.0000) beta=7.62
Iter 15500 | Total loss: 2.0049 (MSE:0.0049, Reg:2.0000) beta=7.06
Iter 16000 | Total loss: 1.0062 (MSE:0.0062, Reg:1.0000) beta=6.50
Iter 16500 | Total loss: 0.0058 (MSE:0.0058, Reg:0.0000) beta=5.94
Iter 17000 | Total loss: 0.0058 (MSE:0.0058, Reg:0.0000) beta=5.38
Iter 17500 | Total loss: 0.0056 (MSE:0.0056, Reg:0.0000) beta=4.81
Iter 18000 | Total loss: 0.0059 (MSE:0.0059, Reg:0.0000) beta=4.25
Iter 18500 | Total loss: 0.0057 (MSE:0.0057, Reg:0.0000) beta=3.69
Iter 19000 | Total loss: 0.0061 (MSE:0.0061, Reg:0.0000) beta=3.12
Iter 19500 | Total loss: 0.0057 (MSE:0.0057, Reg:0.0000) beta=2.56
Iter 20000 | Total loss: 0.0049 (MSE:0.0049, Reg:0.0000) beta=2.00
,,,,,,,,,,,,,,,,,,,,,,,,,,,,,,,,Iter     1 | Total loss: 0.0021 (MSE:0.0021, Reg:0.0000) beta=0.00
Iter   500 | Total loss: 0.0012 (MSE:0.0012, Reg:0.0000) beta=0.00
Iter  1000 | Total loss: 0.0012 (MSE:0.0012, Reg:0.0000) beta=0.00
Iter  1500 | Total loss: 0.0012 (MSE:0.0012, Reg:0.0000) beta=0.00
Iter  2000 | Total loss: 0.0013 (MSE:0.0013, Reg:0.0000) beta=0.00
Iter  2500 | Total loss: 0.0013 (MSE:0.0013, Reg:0.0000) beta=0.00
Iter  3000 | Total loss: 0.0012 (MSE:0.0012, Reg:0.0000) beta=0.00
Iter  3500 | Total loss: 0.0011 (MSE:0.0011, Reg:0.0000) beta=0.00
Iter  4000 | Total loss: 5146.9580 (MSE:0.0011, Reg:5146.9570) beta=20.00
Iter  4500 | Total loss: 666.1043 (MSE:0.0012, Reg:666.1031) beta=19.44
Iter  5000 | Total loss: 522.8199 (MSE:0.0011, Reg:522.8187) beta=18.88
Iter  5500 | Total loss: 441.9059 (MSE:0.0013, Reg:441.9045) beta=18.31
Iter  6000 | Total loss: 373.5826 (MSE:0.0014, Reg:373.5811) beta=17.75
Iter  6500 | Total loss: 353.0008 (MSE:0.0013, Reg:352.9995) beta=17.19
Iter  7000 | Total loss: 321.2591 (MSE:0.0012, Reg:321.2579) beta=16.62
Iter  7500 | Total loss: 277.0443 (MSE:0.0013, Reg:277.0430) beta=16.06
Iter  8000 | Total loss: 245.0014 (MSE:0.0014, Reg:245.0000) beta=15.50
Iter  8500 | Total loss: 227.1957 (MSE:0.0014, Reg:227.1944) beta=14.94
Iter  9000 | Total loss: 195.0012 (MSE:0.0012, Reg:195.0000) beta=14.38
Iter  9500 | Total loss: 164.1068 (MSE:0.0012, Reg:164.1056) beta=13.81
Iter 10000 | Total loss: 133.9912 (MSE:0.0014, Reg:133.9897) beta=13.25
Iter 10500 | Total loss: 88.7919 (MSE:0.0013, Reg:88.7906) beta=12.69
Iter 11000 | Total loss: 62.0013 (MSE:0.0013, Reg:62.0000) beta=12.12
Iter 11500 | Total loss: 44.9736 (MSE:0.0014, Reg:44.9721) beta=11.56
Iter 12000 | Total loss: 31.0013 (MSE:0.0013, Reg:31.0000) beta=11.00
Iter 12500 | Total loss: 24.0013 (MSE:0.0013, Reg:24.0000) beta=10.44
Iter 13000 | Total loss: 19.0014 (MSE:0.0014, Reg:19.0000) beta=9.88
Iter 13500 | Total loss: 14.0012 (MSE:0.0012, Reg:14.0000) beta=9.31
Iter 14000 | Total loss: 11.0009 (MSE:0.0014, Reg:10.9995) beta=8.75
Iter 14500 | Total loss: 5.0981 (MSE:0.0012, Reg:5.0968) beta=8.19
Iter 15000 | Total loss: 0.0013 (MSE:0.0013, Reg:0.0000) beta=7.62
Iter 15500 | Total loss: 0.0015 (MSE:0.0015, Reg:0.0000) beta=7.06
Iter 16000 | Total loss: 0.0014 (MSE:0.0014, Reg:0.0000) beta=6.50
Iter 16500 | Total loss: 0.0014 (MSE:0.0014, Reg:0.0000) beta=5.94
Iter 17000 | Total loss: 0.0013 (MSE:0.0013, Reg:0.0000) beta=5.38
Iter 17500 | Total loss: 0.0013 (MSE:0.0013, Reg:0.0000) beta=4.81
Iter 18000 | Total loss: 0.0013 (MSE:0.0013, Reg:0.0000) beta=4.25
Iter 18500 | Total loss: 0.0014 (MSE:0.0014, Reg:0.0000) beta=3.69
Iter 19000 | Total loss: 0.0014 (MSE:0.0014, Reg:0.0000) beta=3.12
Iter 19500 | Total loss: 0.0015 (MSE:0.0015, Reg:0.0000) beta=2.56
Iter 20000 | Total loss: 0.0012 (MSE:0.0012, Reg:0.0000) beta=2.00
,,,,,,,,,,,,,,,,,,,,,,,,,,,,,,,,,,,,,,,,Iter     1 | Total loss: 0.0246 (MSE:0.0246, Reg:0.0000) beta=0.00
Iter   500 | Total loss: 0.0117 (MSE:0.0117, Reg:0.0000) beta=0.00
Iter  1000 | Total loss: 0.0119 (MSE:0.0119, Reg:0.0000) beta=0.00
Iter  1500 | Total loss: 0.0121 (MSE:0.0121, Reg:0.0000) beta=0.00
Iter  2000 | Total loss: 0.0124 (MSE:0.0124, Reg:0.0000) beta=0.00
Iter  2500 | Total loss: 0.0140 (MSE:0.0140, Reg:0.0000) beta=0.00
Iter  3000 | Total loss: 0.0111 (MSE:0.0111, Reg:0.0000) beta=0.00
Iter  3500 | Total loss: 0.0128 (MSE:0.0128, Reg:0.0000) beta=0.00
Iter  4000 | Total loss: 5199.1821 (MSE:0.0128, Reg:5199.1694) beta=20.00
Iter  4500 | Total loss: 705.0356 (MSE:0.0116, Reg:705.0240) beta=19.44
Iter  5000 | Total loss: 575.1746 (MSE:0.0123, Reg:575.1624) beta=18.88
Iter  5500 | Total loss: 507.8000 (MSE:0.0137, Reg:507.7863) beta=18.31
Iter  6000 | Total loss: 463.6808 (MSE:0.0125, Reg:463.6683) beta=17.75
Iter  6500 | Total loss: 433.7826 (MSE:0.0120, Reg:433.7707) beta=17.19
Iter  7000 | Total loss: 395.1092 (MSE:0.0136, Reg:395.0956) beta=16.62
Iter  7500 | Total loss: 346.0131 (MSE:0.0131, Reg:346.0000) beta=16.06
Iter  8000 | Total loss: 313.7443 (MSE:0.0123, Reg:313.7320) beta=15.50
Iter  8500 | Total loss: 285.7430 (MSE:0.0139, Reg:285.7290) beta=14.94
Iter  9000 | Total loss: 247.1180 (MSE:0.0138, Reg:247.1042) beta=14.38
Iter  9500 | Total loss: 211.0054 (MSE:0.0126, Reg:210.9928) beta=13.81
Iter 10000 | Total loss: 189.0121 (MSE:0.0123, Reg:188.9999) beta=13.25
Iter 10500 | Total loss: 159.0127 (MSE:0.0131, Reg:158.9996) beta=12.69
Iter 11000 | Total loss: 86.4025 (MSE:0.0123, Reg:86.3901) beta=12.12
Iter 11500 | Total loss: 54.8375 (MSE:0.0142, Reg:54.8233) beta=11.56
Iter 12000 | Total loss: 31.0127 (MSE:0.0127, Reg:31.0000) beta=11.00
Iter 12500 | Total loss: 25.3426 (MSE:0.0116, Reg:25.3310) beta=10.44
Iter 13000 | Total loss: 15.9836 (MSE:0.0138, Reg:15.9698) beta=9.88
Iter 13500 | Total loss: 7.0120 (MSE:0.0120, Reg:7.0000) beta=9.31
Iter 14000 | Total loss: 5.0135 (MSE:0.0135, Reg:5.0000) beta=8.75
Iter 14500 | Total loss: 5.0139 (MSE:0.0139, Reg:5.0000) beta=8.19
Iter 15000 | Total loss: 2.0141 (MSE:0.0141, Reg:2.0000) beta=7.62
Iter 15500 | Total loss: 1.0420 (MSE:0.0127, Reg:1.0293) beta=7.06
Iter 16000 | Total loss: 0.0130 (MSE:0.0130, Reg:0.0000) beta=6.50
Iter 16500 | Total loss: 0.0121 (MSE:0.0121, Reg:0.0000) beta=5.94
Iter 17000 | Total loss: 0.0128 (MSE:0.0128, Reg:0.0000) beta=5.38
Iter 17500 | Total loss: 0.0127 (MSE:0.0127, Reg:0.0000) beta=4.81
Iter 18000 | Total loss: 0.0123 (MSE:0.0123, Reg:0.0000) beta=4.25
Iter 18500 | Total loss: 0.0115 (MSE:0.0115, Reg:0.0000) beta=3.69
Iter 19000 | Total loss: 0.0112 (MSE:0.0112, Reg:0.0000) beta=3.12
Iter 19500 | Total loss: 0.0120 (MSE:0.0120, Reg:0.0000) beta=2.56
Iter 20000 | Total loss: 0.0129 (MSE:0.0129, Reg:0.0000) beta=2.00
,,,,,,,,,,,,,,,,,,,,,,,,,,,,,,,,,,,,,,,,,,,,,,,,Iter     1 | Total loss: 0.0035 (MSE:0.0035, Reg:0.0000) beta=0.00
Iter   500 | Total loss: 0.0019 (MSE:0.0019, Reg:0.0000) beta=0.00
Iter  1000 | Total loss: 0.0021 (MSE:0.0021, Reg:0.0000) beta=0.00
Iter  1500 | Total loss: 0.0019 (MSE:0.0019, Reg:0.0000) beta=0.00
Iter  2000 | Total loss: 0.0020 (MSE:0.0020, Reg:0.0000) beta=0.00
Iter  2500 | Total loss: 0.0019 (MSE:0.0019, Reg:0.0000) beta=0.00
Iter  3000 | Total loss: 0.0020 (MSE:0.0020, Reg:0.0000) beta=0.00
Iter  3500 | Total loss: 0.0020 (MSE:0.0020, Reg:0.0000) beta=0.00
Iter  4000 | Total loss: 17163.9883 (MSE:0.0019, Reg:17163.9863) beta=20.00
Iter  4500 | Total loss: 1419.5826 (MSE:0.0021, Reg:1419.5806) beta=19.44
Iter  5000 | Total loss: 1146.5137 (MSE:0.0021, Reg:1146.5116) beta=18.88
Iter  5500 | Total loss: 1021.4593 (MSE:0.0023, Reg:1021.4570) beta=18.31
Iter  6000 | Total loss: 953.6470 (MSE:0.0020, Reg:953.6450) beta=17.75
Iter  6500 | Total loss: 868.5234 (MSE:0.0020, Reg:868.5214) beta=17.19
Iter  7000 | Total loss: 788.9578 (MSE:0.0020, Reg:788.9558) beta=16.62
Iter  7500 | Total loss: 714.9860 (MSE:0.0022, Reg:714.9839) beta=16.06
Iter  8000 | Total loss: 663.0021 (MSE:0.0022, Reg:662.9999) beta=15.50
Iter  8500 | Total loss: 604.6292 (MSE:0.0022, Reg:604.6270) beta=14.94
Iter  9000 | Total loss: 541.2148 (MSE:0.0021, Reg:541.2126) beta=14.38
Iter  9500 | Total loss: 453.9039 (MSE:0.0022, Reg:453.9017) beta=13.81
Iter 10000 | Total loss: 368.1114 (MSE:0.0020, Reg:368.1094) beta=13.25
Iter 10500 | Total loss: 311.9084 (MSE:0.0020, Reg:311.9064) beta=12.69
Iter 11000 | Total loss: 238.8809 (MSE:0.0022, Reg:238.8787) beta=12.12
Iter 11500 | Total loss: 166.2870 (MSE:0.0022, Reg:166.2849) beta=11.56
Iter 12000 | Total loss: 109.0397 (MSE:0.0022, Reg:109.0375) beta=11.00
Iter 12500 | Total loss: 57.0017 (MSE:0.0022, Reg:56.9995) beta=10.44
Iter 13000 | Total loss: 37.0015 (MSE:0.0024, Reg:36.9991) beta=9.88
Iter 13500 | Total loss: 14.0022 (MSE:0.0022, Reg:14.0000) beta=9.31
Iter 14000 | Total loss: 4.0021 (MSE:0.0021, Reg:4.0000) beta=8.75
Iter 14500 | Total loss: 3.0021 (MSE:0.0021, Reg:3.0000) beta=8.19
Iter 15000 | Total loss: 1.1694 (MSE:0.0019, Reg:1.1675) beta=7.62
Iter 15500 | Total loss: 0.9951 (MSE:0.0021, Reg:0.9930) beta=7.06
Iter 16000 | Total loss: 0.0021 (MSE:0.0021, Reg:0.0000) beta=6.50
Iter 16500 | Total loss: 0.0022 (MSE:0.0022, Reg:0.0000) beta=5.94
Iter 17000 | Total loss: 0.0020 (MSE:0.0020, Reg:0.0000) beta=5.38
Iter 17500 | Total loss: 0.0020 (MSE:0.0020, Reg:0.0000) beta=4.81
Iter 18000 | Total loss: 0.0022 (MSE:0.0022, Reg:0.0000) beta=4.25
Iter 18500 | Total loss: 0.0022 (MSE:0.0022, Reg:0.0000) beta=3.69
Iter 19000 | Total loss: 0.0020 (MSE:0.0020, Reg:0.0000) beta=3.12
Iter 19500 | Total loss: 0.0021 (MSE:0.0021, Reg:0.0000) beta=2.56
Iter 20000 | Total loss: 0.0021 (MSE:0.0021, Reg:0.0000) beta=2.00
,,,,,,,,,,,,,,,,,,,,,,,,,,,,,,,,,,,,,,,,,,,,,,,,,,,,,,,,Iter     1 | Total loss: 0.0038 (MSE:0.0038, Reg:0.0000) beta=0.00
Iter   500 | Total loss: 0.0015 (MSE:0.0015, Reg:0.0000) beta=0.00
Iter  1000 | Total loss: 0.0016 (MSE:0.0016, Reg:0.0000) beta=0.00
Iter  1500 | Total loss: 0.0014 (MSE:0.0014, Reg:0.0000) beta=0.00
Iter  2000 | Total loss: 0.0016 (MSE:0.0016, Reg:0.0000) beta=0.00
Iter  2500 | Total loss: 0.0013 (MSE:0.0013, Reg:0.0000) beta=0.00
Iter  3000 | Total loss: 0.0017 (MSE:0.0017, Reg:0.0000) beta=0.00
Iter  3500 | Total loss: 0.0015 (MSE:0.0015, Reg:0.0000) beta=0.00
Iter  4000 | Total loss: 2051.8762 (MSE:0.0016, Reg:2051.8748) beta=20.00
Iter  4500 | Total loss: 235.8189 (MSE:0.0017, Reg:235.8172) beta=19.44
Iter  5000 | Total loss: 222.9795 (MSE:0.0018, Reg:222.9777) beta=18.88
Iter  5500 | Total loss: 210.0018 (MSE:0.0018, Reg:210.0000) beta=18.31
Iter  6000 | Total loss: 205.0018 (MSE:0.0018, Reg:205.0000) beta=17.75
Iter  6500 | Total loss: 190.0015 (MSE:0.0017, Reg:189.9998) beta=17.19
Iter  7000 | Total loss: 183.0018 (MSE:0.0018, Reg:183.0000) beta=16.62
Iter  7500 | Total loss: 171.0017 (MSE:0.0020, Reg:170.9998) beta=16.06
Iter  8000 | Total loss: 160.0009 (MSE:0.0017, Reg:159.9992) beta=15.50
Iter  8500 | Total loss: 142.0018 (MSE:0.0018, Reg:142.0000) beta=14.94
Iter  9000 | Total loss: 132.0017 (MSE:0.0017, Reg:132.0000) beta=14.38
Iter  9500 | Total loss: 115.0018 (MSE:0.0018, Reg:115.0000) beta=13.81
Iter 10000 | Total loss: 109.0018 (MSE:0.0018, Reg:109.0000) beta=13.25
Iter 10500 | Total loss: 99.0020 (MSE:0.0020, Reg:99.0000) beta=12.69
Iter 11000 | Total loss: 70.7703 (MSE:0.0019, Reg:70.7684) beta=12.12
Iter 11500 | Total loss: 51.0007 (MSE:0.0018, Reg:50.9990) beta=11.56
Iter 12000 | Total loss: 39.0019 (MSE:0.0019, Reg:39.0000) beta=11.00
Iter 12500 | Total loss: 24.0017 (MSE:0.0017, Reg:24.0000) beta=10.44
Iter 13000 | Total loss: 14.0018 (MSE:0.0018, Reg:14.0000) beta=9.88
Iter 13500 | Total loss: 10.0019 (MSE:0.0019, Reg:10.0000) beta=9.31
Iter 14000 | Total loss: 4.0019 (MSE:0.0019, Reg:4.0000) beta=8.75
Iter 14500 | Total loss: 2.0019 (MSE:0.0019, Reg:2.0000) beta=8.19
Iter 15000 | Total loss: 0.0020 (MSE:0.0020, Reg:0.0000) beta=7.62
Iter 15500 | Total loss: 0.0019 (MSE:0.0019, Reg:0.0000) beta=7.06
Iter 16000 | Total loss: 0.0017 (MSE:0.0017, Reg:0.0000) beta=6.50
Iter 16500 | Total loss: 0.0018 (MSE:0.0018, Reg:0.0000) beta=5.94
Iter 17000 | Total loss: 0.0018 (MSE:0.0018, Reg:0.0000) beta=5.38
Iter 17500 | Total loss: 0.0016 (MSE:0.0016, Reg:0.0000) beta=4.81
Iter 18000 | Total loss: 0.0017 (MSE:0.0017, Reg:0.0000) beta=4.25
Iter 18500 | Total loss: 0.0019 (MSE:0.0019, Reg:0.0000) beta=3.69
Iter 19000 | Total loss: 0.0019 (MSE:0.0019, Reg:0.0000) beta=3.12
Iter 19500 | Total loss: 0.0019 (MSE:0.0019, Reg:0.0000) beta=2.56
Iter 20000 | Total loss: 0.0022 (MSE:0.0022, Reg:0.0000) beta=2.00
,,,,,,,,,,,,,,,,,,,,,,,,,,,,,,,,,,,,,,,,,,,,,,,,,,,,,,,,,,,,,,,,Iter     1 | Total loss: 0.0105 (MSE:0.0105, Reg:0.0000) beta=0.00
Iter   500 | Total loss: 0.0062 (MSE:0.0062, Reg:0.0000) beta=0.00
Iter  1000 | Total loss: 0.0058 (MSE:0.0058, Reg:0.0000) beta=0.00
Iter  1500 | Total loss: 0.0060 (MSE:0.0060, Reg:0.0000) beta=0.00
Iter  2000 | Total loss: 0.0059 (MSE:0.0059, Reg:0.0000) beta=0.00
Iter  2500 | Total loss: 0.0066 (MSE:0.0066, Reg:0.0000) beta=0.00
Iter  3000 | Total loss: 0.0063 (MSE:0.0063, Reg:0.0000) beta=0.00
Iter  3500 | Total loss: 0.0062 (MSE:0.0062, Reg:0.0000) beta=0.00
Iter  4000 | Total loss: 15868.4473 (MSE:0.0055, Reg:15868.4414) beta=20.00
Iter  4500 | Total loss: 1905.8870 (MSE:0.0063, Reg:1905.8807) beta=19.44
Iter  5000 | Total loss: 1521.8629 (MSE:0.0068, Reg:1521.8561) beta=18.88
Iter  5500 | Total loss: 1328.3794 (MSE:0.0064, Reg:1328.3730) beta=18.31
Iter  6000 | Total loss: 1202.9691 (MSE:0.0063, Reg:1202.9628) beta=17.75
Iter  6500 | Total loss: 1116.6530 (MSE:0.0065, Reg:1116.6465) beta=17.19
Iter  7000 | Total loss: 991.1456 (MSE:0.0067, Reg:991.1389) beta=16.62
Iter  7500 | Total loss: 917.2395 (MSE:0.0065, Reg:917.2330) beta=16.06
Iter  8000 | Total loss: 832.0236 (MSE:0.0061, Reg:832.0175) beta=15.50
Iter  8500 | Total loss: 766.2111 (MSE:0.0065, Reg:766.2045) beta=14.94
Iter  9000 | Total loss: 671.5529 (MSE:0.0060, Reg:671.5469) beta=14.38
Iter  9500 | Total loss: 571.4254 (MSE:0.0062, Reg:571.4192) beta=13.81
Iter 10000 | Total loss: 435.2160 (MSE:0.0063, Reg:435.2097) beta=13.25
Iter 10500 | Total loss: 322.0653 (MSE:0.0065, Reg:322.0588) beta=12.69
Iter 11000 | Total loss: 230.9841 (MSE:0.0059, Reg:230.9783) beta=12.12
Iter 11500 | Total loss: 171.5373 (MSE:0.0071, Reg:171.5302) beta=11.56
Iter 12000 | Total loss: 121.0060 (MSE:0.0060, Reg:121.0000) beta=11.00
Iter 12500 | Total loss: 79.7989 (MSE:0.0066, Reg:79.7923) beta=10.44
Iter 13000 | Total loss: 45.9271 (MSE:0.0068, Reg:45.9202) beta=9.88
Iter 13500 | Total loss: 22.0064 (MSE:0.0064, Reg:22.0000) beta=9.31
Iter 14000 | Total loss: 15.0061 (MSE:0.0061, Reg:15.0000) beta=8.75
Iter 14500 | Total loss: 3.0065 (MSE:0.0065, Reg:3.0000) beta=8.19
Iter 15000 | Total loss: 1.0060 (MSE:0.0060, Reg:1.0000) beta=7.62
Iter 15500 | Total loss: 0.0060 (MSE:0.0060, Reg:0.0000) beta=7.06
Iter 16000 | Total loss: 0.0065 (MSE:0.0065, Reg:0.0000) beta=6.50
Iter 16500 | Total loss: 0.0065 (MSE:0.0065, Reg:0.0000) beta=5.94
Iter 17000 | Total loss: 0.0061 (MSE:0.0061, Reg:0.0000) beta=5.38
Iter 17500 | Total loss: 0.0068 (MSE:0.0068, Reg:0.0000) beta=4.81
Iter 18000 | Total loss: 0.0064 (MSE:0.0064, Reg:0.0000) beta=4.25
Iter 18500 | Total loss: 0.0070 (MSE:0.0070, Reg:0.0000) beta=3.69
Iter 19000 | Total loss: 0.0064 (MSE:0.0064, Reg:0.0000) beta=3.12
Iter 19500 | Total loss: 0.0058 (MSE:0.0058, Reg:0.0000) beta=2.56
Iter 20000 | Total loss: 0.0060 (MSE:0.0060, Reg:0.0000) beta=2.00
,,,,,,,,,,,,,,,,,,,,,,,,,,,,,,,,,,,,,,,,,,,,,,,,,,,,,,,,,,,,,,,,,,,,,,,,Iter     1 | Total loss: 0.0016 (MSE:0.0016, Reg:0.0000) beta=0.00
Iter   500 | Total loss: 0.0012 (MSE:0.0012, Reg:0.0000) beta=0.00
Iter  1000 | Total loss: 0.0012 (MSE:0.0012, Reg:0.0000) beta=0.00
Iter  1500 | Total loss: 0.0011 (MSE:0.0011, Reg:0.0000) beta=0.00
Iter  2000 | Total loss: 0.0011 (MSE:0.0011, Reg:0.0000) beta=0.00
Iter  2500 | Total loss: 0.0012 (MSE:0.0012, Reg:0.0000) beta=0.00
Iter  3000 | Total loss: 0.0012 (MSE:0.0012, Reg:0.0000) beta=0.00
Iter  3500 | Total loss: 0.0012 (MSE:0.0012, Reg:0.0000) beta=0.00
Iter  4000 | Total loss: 32007.8574 (MSE:0.0011, Reg:32007.8555) beta=20.00
Iter  4500 | Total loss: 3285.9905 (MSE:0.0013, Reg:3285.9893) beta=19.44
Iter  5000 | Total loss: 2408.3452 (MSE:0.0012, Reg:2408.3440) beta=18.88
Iter  5500 | Total loss: 2013.2401 (MSE:0.0011, Reg:2013.2390) beta=18.31
Iter  6000 | Total loss: 1761.1025 (MSE:0.0012, Reg:1761.1013) beta=17.75
Iter  6500 | Total loss: 1620.3076 (MSE:0.0012, Reg:1620.3064) beta=17.19
Iter  7000 | Total loss: 1465.5176 (MSE:0.0012, Reg:1465.5164) beta=16.62
Iter  7500 | Total loss: 1318.7338 (MSE:0.0012, Reg:1318.7325) beta=16.06
Iter  8000 | Total loss: 1166.3013 (MSE:0.0013, Reg:1166.3000) beta=15.50
Iter  8500 | Total loss: 1056.8800 (MSE:0.0012, Reg:1056.8788) beta=14.94
Iter  9000 | Total loss: 945.2051 (MSE:0.0012, Reg:945.2039) beta=14.38
Iter  9500 | Total loss: 834.7978 (MSE:0.0012, Reg:834.7966) beta=13.81
Iter 10000 | Total loss: 697.4872 (MSE:0.0012, Reg:697.4860) beta=13.25
Iter 10500 | Total loss: 569.1684 (MSE:0.0012, Reg:569.1672) beta=12.69
Iter 11000 | Total loss: 463.6640 (MSE:0.0013, Reg:463.6627) beta=12.12
Iter 11500 | Total loss: 353.8048 (MSE:0.0012, Reg:353.8036) beta=11.56
Iter 12000 | Total loss: 256.4525 (MSE:0.0013, Reg:256.4511) beta=11.00
Iter 12500 | Total loss: 175.7769 (MSE:0.0012, Reg:175.7757) beta=10.44
Iter 13000 | Total loss: 119.9890 (MSE:0.0012, Reg:119.9878) beta=9.88
Iter 13500 | Total loss: 65.8565 (MSE:0.0013, Reg:65.8551) beta=9.31
Iter 14000 | Total loss: 42.1900 (MSE:0.0012, Reg:42.1888) beta=8.75
Iter 14500 | Total loss: 23.0011 (MSE:0.0011, Reg:22.9999) beta=8.19
Iter 15000 | Total loss: 10.8025 (MSE:0.0012, Reg:10.8012) beta=7.62
Iter 15500 | Total loss: 4.0011 (MSE:0.0012, Reg:3.9999) beta=7.06
Iter 16000 | Total loss: 0.0013 (MSE:0.0013, Reg:0.0000) beta=6.50
Iter 16500 | Total loss: 0.0012 (MSE:0.0012, Reg:0.0000) beta=5.94
Iter 17000 | Total loss: 0.0012 (MSE:0.0012, Reg:0.0000) beta=5.38
Iter 17500 | Total loss: 0.0012 (MSE:0.0012, Reg:0.0000) beta=4.81
Iter 18000 | Total loss: 0.0013 (MSE:0.0013, Reg:0.0000) beta=4.25
Iter 18500 | Total loss: 0.0012 (MSE:0.0012, Reg:0.0000) beta=3.69
Iter 19000 | Total loss: 0.0012 (MSE:0.0012, Reg:0.0000) beta=3.12
Iter 19500 | Total loss: 0.0012 (MSE:0.0012, Reg:0.0000) beta=2.56
Iter 20000 | Total loss: 0.0012 (MSE:0.0012, Reg:0.0000) beta=2.00
,,,,,,,,,,,,,,,,,,,,,,,,,,,,,,,,,,,,,,,,,,,,,,,,,,,,,,,,,,,,,,,,,,,,,,,,,,,,,,,,Iter     1 | Total loss: 0.0098 (MSE:0.0098, Reg:0.0000) beta=0.00
Iter   500 | Total loss: 0.0062 (MSE:0.0062, Reg:0.0000) beta=0.00
Iter  1000 | Total loss: 0.0066 (MSE:0.0066, Reg:0.0000) beta=0.00
Iter  1500 | Total loss: 0.0062 (MSE:0.0062, Reg:0.0000) beta=0.00
Iter  2000 | Total loss: 0.0060 (MSE:0.0060, Reg:0.0000) beta=0.00
Iter  2500 | Total loss: 0.0062 (MSE:0.0062, Reg:0.0000) beta=0.00
Iter  3000 | Total loss: 0.0064 (MSE:0.0064, Reg:0.0000) beta=0.00
Iter  3500 | Total loss: 0.0061 (MSE:0.0061, Reg:0.0000) beta=0.00
Iter  4000 | Total loss: 34154.9961 (MSE:0.0064, Reg:34154.9883) beta=20.00
Iter  4500 | Total loss: 4018.8879 (MSE:0.0062, Reg:4018.8818) beta=19.44
Iter  5000 | Total loss: 3049.8086 (MSE:0.0066, Reg:3049.8020) beta=18.88
Iter  5500 | Total loss: 2589.4282 (MSE:0.0063, Reg:2589.4219) beta=18.31
Iter  6000 | Total loss: 2303.5642 (MSE:0.0066, Reg:2303.5576) beta=17.75
Iter  6500 | Total loss: 2085.9021 (MSE:0.0066, Reg:2085.8955) beta=17.19
Iter  7000 | Total loss: 1879.2670 (MSE:0.0070, Reg:1879.2600) beta=16.62
Iter  7500 | Total loss: 1689.0095 (MSE:0.0068, Reg:1689.0027) beta=16.06
Iter  8000 | Total loss: 1503.3113 (MSE:0.0063, Reg:1503.3049) beta=15.50
Iter  8500 | Total loss: 1329.4664 (MSE:0.0064, Reg:1329.4601) beta=14.94
Iter  9000 | Total loss: 1135.9553 (MSE:0.0066, Reg:1135.9487) beta=14.38
Iter  9500 | Total loss: 943.0219 (MSE:0.0072, Reg:943.0146) beta=13.81
Iter 10000 | Total loss: 753.1766 (MSE:0.0070, Reg:753.1697) beta=13.25
Iter 10500 | Total loss: 580.4769 (MSE:0.0063, Reg:580.4706) beta=12.69
Iter 11000 | Total loss: 413.8106 (MSE:0.0065, Reg:413.8041) beta=12.12
Iter 11500 | Total loss: 277.7332 (MSE:0.0061, Reg:277.7271) beta=11.56
Iter 12000 | Total loss: 185.8097 (MSE:0.0062, Reg:185.8035) beta=11.00
Iter 12500 | Total loss: 115.0030 (MSE:0.0064, Reg:114.9966) beta=10.44
Iter 13000 | Total loss: 67.0066 (MSE:0.0068, Reg:66.9998) beta=9.88
Iter 13500 | Total loss: 30.0064 (MSE:0.0064, Reg:30.0000) beta=9.31
Iter 14000 | Total loss: 10.0062 (MSE:0.0066, Reg:9.9996) beta=8.75
Iter 14500 | Total loss: 3.0066 (MSE:0.0066, Reg:3.0000) beta=8.19
Iter 15000 | Total loss: 0.0068 (MSE:0.0068, Reg:0.0000) beta=7.62
Iter 15500 | Total loss: 0.0068 (MSE:0.0068, Reg:0.0000) beta=7.06
Iter 16000 | Total loss: 0.0063 (MSE:0.0063, Reg:0.0000) beta=6.50
Iter 16500 | Total loss: 0.0069 (MSE:0.0069, Reg:0.0000) beta=5.94
Iter 17000 | Total loss: 0.0067 (MSE:0.0067, Reg:0.0000) beta=5.38
Iter 17500 | Total loss: 0.0064 (MSE:0.0064, Reg:0.0000) beta=4.81
Iter 18000 | Total loss: 0.0068 (MSE:0.0068, Reg:0.0000) beta=4.25
Iter 18500 | Total loss: 0.0068 (MSE:0.0068, Reg:0.0000) beta=3.69
Iter 19000 | Total loss: 0.0068 (MSE:0.0068, Reg:0.0000) beta=3.12
Iter 19500 | Total loss: 0.0063 (MSE:0.0063, Reg:0.0000) beta=2.56
Iter 20000 | Total loss: 0.0069 (MSE:0.0069, Reg:0.0000) beta=2.00
,,,,,,,,,,,,,,,,,,,,,,,,,,,,,,,,,,,,,,,,,,,,,,,,,,,,,,,,,,,,,,,,,,,,,,,,,,,,,,,,,,,,,,,,Iter     1 | Total loss: 0.0041 (MSE:0.0041, Reg:0.0000) beta=0.00
Iter   500 | Total loss: 0.0027 (MSE:0.0027, Reg:0.0000) beta=0.00
Iter  1000 | Total loss: 0.0027 (MSE:0.0027, Reg:0.0000) beta=0.00
Iter  1500 | Total loss: 0.0028 (MSE:0.0028, Reg:0.0000) beta=0.00
Iter  2000 | Total loss: 0.0028 (MSE:0.0028, Reg:0.0000) beta=0.00
Iter  2500 | Total loss: 0.0027 (MSE:0.0027, Reg:0.0000) beta=0.00
Iter  3000 | Total loss: 0.0025 (MSE:0.0025, Reg:0.0000) beta=0.00
Iter  3500 | Total loss: 0.0026 (MSE:0.0026, Reg:0.0000) beta=0.00
Iter  4000 | Total loss: 69019.2891 (MSE:0.0027, Reg:69019.2891) beta=20.00
Iter  4500 | Total loss: 6589.7461 (MSE:0.0028, Reg:6589.7432) beta=19.44
Iter  5000 | Total loss: 4690.1812 (MSE:0.0030, Reg:4690.1782) beta=18.88
Iter  5500 | Total loss: 3792.8525 (MSE:0.0030, Reg:3792.8496) beta=18.31
Iter  6000 | Total loss: 3287.1384 (MSE:0.0027, Reg:3287.1357) beta=17.75
Iter  6500 | Total loss: 2861.1155 (MSE:0.0029, Reg:2861.1125) beta=17.19
Iter  7000 | Total loss: 2537.0334 (MSE:0.0029, Reg:2537.0305) beta=16.62
Iter  7500 | Total loss: 2265.4241 (MSE:0.0027, Reg:2265.4214) beta=16.06
Iter  8000 | Total loss: 2017.7937 (MSE:0.0028, Reg:2017.7909) beta=15.50
Iter  8500 | Total loss: 1777.6285 (MSE:0.0026, Reg:1777.6260) beta=14.94
Iter  9000 | Total loss: 1546.0471 (MSE:0.0027, Reg:1546.0444) beta=14.38
Iter  9500 | Total loss: 1299.0109 (MSE:0.0028, Reg:1299.0081) beta=13.81
Iter 10000 | Total loss: 1081.6198 (MSE:0.0028, Reg:1081.6169) beta=13.25
Iter 10500 | Total loss: 853.2159 (MSE:0.0028, Reg:853.2131) beta=12.69
Iter 11000 | Total loss: 661.4694 (MSE:0.0030, Reg:661.4664) beta=12.12
Iter 11500 | Total loss: 501.8043 (MSE:0.0028, Reg:501.8015) beta=11.56
Iter 12000 | Total loss: 326.0344 (MSE:0.0026, Reg:326.0318) beta=11.00
Iter 12500 | Total loss: 196.6198 (MSE:0.0029, Reg:196.6169) beta=10.44
Iter 13000 | Total loss: 116.8362 (MSE:0.0029, Reg:116.8333) beta=9.88
Iter 13500 | Total loss: 53.5016 (MSE:0.0028, Reg:53.4988) beta=9.31
Iter 14000 | Total loss: 18.8772 (MSE:0.0028, Reg:18.8744) beta=8.75
Iter 14500 | Total loss: 7.0030 (MSE:0.0030, Reg:7.0000) beta=8.19
Iter 15000 | Total loss: 2.0030 (MSE:0.0030, Reg:2.0000) beta=7.62
Iter 15500 | Total loss: 0.9413 (MSE:0.0028, Reg:0.9385) beta=7.06
Iter 16000 | Total loss: 0.0028 (MSE:0.0028, Reg:0.0000) beta=6.50
Iter 16500 | Total loss: 0.0029 (MSE:0.0029, Reg:0.0000) beta=5.94
Iter 17000 | Total loss: 0.0028 (MSE:0.0028, Reg:0.0000) beta=5.38
Iter 17500 | Total loss: 0.0030 (MSE:0.0030, Reg:0.0000) beta=4.81
Iter 18000 | Total loss: 0.0027 (MSE:0.0027, Reg:0.0000) beta=4.25
Iter 18500 | Total loss: 0.0028 (MSE:0.0028, Reg:0.0000) beta=3.69
Iter 19000 | Total loss: 0.0025 (MSE:0.0025, Reg:0.0000) beta=3.12
Iter 19500 | Total loss: 0.0028 (MSE:0.0028, Reg:0.0000) beta=2.56
Iter 20000 | Total loss: 0.0030 (MSE:0.0030, Reg:0.0000) beta=2.00
,,,,,,,,,,,,,,,,,,,,,,,,,,,,,,,,,,,,,,,,,,,,,,,,,,,,,,,,,,,,,,,,,,,,,,,,,,,,,,,,,,,,,,,,,,,,,,,,Iter     1 | Total loss: 0.0008 (MSE:0.0008, Reg:0.0000) beta=0.00
Iter   500 | Total loss: 0.0005 (MSE:0.0005, Reg:0.0000) beta=0.00
Iter  1000 | Total loss: 0.0005 (MSE:0.0005, Reg:0.0000) beta=0.00
Iter  1500 | Total loss: 0.0005 (MSE:0.0005, Reg:0.0000) beta=0.00
Iter  2000 | Total loss: 0.0005 (MSE:0.0005, Reg:0.0000) beta=0.00
Iter  2500 | Total loss: 0.0005 (MSE:0.0005, Reg:0.0000) beta=0.00
Iter  3000 | Total loss: 0.0005 (MSE:0.0005, Reg:0.0000) beta=0.00
Iter  3500 | Total loss: 0.0005 (MSE:0.0005, Reg:0.0000) beta=0.00
Iter  4000 | Total loss: 9608.8330 (MSE:0.0005, Reg:9608.8320) beta=20.00
Iter  4500 | Total loss: 948.6134 (MSE:0.0006, Reg:948.6129) beta=19.44
Iter  5000 | Total loss: 814.6180 (MSE:0.0005, Reg:814.6174) beta=18.88
Iter  5500 | Total loss: 745.5909 (MSE:0.0005, Reg:745.5904) beta=18.31
Iter  6000 | Total loss: 665.8310 (MSE:0.0006, Reg:665.8304) beta=17.75
Iter  6500 | Total loss: 618.9758 (MSE:0.0006, Reg:618.9752) beta=17.19
Iter  7000 | Total loss: 565.5252 (MSE:0.0006, Reg:565.5247) beta=16.62
Iter  7500 | Total loss: 505.0005 (MSE:0.0006, Reg:504.9999) beta=16.06
Iter  8000 | Total loss: 446.5785 (MSE:0.0005, Reg:446.5779) beta=15.50
Iter  8500 | Total loss: 399.2556 (MSE:0.0006, Reg:399.2551) beta=14.94
Iter  9000 | Total loss: 338.8136 (MSE:0.0005, Reg:338.8131) beta=14.38
Iter  9500 | Total loss: 287.6109 (MSE:0.0006, Reg:287.6103) beta=13.81
Iter 10000 | Total loss: 234.9736 (MSE:0.0005, Reg:234.9731) beta=13.25
Iter 10500 | Total loss: 188.0006 (MSE:0.0006, Reg:188.0000) beta=12.69
Iter 11000 | Total loss: 161.4914 (MSE:0.0006, Reg:161.4908) beta=12.12
Iter 11500 | Total loss: 128.4204 (MSE:0.0006, Reg:128.4198) beta=11.56
Iter 12000 | Total loss: 106.0006 (MSE:0.0006, Reg:106.0000) beta=11.00
Iter 12500 | Total loss: 85.0006 (MSE:0.0006, Reg:85.0000) beta=10.44
Iter 13000 | Total loss: 69.9670 (MSE:0.0006, Reg:69.9664) beta=9.88
Iter 13500 | Total loss: 48.9229 (MSE:0.0006, Reg:48.9223) beta=9.31
Iter 14000 | Total loss: 32.0005 (MSE:0.0006, Reg:31.9999) beta=8.75
Iter 14500 | Total loss: 20.0006 (MSE:0.0006, Reg:20.0000) beta=8.19
Iter 15000 | Total loss: 11.1558 (MSE:0.0006, Reg:11.1552) beta=7.62
Iter 15500 | Total loss: 3.0006 (MSE:0.0006, Reg:3.0000) beta=7.06
Iter 16000 | Total loss: 0.0005 (MSE:0.0005, Reg:0.0000) beta=6.50
Iter 16500 | Total loss: 0.0006 (MSE:0.0006, Reg:0.0000) beta=5.94
Iter 17000 | Total loss: 0.0005 (MSE:0.0005, Reg:0.0000) beta=5.38
Iter 17500 | Total loss: 0.0006 (MSE:0.0006, Reg:0.0000) beta=4.81
Iter 18000 | Total loss: 0.0006 (MSE:0.0006, Reg:0.0000) beta=4.25
Iter 18500 | Total loss: 0.0005 (MSE:0.0005, Reg:0.0000) beta=3.69
Iter 19000 | Total loss: 0.0006 (MSE:0.0006, Reg:0.0000) beta=3.12
Iter 19500 | Total loss: 0.0006 (MSE:0.0006, Reg:0.0000) beta=2.56
Iter 20000 | Total loss: 0.0006 (MSE:0.0006, Reg:0.0000) beta=2.00
,,,,,,,,,,,,,,,,,,,,,,,,,,,,,,,,,,,,,,,,,,,,,,,,,,,,,,,,,,,,,,,,,,,,,,,,,,,,,,,,,,,,,,,,,,,,,,,,,,,,,,,,Iter     1 | Total loss: 0.0051 (MSE:0.0051, Reg:0.0000) beta=0.00
Iter   500 | Total loss: 0.0036 (MSE:0.0036, Reg:0.0000) beta=0.00
Iter  1000 | Total loss: 0.0036 (MSE:0.0036, Reg:0.0000) beta=0.00
Iter  1500 | Total loss: 0.0032 (MSE:0.0032, Reg:0.0000) beta=0.00
Iter  2000 | Total loss: 0.0039 (MSE:0.0039, Reg:0.0000) beta=0.00
Iter  2500 | Total loss: 0.0036 (MSE:0.0036, Reg:0.0000) beta=0.00
Iter  3000 | Total loss: 0.0037 (MSE:0.0037, Reg:0.0000) beta=0.00
Iter  3500 | Total loss: 0.0034 (MSE:0.0034, Reg:0.0000) beta=0.00
Iter  4000 | Total loss: 54043.0508 (MSE:0.0036, Reg:54043.0469) beta=20.00
Iter  4500 | Total loss: 5677.8276 (MSE:0.0036, Reg:5677.8242) beta=19.44
Iter  5000 | Total loss: 4091.8406 (MSE:0.0037, Reg:4091.8369) beta=18.88
Iter  5500 | Total loss: 3355.7349 (MSE:0.0035, Reg:3355.7314) beta=18.31
Iter  6000 | Total loss: 2846.6990 (MSE:0.0037, Reg:2846.6953) beta=17.75
Iter  6500 | Total loss: 2504.8694 (MSE:0.0038, Reg:2504.8657) beta=17.19
Iter  7000 | Total loss: 2185.8171 (MSE:0.0036, Reg:2185.8135) beta=16.62
Iter  7500 | Total loss: 1895.6439 (MSE:0.0035, Reg:1895.6404) beta=16.06
Iter  8000 | Total loss: 1674.2029 (MSE:0.0036, Reg:1674.1993) beta=15.50
Iter  8500 | Total loss: 1453.9874 (MSE:0.0035, Reg:1453.9839) beta=14.94
Iter  9000 | Total loss: 1240.3472 (MSE:0.0036, Reg:1240.3435) beta=14.38
Iter  9500 | Total loss: 1036.0475 (MSE:0.0037, Reg:1036.0437) beta=13.81
Iter 10000 | Total loss: 846.0135 (MSE:0.0036, Reg:846.0100) beta=13.25
Iter 10500 | Total loss: 664.9434 (MSE:0.0035, Reg:664.9399) beta=12.69
Iter 11000 | Total loss: 527.9433 (MSE:0.0036, Reg:527.9396) beta=12.12
Iter 11500 | Total loss: 395.3155 (MSE:0.0036, Reg:395.3120) beta=11.56
Iter 12000 | Total loss: 264.0065 (MSE:0.0037, Reg:264.0028) beta=11.00
Iter 12500 | Total loss: 152.7714 (MSE:0.0037, Reg:152.7677) beta=10.44
Iter 13000 | Total loss: 82.4958 (MSE:0.0038, Reg:82.4920) beta=9.88
Iter 13500 | Total loss: 42.0026 (MSE:0.0037, Reg:41.9989) beta=9.31
Iter 14000 | Total loss: 10.9969 (MSE:0.0035, Reg:10.9934) beta=8.75
Iter 14500 | Total loss: 4.0038 (MSE:0.0038, Reg:4.0000) beta=8.19
Iter 15000 | Total loss: 1.0037 (MSE:0.0037, Reg:1.0000) beta=7.62
Iter 15500 | Total loss: 0.0037 (MSE:0.0037, Reg:0.0000) beta=7.06
Iter 16000 | Total loss: 0.0035 (MSE:0.0035, Reg:0.0000) beta=6.50
Iter 16500 | Total loss: 0.0036 (MSE:0.0036, Reg:0.0000) beta=5.94
Iter 17000 | Total loss: 0.0034 (MSE:0.0034, Reg:0.0000) beta=5.38
Iter 17500 | Total loss: 0.0036 (MSE:0.0036, Reg:0.0000) beta=4.81
Iter 18000 | Total loss: 0.0037 (MSE:0.0037, Reg:0.0000) beta=4.25
Iter 18500 | Total loss: 0.0035 (MSE:0.0035, Reg:0.0000) beta=3.69
Iter 19000 | Total loss: 0.0036 (MSE:0.0036, Reg:0.0000) beta=3.12
Iter 19500 | Total loss: 0.0039 (MSE:0.0039, Reg:0.0000) beta=2.56
Iter 20000 | Total loss: 0.0035 (MSE:0.0035, Reg:0.0000) beta=2.00
,,,,,,,,,,,,,,,,,,,,,,,,,,,,,,,,,,,,,,,,,,,,,,,,,,,,,,,,,,,,,,,,,,,,,,,,,,,,,,,,,,,,,,,,,,,,,,,,,,,,,,,,,,,,,,,,Iter     1 | Total loss: 0.0008 (MSE:0.0008, Reg:0.0000) beta=0.00
Iter   500 | Total loss: 0.0007 (MSE:0.0007, Reg:0.0000) beta=0.00
Iter  1000 | Total loss: 0.0006 (MSE:0.0006, Reg:0.0000) beta=0.00
Iter  1500 | Total loss: 0.0006 (MSE:0.0006, Reg:0.0000) beta=0.00
Iter  2000 | Total loss: 0.0006 (MSE:0.0006, Reg:0.0000) beta=0.00
Iter  2500 | Total loss: 0.0006 (MSE:0.0006, Reg:0.0000) beta=0.00
Iter  3000 | Total loss: 0.0006 (MSE:0.0006, Reg:0.0000) beta=0.00
Iter  3500 | Total loss: 0.0006 (MSE:0.0006, Reg:0.0000) beta=0.00
Iter  4000 | Total loss: 125674.7344 (MSE:0.0006, Reg:125674.7344) beta=20.00
Iter  4500 | Total loss: 5847.8281 (MSE:0.0007, Reg:5847.8276) beta=19.44
Iter  5000 | Total loss: 3673.8518 (MSE:0.0006, Reg:3673.8511) beta=18.88
Iter  5500 | Total loss: 2708.4292 (MSE:0.0007, Reg:2708.4285) beta=18.31
Iter  6000 | Total loss: 2185.4185 (MSE:0.0007, Reg:2185.4177) beta=17.75
Iter  6500 | Total loss: 1816.4873 (MSE:0.0007, Reg:1816.4866) beta=17.19
Iter  7000 | Total loss: 1561.1355 (MSE:0.0007, Reg:1561.1348) beta=16.62
Iter  7500 | Total loss: 1348.2800 (MSE:0.0007, Reg:1348.2793) beta=16.06
Iter  8000 | Total loss: 1180.8771 (MSE:0.0007, Reg:1180.8763) beta=15.50
Iter  8500 | Total loss: 1045.8984 (MSE:0.0007, Reg:1045.8977) beta=14.94
Iter  9000 | Total loss: 913.4619 (MSE:0.0007, Reg:913.4612) beta=14.38
Iter  9500 | Total loss: 807.1451 (MSE:0.0006, Reg:807.1445) beta=13.81
Iter 10000 | Total loss: 691.5727 (MSE:0.0007, Reg:691.5720) beta=13.25
Iter 10500 | Total loss: 601.6992 (MSE:0.0006, Reg:601.6985) beta=12.69
Iter 11000 | Total loss: 520.6134 (MSE:0.0007, Reg:520.6127) beta=12.12
Iter 11500 | Total loss: 432.8993 (MSE:0.0007, Reg:432.8987) beta=11.56
Iter 12000 | Total loss: 358.0876 (MSE:0.0007, Reg:358.0869) beta=11.00
Iter 12500 | Total loss: 286.5657 (MSE:0.0007, Reg:286.5650) beta=10.44
Iter 13000 | Total loss: 209.0952 (MSE:0.0007, Reg:209.0945) beta=9.88
Iter 13500 | Total loss: 146.8296 (MSE:0.0006, Reg:146.8290) beta=9.31
Iter 14000 | Total loss: 93.9859 (MSE:0.0007, Reg:93.9852) beta=8.75
Iter 14500 | Total loss: 49.1947 (MSE:0.0007, Reg:49.1941) beta=8.19
Iter 15000 | Total loss: 23.0007 (MSE:0.0007, Reg:23.0000) beta=7.62
Iter 15500 | Total loss: 13.0007 (MSE:0.0007, Reg:13.0000) beta=7.06
Iter 16000 | Total loss: 4.0007 (MSE:0.0007, Reg:4.0000) beta=6.50
Iter 16500 | Total loss: 1.0007 (MSE:0.0007, Reg:1.0000) beta=5.94
Iter 17000 | Total loss: 0.0007 (MSE:0.0007, Reg:0.0000) beta=5.38
Iter 17500 | Total loss: 0.0007 (MSE:0.0007, Reg:0.0000) beta=4.81
Iter 18000 | Total loss: 0.0007 (MSE:0.0007, Reg:0.0000) beta=4.25
Iter 18500 | Total loss: 0.0007 (MSE:0.0007, Reg:0.0000) beta=3.69
Iter 19000 | Total loss: 0.0007 (MSE:0.0007, Reg:0.0000) beta=3.12
Iter 19500 | Total loss: 0.0007 (MSE:0.0007, Reg:0.0000) beta=2.56
Iter 20000 | Total loss: 0.0007 (MSE:0.0007, Reg:0.0000) beta=2.00
,,,,,,,,,,,,,,,,,,,,,,,,,,,,,,,,,,,,,,,,,,,,,,,,,,,,,,,,,,,,,,,,,,,,,,,,,,,,,,,,,,,,,,,,,,,,,,,,,,,,,,,,,,,,,,,,,,,,,,,,Iter     1 | Total loss: 0.0047 (MSE:0.0047, Reg:0.0000) beta=0.00
Iter   500 | Total loss: 0.0037 (MSE:0.0037, Reg:0.0000) beta=0.00
Iter  1000 | Total loss: 0.0036 (MSE:0.0036, Reg:0.0000) beta=0.00
Iter  1500 | Total loss: 0.0036 (MSE:0.0036, Reg:0.0000) beta=0.00
Iter  2000 | Total loss: 0.0035 (MSE:0.0035, Reg:0.0000) beta=0.00
Iter  2500 | Total loss: 0.0035 (MSE:0.0035, Reg:0.0000) beta=0.00
Iter  3000 | Total loss: 0.0037 (MSE:0.0037, Reg:0.0000) beta=0.00
Iter  3500 | Total loss: 0.0036 (MSE:0.0036, Reg:0.0000) beta=0.00
Iter  4000 | Total loss: 120582.9219 (MSE:0.0036, Reg:120582.9219) beta=20.00
Iter  4500 | Total loss: 10298.8848 (MSE:0.0036, Reg:10298.8809) beta=19.44
Iter  5000 | Total loss: 7196.5830 (MSE:0.0036, Reg:7196.5796) beta=18.88
Iter  5500 | Total loss: 5726.4927 (MSE:0.0035, Reg:5726.4893) beta=18.31
Iter  6000 | Total loss: 4723.8657 (MSE:0.0035, Reg:4723.8623) beta=17.75
Iter  6500 | Total loss: 3981.7661 (MSE:0.0037, Reg:3981.7625) beta=17.19
Iter  7000 | Total loss: 3405.6411 (MSE:0.0035, Reg:3405.6377) beta=16.62
Iter  7500 | Total loss: 2958.6296 (MSE:0.0037, Reg:2958.6260) beta=16.06
Iter  8000 | Total loss: 2556.2983 (MSE:0.0036, Reg:2556.2947) beta=15.50
Iter  8500 | Total loss: 2218.2720 (MSE:0.0036, Reg:2218.2683) beta=14.94
Iter  9000 | Total loss: 1908.3806 (MSE:0.0038, Reg:1908.3767) beta=14.38
Iter  9500 | Total loss: 1608.9404 (MSE:0.0033, Reg:1608.9371) beta=13.81
Iter 10000 | Total loss: 1351.8867 (MSE:0.0036, Reg:1351.8831) beta=13.25
Iter 10500 | Total loss: 1077.8289 (MSE:0.0037, Reg:1077.8252) beta=12.69
Iter 11000 | Total loss: 843.1829 (MSE:0.0036, Reg:843.1793) beta=12.12
Iter 11500 | Total loss: 636.1316 (MSE:0.0033, Reg:636.1283) beta=11.56
Iter 12000 | Total loss: 471.2314 (MSE:0.0037, Reg:471.2277) beta=11.00
Iter 12500 | Total loss: 315.8690 (MSE:0.0036, Reg:315.8654) beta=10.44
Iter 13000 | Total loss: 206.5575 (MSE:0.0038, Reg:206.5537) beta=9.88
Iter 13500 | Total loss: 109.8997 (MSE:0.0037, Reg:109.8959) beta=9.31
Iter 14000 | Total loss: 57.4464 (MSE:0.0035, Reg:57.4428) beta=8.75
Iter 14500 | Total loss: 13.9351 (MSE:0.0036, Reg:13.9315) beta=8.19
Iter 15000 | Total loss: 3.0034 (MSE:0.0034, Reg:3.0000) beta=7.62
Iter 15500 | Total loss: 0.0035 (MSE:0.0035, Reg:0.0000) beta=7.06
Iter 16000 | Total loss: 0.0035 (MSE:0.0035, Reg:0.0000) beta=6.50
Iter 16500 | Total loss: 0.0037 (MSE:0.0037, Reg:0.0000) beta=5.94
Iter 17000 | Total loss: 0.0040 (MSE:0.0040, Reg:0.0000) beta=5.38
Iter 17500 | Total loss: 0.0037 (MSE:0.0037, Reg:0.0000) beta=4.81
Iter 18000 | Total loss: 0.0037 (MSE:0.0037, Reg:0.0000) beta=4.25
Iter 18500 | Total loss: 0.0038 (MSE:0.0038, Reg:0.0000) beta=3.69
Iter 19000 | Total loss: 0.0038 (MSE:0.0038, Reg:0.0000) beta=3.12
Iter 19500 | Total loss: 0.0038 (MSE:0.0038, Reg:0.0000) beta=2.56
Iter 20000 | Total loss: 0.0035 (MSE:0.0035, Reg:0.0000) beta=2.00
,,,,,,,,,,,,,,,,,,,,,,,,,,,,,,,,,,,,,,,,,,,,,,,,,,,,,,,,,,,,,,,,,,,,,,,,,,,,,,,,,,,,,,,,,,,,,,,,,,,,,,,,,,,,,,,,,,,,,,,,,,,,,,,,Iter     1 | Total loss: 0.0010 (MSE:0.0010, Reg:0.0000) beta=0.00
Iter   500 | Total loss: 0.0009 (MSE:0.0009, Reg:0.0000) beta=0.00
Iter  1000 | Total loss: 0.0009 (MSE:0.0009, Reg:0.0000) beta=0.00
Iter  1500 | Total loss: 0.0008 (MSE:0.0008, Reg:0.0000) beta=0.00
Iter  2000 | Total loss: 0.0008 (MSE:0.0008, Reg:0.0000) beta=0.00
Iter  2500 | Total loss: 0.0008 (MSE:0.0008, Reg:0.0000) beta=0.00
Iter  3000 | Total loss: 0.0009 (MSE:0.0009, Reg:0.0000) beta=0.00
Iter  3500 | Total loss: 0.0008 (MSE:0.0008, Reg:0.0000) beta=0.00
Iter  4000 | Total loss: 407464.7500 (MSE:0.0008, Reg:407464.7500) beta=20.00
Iter  4500 | Total loss: 6309.4771 (MSE:0.0009, Reg:6309.4761) beta=19.44
Iter  5000 | Total loss: 3827.3533 (MSE:0.0009, Reg:3827.3523) beta=18.88
Iter  5500 | Total loss: 2732.7285 (MSE:0.0009, Reg:2732.7275) beta=18.31
Iter  6000 | Total loss: 2136.5083 (MSE:0.0009, Reg:2136.5073) beta=17.75
Iter  6500 | Total loss: 1740.2958 (MSE:0.0010, Reg:1740.2948) beta=17.19
Iter  7000 | Total loss: 1480.8191 (MSE:0.0009, Reg:1480.8181) beta=16.62
Iter  7500 | Total loss: 1279.0918 (MSE:0.0010, Reg:1279.0908) beta=16.06
Iter  8000 | Total loss: 1106.9945 (MSE:0.0009, Reg:1106.9937) beta=15.50
Iter  8500 | Total loss: 958.0408 (MSE:0.0010, Reg:958.0399) beta=14.94
Iter  9000 | Total loss: 846.8557 (MSE:0.0009, Reg:846.8548) beta=14.38
Iter  9500 | Total loss: 733.5170 (MSE:0.0010, Reg:733.5160) beta=13.81
Iter 10000 | Total loss: 641.2940 (MSE:0.0009, Reg:641.2931) beta=13.25
Iter 10500 | Total loss: 545.1716 (MSE:0.0009, Reg:545.1707) beta=12.69
Iter 11000 | Total loss: 450.9193 (MSE:0.0009, Reg:450.9184) beta=12.12
Iter 11500 | Total loss: 383.9380 (MSE:0.0010, Reg:383.9370) beta=11.56
Iter 12000 | Total loss: 304.2934 (MSE:0.0009, Reg:304.2925) beta=11.00
Iter 12500 | Total loss: 252.9956 (MSE:0.0009, Reg:252.9948) beta=10.44
Iter 13000 | Total loss: 196.4995 (MSE:0.0010, Reg:196.4985) beta=9.88
Iter 13500 | Total loss: 135.9010 (MSE:0.0009, Reg:135.9001) beta=9.31
Iter 14000 | Total loss: 79.0825 (MSE:0.0010, Reg:79.0815) beta=8.75
Iter 14500 | Total loss: 45.9118 (MSE:0.0010, Reg:45.9108) beta=8.19
Iter 15000 | Total loss: 30.6217 (MSE:0.0009, Reg:30.6208) beta=7.62
Iter 15500 | Total loss: 8.0009 (MSE:0.0009, Reg:8.0000) beta=7.06
Iter 16000 | Total loss: 3.0010 (MSE:0.0010, Reg:3.0000) beta=6.50
Iter 16500 | Total loss: 1.0009 (MSE:0.0009, Reg:1.0000) beta=5.94
Iter 17000 | Total loss: 0.0010 (MSE:0.0010, Reg:0.0000) beta=5.38
Iter 17500 | Total loss: 0.0009 (MSE:0.0009, Reg:0.0000) beta=4.81
Iter 18000 | Total loss: 0.0009 (MSE:0.0009, Reg:0.0000) beta=4.25
Iter 18500 | Total loss: 0.0009 (MSE:0.0009, Reg:0.0000) beta=3.69
Iter 19000 | Total loss: 0.0010 (MSE:0.0010, Reg:0.0000) beta=3.12
Iter 19500 | Total loss: 0.0010 (MSE:0.0010, Reg:0.0000) beta=2.56
Iter 20000 | Total loss: 0.0009 (MSE:0.0009, Reg:0.0000) beta=2.00
,,,,,,,,,,,,,,,,,,,,,,,,,,,,,,,,,,,,,,,,,,,,,,,,,,,,,,,,,,,,,,,,,,,,,,,,,,,,,,,,,,,,,,,,,,,,,,,,,,,,,,,,,,,,,,,,,,,,,,,,,,,,,,,,,,,,,,,,Iter     1 | Total loss: 0.0009 (MSE:0.0009, Reg:0.0000) beta=0.00
Iter   500 | Total loss: 0.0006 (MSE:0.0006, Reg:0.0000) beta=0.00
Iter  1000 | Total loss: 0.0007 (MSE:0.0007, Reg:0.0000) beta=0.00
Iter  1500 | Total loss: 0.0007 (MSE:0.0007, Reg:0.0000) beta=0.00
Iter  2000 | Total loss: 0.0007 (MSE:0.0007, Reg:0.0000) beta=0.00
Iter  2500 | Total loss: 0.0006 (MSE:0.0006, Reg:0.0000) beta=0.00
Iter  3000 | Total loss: 0.0006 (MSE:0.0006, Reg:0.0000) beta=0.00
Iter  3500 | Total loss: 0.0006 (MSE:0.0006, Reg:0.0000) beta=0.00
Iter  4000 | Total loss: 30745.5527 (MSE:0.0007, Reg:30745.5527) beta=20.00
Iter  4500 | Total loss: 2341.8386 (MSE:0.0007, Reg:2341.8379) beta=19.44
Iter  5000 | Total loss: 1785.1831 (MSE:0.0007, Reg:1785.1824) beta=18.88
Iter  5500 | Total loss: 1546.8766 (MSE:0.0007, Reg:1546.8759) beta=18.31
Iter  6000 | Total loss: 1382.4287 (MSE:0.0007, Reg:1382.4280) beta=17.75
Iter  6500 | Total loss: 1237.9871 (MSE:0.0007, Reg:1237.9863) beta=17.19
Iter  7000 | Total loss: 1140.9062 (MSE:0.0007, Reg:1140.9055) beta=16.62
Iter  7500 | Total loss: 1056.3170 (MSE:0.0008, Reg:1056.3163) beta=16.06
Iter  8000 | Total loss: 952.0112 (MSE:0.0008, Reg:952.0104) beta=15.50
Iter  8500 | Total loss: 842.3143 (MSE:0.0007, Reg:842.3136) beta=14.94
Iter  9000 | Total loss: 747.0266 (MSE:0.0007, Reg:747.0258) beta=14.38
Iter  9500 | Total loss: 654.1210 (MSE:0.0007, Reg:654.1203) beta=13.81
Iter 10000 | Total loss: 548.2769 (MSE:0.0007, Reg:548.2761) beta=13.25
Iter 10500 | Total loss: 466.5698 (MSE:0.0008, Reg:466.5690) beta=12.69
Iter 11000 | Total loss: 384.8555 (MSE:0.0007, Reg:384.8549) beta=12.12
Iter 11500 | Total loss: 307.7013 (MSE:0.0007, Reg:307.7006) beta=11.56
Iter 12000 | Total loss: 230.9587 (MSE:0.0007, Reg:230.9580) beta=11.00
Iter 12500 | Total loss: 154.5863 (MSE:0.0007, Reg:154.5856) beta=10.44
Iter 13000 | Total loss: 102.9556 (MSE:0.0007, Reg:102.9549) beta=9.88
Iter 13500 | Total loss: 63.4039 (MSE:0.0007, Reg:63.4032) beta=9.31
Iter 14000 | Total loss: 40.6597 (MSE:0.0007, Reg:40.6590) beta=8.75
Iter 14500 | Total loss: 13.9536 (MSE:0.0007, Reg:13.9529) beta=8.19
Iter 15000 | Total loss: 8.0007 (MSE:0.0007, Reg:8.0000) beta=7.62
Iter 15500 | Total loss: 0.0007 (MSE:0.0007, Reg:0.0000) beta=7.06
Iter 16000 | Total loss: 0.0007 (MSE:0.0007, Reg:0.0000) beta=6.50
Iter 16500 | Total loss: 0.0007 (MSE:0.0007, Reg:0.0000) beta=5.94
Iter 17000 | Total loss: 0.0007 (MSE:0.0007, Reg:0.0000) beta=5.38
Iter 17500 | Total loss: 0.0007 (MSE:0.0007, Reg:0.0000) beta=4.81
Iter 18000 | Total loss: 0.0008 (MSE:0.0008, Reg:0.0000) beta=4.25
Iter 18500 | Total loss: 0.0008 (MSE:0.0008, Reg:0.0000) beta=3.69
Iter 19000 | Total loss: 0.0007 (MSE:0.0007, Reg:0.0000) beta=3.12
Iter 19500 | Total loss: 0.0008 (MSE:0.0008, Reg:0.0000) beta=2.56
Iter 20000 | Total loss: 0.0007 (MSE:0.0007, Reg:0.0000) beta=2.00
,,,,,,,,,,,,,,,,,,,,,,,,,,,,,,,,,,,,,,,,,,,,,,,,,,,,,,,,,,,,,,,,,,,,,,,,,,,,,,,,,,,,,,,,,,,,,,,,,,,,,,,,,,,,,,,,,,,,,,,,,,,,,,,,,,,,,,,,,,,,,,,,Iter     1 | Total loss: 0.0061 (MSE:0.0061, Reg:0.0000) beta=0.00
Iter   500 | Total loss: 0.0052 (MSE:0.0052, Reg:0.0000) beta=0.00
Iter  1000 | Total loss: 0.0054 (MSE:0.0054, Reg:0.0000) beta=0.00
Iter  1500 | Total loss: 0.0048 (MSE:0.0048, Reg:0.0000) beta=0.00
Iter  2000 | Total loss: 0.0048 (MSE:0.0048, Reg:0.0000) beta=0.00
Iter  2500 | Total loss: 0.0047 (MSE:0.0047, Reg:0.0000) beta=0.00
Iter  3000 | Total loss: 0.0049 (MSE:0.0049, Reg:0.0000) beta=0.00
Iter  3500 | Total loss: 0.0047 (MSE:0.0047, Reg:0.0000) beta=0.00
Iter  4000 | Total loss: 308345.3125 (MSE:0.0049, Reg:308345.3125) beta=20.00
Iter  4500 | Total loss: 30384.2324 (MSE:0.0051, Reg:30384.2266) beta=19.44
Iter  5000 | Total loss: 21074.0605 (MSE:0.0051, Reg:21074.0547) beta=18.88
Iter  5500 | Total loss: 16398.0996 (MSE:0.0050, Reg:16398.0938) beta=18.31
Iter  6000 | Total loss: 13433.2070 (MSE:0.0049, Reg:13433.2021) beta=17.75
Iter  6500 | Total loss: 11243.4131 (MSE:0.0048, Reg:11243.4082) beta=17.19
Iter  7000 | Total loss: 9611.2568 (MSE:0.0051, Reg:9611.2520) beta=16.62
Iter  7500 | Total loss: 8230.5947 (MSE:0.0049, Reg:8230.5898) beta=16.06
Iter  8000 | Total loss: 7045.7637 (MSE:0.0051, Reg:7045.7588) beta=15.50
Iter  8500 | Total loss: 5984.0938 (MSE:0.0048, Reg:5984.0889) beta=14.94
Iter  9000 | Total loss: 5066.7959 (MSE:0.0053, Reg:5066.7905) beta=14.38
Iter  9500 | Total loss: 4191.4058 (MSE:0.0049, Reg:4191.4009) beta=13.81
Iter 10000 | Total loss: 3422.2146 (MSE:0.0054, Reg:3422.2092) beta=13.25
Iter 10500 | Total loss: 2743.5811 (MSE:0.0050, Reg:2743.5762) beta=12.69
Iter 11000 | Total loss: 2082.3159 (MSE:0.0048, Reg:2082.3110) beta=12.12
Iter 11500 | Total loss: 1575.2753 (MSE:0.0050, Reg:1575.2703) beta=11.56
Iter 12000 | Total loss: 1063.7045 (MSE:0.0050, Reg:1063.6995) beta=11.00
Iter 12500 | Total loss: 678.4240 (MSE:0.0054, Reg:678.4186) beta=10.44
Iter 13000 | Total loss: 387.8133 (MSE:0.0052, Reg:387.8082) beta=9.88
Iter 13500 | Total loss: 206.0559 (MSE:0.0051, Reg:206.0508) beta=9.31
Iter 14000 | Total loss: 90.5990 (MSE:0.0049, Reg:90.5940) beta=8.75
Iter 14500 | Total loss: 29.1396 (MSE:0.0049, Reg:29.1347) beta=8.19
Iter 15000 | Total loss: 5.9547 (MSE:0.0049, Reg:5.9497) beta=7.62
Iter 15500 | Total loss: 0.0051 (MSE:0.0051, Reg:0.0000) beta=7.06
Iter 16000 | Total loss: 0.0052 (MSE:0.0052, Reg:0.0000) beta=6.50
Iter 16500 | Total loss: 0.0049 (MSE:0.0049, Reg:0.0000) beta=5.94
Iter 17000 | Total loss: 0.0052 (MSE:0.0052, Reg:0.0000) beta=5.38
Iter 17500 | Total loss: 0.0051 (MSE:0.0051, Reg:0.0000) beta=4.81
Iter 18000 | Total loss: 0.0051 (MSE:0.0051, Reg:0.0000) beta=4.25
Iter 18500 | Total loss: 0.0051 (MSE:0.0051, Reg:0.0000) beta=3.69
Iter 19000 | Total loss: 0.0052 (MSE:0.0052, Reg:0.0000) beta=3.12
Iter 19500 | Total loss: 0.0050 (MSE:0.0050, Reg:0.0000) beta=2.56
Iter 20000 | Total loss: 0.0052 (MSE:0.0052, Reg:0.0000) beta=2.00
,,,,,,,,,,,,,,,,,,,,,,,,,,,,,,,,,,,,,,,,,,,,,,,,,,,,,,,,,,,,,,,,,,,,,,,,,,,,,,,,,,,,,,,,,,,,,,,,,,,,,,,,,,,,,,,,,,,,,,,,,,,,,,,,,,,,,,,,,,,,,,,,,,,,,,,,Iter     1 | Total loss: 0.0008 (MSE:0.0008, Reg:0.0000) beta=0.00
Iter   500 | Total loss: 0.0008 (MSE:0.0008, Reg:0.0000) beta=0.00
Iter  1000 | Total loss: 0.0008 (MSE:0.0008, Reg:0.0000) beta=0.00
Iter  1500 | Total loss: 0.0008 (MSE:0.0008, Reg:0.0000) beta=0.00
Iter  2000 | Total loss: 0.0008 (MSE:0.0008, Reg:0.0000) beta=0.00
Iter  2500 | Total loss: 0.0008 (MSE:0.0008, Reg:0.0000) beta=0.00
Iter  3000 | Total loss: 0.0008 (MSE:0.0008, Reg:0.0000) beta=0.00
Iter  3500 | Total loss: 0.0008 (MSE:0.0008, Reg:0.0000) beta=0.00
Iter  4000 | Total loss: 340717.8125 (MSE:0.0008, Reg:340717.8125) beta=20.00
Iter  4500 | Total loss: 2573.8145 (MSE:0.0009, Reg:2573.8135) beta=19.44
Iter  5000 | Total loss: 1610.3564 (MSE:0.0008, Reg:1610.3556) beta=18.88
Iter  5500 | Total loss: 1166.3734 (MSE:0.0008, Reg:1166.3726) beta=18.31
Iter  6000 | Total loss: 909.5229 (MSE:0.0008, Reg:909.5222) beta=17.75
Iter  6500 | Total loss: 747.6245 (MSE:0.0008, Reg:747.6237) beta=17.19
Iter  7000 | Total loss: 618.7941 (MSE:0.0008, Reg:618.7933) beta=16.62
Iter  7500 | Total loss: 533.5052 (MSE:0.0009, Reg:533.5044) beta=16.06
Iter  8000 | Total loss: 443.7495 (MSE:0.0008, Reg:443.7487) beta=15.50
Iter  8500 | Total loss: 379.1707 (MSE:0.0008, Reg:379.1699) beta=14.94
Iter  9000 | Total loss: 337.0005 (MSE:0.0008, Reg:336.9997) beta=14.38
Iter  9500 | Total loss: 300.9830 (MSE:0.0008, Reg:300.9821) beta=13.81
Iter 10000 | Total loss: 256.0009 (MSE:0.0009, Reg:256.0000) beta=13.25
Iter 10500 | Total loss: 213.9935 (MSE:0.0008, Reg:213.9927) beta=12.69
Iter 11000 | Total loss: 178.0009 (MSE:0.0009, Reg:178.0000) beta=12.12
Iter 11500 | Total loss: 146.5761 (MSE:0.0008, Reg:146.5753) beta=11.56
Iter 12000 | Total loss: 116.3068 (MSE:0.0008, Reg:116.3060) beta=11.00
Iter 12500 | Total loss: 98.0008 (MSE:0.0008, Reg:98.0000) beta=10.44
Iter 13000 | Total loss: 69.9964 (MSE:0.0008, Reg:69.9956) beta=9.88
Iter 13500 | Total loss: 53.0008 (MSE:0.0008, Reg:53.0000) beta=9.31
Iter 14000 | Total loss: 40.0008 (MSE:0.0008, Reg:40.0000) beta=8.75
Iter 14500 | Total loss: 24.8968 (MSE:0.0008, Reg:24.8960) beta=8.19
Iter 15000 | Total loss: 10.2152 (MSE:0.0008, Reg:10.2144) beta=7.62
Iter 15500 | Total loss: 7.0009 (MSE:0.0009, Reg:7.0000) beta=7.06
Iter 16000 | Total loss: 2.0008 (MSE:0.0008, Reg:2.0000) beta=6.50
Iter 16500 | Total loss: 0.0008 (MSE:0.0008, Reg:0.0000) beta=5.94
Iter 17000 | Total loss: 0.0008 (MSE:0.0008, Reg:0.0000) beta=5.38
Iter 17500 | Total loss: 0.0008 (MSE:0.0008, Reg:0.0000) beta=4.81
Iter 18000 | Total loss: 0.0008 (MSE:0.0008, Reg:0.0000) beta=4.25
Iter 18500 | Total loss: 0.0008 (MSE:0.0008, Reg:0.0000) beta=3.69
Iter 19000 | Total loss: 0.0008 (MSE:0.0008, Reg:0.0000) beta=3.12
Iter 19500 | Total loss: 0.0009 (MSE:0.0009, Reg:0.0000) beta=2.56
Iter 20000 | Total loss: 0.0009 (MSE:0.0009, Reg:0.0000) beta=2.00
,,,,,,,,,,,,,,,,,,,,,,,,,,,,,,,,,,,,,,,,,,,,,,,,,,,,,,,,,,,,,,,,,,,,,,,,,,,,,,,,,,,,,,,,,,,,,,,,,,,,,,,,,,,,,,,,,,,,,,,,,,,,,,,,,,,,,,,,,,,,,,,,,,,,,,,,,,,,,,,,Iter     1 | Total loss: 0.2278 (MSE:0.2278, Reg:0.0000) beta=0.00
Iter   500 | Total loss: 0.1299 (MSE:0.1299, Reg:0.0000) beta=0.00
Iter  1000 | Total loss: 0.1355 (MSE:0.1355, Reg:0.0000) beta=0.00
Iter  1500 | Total loss: 0.1329 (MSE:0.1329, Reg:0.0000) beta=0.00
Iter  2000 | Total loss: 0.1298 (MSE:0.1298, Reg:0.0000) beta=0.00
Iter  2500 | Total loss: 0.1428 (MSE:0.1428, Reg:0.0000) beta=0.00
Iter  3000 | Total loss: 0.1338 (MSE:0.1338, Reg:0.0000) beta=0.00
Iter  3500 | Total loss: 0.1267 (MSE:0.1267, Reg:0.0000) beta=0.00
Iter  4000 | Total loss: 37997.5039 (MSE:0.1433, Reg:37997.3594) beta=20.00
Iter  4500 | Total loss: 8930.8457 (MSE:0.1204, Reg:8930.7256) beta=19.44
Iter  5000 | Total loss: 7634.1011 (MSE:0.1382, Reg:7633.9629) beta=18.88
Iter  5500 | Total loss: 6531.2666 (MSE:0.1396, Reg:6531.1270) beta=18.31
Iter  6000 | Total loss: 5632.0879 (MSE:0.1387, Reg:5631.9492) beta=17.75
Iter  6500 | Total loss: 4873.2710 (MSE:0.1258, Reg:4873.1450) beta=17.19
Iter  7000 | Total loss: 4198.8086 (MSE:0.1327, Reg:4198.6758) beta=16.62
Iter  7500 | Total loss: 3569.5686 (MSE:0.1323, Reg:3569.4363) beta=16.06
Iter  8000 | Total loss: 3019.9158 (MSE:0.1387, Reg:3019.7771) beta=15.50
Iter  8500 | Total loss: 2493.4189 (MSE:0.1352, Reg:2493.2837) beta=14.94
Iter  9000 | Total loss: 1996.2478 (MSE:0.1360, Reg:1996.1118) beta=14.38
Iter  9500 | Total loss: 1557.1853 (MSE:0.1412, Reg:1557.0441) beta=13.81
Iter 10000 | Total loss: 1156.4851 (MSE:0.1294, Reg:1156.3557) beta=13.25
Iter 10500 | Total loss: 814.9994 (MSE:0.1336, Reg:814.8658) beta=12.69
Iter 11000 | Total loss: 540.1972 (MSE:0.1312, Reg:540.0660) beta=12.12
Iter 11500 | Total loss: 337.9172 (MSE:0.1371, Reg:337.7802) beta=11.56
Iter 12000 | Total loss: 179.9513 (MSE:0.1283, Reg:179.8230) beta=11.00
Iter 12500 | Total loss: 90.6134 (MSE:0.1288, Reg:90.4846) beta=10.44
Iter 13000 | Total loss: 34.9927 (MSE:0.1332, Reg:34.8595) beta=9.88
Iter 13500 | Total loss: 7.1298 (MSE:0.1298, Reg:7.0000) beta=9.31
Iter 14000 | Total loss: 2.1223 (MSE:0.1223, Reg:2.0000) beta=8.75
Iter 14500 | Total loss: 2.1178 (MSE:0.1379, Reg:1.9799) beta=8.19
Iter 15000 | Total loss: 0.1370 (MSE:0.1370, Reg:0.0000) beta=7.62
Iter 15500 | Total loss: 0.1469 (MSE:0.1469, Reg:0.0000) beta=7.06
Iter 16000 | Total loss: 0.1331 (MSE:0.1331, Reg:0.0000) beta=6.50
Iter 16500 | Total loss: 0.1298 (MSE:0.1298, Reg:0.0000) beta=5.94
Iter 17000 | Total loss: 0.1348 (MSE:0.1348, Reg:0.0000) beta=5.38
Iter 17500 | Total loss: 0.1470 (MSE:0.1470, Reg:0.0000) beta=4.81
Iter 18000 | Total loss: 0.1397 (MSE:0.1397, Reg:0.0000) beta=4.25
Iter 18500 | Total loss: 0.1266 (MSE:0.1266, Reg:0.0000) beta=3.69
Iter 19000 | Total loss: 0.1371 (MSE:0.1371, Reg:0.0000) beta=3.12
Iter 19500 | Total loss: 0.1381 (MSE:0.1381, Reg:0.0000) beta=2.56
Iter 20000 | Total loss: 0.1436 (MSE:0.1436, Reg:0.0000) beta=2.00
AdaRound values computing done!
,,,,,,,,,,,,,,,,,,,,,,,,,,,,,,,,,,,,,,,,,,,,,,,,,,,,,,,,,,,,,,,,,,,,,,,,,,,,,,,,,,,,,,,,,,,,,,,,,,,,,,,,,,,,,,,,,,,,,,,,,,,,,,,,,,,,,,,,,,,,,,,,,,,,,,,,,,,,,,,,,,,,,,,,,,,,,,,,,,,,,,,,,,,,,,,,,,,,,,,,,,,,,,,,,,,,,,,,,,,,,,,,,,,,,,,,,,,,,,,,,,,,,,,,,,,,,,,,,,,,,,,,,,,,,,,,,,,,,,,,,,,,,,,,,,,,,,,,,,,,,,,,,,,,,,,,,,,,,,,,,,,,,,,,,,,,,,,,,,,,,,,,,,,,,,,,,,,,,,,,,,,,,,,,,,,,,,,,,,,,,,,,,,,,,,,,,,,,,,,,,,,,,,,,,,,,,,,,,,,,,,,,,,,,,,,,,,,,,,,,,,,,,,,,,,,,,,,,,,,,,,,,,,,,,,,,,,,,,,,,,,,,,,,,,,,,,,,,,,,,,,,,,,,,,,,,,,,,,,,,,,,,,,,,,,,,,,,,,,,,,,,,,,,,,,,,,,,,,,,,,,,,,,,,,,,,,,,,,,,,,,,,,,,,,,,,,,,,,,,,,,,,,,,,,,,,,,,,,,,,,,,,,,,,,,,,,,,,,,,,,,,,,,,,,,,,,,,,,,,,,,,,,,,,,,,,,,,,,,,,,,,,,,,,,,,,,,,,,,,,,,,,,,,,,,,,,,,,,,,,,,,,,,,,,,,,,,,,,,,,,,,,,,,,,,,,,,,,,,,,,,,,,,,,,,,,,,,,,,,,,,,,,,,,,,,,,,,,,,,,,,,,,,,,,,,,,,,,,,,,,,,,,,,,,,,,,,,,,,,,,,,,,,,,,,,,,,,,,,,,,,,,,,,,,,,,,,,,,,,,,,,,,,,,,,,,,,,,,,,,,,,,,,,,,,,,,,,,,,,,,,,,,,,,,,,,,,,,,,,,,,,,,,,,,,,,,,,,,,,,,,,,,,,,,,,,,,,,,,,,,,,,,,,,,,,,,,,,,,,,,,,,,,,,,,,,,,,,,,,,,,,,,,,,,,,,,,,,,,,,,,,,,,,,,,,,,,,,,,,,,,,,,,,,,,,,,,,,,,,,,,,,,,,,,,,,,,,,,,,,,,,,,,,,,,,,,,,,,,,,,,,,,,,,,,,,,,,,,,,,,,,,,,,,,,,,,,,,,,,,,,,,,,,,,,,,,,,,,,,,,,,,,,,,,,,,,,,,,,,,,,,,,,,,,,,,,,,,,,,,,,,,,,,,,,,,,,,,,,,,,,,,,,,,,,,,,,,,,,,,,,,,,,,,,,,,,,,,,,,,,,,,,,,,,,,,,,,,,,,,,,,,,,,,,,,,,,,,,,,,,,,,,,,,,,,,,,,,,,,,,,,,,,,,,,,,,,,,,,,,,,,,,,,,,,,,,,,,,,,,,,,,,,,,,,,,,,,,,,,,,,,,,,,,,,,,,,,,,,,,,,,,,,,,,,,,,,,,,,,,,,,,,,,,,,,,,,,,,,,,,,,,,,,,,,,,,,,,,,,,,,,,,,,,,,,,,,,,,,,,,,,,,,,,,,,,,,,,,,,,,,,,,,,,,,,,,,,,,,,,,,,,,,,,,,,,,,,,,,,,,,,,,,,,,,,,,,,,,,,,,,,,,,,,,,,,,,,,,,,,,,,,,,,,,,,,,,,,,,,,,,,,,,,,,,,,,,,,,,,,,,,,,,,,,,,,,,,,,,,,,,,,,,,,,,,,,,,,,,,,,,,,,,,,,,,,,,,,,,,,,,,,,,,,,,,,,,,,,,,,,,,,,,,,,,,,,,,,,,,,,,,,,,,,,,,,,,,,,,,,,,,,,,,,,,,,,,,,,,,,,,,,,,,,,,,,,,,,,,,,,,,,,,,,,,,,,,,,,,,,,,,,,,,,,,,,,,,,,,,,,,,,,,,,,,,,,,,,,,,,,,,,,,,,,,,,,,,,,,,,,,,,,,,,,,,,,,,,,,,,,,,,,,,,,,,,,,,,,,,,,,,,,,,,,,,,,,,,,,,,,,,,,,,,,,,,,,,,,,,,,,,,,,,,,,,,,,,,,,,,,,,,,,,,,,,,,,,,,,,,,,,,,,,,,,,,,,,,,,,,,,,,,,,,,,,,,,,,,,,,,,,,,,,,,,,,,,,,,,,,,,,,,,,,,,,,,,,,,,,,,,,,,,,,,,,,,,,,,,,,,,,,,,,,,,,,,,,,,,,,,,,,,,,,,,,,,,,,,,,,,,,,,,,,,,,,,,,,,,,,,,,,,,,,,,,,,,,,,,,,,,,,,,,,,,,,,,,,,,,,,,,,,,,,,,,,,,,,,,,,,,,,,,,,,,,,,,,,,,,,,,,,,,,,,,,,,,,,,,,,,,,,,,,,,,,,,,,,,,,,,,,,,,,,,,,,,,,,,,,,,,,,,,,,,,,,,,,,,,,,,,,,,,,,,,,,,,,,,,,,,,,,,,,,,,,,,,,,,,,,,,,,,,,,,,,,,,,,,,,,,,,,,,,,,,,,,,,,,,,,,,,,,,,,,,,,,,,,,,,,,,,,,,,,,,,,,,,,,,,,,,,,,,,,,,,,,,,,,,,,,,,,,,,,,,,,,,,,,,,,,,,,,,,,,,,,,,,,,,,,,,,,,,,,,,,,,,,,,,,,,,,,,,,,,,,,,,,,,,,,,,,,,,,,,,,,,,,,,,,,,,,,,,,,,,,,,,,,,,,,,,,,,,,,,,,,,,,,,,,,,,,,,,,,,,,,,,,,,,,,,,,,,,,,,,,,,,,,,,,,,,,,,,,,,,,,,,,,,,,,,,,,,,,,,,,,,,,,,,,,,,,,,,,,,,,,,,,,,,,,,,,,,,,,,,,,,,,,,,,,,,,,,,,,,,,,,,,,,,,,,,,,,,,,,,,,,,,,,,,,,,,,,,,,,,,,,,,,,,,,,,,,,,,,,,,,,,,,,,,,,,,,,,,,,,,,,,,,,,,,,,,,,,,,,,,,,,,,,,,,,,,,,,,,,,,,,,,,,,,,,,,,,,,,,,,,,,,,,,,,,,,,,,,,,,,,,,,,,,,,,,,,,,,,,,,,,,,,,,,,,,,,,,,,,,,,,,,,,,,,,,,,,,,,,,,,,,,,,,,,,,,,,,,,,,,,,,,,,,,,,,,,,,,,,,,,,,,,,,,,,,,,,,,,,,,,,,,,,,,,,,,,,,,,,,,,,,,,,,,,,,,,,,,,,,,,,,,,,,,,,,,,,,,,,,,,,,,,,,,,,,,,,,,,,,,,,,,,,,,,,,,,,,,,,,,,,,,,,,,,,,,,,,,,,,,,,,,,,,,,,,,,,,,,,,,,,,,,,,,,,,,,,,,,,,,,,,,,,,,,,,,,,,,,,,,,,,,,,,,,,,,,,,,,,,,,,,,,,,,,,,,,,,,,,,,,,,,,,,,,,,,,,,,,,,,,,,,,,,,,,,,,,,,,,,,,,,,,,,,,,,,,,,,,,,,,,,,,,,,,,,,,,,,,,,,,,,,,,,,,,,,,,,,,,,,,,,,,,,,,,,,,,,,,,,,,,,,,,,,,,,,,,,,,,,,,,,,,,,,,,,,,,,,,,,,,,,,,,,,,,,,,,,,,,,,,,,,,,,,,,,,,,,,,,,,,,,,,,,,,,,,,,,,,,,,,,,,,,,,,,,,,,,,,,,,,,,,,,,,,,,,,,,,,,,,,,,,,,,,,,,,,,,,,,,,,,,,,,,,,,,,,,,,,,,,,,,,,,,,,,,,,,,,,,,,,,,,,,,,,,,,,,,,,,,,,,,,,,,,,,,,,,,,,,,,,,,,,,,,,,,,,,,,,,,,,,,,,,,,,,,,,,,,,,,,,,,,,,,,,,,,,,,,,,,,,,,,,,,,,,,,,,,,,,,,,,,,,,,,,,,,,,,,,,,,,,,,,,,,,,,,,,,,,,,,,,,,,,,,,,,,,,,,,,,,,,,,,,,,,,,,,,,,,,,,,,,,,,,,,,,,,,,,,,,,,,,,,,,,,,,,,,,,,,,,,,,,,,,,,,,,,,,,,,,,,,,,,,,,,,,,,,,,,,,,,,,,,,,,,,,,,,,,,,,,,,,,,,,,,,,,,,,,,,,,,,,,,,,,,,,,,,,,,,,,,,,,,,,,,,,,,,,,,,,,,,,,,,,,,,,,,,,,,,,,,,,,,,,,,,,,,,,,,,,,,,,,,,,,,,,,,,,,,,,,,,,,,,,,,,,,,,,,,,,,,,,,,,,,,,,,,,,,,,,,,,,,,,,,,,,,,,,,,,,,,,,,,,,,,,,,,,,,,,,,,,,,,,,,,,,,,,,,,,,,,,,,,,,,,,,,,,,,,,,,,,,,,,,,,,,,,,,,,,,,,,,,,,,,,,,,,,,,,,,,,,,,,,,,,,,,,,,,,,,,,,,,,,,,,,,,,,,,,,,,,,,,,,,,,,,,,,,,,,,,,,,,,,,,,,,,,,,,,,,,,,,,,,,,,,,,,,,,,,,,,,,,,,,,,,,,,,,,,,,,,,,,,,,,,,,,,,,,,,,,,,,,,,,,,,,,,,,,,,,,,,,,,,,,,,,,,,,,,,,,,,,,,,,,,,,,,,,,,,,,,,,,,,,,,,,,,,,,,,,,,,,,,,,,,,,,,,,,,,,,,,,,,,,,,,,,,,,,,,,,,,,,,,,,,,,,,,,,,,,,,,,,,,,,,,,,,,,,,,,,,,,,,,,,,,,,,,,,,,,,,,,,,,,,,,,,,,,,,,,,,,,,,,,,,,,,,,,,,,,,,,,,,,,,,,,,,,,,,,,,,,,,,,,,,,,,,,,,,,,,,,,,,,,,,,,,,,,,,,,,,,,,,,,,,,,,,,,,,,,,,,,,,,,,,,,,,,,,,,,,,,,,,,,,,,,,,,,,,,,,,,,,,,,,,,,,,,,,,,,,,,,,,,,,,,,,,,,,,,,,,,,,,,,,,,,,,,,,,,,,,,,,,,,,,,,,,,,,,,,,,,,,,,,,,,,,,,,,,,,,,,,,,,,,,,,,,,,,,,,,,,,,,,,,,,,,,,,,,,,,,,,,,,,,,,,,,,,,,,,,,,,,,,,,,,,,,,,,,,,,,,,,,,,,,,,,,,,,,,,,,,,,,,,,,,,,,,,,,,,,,,,,,,,,,,,,,,,,,,,,,,,,,,,,,,,,,,,,,,,,,,,,,,,,,,,,,,,,,,,,,,,,,,,,,,,,,,,,,,,,,,,,,,,,,,,,,,,,,,,,,,,,,,,,,,,,,,,,,,,,,,,,,,,,,,,,,,,,,,,,,,,,,,,,,,,,,,,,,,,,,,,,,,,,,,,,,,,,,,,,,,,,,,,,,,,,,,,,,,,,,,,,,,,,,,,,,,,,,,,,,,,,,,,,,,,,,,,,,,,,,,,,,,,,,,,,,,,,,,,,,,,,,,,,,,,,,,,,,,,,,,,,,,,,,,,,,,,,,,,,,,,,,,,,,,,,,,,,,,,,,,,,,,,,,,,,,,,,,,,,,,,,,,,,,,,,,,,,,,,,,,,,,,,,,,,,,,,,,,,,,,,,,,,,,,,,,,,,,,,,,,,,,,,,,,,,,,,,,,,,,,,,,,,,,,,,,,,,,,,,,,,,,,,,,,,,,,,,,,,,,,,,,,,,,,,,,,,,,,,,,,,,,,,,,,,,,,,,,,,,,,,,,,,,,,,,,,,,,,,,,,,,,,,,,,,,,,,,,,,,,,,,,,,,,,,,,,,,,,,,,,,,,,,,,,,,,,,,,,,,,,,,,,,,,,,,,,,,,,,,,,,,,,,,,,,,,,,,,,,,,,,,,,,,,,,,,,,,,,,,,,,,,,,,,,,,,,,,,,,,,,,,,,,,,,,,,,,,,,,,,,,,,,,,,,,,,,,,,,,,,,,,,,,,,,,,,,,,,,,,,,,,,,,,,,,,,,,,,,,,,,,,,,,,,,,,,,,,,,,,,,,,,,,,,,,,,,,,,,,,,,,,,,,,,,,,,,,,,,,,,,,,,,,,,,,,,,,,,,,,,,,,,,,,,,,,,,,,,,,,,,,,,,,,,,,,,,,,,,,,,,,,,,,,,,,,,,,,,,,,,,,,,,,,,,,,,,,,,,,,,,,,,,,,,,,,,,,,,,,,,,,,,,,,,,,,,,,,,,,,,,,,,,,,,,,,,,,,,,,,,,,,,,,,,,,,,,,,,,,,,,,,,,,,,,,,,,,,,,,,,,,,,,,,,,,,,,,,,,,,,,,,,,,,,,,,,,,,,,,,,,,,,,,,,,,,,,,,,,,,,,,,,,,,,,,,,,,,,,,,,,,,,,,,,,,,,,,,,,,,,,,,,,,,,,,,,,,,,,,,,,,,,,,,,,,,,,,,,,,,,,,,,,,,,,,,,,,,,,,,,,,,,,,,,,,,,,,,,,,,,,,,,,,,,,,,,,,,,,,,,,,,,,,,,,,,,,,,,,,,,,,,,,,,,,,,,,,,,,,,,,,,,,,,,,,,,,,,,,,,,,,,,,,,,,,,,,,,,,,,,,,,,,,,,,,,,,,,,,,,,,,,,,,,,,,,,,,,,,,,,,,,,,,,,,,,,,,,,,,,,,,,,,,,,,,,,,,,,,,,,,,,,,,,,,,,,,,,,,,,,,,,,,,,,,,,,,,,,,,,,,,,,,,,,,,,,,,,,,,,,,,,,,,,,,,,,,,,,,,,,,,,,,,,,,,,,,,,,,,,,,,,,,,,,,,,,,,,,,,,,,,,,,,,,,,,,,,,,,,,,,,,,,,,,,,,,,,,,,,,,,,,,,,,,,,,,,,,,,,,,,,,,,,,,,,,,,,,,,,,,,,,,,,,,,,,,,,,,,,,,,,,,,,,,,,,,,,,,,,,,,,,,,,,,,,,,,,,,,,,,,,,,,,,,,,,,,,,,,,,,,,,,,,,,,,,,,,,,,,,,,,,,,,,,,,,,,,,,,,,,,,,,,,,,,,,,,,,,,,,,,,,,,,,,,,,,,,,,,,,,,,,,,,,,,,,,,,,,,,,,,,,,,,,,,,,,,,,,,,,,,,,,,,,,,,,,,,,,,,,,,,,,,,,,,,,,,,,,,,,,,,,,,,,,,,,,,,,,,,,,,,,,,,,,,,,,,,,,,,,,,,,,,,,,,,,,,,,,,,,,,,,,,,,,,,,,,,,,,,,,,,,,,,,,,,,,,,,,,,,,,,,,,,,,,,,,,,,,,,,,,,,,,,,,,,,,,,,,,,,,,,,,,,,,,,,,,,,,,,,,,,,,,,,,,,,,,,,,,,,,,,,,,,,,,,,,,,,,,,,,,,,,,,,,,,,,,,,,,,,,,,,,,,,,,,,,,,,,,,,,,,,,,,,,,,,,,,,,,,,,,,,,,,,,,,,,,,,,,,,,,,,,,,,,,,,,,,,,,,,,,,,,,,,,,,,,,,,,,,,,,,,,,,,,,,,,,,,,,,,,,,,,,,,,,,,,,,,,,,,,,,,,,,,,,,,,,,,,,,,,,,,,,,,,,,,,,,,,,,,,,,,,,,,,,,,,,,,,,,,,,,,,,,,,,,,,,,,,,,,,,,,,,,,,,,,,,,,,,,,,,,,,,,,,,,,,,,,,,,,,,,,,,,,,,,,,,,,,,,,,,,,,,,,,,,,,,,,,,,,,,,,,,,,,,,,,,,,,,,,,,,,,,,,,,,,,,,,,,,,,,,,,,,,,,,,,,,,,,,,,,,,,,,,,,,,,,,,,,,,,,,,,,,,,,,,,,,,,,,,,,,,,,,,,,,,,,,,,,,,,,,,,,,,,,,,,,,,,,,,,,,,,,,,,,,,,,,,,,,,,,,,,,,,,,,,,,,,,,,,,,,,,,,,,,,,,,,,,,,,,,,,,,,,,,,,,,,,,,,,,,,,,,,,,,,,,,,,,,,,,,,,,,,,,,,,,,,,,,,,,,,,,,,,,,,,,,,,,,,,,,,,,,,,,,,,,,,,,,,,,,,,,,,,,,,,,,,,,,,,,,,,,,,,,,,,,,,,,,,,,,,,,,,,,,,,,,,,,,,,,,,,,,,,,,,,,,,,,,,,,,,,,,,,,,,,,,,,,,,,,,,,,,,,,,,,,,,,,,,,,,,,,,,,,,,,,,,,,,,,,,,,,,,,,,,,,,,,,,,,,,,,,,,,,,,,,,,,,,,,,,,,,,,,,,,,,,,,,,,,,,,,,,,,,,,,,,,,,,,,,,,,,,,,,,,,,,,,,,,,,,,,,,,,,,,,,,,,,,,,,,,,,,,,,,,,,,,,,,,,,,,,,,,,,,,,,,,,,,,,,,,,,,,,,,,,,,,,,,,,,,,,,,,,,,,,,,,,,,,,,,,,,,,,,,,,,,,,,,,,,,,,,,,,,,,,,,,,,,,,,,,,,,,,,,,,,,,,,,,,,,,,,,,,,,,,,,,,,,,,,,,,,,,,,,,,,,,,,,,,,,,,,,,,,,,,,,,,,,,,,,,,,,,,,,,,,,,,,,,,,,,,,,,,,,,,,,,,,,,,,,,,,,,,,,,,,,,,,,,,,,,,,,,,,,,,,,,,,,,,,,,,,,,,,,,,,,,,,,,,,,,,,,,,,,,,,,,,,,,,,,,,,,,,,,,,,,,,,,,,,,,,,,,,,,,,,,,,,,,,,,,,,,,,,,,,,,,,,,,,,,,,,,,,,,,,,,,,,,,,,,,,,,,,,,,,,,,,,,,,,,,,,,,,,,,,,,,,,,,,,,,,,,,,,,,,,,,,,,,,,,,,,,,,,,,,,,,,,,,,,,,,,,,,,,,,,,,,,,,,    Quantized model Evaluation accuracy on 50000 images, 68.95
Total time: 897.69 sec
