
Python version : 3.12.1 | packaged by Anaconda, Inc. | (main, Jan 19 2024, 15:51:05) [GCC 11.2.0]
Pytorch version :  2.2.1
cuda available :  True
Using device: cuda:0 | NVIDIA GeForce RTX 3090
cudnn version :  8902
cudnn enabled: True

Parsed Arguments:
- ResNet 18
- Learning Rate: 0.001
- Momentum: 0.9
- Batch Size: 128
- Number of Epochs: 100
- Save Model Every n Epochs: 5
- Continue From: -1 Possible values: -1(latest), 0, n
No savepoint found. Starting from scratch

Epoch   1/100 (4.46s) | train_loss: 1.5559 | train_acc: 56.68% | eval_loss: 3.7924 | eval_acc: 73.42%
Epoch   2/100 (4.07s) | train_loss: 0.7473 | train_acc: 74.11% | eval_loss: 2.7100 | eval_acc: 81.19%
Epoch   3/100 (4.00s) | train_loss: 0.5870 | train_acc: 79.65% | eval_loss: 2.0891 | eval_acc: 85.82%
Epoch   4/100 (4.02s) | train_loss: 0.4698 | train_acc: 83.55% | eval_loss: 1.6271 | eval_acc: 88.95%
Epoch   5/100 (4.01s) | train_loss: 0.3818 | train_acc: 86.79% | eval_loss: 1.1417 | eval_acc: 92.69%
Epoch   6/100 (3.99s) | train_loss: 0.2967 | train_acc: 89.65% | eval_loss: 0.7728 | eval_acc: 95.34%
Epoch   7/100 (3.98s) | train_loss: 0.2334 | train_acc: 91.89% | eval_loss: 0.5286 | eval_acc: 97.18%
Epoch   8/100 (4.00s) | train_loss: 0.1800 | train_acc: 93.81% | eval_loss: 0.3679 | eval_acc: 98.00%
Epoch   9/100 (4.02s) | train_loss: 0.1407 | train_acc: 95.02% | eval_loss: 0.2617 | eval_acc: 98.65%
Epoch  10/100 (4.00s) | train_loss: 0.1122 | train_acc: 96.08% | eval_loss: 0.1739 | eval_acc: 99.09%
Epoch  11/100 (3.99s) | train_loss: 0.0881 | train_acc: 96.96% | eval_loss: 0.1356 | eval_acc: 99.28%
Epoch  12/100 (4.02s) | train_loss: 0.0696 | train_acc: 97.66% | eval_loss: 0.1084 | eval_acc: 99.42%
Epoch  13/100 (4.00s) | train_loss: 0.0675 | train_acc: 97.62% | eval_loss: 0.0947 | eval_acc: 99.49%

Python version : 3.12.1 | packaged by Anaconda, Inc. | (main, Jan 19 2024, 15:51:05) [GCC 11.2.0]
Pytorch version :  2.2.1
cuda available :  True
Using device: cuda:0 | NVIDIA GeForce RTX 3090
cudnn version :  8902
cudnn enabled: True

Parsed Arguments:
- ResNet 18
- Learning Rate: 0.001
- Momentum: 0.9
- Batch Size: 128
- Number of Epochs: 100
- Save Model Every n Epochs: 5
- Continue From: -1

Python version : 3.12.1 | packaged by Anaconda, Inc. | (main, Jan 19 2024, 15:51:05) [GCC 11.2.0]
Pytorch version :  2.2.1
cuda available :  True
Using device: cuda:0 | NVIDIA GeForce RTX 3090
cudnn version :  8902
cudnn enabled: True

Parsed Arguments:
- ResNet 18
- Learning Rate: 0.001
- Momentum: 0.9
- Batch Size: 128
- Number of Epochs: 100
- Save Model Every n Epochs: 5
- Continue From: -1 (Possible values: -1 (latest), 0, n)
Continuing from latest savepoint 35 epochs

