
Case: [ resnet18_AdaRound_NormQuantizer_CH_W4A8_BNFold_p2.4_AdaRoundLR0.01 ]
    - arch: resnet18
    - batch_size: 128
    - num_samples: 1024
    - folding: True
    - batch_size_AdaRound: 32
    - lr: 0.01

- weight params:
    - scheme: NormQuantizer
    - dstDtype: INT4
    - per_channel: True
    - p: 2.4
    - AdaRound: True

- activation params:
    - scheme: NormQuantizer
    - dstDtype: INT8
    - per_channel: False
    - p: 2.4

Replace to QuantModule
    Conv2d <- BatchNorm2d    BN Folded!
    p = 2.4
    Parent class is NormQuantizer
    Initiated the V
    ReLU merged
    Conv2d <- BatchNorm2d    BN Folded!
    p = 2.4
    Parent class is NormQuantizer
    Initiated the V
    ReLU merged
    Conv2d <- BatchNorm2d    BN Folded!
    p = 2.4
    Parent class is NormQuantizer
    Initiated the V
    Conv2d <- BatchNorm2d    BN Folded!
    p = 2.4
    Parent class is NormQuantizer
    Initiated the V
    ReLU merged
    Conv2d <- BatchNorm2d    BN Folded!
    p = 2.4
    Parent class is NormQuantizer
    Initiated the V
    Conv2d <- BatchNorm2d    BN Folded!
    p = 2.4
    Parent class is NormQuantizer
    Initiated the V
    ReLU merged
    Conv2d <- BatchNorm2d    BN Folded!
    p = 2.4
    Parent class is NormQuantizer
    Initiated the V
    Conv2d <- BatchNorm2d    BN Folded!
    p = 2.4
    Parent class is NormQuantizer
    Initiated the V
    Conv2d <- BatchNorm2d    BN Folded!
    p = 2.4
    Parent class is NormQuantizer
    Initiated the V
    ReLU merged
    Conv2d <- BatchNorm2d    BN Folded!
    p = 2.4
    Parent class is NormQuantizer
    Initiated the V
    Conv2d <- BatchNorm2d    BN Folded!
    p = 2.4
    Parent class is NormQuantizer
    Initiated the V
    ReLU merged
    Conv2d <- BatchNorm2d    BN Folded!
    p = 2.4
    Parent class is NormQuantizer
    Initiated the V
    Conv2d <- BatchNorm2d    BN Folded!
    p = 2.4
    Parent class is NormQuantizer
    Initiated the V
    Conv2d <- BatchNorm2d    BN Folded!
    p = 2.4
    Parent class is NormQuantizer
    Initiated the V
    ReLU merged
    Conv2d <- BatchNorm2d    BN Folded!
    p = 2.4
    Parent class is NormQuantizer
    Initiated the V
    Conv2d <- BatchNorm2d    BN Folded!
    p = 2.4
    Parent class is NormQuantizer
    Initiated the V
    ReLU merged
    Conv2d <- BatchNorm2d    BN Folded!
    p = 2.4
    Parent class is NormQuantizer
    Initiated the V
    Conv2d <- BatchNorm2d    BN Folded!
    p = 2.4
    Parent class is NormQuantizer
    Initiated the V
    Conv2d <- BatchNorm2d    BN Folded!
    p = 2.4
    Parent class is NormQuantizer
    Initiated the V
    ReLU merged
    Conv2d <- BatchNorm2d    BN Folded!
    p = 2.4
    Parent class is NormQuantizer
    Initiated the V
    p = 2.4
    Parent class is NormQuantizer
    Initiated the V
Qparams computing done!
    QuantModule: conv1, torch.Size([64, 3, 7, 7])
    QuantModule: layer1.0.conv1, torch.Size([64, 64, 3, 3])
    QuantModule: layer1.0.conv2, torch.Size([64, 64, 3, 3])
    QuantModule: layer1.1.conv1, torch.Size([64, 64, 3, 3])
    QuantModule: layer1.1.conv2, torch.Size([64, 64, 3, 3])
    QuantModule: layer2.0.conv1, torch.Size([128, 64, 3, 3])
    QuantModule: layer2.0.conv2, torch.Size([128, 128, 3, 3])
    QuantModule: layer2.0.downsample.0, torch.Size([128, 64, 1, 1])
    QuantModule: layer2.1.conv1, torch.Size([128, 128, 3, 3])
    QuantModule: layer2.1.conv2, torch.Size([128, 128, 3, 3])
    QuantModule: layer3.0.conv1, torch.Size([256, 128, 3, 3])
    QuantModule: layer3.0.conv2, torch.Size([256, 256, 3, 3])
    QuantModule: layer3.0.downsample.0, torch.Size([256, 128, 1, 1])
    QuantModule: layer3.1.conv1, torch.Size([256, 256, 3, 3])
    QuantModule: layer3.1.conv2, torch.Size([256, 256, 3, 3])
    QuantModule: layer4.0.conv1, torch.Size([512, 256, 3, 3])
    QuantModule: layer4.0.conv2, torch.Size([512, 512, 3, 3])
    QuantModule: layer4.0.downsample.0, torch.Size([512, 256, 1, 1])
    QuantModule: layer4.1.conv1, torch.Size([512, 512, 3, 3])
    QuantModule: layer4.1.conv2, torch.Size([512, 512, 3, 3])
    QuantModule: fc, torch.Size([1000, 512])
Total QuantModule: 21, Folded BN layers : 20
