ResNet18 quantization with myAdaRound!
    Original model Evaluation accuracy on 50000 images, 69.76
Qparams computing done!
    QuantModule: conv1, torch.Size([64, 3, 7, 7])
    QuantModule: layer1.0.conv1, torch.Size([64, 64, 3, 3])
    QuantModule: layer1.0.conv2, torch.Size([64, 64, 3, 3])
    QuantModule: layer1.1.conv1, torch.Size([64, 64, 3, 3])
    QuantModule: layer1.1.conv2, torch.Size([64, 64, 3, 3])
    QuantModule: layer2.0.conv1, torch.Size([128, 64, 3, 3])
    QuantModule: layer2.0.conv2, torch.Size([128, 128, 3, 3])
    QuantModule: layer2.0.downsample.0, torch.Size([128, 64, 1, 1])
    QuantModule: layer2.1.conv1, torch.Size([128, 128, 3, 3])
    QuantModule: layer2.1.conv2, torch.Size([128, 128, 3, 3])
    QuantModule: layer3.0.conv1, torch.Size([256, 128, 3, 3])
    QuantModule: layer3.0.conv2, torch.Size([256, 256, 3, 3])
    QuantModule: layer3.0.downsample.0, torch.Size([256, 128, 1, 1])
    QuantModule: layer3.1.conv1, torch.Size([256, 256, 3, 3])
    QuantModule: layer3.1.conv2, torch.Size([256, 256, 3, 3])
    QuantModule: layer4.0.conv1, torch.Size([512, 256, 3, 3])
    QuantModule: layer4.0.conv2, torch.Size([512, 512, 3, 3])
    QuantModule: layer4.0.downsample.0, torch.Size([512, 256, 1, 1])
    QuantModule: layer4.1.conv1, torch.Size([512, 512, 3, 3])
    QuantModule: layer4.1.conv2, torch.Size([512, 512, 3, 3])
    QuantModule: fc, torch.Size([1000, 512])
Total QuantModule: 21
.    torch.Size([128, 64, 112, 112])
..    torch.Size([128, 64, 56, 56])
...    torch.Size([128, 64, 56, 56])
....    torch.Size([128, 64, 56, 56])
.....    torch.Size([128, 64, 56, 56])
......    torch.Size([128, 128, 28, 28])
.......    torch.Size([128, 128, 28, 28])
........    torch.Size([128, 128, 28, 28])
.........    torch.Size([128, 128, 28, 28])
..........    torch.Size([128, 128, 28, 28])
...........    torch.Size([128, 256, 14, 14])
............    torch.Size([128, 256, 14, 14])
.............    torch.Size([128, 256, 14, 14])
..............    torch.Size([128, 256, 14, 14])
...............    torch.Size([128, 256, 14, 14])
................    torch.Size([128, 512, 7, 7])
.................    torch.Size([128, 512, 7, 7])
..................    torch.Size([128, 512, 7, 7])
...................    torch.Size([128, 512, 7, 7])
....................    torch.Size([128, 512, 7, 7])
.....................    torch.Size([128, 1000])
iter:    0, l2 loss: 19.3543, reg_loss: 0.0000, beta = 0.00
iter:  500, l2 loss: 0.3726, reg_loss: 0.0000, beta = 0.00
iter:  1000, l2 loss: 0.0512, reg_loss: 0.0000, beta = 0.00
iter:  1500, l2 loss: 0.0292, reg_loss: 0.0000, beta = 0.00
iter:  2000, l2 loss: 0.0278, reg_loss: 0.0000, beta = 0.00
iter:  2500, l2 loss: 0.0273, reg_loss: 0.0000, beta = 0.00
iter:  3000, l2 loss: 0.0269, reg_loss: 0.0000, beta = 0.00
iter:  3500, l2 loss: 0.0266, reg_loss: 0.0000, beta = 0.00
iter:  4000, l2 loss: 0.0263, reg_loss: 0.0000, beta = 0.00
iter:  4500, l2 loss: 0.0262, reg_loss: 0.0000, beta = 0.00
iter:  5000, l2 loss: 0.0260, reg_loss: 0.0000, beta = 0.00
iter:  5500, l2 loss: 0.0260, reg_loss: 0.0000, beta = 0.00
iter:  6000, l2 loss: 0.0259, reg_loss: 0.0000, beta = 0.00
iter:  6500, l2 loss: 0.0258, reg_loss: 0.0000, beta = 0.00
iter:  7000, l2 loss: 0.0258, reg_loss: 0.0000, beta = 0.00
iter:  7500, l2 loss: 0.0258, reg_loss: 0.0000, beta = 0.00
iter:  8000, l2 loss: 0.0258, reg_loss: 0.0000, beta = 0.00
iter:  8500, l2 loss: 0.0258, reg_loss: 0.0000, beta = 0.00
iter:  9000, l2 loss: 0.0258, reg_loss: 0.0000, beta = 0.00
iter:  9500, l2 loss: 0.0258, reg_loss: 0.0000, beta = 0.00
iter:  10000, l2 loss: 0.0258, reg_loss: 0.0000, beta = 0.00
iter:  10500, l2 loss: 0.0258, reg_loss: 0.0000, beta = 0.00
iter:  11000, l2 loss: 0.0258, reg_loss: 0.0000, beta = 0.00
iter:  11500, l2 loss: 0.0258, reg_loss: 0.0000, beta = 0.00
iter:  12000, l2 loss: 0.0258, reg_loss: 0.0000, beta = 0.00
iter:  12500, l2 loss: 0.0258, reg_loss: 0.0000, beta = 0.00
iter:  13000, l2 loss: 0.0258, reg_loss: 0.0000, beta = 0.00
iter:  13500, l2 loss: 0.0258, reg_loss: 0.0000, beta = 0.00
iter:  14000, l2 loss: 0.0258, reg_loss: 0.0000, beta = 0.00
iter:  14500, l2 loss: 0.0258, reg_loss: 0.0000, beta = 0.00
iter:  15000, l2 loss: 0.0258, reg_loss: 0.0000, beta = 0.00
iter:  15500, l2 loss: 0.0258, reg_loss: 0.0000, beta = 0.00
iter:  16000, l2 loss: 0.0258, reg_loss: 0.0000, beta = 0.00
iter:  16500, l2 loss: 0.0258, reg_loss: 0.0000, beta = 0.00
iter:  17000, l2 loss: 0.0258, reg_loss: 0.0000, beta = 0.00
iter:  17500, l2 loss: 0.0258, reg_loss: 0.0000, beta = 0.00
iter:  18000, l2 loss: 0.0258, reg_loss: 0.0000, beta = 0.00
iter:  18500, l2 loss: 0.0258, reg_loss: 0.0000, beta = 0.00
iter:  19000, l2 loss: 0.0258, reg_loss: 0.0000, beta = 0.00
iter:  19500, l2 loss: 0.0258, reg_loss: 0.0000, beta = 0.00
iter:  20000, l2 loss: 0.0258, reg_loss: 0.0000, beta = 0.00
,iter:    0, l2 loss: 17.6183, reg_loss: 0.0000, beta = 0.00
iter:  500, l2 loss: 0.3130, reg_loss: 0.0000, beta = 0.00
iter:  1000, l2 loss: 0.0367, reg_loss: 0.0000, beta = 0.00
iter:  1500, l2 loss: 0.0164, reg_loss: 0.0000, beta = 0.00
iter:  2000, l2 loss: 0.0152, reg_loss: 0.0000, beta = 0.00
iter:  2500, l2 loss: 0.0148, reg_loss: 0.0000, beta = 0.00
iter:  3000, l2 loss: 0.0145, reg_loss: 0.0000, beta = 0.00
iter:  3500, l2 loss: 0.0143, reg_loss: 0.0000, beta = 0.00
iter:  4000, l2 loss: 0.0142, reg_loss: 0.0000, beta = 0.00
iter:  4500, l2 loss: 0.0140, reg_loss: 0.0000, beta = 0.00
iter:  5000, l2 loss: 0.0139, reg_loss: 0.0000, beta = 0.00
iter:  5500, l2 loss: 0.0139, reg_loss: 0.0000, beta = 0.00
iter:  6000, l2 loss: 0.0138, reg_loss: 0.0000, beta = 0.00
iter:  6500, l2 loss: 0.0138, reg_loss: 0.0000, beta = 0.00
iter:  7000, l2 loss: 0.0137, reg_loss: 0.0000, beta = 0.00
iter:  7500, l2 loss: 0.0137, reg_loss: 0.0000, beta = 0.00
iter:  8000, l2 loss: 0.0137, reg_loss: 0.0000, beta = 0.00
iter:  8500, l2 loss: 0.0137, reg_loss: 0.0000, beta = 0.00
iter:  9000, l2 loss: 0.0137, reg_loss: 0.0000, beta = 0.00
iter:  9500, l2 loss: 0.0137, reg_loss: 0.0000, beta = 0.00
iter:  10000, l2 loss: 0.0136, reg_loss: 0.0000, beta = 0.00
iter:  10500, l2 loss: 0.0136, reg_loss: 0.0000, beta = 0.00
iter:  11000, l2 loss: 0.0136, reg_loss: 0.0000, beta = 0.00
iter:  11500, l2 loss: 0.0136, reg_loss: 0.0000, beta = 0.00
iter:  12000, l2 loss: 0.0136, reg_loss: 0.0000, beta = 0.00
iter:  12500, l2 loss: 0.0136, reg_loss: 0.0000, beta = 0.00
iter:  13000, l2 loss: 0.0136, reg_loss: 0.0000, beta = 0.00
iter:  13500, l2 loss: 0.0136, reg_loss: 0.0000, beta = 0.00
iter:  14000, l2 loss: 0.0136, reg_loss: 0.0000, beta = 0.00
iter:  14500, l2 loss: 0.0136, reg_loss: 0.0000, beta = 0.00
iter:  15000, l2 loss: 0.0136, reg_loss: 0.0000, beta = 0.00
iter:  15500, l2 loss: 0.0136, reg_loss: 0.0000, beta = 0.00
iter:  16000, l2 loss: 0.0136, reg_loss: 0.0000, beta = 0.00
iter:  16500, l2 loss: 0.0136, reg_loss: 0.0000, beta = 0.00
iter:  17000, l2 loss: 0.0136, reg_loss: 0.0000, beta = 0.00
iter:  17500, l2 loss: 0.0136, reg_loss: 0.0000, beta = 0.00
iter:  18000, l2 loss: 0.0136, reg_loss: 0.0000, beta = 0.00
iter:  18500, l2 loss: 0.0136, reg_loss: 0.0000, beta = 0.00
iter:  19000, l2 loss: 0.0136, reg_loss: 0.0000, beta = 0.00
iter:  19500, l2 loss: 0.0136, reg_loss: 0.0000, beta = 0.00
iter:  20000, l2 loss: 0.0136, reg_loss: 0.0000, beta = 0.00
,,iter:    0, l2 loss: 1.1490, reg_loss: 0.0000, beta = 0.00
iter:  500, l2 loss: 0.0246, reg_loss: 0.0000, beta = 0.00
iter:  1000, l2 loss: 0.0065, reg_loss: 0.0000, beta = 0.00
iter:  1500, l2 loss: 0.0053, reg_loss: 0.0000, beta = 0.00
iter:  2000, l2 loss: 0.0051, reg_loss: 0.0000, beta = 0.00
iter:  2500, l2 loss: 0.0050, reg_loss: 0.0000, beta = 0.00
iter:  3000, l2 loss: 0.0049, reg_loss: 0.0000, beta = 0.00
iter:  3500, l2 loss: 0.0049, reg_loss: 0.0000, beta = 0.00
iter:  4000, l2 loss: 0.0048, reg_loss: 0.0000, beta = 0.00
iter:  4500, l2 loss: 0.0048, reg_loss: 0.0000, beta = 0.00
iter:  5000, l2 loss: 0.0048, reg_loss: 0.0000, beta = 0.00
iter:  5500, l2 loss: 0.0048, reg_loss: 0.0000, beta = 0.00
iter:  6000, l2 loss: 0.0048, reg_loss: 0.0000, beta = 0.00
iter:  6500, l2 loss: 0.0048, reg_loss: 0.0000, beta = 0.00
iter:  7000, l2 loss: 0.0048, reg_loss: 0.0000, beta = 0.00
iter:  7500, l2 loss: 0.0048, reg_loss: 0.0000, beta = 0.00
iter:  8000, l2 loss: 0.0048, reg_loss: 0.0000, beta = 0.00
iter:  8500, l2 loss: 0.0048, reg_loss: 0.0000, beta = 0.00
iter:  9000, l2 loss: 0.0048, reg_loss: 0.0000, beta = 0.00
iter:  9500, l2 loss: 0.0048, reg_loss: 0.0000, beta = 0.00
iter:  10000, l2 loss: 0.0048, reg_loss: 0.0000, beta = 0.00
iter:  10500, l2 loss: 0.0048, reg_loss: 0.0000, beta = 0.00
iter:  11000, l2 loss: 0.0048, reg_loss: 0.0000, beta = 0.00
iter:  11500, l2 loss: 0.0048, reg_loss: 0.0000, beta = 0.00
iter:  12000, l2 loss: 0.0048, reg_loss: 0.0000, beta = 0.00
iter:  12500, l2 loss: 0.0048, reg_loss: 0.0000, beta = 0.00
iter:  13000, l2 loss: 0.0048, reg_loss: 0.0000, beta = 0.00
iter:  13500, l2 loss: 0.0048, reg_loss: 0.0000, beta = 0.00
iter:  14000, l2 loss: 0.0048, reg_loss: 0.0000, beta = 0.00
iter:  14500, l2 loss: 0.0048, reg_loss: 0.0000, beta = 0.00
iter:  15000, l2 loss: 0.0048, reg_loss: 0.0000, beta = 0.00
iter:  15500, l2 loss: 0.0048, reg_loss: 0.0000, beta = 0.00
iter:  16000, l2 loss: 0.0048, reg_loss: 0.0000, beta = 0.00
iter:  16500, l2 loss: 0.0048, reg_loss: 0.0000, beta = 0.00
iter:  17000, l2 loss: 0.0048, reg_loss: 0.0000, beta = 0.00
iter:  17500, l2 loss: 0.0048, reg_loss: 0.0000, beta = 0.00
iter:  18000, l2 loss: 0.0048, reg_loss: 0.0000, beta = 0.00
iter:  18500, l2 loss: 0.0048, reg_loss: 0.0000, beta = 0.00
iter:  19000, l2 loss: 0.0048, reg_loss: 0.0000, beta = 0.00
iter:  19500, l2 loss: 0.0048, reg_loss: 0.0000, beta = 0.00
iter:  20000, l2 loss: 0.0048, reg_loss: 0.0000, beta = 0.00
,,,iter:    0, l2 loss: 20.1192, reg_loss: 0.0000, beta = 0.00
iter:  500, l2 loss: 0.3330, reg_loss: 0.0000, beta = 0.00
iter:  1000, l2 loss: 0.0437, reg_loss: 0.0000, beta = 0.00
iter:  1500, l2 loss: 0.0243, reg_loss: 0.0000, beta = 0.00
iter:  2000, l2 loss: 0.0224, reg_loss: 0.0000, beta = 0.00
iter:  2500, l2 loss: 0.0219, reg_loss: 0.0000, beta = 0.00
iter:  3000, l2 loss: 0.0214, reg_loss: 0.0000, beta = 0.00
iter:  3500, l2 loss: 0.0210, reg_loss: 0.0000, beta = 0.00
iter:  4000, l2 loss: 0.0207, reg_loss: 0.0000, beta = 0.00
iter:  4500, l2 loss: 0.0204, reg_loss: 0.0000, beta = 0.00
iter:  5000, l2 loss: 0.0202, reg_loss: 0.0000, beta = 0.00
iter:  5500, l2 loss: 0.0201, reg_loss: 0.0000, beta = 0.00
iter:  6000, l2 loss: 0.0200, reg_loss: 0.0000, beta = 0.00
iter:  6500, l2 loss: 0.0199, reg_loss: 0.0000, beta = 0.00
iter:  7000, l2 loss: 0.0199, reg_loss: 0.0000, beta = 0.00
iter:  7500, l2 loss: 0.0198, reg_loss: 0.0000, beta = 0.00
iter:  8000, l2 loss: 0.0198, reg_loss: 0.0000, beta = 0.00
iter:  8500, l2 loss: 0.0198, reg_loss: 0.0000, beta = 0.00
iter:  9000, l2 loss: 0.0198, reg_loss: 0.0000, beta = 0.00
iter:  9500, l2 loss: 0.0198, reg_loss: 0.0000, beta = 0.00
iter:  10000, l2 loss: 0.0198, reg_loss: 0.0000, beta = 0.00
iter:  10500, l2 loss: 0.0198, reg_loss: 0.0000, beta = 0.00
iter:  11000, l2 loss: 0.0198, reg_loss: 0.0000, beta = 0.00
iter:  11500, l2 loss: 0.0198, reg_loss: 0.0000, beta = 0.00
iter:  12000, l2 loss: 0.0198, reg_loss: 0.0000, beta = 0.00
iter:  12500, l2 loss: 0.0198, reg_loss: 0.0000, beta = 0.00
iter:  13000, l2 loss: 0.0198, reg_loss: 0.0000, beta = 0.00
iter:  13500, l2 loss: 0.0198, reg_loss: 0.0000, beta = 0.00
iter:  14000, l2 loss: 0.0198, reg_loss: 0.0000, beta = 0.00
iter:  14500, l2 loss: 0.0198, reg_loss: 0.0000, beta = 0.00
iter:  15000, l2 loss: 0.0198, reg_loss: 0.0000, beta = 0.00
iter:  15500, l2 loss: 0.0198, reg_loss: 0.0000, beta = 0.00
iter:  16000, l2 loss: 0.0198, reg_loss: 0.0000, beta = 0.00
iter:  16500, l2 loss: 0.0198, reg_loss: 0.0000, beta = 0.00
iter:  17000, l2 loss: 0.0198, reg_loss: 0.0000, beta = 0.00
iter:  17500, l2 loss: 0.0198, reg_loss: 0.0000, beta = 0.00
iter:  18000, l2 loss: 0.0198, reg_loss: 0.0000, beta = 0.00
iter:  18500, l2 loss: 0.0198, reg_loss: 0.0000, beta = 0.00
iter:  19000, l2 loss: 0.0198, reg_loss: 0.0000, beta = 0.00
iter:  19500, l2 loss: 0.0198, reg_loss: 0.0000, beta = 0.00
iter:  20000, l2 loss: 0.0198, reg_loss: 0.0000, beta = 0.00
,,,,iter:    0, l2 loss: 0.6164, reg_loss: 0.0000, beta = 0.00
iter:  500, l2 loss: 0.0184, reg_loss: 0.0000, beta = 0.00
iter:  1000, l2 loss: 0.0079, reg_loss: 0.0000, beta = 0.00
iter:  1500, l2 loss: 0.0071, reg_loss: 0.0000, beta = 0.00
iter:  2000, l2 loss: 0.0070, reg_loss: 0.0000, beta = 0.00
iter:  2500, l2 loss: 0.0069, reg_loss: 0.0000, beta = 0.00
iter:  3000, l2 loss: 0.0069, reg_loss: 0.0000, beta = 0.00
iter:  3500, l2 loss: 0.0068, reg_loss: 0.0000, beta = 0.00
iter:  4000, l2 loss: 0.0068, reg_loss: 0.0000, beta = 0.00
iter:  4500, l2 loss: 0.0068, reg_loss: 0.0000, beta = 0.00
iter:  5000, l2 loss: 0.0068, reg_loss: 0.0000, beta = 0.00
iter:  5500, l2 loss: 0.0068, reg_loss: 0.0000, beta = 0.00
iter:  6000, l2 loss: 0.0068, reg_loss: 0.0000, beta = 0.00
iter:  6500, l2 loss: 0.0068, reg_loss: 0.0000, beta = 0.00
iter:  7000, l2 loss: 0.0068, reg_loss: 0.0000, beta = 0.00
iter:  7500, l2 loss: 0.0068, reg_loss: 0.0000, beta = 0.00
iter:  8000, l2 loss: 0.0068, reg_loss: 0.0000, beta = 0.00
iter:  8500, l2 loss: 0.0068, reg_loss: 0.0000, beta = 0.00
iter:  9000, l2 loss: 0.0068, reg_loss: 0.0000, beta = 0.00
iter:  9500, l2 loss: 0.0068, reg_loss: 0.0000, beta = 0.00
iter:  10000, l2 loss: 0.0068, reg_loss: 0.0000, beta = 0.00
iter:  10500, l2 loss: 0.0068, reg_loss: 0.0000, beta = 0.00
iter:  11000, l2 loss: 0.0068, reg_loss: 0.0000, beta = 0.00
iter:  11500, l2 loss: 0.0068, reg_loss: 0.0000, beta = 0.00
iter:  12000, l2 loss: 0.0068, reg_loss: 0.0000, beta = 0.00
iter:  12500, l2 loss: 0.0068, reg_loss: 0.0000, beta = 0.00
iter:  13000, l2 loss: 0.0068, reg_loss: 0.0000, beta = 0.00
iter:  13500, l2 loss: 0.0068, reg_loss: 0.0000, beta = 0.00
iter:  14000, l2 loss: 0.0068, reg_loss: 0.0000, beta = 0.00
iter:  14500, l2 loss: 0.0068, reg_loss: 0.0000, beta = 0.00
iter:  15000, l2 loss: 0.0068, reg_loss: 0.0000, beta = 0.00
iter:  15500, l2 loss: 0.0068, reg_loss: 0.0000, beta = 0.00
iter:  16000, l2 loss: 0.0068, reg_loss: 0.0000, beta = 0.00
iter:  16500, l2 loss: 0.0068, reg_loss: 0.0000, beta = 0.00
iter:  17000, l2 loss: 0.0068, reg_loss: 0.0000, beta = 0.00
iter:  17500, l2 loss: 0.0068, reg_loss: 0.0000, beta = 0.00
iter:  18000, l2 loss: 0.0068, reg_loss: 0.0000, beta = 0.00
iter:  18500, l2 loss: 0.0068, reg_loss: 0.0000, beta = 0.00
iter:  19000, l2 loss: 0.0068, reg_loss: 0.0000, beta = 0.00
iter:  19500, l2 loss: 0.0068, reg_loss: 0.0000, beta = 0.00
iter:  20000, l2 loss: 0.0068, reg_loss: 0.0000, beta = 0.00
,,,,,iter:    0, l2 loss: 15.4365, reg_loss: 0.0000, beta = 0.00
iter:  500, l2 loss: 0.2908, reg_loss: 0.0000, beta = 0.00
iter:  1000, l2 loss: 0.0679, reg_loss: 0.0000, beta = 0.00
iter:  1500, l2 loss: 0.0529, reg_loss: 0.0000, beta = 0.00
iter:  2000, l2 loss: 0.0513, reg_loss: 0.0000, beta = 0.00
iter:  2500, l2 loss: 0.0503, reg_loss: 0.0000, beta = 0.00
iter:  3000, l2 loss: 0.0495, reg_loss: 0.0000, beta = 0.00
iter:  3500, l2 loss: 0.0488, reg_loss: 0.0000, beta = 0.00
iter:  4000, l2 loss: 0.0483, reg_loss: 0.0000, beta = 0.00
iter:  4500, l2 loss: 0.0479, reg_loss: 0.0000, beta = 0.00
iter:  5000, l2 loss: 0.0477, reg_loss: 0.0000, beta = 0.00
iter:  5500, l2 loss: 0.0476, reg_loss: 0.0000, beta = 0.00
iter:  6000, l2 loss: 0.0475, reg_loss: 0.0000, beta = 0.00
iter:  6500, l2 loss: 0.0474, reg_loss: 0.0000, beta = 0.00
iter:  7000, l2 loss: 0.0474, reg_loss: 0.0000, beta = 0.00
iter:  7500, l2 loss: 0.0474, reg_loss: 0.0000, beta = 0.00
iter:  8000, l2 loss: 0.0474, reg_loss: 0.0000, beta = 0.00
iter:  8500, l2 loss: 0.0474, reg_loss: 0.0000, beta = 0.00
iter:  9000, l2 loss: 0.0474, reg_loss: 0.0000, beta = 0.00
iter:  9500, l2 loss: 0.0474, reg_loss: 0.0000, beta = 0.00
iter:  10000, l2 loss: 0.0474, reg_loss: 0.0000, beta = 0.00
iter:  10500, l2 loss: 0.0473, reg_loss: 0.0000, beta = 0.00
iter:  11000, l2 loss: 0.0473, reg_loss: 0.0000, beta = 0.00
iter:  11500, l2 loss: 0.0473, reg_loss: 0.0000, beta = 0.00
iter:  12000, l2 loss: 0.0473, reg_loss: 0.0000, beta = 0.00
iter:  12500, l2 loss: 0.0473, reg_loss: 0.0000, beta = 0.00
iter:  13000, l2 loss: 0.0473, reg_loss: 0.0000, beta = 0.00
iter:  13500, l2 loss: 0.0473, reg_loss: 0.0000, beta = 0.00
iter:  14000, l2 loss: 0.0473, reg_loss: 0.0000, beta = 0.00
iter:  14500, l2 loss: 0.0473, reg_loss: 0.0000, beta = 0.00
iter:  15000, l2 loss: 0.0473, reg_loss: 0.0000, beta = 0.00
iter:  15500, l2 loss: 0.0473, reg_loss: 0.0000, beta = 0.00
iter:  16000, l2 loss: 0.0473, reg_loss: 0.0000, beta = 0.00
iter:  16500, l2 loss: 0.0473, reg_loss: 0.0000, beta = 0.00
iter:  17000, l2 loss: 0.0473, reg_loss: 0.0000, beta = 0.00
iter:  17500, l2 loss: 0.0473, reg_loss: 0.0000, beta = 0.00
iter:  18000, l2 loss: 0.0473, reg_loss: 0.0000, beta = 0.00
iter:  18500, l2 loss: 0.0473, reg_loss: 0.0000, beta = 0.00
iter:  19000, l2 loss: 0.0473, reg_loss: 0.0000, beta = 0.00
iter:  19500, l2 loss: 0.0473, reg_loss: 0.0000, beta = 0.00
iter:  20000, l2 loss: 0.0473, reg_loss: 0.0000, beta = 0.00
,,,,,,iter:    0, l2 loss: 2.2420, reg_loss: 0.0000, beta = 0.00
iter:  500, l2 loss: 0.0450, reg_loss: 0.0000, beta = 0.00
iter:  1000, l2 loss: 0.0108, reg_loss: 0.0000, beta = 0.00
iter:  1500, l2 loss: 0.0084, reg_loss: 0.0000, beta = 0.00
iter:  2000, l2 loss: 0.0081, reg_loss: 0.0000, beta = 0.00
iter:  2500, l2 loss: 0.0080, reg_loss: 0.0000, beta = 0.00
iter:  3000, l2 loss: 0.0079, reg_loss: 0.0000, beta = 0.00
iter:  3500, l2 loss: 0.0079, reg_loss: 0.0000, beta = 0.00
iter:  4000, l2 loss: 0.0078, reg_loss: 0.0000, beta = 0.00
iter:  4500, l2 loss: 0.0078, reg_loss: 0.0000, beta = 0.00
iter:  5000, l2 loss: 0.0077, reg_loss: 0.0000, beta = 0.00
iter:  5500, l2 loss: 0.0077, reg_loss: 0.0000, beta = 0.00
iter:  6000, l2 loss: 0.0077, reg_loss: 0.0000, beta = 0.00
iter:  6500, l2 loss: 0.0077, reg_loss: 0.0000, beta = 0.00
iter:  7000, l2 loss: 0.0077, reg_loss: 0.0000, beta = 0.00
iter:  7500, l2 loss: 0.0077, reg_loss: 0.0000, beta = 0.00
iter:  8000, l2 loss: 0.0077, reg_loss: 0.0000, beta = 0.00
iter:  8500, l2 loss: 0.0077, reg_loss: 0.0000, beta = 0.00
iter:  9000, l2 loss: 0.0077, reg_loss: 0.0000, beta = 0.00
iter:  9500, l2 loss: 0.0077, reg_loss: 0.0000, beta = 0.00
iter:  10000, l2 loss: 0.0077, reg_loss: 0.0000, beta = 0.00
iter:  10500, l2 loss: 0.0077, reg_loss: 0.0000, beta = 0.00
iter:  11000, l2 loss: 0.0077, reg_loss: 0.0000, beta = 0.00
iter:  11500, l2 loss: 0.0077, reg_loss: 0.0000, beta = 0.00
iter:  12000, l2 loss: 0.0077, reg_loss: 0.0000, beta = 0.00
iter:  12500, l2 loss: 0.0077, reg_loss: 0.0000, beta = 0.00
iter:  13000, l2 loss: 0.0077, reg_loss: 0.0000, beta = 0.00
iter:  13500, l2 loss: 0.0077, reg_loss: 0.0000, beta = 0.00
iter:  14000, l2 loss: 0.0077, reg_loss: 0.0000, beta = 0.00
iter:  14500, l2 loss: 0.0077, reg_loss: 0.0000, beta = 0.00
iter:  15000, l2 loss: 0.0077, reg_loss: 0.0000, beta = 0.00
iter:  15500, l2 loss: 0.0077, reg_loss: 0.0000, beta = 0.00
iter:  16000, l2 loss: 0.0077, reg_loss: 0.0000, beta = 0.00
iter:  16500, l2 loss: 0.0077, reg_loss: 0.0000, beta = 0.00
iter:  17000, l2 loss: 0.0077, reg_loss: 0.0000, beta = 0.00
iter:  17500, l2 loss: 0.0077, reg_loss: 0.0000, beta = 0.00
iter:  18000, l2 loss: 0.0077, reg_loss: 0.0000, beta = 0.00
iter:  18500, l2 loss: 0.0077, reg_loss: 0.0000, beta = 0.00
iter:  19000, l2 loss: 0.0077, reg_loss: 0.0000, beta = 0.00
iter:  19500, l2 loss: 0.0077, reg_loss: 0.0000, beta = 0.00
iter:  20000, l2 loss: 0.0077, reg_loss: 0.0000, beta = 0.00
,,,,,,,iter:    0, l2 loss: 0.3093, reg_loss: 0.0000, beta = 0.00
iter:  500, l2 loss: 0.0145, reg_loss: 0.0000, beta = 0.00
iter:  1000, l2 loss: 0.0092, reg_loss: 0.0000, beta = 0.00
iter:  1500, l2 loss: 0.0089, reg_loss: 0.0000, beta = 0.00
iter:  2000, l2 loss: 0.0088, reg_loss: 0.0000, beta = 0.00
iter:  2500, l2 loss: 0.0087, reg_loss: 0.0000, beta = 0.00
iter:  3000, l2 loss: 0.0087, reg_loss: 0.0000, beta = 0.00
iter:  3500, l2 loss: 0.0087, reg_loss: 0.0000, beta = 0.00
iter:  4000, l2 loss: 0.0087, reg_loss: 0.0000, beta = 0.00
iter:  4500, l2 loss: 0.0087, reg_loss: 0.0000, beta = 0.00
iter:  5000, l2 loss: 0.0087, reg_loss: 0.0000, beta = 0.00
iter:  5500, l2 loss: 0.0087, reg_loss: 0.0000, beta = 0.00
iter:  6000, l2 loss: 0.0087, reg_loss: 0.0000, beta = 0.00
iter:  6500, l2 loss: 0.0087, reg_loss: 0.0000, beta = 0.00
iter:  7000, l2 loss: 0.0087, reg_loss: 0.0000, beta = 0.00
iter:  7500, l2 loss: 0.0087, reg_loss: 0.0000, beta = 0.00
iter:  8000, l2 loss: 0.0087, reg_loss: 0.0000, beta = 0.00
iter:  8500, l2 loss: 0.0087, reg_loss: 0.0000, beta = 0.00
iter:  9000, l2 loss: 0.0087, reg_loss: 0.0000, beta = 0.00
iter:  9500, l2 loss: 0.0087, reg_loss: 0.0000, beta = 0.00
iter:  10000, l2 loss: 0.0087, reg_loss: 0.0000, beta = 0.00
iter:  10500, l2 loss: 0.0087, reg_loss: 0.0000, beta = 0.00
iter:  11000, l2 loss: 0.0087, reg_loss: 0.0000, beta = 0.00
iter:  11500, l2 loss: 0.0087, reg_loss: 0.0000, beta = 0.00
iter:  12000, l2 loss: 0.0087, reg_loss: 0.0000, beta = 0.00
iter:  12500, l2 loss: 0.0087, reg_loss: 0.0000, beta = 0.00
iter:  13000, l2 loss: 0.0087, reg_loss: 0.0000, beta = 0.00
iter:  13500, l2 loss: 0.0087, reg_loss: 0.0000, beta = 0.00
iter:  14000, l2 loss: 0.0087, reg_loss: 0.0000, beta = 0.00
iter:  14500, l2 loss: 0.0087, reg_loss: 0.0000, beta = 0.00
iter:  15000, l2 loss: 0.0087, reg_loss: 0.0000, beta = 0.00
iter:  15500, l2 loss: 0.0087, reg_loss: 0.0000, beta = 0.00
iter:  16000, l2 loss: 0.0087, reg_loss: 0.0000, beta = 0.00
iter:  16500, l2 loss: 0.0087, reg_loss: 0.0000, beta = 0.00
iter:  17000, l2 loss: 0.0087, reg_loss: 0.0000, beta = 0.00
iter:  17500, l2 loss: 0.0087, reg_loss: 0.0000, beta = 0.00
iter:  18000, l2 loss: 0.0087, reg_loss: 0.0000, beta = 0.00
iter:  18500, l2 loss: 0.0087, reg_loss: 0.0000, beta = 0.00
iter:  19000, l2 loss: 0.0087, reg_loss: 0.0000, beta = 0.00
iter:  19500, l2 loss: 0.0087, reg_loss: 0.0000, beta = 0.00
iter:  20000, l2 loss: 0.0087, reg_loss: 0.0000, beta = 0.00
,,,,,,,,iter:    0, l2 loss: 8.4829, reg_loss: 0.0000, beta = 0.00
iter:  500, l2 loss: 0.1492, reg_loss: 0.0000, beta = 0.00
iter:  1000, l2 loss: 0.0317, reg_loss: 0.0000, beta = 0.00
iter:  1500, l2 loss: 0.0242, reg_loss: 0.0000, beta = 0.00
iter:  2000, l2 loss: 0.0232, reg_loss: 0.0000, beta = 0.00
iter:  2500, l2 loss: 0.0226, reg_loss: 0.0000, beta = 0.00
iter:  3000, l2 loss: 0.0222, reg_loss: 0.0000, beta = 0.00
iter:  3500, l2 loss: 0.0218, reg_loss: 0.0000, beta = 0.00
iter:  4000, l2 loss: 0.0216, reg_loss: 0.0000, beta = 0.00
iter:  4500, l2 loss: 0.0214, reg_loss: 0.0000, beta = 0.00
iter:  5000, l2 loss: 0.0213, reg_loss: 0.0000, beta = 0.00
iter:  5500, l2 loss: 0.0212, reg_loss: 0.0000, beta = 0.00
iter:  6000, l2 loss: 0.0211, reg_loss: 0.0000, beta = 0.00
iter:  6500, l2 loss: 0.0211, reg_loss: 0.0000, beta = 0.00
iter:  7000, l2 loss: 0.0211, reg_loss: 0.0000, beta = 0.00
iter:  7500, l2 loss: 0.0211, reg_loss: 0.0000, beta = 0.00
iter:  8000, l2 loss: 0.0211, reg_loss: 0.0000, beta = 0.00
iter:  8500, l2 loss: 0.0211, reg_loss: 0.0000, beta = 0.00
iter:  9000, l2 loss: 0.0211, reg_loss: 0.0000, beta = 0.00
iter:  9500, l2 loss: 0.0211, reg_loss: 0.0000, beta = 0.00
iter:  10000, l2 loss: 0.0211, reg_loss: 0.0000, beta = 0.00
iter:  10500, l2 loss: 0.0211, reg_loss: 0.0000, beta = 0.00
iter:  11000, l2 loss: 0.0211, reg_loss: 0.0000, beta = 0.00
iter:  11500, l2 loss: 0.0211, reg_loss: 0.0000, beta = 0.00
iter:  12000, l2 loss: 0.0211, reg_loss: 0.0000, beta = 0.00
iter:  12500, l2 loss: 0.0211, reg_loss: 0.0000, beta = 0.00
iter:  13000, l2 loss: 0.0211, reg_loss: 0.0000, beta = 0.00
iter:  13500, l2 loss: 0.0211, reg_loss: 0.0000, beta = 0.00
iter:  14000, l2 loss: 0.0211, reg_loss: 0.0000, beta = 0.00
iter:  14500, l2 loss: 0.0211, reg_loss: 0.0000, beta = 0.00
iter:  15000, l2 loss: 0.0211, reg_loss: 0.0000, beta = 0.00
iter:  15500, l2 loss: 0.0211, reg_loss: 0.0000, beta = 0.00
iter:  16000, l2 loss: 0.0211, reg_loss: 0.0000, beta = 0.00
iter:  16500, l2 loss: 0.0211, reg_loss: 0.0000, beta = 0.00
iter:  17000, l2 loss: 0.0211, reg_loss: 0.0000, beta = 0.00
iter:  17500, l2 loss: 0.0211, reg_loss: 0.0000, beta = 0.00
iter:  18000, l2 loss: 0.0211, reg_loss: 0.0000, beta = 0.00
iter:  18500, l2 loss: 0.0211, reg_loss: 0.0000, beta = 0.00
iter:  19000, l2 loss: 0.0211, reg_loss: 0.0000, beta = 0.00
iter:  19500, l2 loss: 0.0211, reg_loss: 0.0000, beta = 0.00
iter:  20000, l2 loss: 0.0211, reg_loss: 0.0000, beta = 0.00
,,,,,,,,,iter:    0, l2 loss: 0.3490, reg_loss: 0.0000, beta = 0.00
iter:  500, l2 loss: 0.0103, reg_loss: 0.0000, beta = 0.00
iter:  1000, l2 loss: 0.0053, reg_loss: 0.0000, beta = 0.00
iter:  1500, l2 loss: 0.0049, reg_loss: 0.0000, beta = 0.00
iter:  2000, l2 loss: 0.0048, reg_loss: 0.0000, beta = 0.00
iter:  2500, l2 loss: 0.0047, reg_loss: 0.0000, beta = 0.00
iter:  3000, l2 loss: 0.0047, reg_loss: 0.0000, beta = 0.00
iter:  3500, l2 loss: 0.0047, reg_loss: 0.0000, beta = 0.00
iter:  4000, l2 loss: 0.0047, reg_loss: 0.0000, beta = 0.00
iter:  4500, l2 loss: 0.0047, reg_loss: 0.0000, beta = 0.00
iter:  5000, l2 loss: 0.0046, reg_loss: 0.0000, beta = 0.00
iter:  5500, l2 loss: 0.0046, reg_loss: 0.0000, beta = 0.00
iter:  6000, l2 loss: 0.0046, reg_loss: 0.0000, beta = 0.00
iter:  6500, l2 loss: 0.0046, reg_loss: 0.0000, beta = 0.00
iter:  7000, l2 loss: 0.0046, reg_loss: 0.0000, beta = 0.00
iter:  7500, l2 loss: 0.0046, reg_loss: 0.0000, beta = 0.00
iter:  8000, l2 loss: 0.0046, reg_loss: 0.0000, beta = 0.00
iter:  8500, l2 loss: 0.0046, reg_loss: 0.0000, beta = 0.00
iter:  9000, l2 loss: 0.0046, reg_loss: 0.0000, beta = 0.00
iter:  9500, l2 loss: 0.0046, reg_loss: 0.0000, beta = 0.00
iter:  10000, l2 loss: 0.0046, reg_loss: 0.0000, beta = 0.00
iter:  10500, l2 loss: 0.0046, reg_loss: 0.0000, beta = 0.00
iter:  11000, l2 loss: 0.0046, reg_loss: 0.0000, beta = 0.00
iter:  11500, l2 loss: 0.0046, reg_loss: 0.0000, beta = 0.00
iter:  12000, l2 loss: 0.0046, reg_loss: 0.0000, beta = 0.00
iter:  12500, l2 loss: 0.0046, reg_loss: 0.0000, beta = 0.00
iter:  13000, l2 loss: 0.0046, reg_loss: 0.0000, beta = 0.00
iter:  13500, l2 loss: 0.0046, reg_loss: 0.0000, beta = 0.00
iter:  14000, l2 loss: 0.0046, reg_loss: 0.0000, beta = 0.00
iter:  14500, l2 loss: 0.0046, reg_loss: 0.0000, beta = 0.00
iter:  15000, l2 loss: 0.0046, reg_loss: 0.0000, beta = 0.00
iter:  15500, l2 loss: 0.0046, reg_loss: 0.0000, beta = 0.00
iter:  16000, l2 loss: 0.0046, reg_loss: 0.0000, beta = 0.00
iter:  16500, l2 loss: 0.0046, reg_loss: 0.0000, beta = 0.00
iter:  17000, l2 loss: 0.0046, reg_loss: 0.0000, beta = 0.00
iter:  17500, l2 loss: 0.0046, reg_loss: 0.0000, beta = 0.00
iter:  18000, l2 loss: 0.0046, reg_loss: 0.0000, beta = 0.00
iter:  18500, l2 loss: 0.0046, reg_loss: 0.0000, beta = 0.00
iter:  19000, l2 loss: 0.0046, reg_loss: 0.0000, beta = 0.00
iter:  19500, l2 loss: 0.0046, reg_loss: 0.0000, beta = 0.00
iter:  20000, l2 loss: 0.0046, reg_loss: 0.0000, beta = 0.00
,,,,,,,,,,iter:    0, l2 loss: 5.0975, reg_loss: 0.0000, beta = 0.00
iter:  500, l2 loss: 0.1081, reg_loss: 0.0000, beta = 0.00
iter:  1000, l2 loss: 0.0359, reg_loss: 0.0000, beta = 0.00
iter:  1500, l2 loss: 0.0310, reg_loss: 0.0000, beta = 0.00
iter:  2000, l2 loss: 0.0302, reg_loss: 0.0000, beta = 0.00
iter:  2500, l2 loss: 0.0296, reg_loss: 0.0000, beta = 0.00
iter:  3000, l2 loss: 0.0292, reg_loss: 0.0000, beta = 0.00
iter:  3500, l2 loss: 0.0289, reg_loss: 0.0000, beta = 0.00
iter:  4000, l2 loss: 0.0287, reg_loss: 0.0000, beta = 0.00
iter:  4500, l2 loss: 0.0285, reg_loss: 0.0000, beta = 0.00
iter:  5000, l2 loss: 0.0284, reg_loss: 0.0000, beta = 0.00
iter:  5500, l2 loss: 0.0284, reg_loss: 0.0000, beta = 0.00
iter:  6000, l2 loss: 0.0284, reg_loss: 0.0000, beta = 0.00
iter:  6500, l2 loss: 0.0284, reg_loss: 0.0000, beta = 0.00
iter:  7000, l2 loss: 0.0283, reg_loss: 0.0000, beta = 0.00
iter:  7500, l2 loss: 0.0283, reg_loss: 0.0000, beta = 0.00
iter:  8000, l2 loss: 0.0283, reg_loss: 0.0000, beta = 0.00
iter:  8500, l2 loss: 0.0283, reg_loss: 0.0000, beta = 0.00
iter:  9000, l2 loss: 0.0283, reg_loss: 0.0000, beta = 0.00
iter:  9500, l2 loss: 0.0283, reg_loss: 0.0000, beta = 0.00
iter:  10000, l2 loss: 0.0283, reg_loss: 0.0000, beta = 0.00
iter:  10500, l2 loss: 0.0283, reg_loss: 0.0000, beta = 0.00
iter:  11000, l2 loss: 0.0283, reg_loss: 0.0000, beta = 0.00
iter:  11500, l2 loss: 0.0283, reg_loss: 0.0000, beta = 0.00
iter:  12000, l2 loss: 0.0283, reg_loss: 0.0000, beta = 0.00
iter:  12500, l2 loss: 0.0283, reg_loss: 0.0000, beta = 0.00
iter:  13000, l2 loss: 0.0283, reg_loss: 0.0000, beta = 0.00
iter:  13500, l2 loss: 0.0283, reg_loss: 0.0000, beta = 0.00
iter:  14000, l2 loss: 0.0283, reg_loss: 0.0000, beta = 0.00
iter:  14500, l2 loss: 0.0283, reg_loss: 0.0000, beta = 0.00
iter:  15000, l2 loss: 0.0283, reg_loss: 0.0000, beta = 0.00
iter:  15500, l2 loss: 0.0283, reg_loss: 0.0000, beta = 0.00
iter:  16000, l2 loss: 0.0283, reg_loss: 0.0000, beta = 0.00
iter:  16500, l2 loss: 0.0283, reg_loss: 0.0000, beta = 0.00
iter:  17000, l2 loss: 0.0283, reg_loss: 0.0000, beta = 0.00
iter:  17500, l2 loss: 0.0283, reg_loss: 0.0000, beta = 0.00
iter:  18000, l2 loss: 0.0283, reg_loss: 0.0000, beta = 0.00
iter:  18500, l2 loss: 0.0283, reg_loss: 0.0000, beta = 0.00
iter:  19000, l2 loss: 0.0283, reg_loss: 0.0000, beta = 0.00
iter:  19500, l2 loss: 0.0283, reg_loss: 0.0000, beta = 0.00
iter:  20000, l2 loss: 0.0283, reg_loss: 0.0000, beta = 0.00
,,,,,,,,,,,iter:    0, l2 loss: 3.6260, reg_loss: 0.0000, beta = 0.00
iter:  500, l2 loss: 0.0707, reg_loss: 0.0000, beta = 0.00
iter:  1000, l2 loss: 0.0172, reg_loss: 0.0000, beta = 0.00
iter:  1500, l2 loss: 0.0134, reg_loss: 0.0000, beta = 0.00
iter:  2000, l2 loss: 0.0129, reg_loss: 0.0000, beta = 0.00
iter:  2500, l2 loss: 0.0127, reg_loss: 0.0000, beta = 0.00
iter:  3000, l2 loss: 0.0125, reg_loss: 0.0000, beta = 0.00
iter:  3500, l2 loss: 0.0123, reg_loss: 0.0000, beta = 0.00
iter:  4000, l2 loss: 0.0122, reg_loss: 0.0000, beta = 0.00
iter:  4500, l2 loss: 0.0122, reg_loss: 0.0000, beta = 0.00
iter:  5000, l2 loss: 0.0121, reg_loss: 0.0000, beta = 0.00
iter:  5500, l2 loss: 0.0121, reg_loss: 0.0000, beta = 0.00
iter:  6000, l2 loss: 0.0121, reg_loss: 0.0000, beta = 0.00
iter:  6500, l2 loss: 0.0121, reg_loss: 0.0000, beta = 0.00
iter:  7000, l2 loss: 0.0120, reg_loss: 0.0000, beta = 0.00
iter:  7500, l2 loss: 0.0120, reg_loss: 0.0000, beta = 0.00
iter:  8000, l2 loss: 0.0120, reg_loss: 0.0000, beta = 0.00
iter:  8500, l2 loss: 0.0120, reg_loss: 0.0000, beta = 0.00
iter:  9000, l2 loss: 0.0120, reg_loss: 0.0000, beta = 0.00
iter:  9500, l2 loss: 0.0120, reg_loss: 0.0000, beta = 0.00
iter:  10000, l2 loss: 0.0120, reg_loss: 0.0000, beta = 0.00
iter:  10500, l2 loss: 0.0120, reg_loss: 0.0000, beta = 0.00
iter:  11000, l2 loss: 0.0120, reg_loss: 0.0000, beta = 0.00
iter:  11500, l2 loss: 0.0120, reg_loss: 0.0000, beta = 0.00
iter:  12000, l2 loss: 0.0120, reg_loss: 0.0000, beta = 0.00
iter:  12500, l2 loss: 0.0120, reg_loss: 0.0000, beta = 0.00
iter:  13000, l2 loss: 0.0120, reg_loss: 0.0000, beta = 0.00
iter:  13500, l2 loss: 0.0120, reg_loss: 0.0000, beta = 0.00
iter:  14000, l2 loss: 0.0120, reg_loss: 0.0000, beta = 0.00
iter:  14500, l2 loss: 0.0120, reg_loss: 0.0000, beta = 0.00
iter:  15000, l2 loss: 0.0120, reg_loss: 0.0000, beta = 0.00
iter:  15500, l2 loss: 0.0120, reg_loss: 0.0000, beta = 0.00
iter:  16000, l2 loss: 0.0120, reg_loss: 0.0000, beta = 0.00
iter:  16500, l2 loss: 0.0120, reg_loss: 0.0000, beta = 0.00
iter:  17000, l2 loss: 0.0120, reg_loss: 0.0000, beta = 0.00
iter:  17500, l2 loss: 0.0120, reg_loss: 0.0000, beta = 0.00
iter:  18000, l2 loss: 0.0120, reg_loss: 0.0000, beta = 0.00
iter:  18500, l2 loss: 0.0120, reg_loss: 0.0000, beta = 0.00
iter:  19000, l2 loss: 0.0120, reg_loss: 0.0000, beta = 0.00
iter:  19500, l2 loss: 0.0120, reg_loss: 0.0000, beta = 0.00
iter:  20000, l2 loss: 0.0120, reg_loss: 0.0000, beta = 0.00
,,,,,,,,,,,,iter:    0, l2 loss: 0.0477, reg_loss: 0.0000, beta = 0.00
iter:  500, l2 loss: 0.0029, reg_loss: 0.0000, beta = 0.00
iter:  1000, l2 loss: 0.0022, reg_loss: 0.0000, beta = 0.00
iter:  1500, l2 loss: 0.0021, reg_loss: 0.0000, beta = 0.00
iter:  2000, l2 loss: 0.0021, reg_loss: 0.0000, beta = 0.00
iter:  2500, l2 loss: 0.0021, reg_loss: 0.0000, beta = 0.00
iter:  3000, l2 loss: 0.0021, reg_loss: 0.0000, beta = 0.00
iter:  3500, l2 loss: 0.0021, reg_loss: 0.0000, beta = 0.00
iter:  4000, l2 loss: 0.0021, reg_loss: 0.0000, beta = 0.00
iter:  4500, l2 loss: 0.0021, reg_loss: 0.0000, beta = 0.00
iter:  5000, l2 loss: 0.0021, reg_loss: 0.0000, beta = 0.00
iter:  5500, l2 loss: 0.0021, reg_loss: 0.0000, beta = 0.00
iter:  6000, l2 loss: 0.0021, reg_loss: 0.0000, beta = 0.00
iter:  6500, l2 loss: 0.0021, reg_loss: 0.0000, beta = 0.00
iter:  7000, l2 loss: 0.0021, reg_loss: 0.0000, beta = 0.00
iter:  7500, l2 loss: 0.0021, reg_loss: 0.0000, beta = 0.00
iter:  8000, l2 loss: 0.0021, reg_loss: 0.0000, beta = 0.00
iter:  8500, l2 loss: 0.0021, reg_loss: 0.0000, beta = 0.00
iter:  9000, l2 loss: 0.0021, reg_loss: 0.0000, beta = 0.00
iter:  9500, l2 loss: 0.0021, reg_loss: 0.0000, beta = 0.00
iter:  10000, l2 loss: 0.0021, reg_loss: 0.0000, beta = 0.00
iter:  10500, l2 loss: 0.0021, reg_loss: 0.0000, beta = 0.00
iter:  11000, l2 loss: 0.0021, reg_loss: 0.0000, beta = 0.00
iter:  11500, l2 loss: 0.0021, reg_loss: 0.0000, beta = 0.00
iter:  12000, l2 loss: 0.0021, reg_loss: 0.0000, beta = 0.00
iter:  12500, l2 loss: 0.0021, reg_loss: 0.0000, beta = 0.00
iter:  13000, l2 loss: 0.0021, reg_loss: 0.0000, beta = 0.00
iter:  13500, l2 loss: 0.0021, reg_loss: 0.0000, beta = 0.00
iter:  14000, l2 loss: 0.0021, reg_loss: 0.0000, beta = 0.00
iter:  14500, l2 loss: 0.0021, reg_loss: 0.0000, beta = 0.00
iter:  15000, l2 loss: 0.0021, reg_loss: 0.0000, beta = 0.00
iter:  15500, l2 loss: 0.0021, reg_loss: 0.0000, beta = 0.00
iter:  16000, l2 loss: 0.0021, reg_loss: 0.0000, beta = 0.00
iter:  16500, l2 loss: 0.0021, reg_loss: 0.0000, beta = 0.00
iter:  17000, l2 loss: 0.0021, reg_loss: 0.0000, beta = 0.00
iter:  17500, l2 loss: 0.0021, reg_loss: 0.0000, beta = 0.00
iter:  18000, l2 loss: 0.0021, reg_loss: 0.0000, beta = 0.00
iter:  18500, l2 loss: 0.0021, reg_loss: 0.0000, beta = 0.00
iter:  19000, l2 loss: 0.0021, reg_loss: 0.0000, beta = 0.00
iter:  19500, l2 loss: 0.0021, reg_loss: 0.0000, beta = 0.00
iter:  20000, l2 loss: 0.0021, reg_loss: 0.0000, beta = 0.00
,,,,,,,,,,,,,iter:    0, l2 loss: 5.7718, reg_loss: 0.0000, beta = 0.00
iter:  500, l2 loss: 0.0959, reg_loss: 0.0000, beta = 0.00
iter:  1000, l2 loss: 0.0210, reg_loss: 0.0000, beta = 0.00
iter:  1500, l2 loss: 0.0167, reg_loss: 0.0000, beta = 0.00
iter:  2000, l2 loss: 0.0161, reg_loss: 0.0000, beta = 0.00
iter:  2500, l2 loss: 0.0157, reg_loss: 0.0000, beta = 0.00
iter:  3000, l2 loss: 0.0154, reg_loss: 0.0000, beta = 0.00
iter:  3500, l2 loss: 0.0151, reg_loss: 0.0000, beta = 0.00
iter:  4000, l2 loss: 0.0148, reg_loss: 0.0000, beta = 0.00
iter:  4500, l2 loss: 0.0147, reg_loss: 0.0000, beta = 0.00
iter:  5000, l2 loss: 0.0146, reg_loss: 0.0000, beta = 0.00
iter:  5500, l2 loss: 0.0145, reg_loss: 0.0000, beta = 0.00
iter:  6000, l2 loss: 0.0144, reg_loss: 0.0000, beta = 0.00
iter:  6500, l2 loss: 0.0144, reg_loss: 0.0000, beta = 0.00
iter:  7000, l2 loss: 0.0144, reg_loss: 0.0000, beta = 0.00
iter:  7500, l2 loss: 0.0143, reg_loss: 0.0000, beta = 0.00
iter:  8000, l2 loss: 0.0143, reg_loss: 0.0000, beta = 0.00
iter:  8500, l2 loss: 0.0143, reg_loss: 0.0000, beta = 0.00
iter:  9000, l2 loss: 0.0143, reg_loss: 0.0000, beta = 0.00
iter:  9500, l2 loss: 0.0143, reg_loss: 0.0000, beta = 0.00
iter:  10000, l2 loss: 0.0143, reg_loss: 0.0000, beta = 0.00
iter:  10500, l2 loss: 0.0143, reg_loss: 0.0000, beta = 0.00
iter:  11000, l2 loss: 0.0143, reg_loss: 0.0000, beta = 0.00
iter:  11500, l2 loss: 0.0143, reg_loss: 0.0000, beta = 0.00
iter:  12000, l2 loss: 0.0143, reg_loss: 0.0000, beta = 0.00
iter:  12500, l2 loss: 0.0143, reg_loss: 0.0000, beta = 0.00
iter:  13000, l2 loss: 0.0143, reg_loss: 0.0000, beta = 0.00
iter:  13500, l2 loss: 0.0143, reg_loss: 0.0000, beta = 0.00
iter:  14000, l2 loss: 0.0143, reg_loss: 0.0000, beta = 0.00
iter:  14500, l2 loss: 0.0143, reg_loss: 0.0000, beta = 0.00
iter:  15000, l2 loss: 0.0143, reg_loss: 0.0000, beta = 0.00
iter:  15500, l2 loss: 0.0143, reg_loss: 0.0000, beta = 0.00
iter:  16000, l2 loss: 0.0143, reg_loss: 0.0000, beta = 0.00
iter:  16500, l2 loss: 0.0143, reg_loss: 0.0000, beta = 0.00
iter:  17000, l2 loss: 0.0143, reg_loss: 0.0000, beta = 0.00
iter:  17500, l2 loss: 0.0143, reg_loss: 0.0000, beta = 0.00
iter:  18000, l2 loss: 0.0143, reg_loss: 0.0000, beta = 0.00
iter:  18500, l2 loss: 0.0143, reg_loss: 0.0000, beta = 0.00
iter:  19000, l2 loss: 0.0143, reg_loss: 0.0000, beta = 0.00
iter:  19500, l2 loss: 0.0143, reg_loss: 0.0000, beta = 0.00
iter:  20000, l2 loss: 0.0143, reg_loss: 0.0000, beta = 0.00
,,,,,,,,,,,,,,iter:    0, l2 loss: 0.2885, reg_loss: 0.0000, beta = 0.00
iter:  500, l2 loss: 0.0070, reg_loss: 0.0000, beta = 0.00
iter:  1000, l2 loss: 0.0035, reg_loss: 0.0000, beta = 0.00
iter:  1500, l2 loss: 0.0032, reg_loss: 0.0000, beta = 0.00
iter:  2000, l2 loss: 0.0031, reg_loss: 0.0000, beta = 0.00
iter:  2500, l2 loss: 0.0030, reg_loss: 0.0000, beta = 0.00
iter:  3000, l2 loss: 0.0029, reg_loss: 0.0000, beta = 0.00
iter:  3500, l2 loss: 0.0029, reg_loss: 0.0000, beta = 0.00
iter:  4000, l2 loss: 0.0029, reg_loss: 0.0000, beta = 0.00
iter:  4500, l2 loss: 0.0029, reg_loss: 0.0000, beta = 0.00
iter:  5000, l2 loss: 0.0028, reg_loss: 0.0000, beta = 0.00
iter:  5500, l2 loss: 0.0028, reg_loss: 0.0000, beta = 0.00
iter:  6000, l2 loss: 0.0028, reg_loss: 0.0000, beta = 0.00
iter:  6500, l2 loss: 0.0028, reg_loss: 0.0000, beta = 0.00
iter:  7000, l2 loss: 0.0028, reg_loss: 0.0000, beta = 0.00
iter:  7500, l2 loss: 0.0028, reg_loss: 0.0000, beta = 0.00
iter:  8000, l2 loss: 0.0028, reg_loss: 0.0000, beta = 0.00
iter:  8500, l2 loss: 0.0028, reg_loss: 0.0000, beta = 0.00
iter:  9000, l2 loss: 0.0028, reg_loss: 0.0000, beta = 0.00
iter:  9500, l2 loss: 0.0028, reg_loss: 0.0000, beta = 0.00
iter:  10000, l2 loss: 0.0028, reg_loss: 0.0000, beta = 0.00
iter:  10500, l2 loss: 0.0028, reg_loss: 0.0000, beta = 0.00
iter:  11000, l2 loss: 0.0028, reg_loss: 0.0000, beta = 0.00
iter:  11500, l2 loss: 0.0028, reg_loss: 0.0000, beta = 0.00
iter:  12000, l2 loss: 0.0028, reg_loss: 0.0000, beta = 0.00
iter:  12500, l2 loss: 0.0028, reg_loss: 0.0000, beta = 0.00
iter:  13000, l2 loss: 0.0028, reg_loss: 0.0000, beta = 0.00
iter:  13500, l2 loss: 0.0028, reg_loss: 0.0000, beta = 0.00
iter:  14000, l2 loss: 0.0028, reg_loss: 0.0000, beta = 0.00
iter:  14500, l2 loss: 0.0028, reg_loss: 0.0000, beta = 0.00
iter:  15000, l2 loss: 0.0028, reg_loss: 0.0000, beta = 0.00
iter:  15500, l2 loss: 0.0028, reg_loss: 0.0000, beta = 0.00
iter:  16000, l2 loss: 0.0028, reg_loss: 0.0000, beta = 0.00
iter:  16500, l2 loss: 0.0028, reg_loss: 0.0000, beta = 0.00
iter:  17000, l2 loss: 0.0028, reg_loss: 0.0000, beta = 0.00
iter:  17500, l2 loss: 0.0028, reg_loss: 0.0000, beta = 0.00
iter:  18000, l2 loss: 0.0028, reg_loss: 0.0000, beta = 0.00
iter:  18500, l2 loss: 0.0028, reg_loss: 0.0000, beta = 0.00
iter:  19000, l2 loss: 0.0028, reg_loss: 0.0000, beta = 0.00
iter:  19500, l2 loss: 0.0028, reg_loss: 0.0000, beta = 0.00
iter:  20000, l2 loss: 0.0028, reg_loss: 0.0000, beta = 0.00
,,,,,,,,,,,,,,,iter:    0, l2 loss: 3.4957, reg_loss: 0.0000, beta = 0.00
iter:  500, l2 loss: 0.0595, reg_loss: 0.0000, beta = 0.00
iter:  1000, l2 loss: 0.0204, reg_loss: 0.0000, beta = 0.00
iter:  1500, l2 loss: 0.0182, reg_loss: 0.0000, beta = 0.00
iter:  2000, l2 loss: 0.0175, reg_loss: 0.0000, beta = 0.00
iter:  2500, l2 loss: 0.0170, reg_loss: 0.0000, beta = 0.00
iter:  3000, l2 loss: 0.0165, reg_loss: 0.0000, beta = 0.00
iter:  3500, l2 loss: 0.0162, reg_loss: 0.0000, beta = 0.00
iter:  4000, l2 loss: 0.0159, reg_loss: 0.0000, beta = 0.00
iter:  4500, l2 loss: 0.0158, reg_loss: 0.0000, beta = 0.00
iter:  5000, l2 loss: 0.0157, reg_loss: 0.0000, beta = 0.00
iter:  5500, l2 loss: 0.0156, reg_loss: 0.0000, beta = 0.00
iter:  6000, l2 loss: 0.0155, reg_loss: 0.0000, beta = 0.00
iter:  6500, l2 loss: 0.0155, reg_loss: 0.0000, beta = 0.00
iter:  7000, l2 loss: 0.0155, reg_loss: 0.0000, beta = 0.00
iter:  7500, l2 loss: 0.0155, reg_loss: 0.0000, beta = 0.00
iter:  8000, l2 loss: 0.0155, reg_loss: 0.0000, beta = 0.00
iter:  8500, l2 loss: 0.0155, reg_loss: 0.0000, beta = 0.00
iter:  9000, l2 loss: 0.0154, reg_loss: 0.0000, beta = 0.00
iter:  9500, l2 loss: 0.0154, reg_loss: 0.0000, beta = 0.00
iter:  10000, l2 loss: 0.0154, reg_loss: 0.0000, beta = 0.00
iter:  10500, l2 loss: 0.0154, reg_loss: 0.0000, beta = 0.00
iter:  11000, l2 loss: 0.0154, reg_loss: 0.0000, beta = 0.00
iter:  11500, l2 loss: 0.0154, reg_loss: 0.0000, beta = 0.00
iter:  12000, l2 loss: 0.0154, reg_loss: 0.0000, beta = 0.00
iter:  12500, l2 loss: 0.0154, reg_loss: 0.0000, beta = 0.00
iter:  13000, l2 loss: 0.0154, reg_loss: 0.0000, beta = 0.00
iter:  13500, l2 loss: 0.0154, reg_loss: 0.0000, beta = 0.00
iter:  14000, l2 loss: 0.0154, reg_loss: 0.0000, beta = 0.00
iter:  14500, l2 loss: 0.0154, reg_loss: 0.0000, beta = 0.00
iter:  15000, l2 loss: 0.0154, reg_loss: 0.0000, beta = 0.00
iter:  15500, l2 loss: 0.0154, reg_loss: 0.0000, beta = 0.00
iter:  16000, l2 loss: 0.0154, reg_loss: 0.0000, beta = 0.00
iter:  16500, l2 loss: 0.0154, reg_loss: 0.0000, beta = 0.00
iter:  17000, l2 loss: 0.0154, reg_loss: 0.0000, beta = 0.00
iter:  17500, l2 loss: 0.0154, reg_loss: 0.0000, beta = 0.00
iter:  18000, l2 loss: 0.0154, reg_loss: 0.0000, beta = 0.00
iter:  18500, l2 loss: 0.0154, reg_loss: 0.0000, beta = 0.00
iter:  19000, l2 loss: 0.0154, reg_loss: 0.0000, beta = 0.00
iter:  19500, l2 loss: 0.0154, reg_loss: 0.0000, beta = 0.00
iter:  20000, l2 loss: 0.0154, reg_loss: 0.0000, beta = 0.00
,,,,,,,,,,,,,,,,iter:    0, l2 loss: 0.7944, reg_loss: 0.0000, beta = 0.00
iter:  500, l2 loss: 0.0154, reg_loss: 0.0000, beta = 0.00
iter:  1000, l2 loss: 0.0048, reg_loss: 0.0000, beta = 0.00
iter:  1500, l2 loss: 0.0042, reg_loss: 0.0000, beta = 0.00
iter:  2000, l2 loss: 0.0040, reg_loss: 0.0000, beta = 0.00
iter:  2500, l2 loss: 0.0039, reg_loss: 0.0000, beta = 0.00
iter:  3000, l2 loss: 0.0038, reg_loss: 0.0000, beta = 0.00
iter:  3500, l2 loss: 0.0037, reg_loss: 0.0000, beta = 0.00
iter:  4000, l2 loss: 0.0036, reg_loss: 0.0000, beta = 0.00
iter:  4500, l2 loss: 0.0036, reg_loss: 0.0000, beta = 0.00
iter:  5000, l2 loss: 0.0035, reg_loss: 0.0000, beta = 0.00
iter:  5500, l2 loss: 0.0035, reg_loss: 0.0000, beta = 0.00
iter:  6000, l2 loss: 0.0035, reg_loss: 0.0000, beta = 0.00
iter:  6500, l2 loss: 0.0035, reg_loss: 0.0000, beta = 0.00
iter:  7000, l2 loss: 0.0035, reg_loss: 0.0000, beta = 0.00
iter:  7500, l2 loss: 0.0035, reg_loss: 0.0000, beta = 0.00
iter:  8000, l2 loss: 0.0035, reg_loss: 0.0000, beta = 0.00
iter:  8500, l2 loss: 0.0035, reg_loss: 0.0000, beta = 0.00
iter:  9000, l2 loss: 0.0035, reg_loss: 0.0000, beta = 0.00
iter:  9500, l2 loss: 0.0035, reg_loss: 0.0000, beta = 0.00
iter:  10000, l2 loss: 0.0035, reg_loss: 0.0000, beta = 0.00
iter:  10500, l2 loss: 0.0035, reg_loss: 0.0000, beta = 0.00
iter:  11000, l2 loss: 0.0035, reg_loss: 0.0000, beta = 0.00
iter:  11500, l2 loss: 0.0035, reg_loss: 0.0000, beta = 0.00
iter:  12000, l2 loss: 0.0035, reg_loss: 0.0000, beta = 0.00
iter:  12500, l2 loss: 0.0035, reg_loss: 0.0000, beta = 0.00
iter:  13000, l2 loss: 0.0035, reg_loss: 0.0000, beta = 0.00
iter:  13500, l2 loss: 0.0035, reg_loss: 0.0000, beta = 0.00
iter:  14000, l2 loss: 0.0035, reg_loss: 0.0000, beta = 0.00
iter:  14500, l2 loss: 0.0035, reg_loss: 0.0000, beta = 0.00
iter:  15000, l2 loss: 0.0035, reg_loss: 0.0000, beta = 0.00
iter:  15500, l2 loss: 0.0035, reg_loss: 0.0000, beta = 0.00
iter:  16000, l2 loss: 0.0035, reg_loss: 0.0000, beta = 0.00
iter:  16500, l2 loss: 0.0035, reg_loss: 0.0000, beta = 0.00
iter:  17000, l2 loss: 0.0035, reg_loss: 0.0000, beta = 0.00
iter:  17500, l2 loss: 0.0035, reg_loss: 0.0000, beta = 0.00
iter:  18000, l2 loss: 0.0035, reg_loss: 0.0000, beta = 0.00
iter:  18500, l2 loss: 0.0035, reg_loss: 0.0000, beta = 0.00
iter:  19000, l2 loss: 0.0035, reg_loss: 0.0000, beta = 0.00
iter:  19500, l2 loss: 0.0035, reg_loss: 0.0000, beta = 0.00
iter:  20000, l2 loss: 0.0035, reg_loss: 0.0000, beta = 0.00
,,,,,,,,,,,,,,,,,iter:    0, l2 loss: 0.1315, reg_loss: 0.0000, beta = 0.00
iter:  500, l2 loss: 0.0053, reg_loss: 0.0000, beta = 0.00
iter:  1000, l2 loss: 0.0034, reg_loss: 0.0000, beta = 0.00
iter:  1500, l2 loss: 0.0032, reg_loss: 0.0000, beta = 0.00
iter:  2000, l2 loss: 0.0031, reg_loss: 0.0000, beta = 0.00
iter:  2500, l2 loss: 0.0031, reg_loss: 0.0000, beta = 0.00
iter:  3000, l2 loss: 0.0031, reg_loss: 0.0000, beta = 0.00
iter:  3500, l2 loss: 0.0031, reg_loss: 0.0000, beta = 0.00
iter:  4000, l2 loss: 0.0031, reg_loss: 0.0000, beta = 0.00
iter:  4500, l2 loss: 0.0031, reg_loss: 0.0000, beta = 0.00
iter:  5000, l2 loss: 0.0031, reg_loss: 0.0000, beta = 0.00
iter:  5500, l2 loss: 0.0031, reg_loss: 0.0000, beta = 0.00
iter:  6000, l2 loss: 0.0031, reg_loss: 0.0000, beta = 0.00
iter:  6500, l2 loss: 0.0031, reg_loss: 0.0000, beta = 0.00
iter:  7000, l2 loss: 0.0031, reg_loss: 0.0000, beta = 0.00
iter:  7500, l2 loss: 0.0031, reg_loss: 0.0000, beta = 0.00
iter:  8000, l2 loss: 0.0031, reg_loss: 0.0000, beta = 0.00
iter:  8500, l2 loss: 0.0031, reg_loss: 0.0000, beta = 0.00
iter:  9000, l2 loss: 0.0031, reg_loss: 0.0000, beta = 0.00
iter:  9500, l2 loss: 0.0031, reg_loss: 0.0000, beta = 0.00
iter:  10000, l2 loss: 0.0031, reg_loss: 0.0000, beta = 0.00
iter:  10500, l2 loss: 0.0031, reg_loss: 0.0000, beta = 0.00
iter:  11000, l2 loss: 0.0031, reg_loss: 0.0000, beta = 0.00
iter:  11500, l2 loss: 0.0031, reg_loss: 0.0000, beta = 0.00
iter:  12000, l2 loss: 0.0031, reg_loss: 0.0000, beta = 0.00
iter:  12500, l2 loss: 0.0031, reg_loss: 0.0000, beta = 0.00
iter:  13000, l2 loss: 0.0031, reg_loss: 0.0000, beta = 0.00
iter:  13500, l2 loss: 0.0031, reg_loss: 0.0000, beta = 0.00
iter:  14000, l2 loss: 0.0031, reg_loss: 0.0000, beta = 0.00
iter:  14500, l2 loss: 0.0031, reg_loss: 0.0000, beta = 0.00
iter:  15000, l2 loss: 0.0031, reg_loss: 0.0000, beta = 0.00
iter:  15500, l2 loss: 0.0031, reg_loss: 0.0000, beta = 0.00
iter:  16000, l2 loss: 0.0031, reg_loss: 0.0000, beta = 0.00
iter:  16500, l2 loss: 0.0031, reg_loss: 0.0000, beta = 0.00
iter:  17000, l2 loss: 0.0031, reg_loss: 0.0000, beta = 0.00
iter:  17500, l2 loss: 0.0031, reg_loss: 0.0000, beta = 0.00
iter:  18000, l2 loss: 0.0031, reg_loss: 0.0000, beta = 0.00
iter:  18500, l2 loss: 0.0031, reg_loss: 0.0000, beta = 0.00
iter:  19000, l2 loss: 0.0031, reg_loss: 0.0000, beta = 0.00
iter:  19500, l2 loss: 0.0031, reg_loss: 0.0000, beta = 0.00
iter:  20000, l2 loss: 0.0031, reg_loss: 0.0000, beta = 0.00
,,,,,,,,,,,,,,,,,,iter:    0, l2 loss: 3.1555, reg_loss: 0.0000, beta = 0.00
iter:  500, l2 loss: 0.0479, reg_loss: 0.0000, beta = 0.00
iter:  1000, l2 loss: 0.0286, reg_loss: 0.0000, beta = 0.00
iter:  1500, l2 loss: 0.0264, reg_loss: 0.0000, beta = 0.00
iter:  2000, l2 loss: 0.0246, reg_loss: 0.0000, beta = 0.00
iter:  2500, l2 loss: 0.0232, reg_loss: 0.0000, beta = 0.00
iter:  3000, l2 loss: 0.0222, reg_loss: 0.0000, beta = 0.00
iter:  3500, l2 loss: 0.0215, reg_loss: 0.0000, beta = 0.00
iter:  4000, l2 loss: 0.0211, reg_loss: 0.0000, beta = 0.00
iter:  4500, l2 loss: 0.0208, reg_loss: 0.0000, beta = 0.00
iter:  5000, l2 loss: 0.0206, reg_loss: 0.0000, beta = 0.00
iter:  5500, l2 loss: 0.0205, reg_loss: 0.0000, beta = 0.00
iter:  6000, l2 loss: 0.0204, reg_loss: 0.0000, beta = 0.00
iter:  6500, l2 loss: 0.0204, reg_loss: 0.0000, beta = 0.00
iter:  7000, l2 loss: 0.0203, reg_loss: 0.0000, beta = 0.00
iter:  7500, l2 loss: 0.0203, reg_loss: 0.0000, beta = 0.00
iter:  8000, l2 loss: 0.0203, reg_loss: 0.0000, beta = 0.00
iter:  8500, l2 loss: 0.0203, reg_loss: 0.0000, beta = 0.00
iter:  9000, l2 loss: 0.0203, reg_loss: 0.0000, beta = 0.00
iter:  9500, l2 loss: 0.0203, reg_loss: 0.0000, beta = 0.00
iter:  10000, l2 loss: 0.0203, reg_loss: 0.0000, beta = 0.00
iter:  10500, l2 loss: 0.0203, reg_loss: 0.0000, beta = 0.00
iter:  11000, l2 loss: 0.0203, reg_loss: 0.0000, beta = 0.00
iter:  11500, l2 loss: 0.0203, reg_loss: 0.0000, beta = 0.00
iter:  12000, l2 loss: 0.0203, reg_loss: 0.0000, beta = 0.00
iter:  12500, l2 loss: 0.0203, reg_loss: 0.0000, beta = 0.00
iter:  13000, l2 loss: 0.0203, reg_loss: 0.0000, beta = 0.00
iter:  13500, l2 loss: 0.0203, reg_loss: 0.0000, beta = 0.00
iter:  14000, l2 loss: 0.0203, reg_loss: 0.0000, beta = 0.00
iter:  14500, l2 loss: 0.0203, reg_loss: 0.0000, beta = 0.00
iter:  15000, l2 loss: 0.0203, reg_loss: 0.0000, beta = 0.00
iter:  15500, l2 loss: 0.0203, reg_loss: 0.0000, beta = 0.00
iter:  16000, l2 loss: 0.0203, reg_loss: 0.0000, beta = 0.00
iter:  16500, l2 loss: 0.0203, reg_loss: 0.0000, beta = 0.00
iter:  17000, l2 loss: 0.0203, reg_loss: 0.0000, beta = 0.00
iter:  17500, l2 loss: 0.0203, reg_loss: 0.0000, beta = 0.00
iter:  18000, l2 loss: 0.0203, reg_loss: 0.0000, beta = 0.00
iter:  18500, l2 loss: 0.0203, reg_loss: 0.0000, beta = 0.00
iter:  19000, l2 loss: 0.0203, reg_loss: 0.0000, beta = 0.00
iter:  19500, l2 loss: 0.0203, reg_loss: 0.0000, beta = 0.00
iter:  20000, l2 loss: 0.0203, reg_loss: 0.0000, beta = 0.00
,,,,,,,,,,,,,,,,,,,iter:    0, l2 loss: 0.5127, reg_loss: 0.0000, beta = 0.00
iter:  500, l2 loss: 0.0141, reg_loss: 0.0000, beta = 0.00
iter:  1000, l2 loss: 0.0047, reg_loss: 0.0000, beta = 0.00
iter:  1500, l2 loss: 0.0039, reg_loss: 0.0000, beta = 0.00
iter:  2000, l2 loss: 0.0038, reg_loss: 0.0000, beta = 0.00
iter:  2500, l2 loss: 0.0037, reg_loss: 0.0000, beta = 0.00
iter:  3000, l2 loss: 0.0037, reg_loss: 0.0000, beta = 0.00
iter:  3500, l2 loss: 0.0036, reg_loss: 0.0000, beta = 0.00
iter:  4000, l2 loss: 0.0036, reg_loss: 0.0000, beta = 0.00
iter:  4500, l2 loss: 0.0036, reg_loss: 0.0000, beta = 0.00
iter:  5000, l2 loss: 0.0036, reg_loss: 0.0000, beta = 0.00
iter:  5500, l2 loss: 0.0036, reg_loss: 0.0000, beta = 0.00
iter:  6000, l2 loss: 0.0036, reg_loss: 0.0000, beta = 0.00
iter:  6500, l2 loss: 0.0036, reg_loss: 0.0000, beta = 0.00
iter:  7000, l2 loss: 0.0036, reg_loss: 0.0000, beta = 0.00
iter:  7500, l2 loss: 0.0036, reg_loss: 0.0000, beta = 0.00
iter:  8000, l2 loss: 0.0036, reg_loss: 0.0000, beta = 0.00
iter:  8500, l2 loss: 0.0036, reg_loss: 0.0000, beta = 0.00
iter:  9000, l2 loss: 0.0035, reg_loss: 0.0000, beta = 0.00
iter:  9500, l2 loss: 0.0035, reg_loss: 0.0000, beta = 0.00
iter:  10000, l2 loss: 0.0035, reg_loss: 0.0000, beta = 0.00
iter:  10500, l2 loss: 0.0035, reg_loss: 0.0000, beta = 0.00
iter:  11000, l2 loss: 0.0035, reg_loss: 0.0000, beta = 0.00
iter:  11500, l2 loss: 0.0035, reg_loss: 0.0000, beta = 0.00
iter:  12000, l2 loss: 0.0035, reg_loss: 0.0000, beta = 0.00
iter:  12500, l2 loss: 0.0035, reg_loss: 0.0000, beta = 0.00
iter:  13000, l2 loss: 0.0035, reg_loss: 0.0000, beta = 0.00
iter:  13500, l2 loss: 0.0035, reg_loss: 0.0000, beta = 0.00
iter:  14000, l2 loss: 0.0035, reg_loss: 0.0000, beta = 0.00
iter:  14500, l2 loss: 0.0035, reg_loss: 0.0000, beta = 0.00
iter:  15000, l2 loss: 0.0035, reg_loss: 0.0000, beta = 0.00
iter:  15500, l2 loss: 0.0035, reg_loss: 0.0000, beta = 0.00
iter:  16000, l2 loss: 0.0035, reg_loss: 0.0000, beta = 0.00
iter:  16500, l2 loss: 0.0035, reg_loss: 0.0000, beta = 0.00
iter:  17000, l2 loss: 0.0035, reg_loss: 0.0000, beta = 0.00
iter:  17500, l2 loss: 0.0035, reg_loss: 0.0000, beta = 0.00
iter:  18000, l2 loss: 0.0035, reg_loss: 0.0000, beta = 0.00
iter:  18500, l2 loss: 0.0035, reg_loss: 0.0000, beta = 0.00
iter:  19000, l2 loss: 0.0035, reg_loss: 0.0000, beta = 0.00
iter:  19500, l2 loss: 0.0035, reg_loss: 0.0000, beta = 0.00
iter:  20000, l2 loss: 0.0035, reg_loss: 0.0000, beta = 0.00
,,,,,,,,,,,,,,,,,,,,iter:    0, l2 loss: 105.4369, reg_loss: 0.0000, beta = 0.00
iter:  500, l2 loss: 2.6220, reg_loss: 0.0000, beta = 0.00
iter:  1000, l2 loss: 0.9140, reg_loss: 0.0000, beta = 0.00
iter:  1500, l2 loss: 0.7951, reg_loss: 0.0000, beta = 0.00
iter:  2000, l2 loss: 0.7807, reg_loss: 0.0000, beta = 0.00
iter:  2500, l2 loss: 0.7713, reg_loss: 0.0000, beta = 0.00
iter:  3000, l2 loss: 0.7637, reg_loss: 0.0000, beta = 0.00
iter:  3500, l2 loss: 0.7583, reg_loss: 0.0000, beta = 0.00
iter:  4000, l2 loss: 0.7549, reg_loss: 0.0000, beta = 0.00
iter:  4500, l2 loss: 0.7528, reg_loss: 0.0000, beta = 0.00
iter:  5000, l2 loss: 0.7516, reg_loss: 0.0000, beta = 0.00
iter:  5500, l2 loss: 0.7509, reg_loss: 0.0000, beta = 0.00
iter:  6000, l2 loss: 0.7505, reg_loss: 0.0000, beta = 0.00
iter:  6500, l2 loss: 0.7503, reg_loss: 0.0000, beta = 0.00
iter:  7000, l2 loss: 0.7501, reg_loss: 0.0000, beta = 0.00
iter:  7500, l2 loss: 0.7501, reg_loss: 0.0000, beta = 0.00
iter:  8000, l2 loss: 0.7500, reg_loss: 0.0000, beta = 0.00
iter:  8500, l2 loss: 0.7500, reg_loss: 0.0000, beta = 0.00
iter:  9000, l2 loss: 0.7500, reg_loss: 0.0000, beta = 0.00
iter:  9500, l2 loss: 0.7500, reg_loss: 0.0000, beta = 0.00
iter:  10000, l2 loss: 0.7500, reg_loss: 0.0000, beta = 0.00
iter:  10500, l2 loss: 0.7500, reg_loss: 0.0000, beta = 0.00
iter:  11000, l2 loss: 0.7500, reg_loss: 0.0000, beta = 0.00
iter:  11500, l2 loss: 0.7500, reg_loss: 0.0000, beta = 0.00
iter:  12000, l2 loss: 0.7500, reg_loss: 0.0000, beta = 0.00
iter:  12500, l2 loss: 0.7500, reg_loss: 0.0000, beta = 0.00
iter:  13000, l2 loss: 0.7500, reg_loss: 0.0000, beta = 0.00
iter:  13500, l2 loss: 0.7500, reg_loss: 0.0000, beta = 0.00
iter:  14000, l2 loss: 0.7500, reg_loss: 0.0000, beta = 0.00
iter:  14500, l2 loss: 0.7500, reg_loss: 0.0000, beta = 0.00
iter:  15000, l2 loss: 0.7500, reg_loss: 0.0000, beta = 0.00
iter:  15500, l2 loss: 0.7500, reg_loss: 0.0000, beta = 0.00
iter:  16000, l2 loss: 0.7500, reg_loss: 0.0000, beta = 0.00
iter:  16500, l2 loss: 0.7500, reg_loss: 0.0000, beta = 0.00
iter:  17000, l2 loss: 0.7500, reg_loss: 0.0000, beta = 0.00
iter:  17500, l2 loss: 0.7500, reg_loss: 0.0000, beta = 0.00
iter:  18000, l2 loss: 0.7500, reg_loss: 0.0000, beta = 0.00
iter:  18500, l2 loss: 0.7500, reg_loss: 0.0000, beta = 0.00
iter:  19000, l2 loss: 0.7500, reg_loss: 0.0000, beta = 0.00
iter:  19500, l2 loss: 0.7500, reg_loss: 0.0000, beta = 0.00
iter:  20000, l2 loss: 0.7500, reg_loss: 0.0000, beta = 0.00
AdaRound values computing done!
,,,,,,,,,,,,,,,,,,,,,,,,,,,,,,,,,,,,,,,,,,,,,,,,,,,,,,,,,,,,,,,,,,,,,,,,,,,,,,,,,,,,,,,,,,,,,,,,,,,,,,,,,,,,,,,,,,,,,,,,,,,,,,,,,,,,,,,,,,,,,,,,,,,,,,,,,,,,,,,,,,,,,,,,,,,,,,,,,,,,,,,,,,,,,,,,,,,,,,,,,,,,,,,,,,,,,,,,,,,,,,,,,,,,,,,,,,,,,,,,,,,,,,,,,,,,,,,,,,,,,,,,,,,,,,,,,,,,,,,,,,,,,,,,,,,,,,,,,,,,,,,,,,,,,,,,,,,,,,,,,,,,,,,,,,,,,,,,,,,,,,,,,,,,,,,,,,,,,,,,,,,,,,,,,,,,,,,,,,,,,,,,,,,,,,,,,,,,,,,,,,,,,,,,,,,,,,,,,,,,,,,,,,,,,,,,,,,,,,,,,,,,,,,,,,,,,,,,,,,,,,,,,,,,,,,,,,,,,,,,,,,,,,,,,,,,,,,,,,,,,,,,,,,,,,,,,,,,,,,,,,,,,,,,,,,,,,,,,,,,,,,,,,,,,,,,,,,,,,,,,,,,,,,,,,,,,,,,,,,,,,,,,,,,,,,,,,,,,,,,,,,,,,,,,,,,,,,,,,,,,,,,,,,,,,,,,,,,,,,,,,,,,,,,,,,,,,,,,,,,,,,,,,,,,,,,,,,,,,,,,,,,,,,,,,,,,,,,,,,,,,,,,,,,,,,,,,,,,,,,,,,,,,,,,,,,,,,,,,,,,,,,,,,,,,,,,,,,,,,,,,,,,,,,,,,,,,,,,,,,,,,,,,,,,,,,,,,,,,,,,,,,,,,,,,,,,,,,,,,,,,,,,,,,,,,,,,,,,,,,,,,,,,,,,,,,,,,,,,,,,,,,,,,,,,,,,,,,,,,,,,,,,,,,,,,,,,,,,,,,,,,,,,,,,,,,,,,,,,,,,,,,,,,,,,,,,,,,,,,,,,,,,,,,,,,,,,,,,,,,,,,,,,,,,,,,,,,,,,,,,,,,,,,,,,,,,,,,,,,,,,,,,,,,,,,,,,,,,,,,,,,,,,,,,,,,,,,,,,,,,,,,,,,,,,,,,,,,,,,,,,,,,,,,,,,,,,,,,,,,,,,,,,,,,,,,,,,,,,,,,,,,,,,,,,,,,,,,,,,,,,,,,,,,,,,,,,,,,,,,,,,,,,,,,,,,,,,,,,,,,,,,,,,,,,,,,,,,,,,,,,,,,,,,,,,,,,,,,,,,,,,,,,,,,,,,,,,,,,,,,,,,,,,,,,,,,,,,,,,,,,,,,,,,,,,,,,,,,,,,,,,,,,,,,,,,,,,,,,,,,,,,,,,,,,,,,,,,,,,,,,,,,,,,,,,,,,,,,,,,,,,,,,,,,,,,,,,,,,,,,,,,,,,,,,,,,,,,,,,,,,,,,,,,,,,,,,,,,,,,,,,,,,,,,,,,,,,,,,,,,,,,,,,,,,,,,,,,,,,,,,,,,,,,,,,,,,,,,,,,,,,,,,,,,,,,,,,,,,,,,,,,,,,,,,,,,,,,,,,,,,,,,,,,,,,,,,,,,,,,,,,,,,,,,,,,,,,,,,,,,,,,,,,,,,,,,,,,,,,,,,,,,,,,,,,,,,,,,,,,,,,,,,,,,,,,,,,,,,,,,,,,,,,,,,,,,,,,,,,,,,,,,,,,,,,,,,,,,,,,,,,,,,,,,,,,,,,,,,,,,,,,,,,,,,,,,,,,,,,,,,,,,,,,,,,,,,,,,,,,,,,,,,,,,,,,,,,,,,,,,,,,,,,,,,,,,,,,,,,,,,,,,,,,,,,,,,,,,,,,,,,,,,,,,,,,,,,,,,,,,,,,,,,,,,,,,,,,,,,,,,,,,,,,,,,,,,,,,,,,,,,,,,,,,,,,,,,,,,,,,,,,,,,,,,,,,,,,,,,,,,,,,,,,,,,,,,,,,,,,,,,,,,,,,,,,,,,,,,,,,,,,,,,,,,,,,,,,,,,,,,,,,,,,,,,,,,,,,,,,,,,,,,,,,,,,,,,,,,,,,,,,,,,,,,,,,,,,,,,,,,,,,,,,,,,,,,,,,,,,,,,,,,,,,,,,,,,,,,,,,,,,,,,,,,,,,,,,,,,,,,,,,,,,,,,,,,,,,,,,,,,,,,,,,,,,,,,,,,,,,,,,,,,,,,,,,,,,,,,,,,,,,,,,,,,,,,,,,,,,,,,,,,,,,,,,,,,,,,,,,,,,,,,,,,,,,,,,,,,,,,,,,,,,,,,,,,,,,,,,,,,,,,,,,,,,,,,,,,,,,,,,,,,,,,,,,,,,,,,,,,,,,,,,,,,,,,,,,,,,,,,,,,,,,,,,,,,,,,,,,,,,,,,,,,,,,,,,,,,,,,,,,,,,,,,,,,,,,,,,,,,,,,,,,,,,,,,,,,,,,,,,,,,,,,,,,,,,,,,,,,,,,,,,,,,,,,,,,,,,,,,,,,,,,,,,,,,,,,,,,,,,,,,,,,,,,,,,,,,,,,,,,,,,,,,,,,,,,,,,,,,,,,,,,,,,,,,,,,,,,,,,,,,,,,,,,,,,,,,,,,,,,,,,,,,,,,,,,,,,,,,,,,,,,,,,,,,,,,,,,,,,,,,,,,,,,,,,,,,,,,,,,,,,,,,,,,,,,,,,,,,,,,,,,,,,,,,,,,,,,,,,,,,,,,,,,,,,,,,,,,,,,,,,,,,,,,,,,,,,,,,,,,,,,,,,,,,,,,,,,,,,,,,,,,,,,,,,,,,,,,,,,,,,,,,,,,,,,,,,,,,,,,,,,,,,,,,,,,,,,,,,,,,,,,,,,,,,,,,,,,,,,,,,,,,,,,,,,,,,,,,,,,,,,,,,,,,,,,,,,,,,,,,,,,,,,,,,,,,,,,,,,,,,,,,,,,,,,,,,,,,,,,,,,,,,,,,,,,,,,,,,,,,,,,,,,,,,,,,,,,,,,,,,,,,,,,,,,,,,,,,,,,,,,,,,,,,,,,,,,,,,,,,,,,,,,,,,,,,,,,,,,,,,,,,,,,,,,,,,,,,,,,,,,,,,,,,,,,,,,,,,,,,,,,,,,,,,,,,,,,,,,,,,,,,,,,,,,,,,,,,,,,,,,,,,,,,,,,,,,,,,,,,,,,,,,,,,,,,,,,,,,,,,,,,,,,,,,,,,,,,,,,,,,,,,,,,,,,,,,,,,,,,,,,,,,,,,,,,,,,,,,,,,,,,,,,,,,,,,,,,,,,,,,,,,,,,,,,,,,,,,,,,,,,,,,,,,,,,,,,,,,,,,,,,,,,,,,,,,,,,,,,,,,,,,,,,,,,,,,,,,,,,,,,,,,,,,,,,,,,,,,,,,,,,,,,,,,,,,,,,,,,,,,,,,,,,,,,,,,,,,,,,,,,,,,,,,,,,,,,,,,,,,,,,,,,,,,,,,,,,,,,,,,,,,,,,,,,,,,,,,,,,,,,,,,,,,,,,,,,,,,,,,,,,,,,,,,,,,,,,,,,,,,,,,,,,,,,,,,,,,,,,,,,,,,,,,,,,,,,,,,,,,,,,,,,,,,,,,,,,,,,,,,,,,,,,,,,,,,,,,,,,,,,,,,,,,,,,,,,,,,,,,,,,,,,,,,,,,,,,,,,,,,,,,,,,,,,,,,,,,,,,,,,,,,,,,,,,,,,,,,,,,,,,,,,,,,,,,,,,,,,,,,,,,,,,,,,,,,,,,,,,,,,,,,,,,,,,,,,,,,,,,,,,,,,,,,,,,,,,,,,,,,,,,,,,,,,,,,,,,,,,,,,,,,,,,,,,,,,,,,,,,,,,,,,,,,,,,,,,,,,,,,,,,,,,,,,,,,,,,,,,,,,,,,,,,,,,,,,,,,,,,,,,,,,,,,,,,,,,,,,,,,,,,,,,,,,,,,,,,,,,,,,,,,,,,,,,,,,,,,,,,,,,,,,,,,,,,,,,,,,,,,,,,,,,,,,,,,,,,,,,,,,,,,,,,,,,,,,,,,,,,,,,,,,,,,,,,,,,,,,,,,,,,,,,,,,,,,,,,,,,,,,,,,,,,,,,,,,,,,,,,,,,,,,,,,,,,,,,,,,,,,,,,,,,,,,,,,,,,,,,,,,,,,,,,,,,,,,,,,,,,,,,,,,,,,,,,,,,,,,,,,,,,,,,,,,,,,,,,,,,,,,,,,,,,,,,,,,,,,,,,,,,,,,,,,,,,,,,,,,,,,,,,,,,,,,,,,,,,,,,,,,,,,,,,,,,,,,,,,,,,,,,,,,,,,,,,,,,,,,,,,,,,,,,,,,,,,,,,,,,,,,,,,,,,,,,,,,,,,,,,,,,,,,,,,,,,,,,,,,,,,,,,,,,,,,,,,,,,,,,,,,,,,,,,,,,,,,,,,,,,,,,,,,,,,,,,,,,,,,,,,,,,,,,,,,,,,,,,,,,,,,,,,,,,,,,,,,,,,,,,,,,,,,,,,,,,,,,,,,,,,,,,,,,,,,,,,,,,,,,,,,,,,,,,,,,,,,,,,,,,,,,,,,,,,,,,,,,,,,,,,,,,,,,,,,,,,,,,,,,,,,,,,,,,,,,,,,,,,,,,,,,,,,,,,,,,,,,,,,,,,,,,,,,,,,,,,,,,,,,,,,,,,,,,,,,,,,,,,,,,,,,,,,,,,,,,,,,,,,,,,,,,,,,,,,,,,,,,,,,,,,,,,,,,,,,,,,,,,,,,,,,,,,,,,,,,,,,,,,,,,,,,,,,,,,,,,,,,,,,,,,,,,,,,,,,,,,,,,,,,,,,,,,,,,,,,,,,,,,,,,,,,,,,,,,,,,,,,,,,,,,,,,,,,,,,,,,,,,,,,,,,,,,,,,,,,,,,,,,,,,,,,,,,,,,,,,,,,,,,,,,,,,,,,,,,,,,,,,,,,,,,,,,,,,,,,,,,,,,,,,,,,,,,,,,,,,,,,,,,,,,,,,,,,,,,,,,,,,,,,,,,,,,,,,,,,,,,,,,,,,,,,,,,,,,,,,,,,,,,,,,,,,,,,,,,,,,,,,,,,,,,,,,,,,,,,,,,,,,,,,,,,,,,,,,,,,,,,,,,,,,,,,,,,,,,,,,,,,,,,,,,,,,,,,,,,,,,,,,,,,,,,,,,,,,,,,,,,,,,,,,,,,,,,,,,,,,,,,,,,,,,,,,,,,,,,,,,,,,,,,,,,,,,,,,,,,,,,,,,,,,,,,,,,,,,,,,,,,,,,,,,,,,,,,,,,,,,,,,,,,,,,,,,,,,,,,,,,,,,,,,,,,,,,,,,,,,,,,,,,,,,,,,,,,,,,,,,,,,,,,,,,,,,,,,,,,,,,,,,,,,,,,,,,,,,,,,,,,,,,,,,,,,,,,,,,,,,,,,,,,,,,,,,,,,,,,,,,,,,,,,,,,,,,,,,,,,,,,,,,,,,,,,,,,,,,,,,,,,,,,,,,,,,,,,,,,,,,,,,,,,,,,,,,,,,,,,,,,,,,,,,,,,,,,,,,,,,,,,,,,,,,,,,,,,,,,,,,,,,,,,,,,,,,,,,,,,,,,,,,,,,,,,,,,,,,,,,,,,,,,,,,,,,,,,,,,,,,,,,,,,,,,,,,,,,,,,,,,,,,,,,,,,,,,,,,,,,,,,,,,,,,,,,,,,,,,,,,,,,,,,,,,,,,,,,,,,,,,,,,,,,,,,,,,,,,,,,,,,,,,,,,,,,,,,,,,,,,,,,,,,,,,,,,,,,,,,,,,,,,,,,,,,,,,,,,,,,,,,,,,,,,,,,,,,,,,,,,,,,,,,,,,,,,,,,,,,,,,,,,,,,,,,,,,,,,,,,,,,,,,,,,,,,,,,,,,,,,,,,,,,,,,,,,,,,,,,,,,,,,,,,,,,,,,,,,,,,,,,,,,,,,,,,,,,,,,,,,,,,,,,,,,,,,,,,,,,,,,,,,,,,,,,,,,,,,,,,,,,,,,,,,,,,,,,,,,,,,,,,,,,,,,,,,,,,,,,,,,,,,,,,,,,,,,,,,,,,,,,,,,,,,,,,,,,,,,,,,,,,,,,,,,,,,,,,,,,,,,,,,,,,,,,,,,,,,,,,,,,,,,,,,,,,,,,,,,,,,,,,,,,,,,,,,,,,,,,,,,,,,,,,,,,,,,,,,,,,,,,,,,,,,,,,,,,,,,,,,,,,,,,,,,,,,,,,,,,,,,,,,,,,,,,,,,,,,,,,,,,,,,,,,,,,,,,,,,,,,,,,,,,,,,,,,,,,,,,,,,,,,,,,,,,,,,,,,,,,,,,,,,,,,,,,,,,,,,,,,,,,,,,,,,,,,,,,,,,,,,,,,,,,,,,,,,,,,,,,,,,,,,,,,,,,,,,,,,,,,,,,,,,,,,,,,,,,,,,,,,,,,,,,,,,,,,,,,,,,,,,,,,,,,,,,,,,,,,,,,,,,,,,,,,,,,,,,,,,,,,,,,,,,,,,,,,,,,,,,,,,,,,,,,,,,,,,,,,,,,,,,,,,,,,,,,,,,,,,,,,,,,,,,,,,,,,,,,,,,,,,,,,,,,,,,,,,,,,,,,,,,,,,,,,,,,,,,,,,,,,,,,,,,,,,,,,,,,,,,,,,,,,,,,,,,,,,,,,,,,,,,,,,,,,,,,,,,,,,,,,,,,,,,,,,,,,,,,,,,,,,,,,,,,,,,,,,,,,,,,,,,,,,,,,,,,,,,,,,,,,,,,,,,,,,,,,,,,,,,,,,,,,,,,,,,,,,,,,,,,,,,,,,,,,,,,,,,,,,,,,,,,,,,,,,,,,,,,,,,,,,,,,,,,,,,,,,,,,,,,,,,,,,,,,,,,,,,,,,,,,,,,,,,,,,,,,,,,,,,,,,,,,,,,,,,,,,,,,,,,,,,,,,,,,,,,,,,,,,,,,,,,,,,,,,,,,,,,,,,,,,,,,,,,,,,,,,,,,,,,,,,,,,,,,,,,,,,,,,,,,,,,,,,,,,,,,,,,,,,,,,,,,,,,,,,,,,,,,,,,,,,,,,,,,,,,,,,,,,,,,,,,,,,,,,,,,,,,,,,,,,,,,,,,,,,,,,,,,,,,,,,,,,,,,,,,,,,,,,,,,,,,,,,,,,,,,,,,,,,,,,,,,,,,,,,,,,,,,,,,,,,,,,,,,,,,,,,,,,,,,,,,,,,,,,,,,,,,,,,,,,,,,,,,,,,,,,,,,,,,,,,,,,,,,,,,,,,,,,,,,,,,,,,,,,,,,,,,,,,,,,,,,,,,,,,,,,,,,,,,,,,,,,,,,,,,,,,,,,,,,,,,,,,,,,,,,,,,,,,,,,,,,,,,,,,,,,,,,,,,,,,,,,,,,,,,,,,,,,,,,,,,,,,,,,,,,,,,,,,,,,,,,,,,,,,,,,,,,,,,,,,,,,,,,,,,,,,,,,,,,,,,,,,,,,,,,,,,,,,,,,,,,,,,,,,,,,,,,,,,,,,,,,,,,,,,,,,,,,,,,,,,,,,,,,,,,,,,,,,,,,,,,,,,,,,,,,,,,,,,,,,,,,,,,,,,,,,,,,,,,,,,,,,,,,,,,,,,,,,,,,,,,,,,,,,,,,,,,,,,,,,,,,,,,,,,,,,,,,,,,,,,,,,,,,,,,,,,,,,,,,,,,,,,,,,,,,,,,,,,,,,,,,,,,,,,,,,,,,,,,,,,,,,,,,,,,,,,,,,,,,,,,,,,,,,,,,,,,,,,,,,,,,,,,,,,,,,,,,,,,,,,,,,,,,,,,,,,,,,,,,,,,,,,,,,,,,,,,,,,,,,,,,,,,,,,,,,,,,,,,,,,,,,,,,,,,,,,,,,,,,,,,,,,,,,,,,,,,,,,,,,,,,,,,,,,,,,,,,,,,,,,,,,,,,,,,,,,,,,,,,,,,,,,,,,,,,,,,,,,,,,,,,,,,,,,,,,,,,,,,,,,,,,,,,,,,,,,,,,,,,,,,,,,,,,,,,,,,,,,,,,,,,,,,,,,,,,,,,,,,,,,,,,,,,,,,,,,,,,,,,,,,,,,,,,,,,,,,,,,,,,,,,,,,,,,,,,,,,,,,,,,,,,,,,,,,,,,,,,,,,,,,,,,,,,,,,,,,,,,,,,,,,,,,,,,,,,,,,,,,,,,,,,,,,,,,,,,,,,,,,,,,,,,,,,,,,,,,,,,,,,,,,,,,,,,,,,,,,,,,,,,,,,,,,,,,,,,,,,,,,,,,,,,,,,,,,,,,,,,,,,,,,,,,,,,,,,,,,,,,,,,,,,,,,,,,,,,,,,,,,,,,,,,,,,,,,,,,,,,,,,,,,,,,,,,,,,,,,,,,,,,,,,,,,,,,,,,,,,,,,,,,,,,,,,,,,,,,,,,,,,,,,,,,,,,,,,,,,,,,,,,,,,,,,,,,,,,,,,,,,,,,,,,,,,,,,,,,,,,,,,,,,,,,,,,,,,,,,,,,,,,,,,,,,,,,,,,,,,,,,,,,,,,,,,,,,,,,,,,,,,,,,,,,,,,,,,,,,,,,,,,,,,,,,,,,,,,,,,,,,,,,,,,,,,,,,,,,,,,,,,,,,,,,,,,,,,,,,,,,,,,,,,,,,,,,,,,,,,,,,,,,,,,,,,,,,,,,,,,,,,,,,,,,,,,,,,,,,,,,,,,,,,,,,,,,,,,,,,,,,,,,,,,,,,,,,,,,,,,,,,,,,,,,,,,,,,,,,,,,,,,,,,,,,,,,,,,,,,,,,,,,,,,,,,,,,,,,,,,,,,,,,,,,,,,,,,,,,,,,,,,,,,    Original model Evaluation accuracy on 50000 images, 67.29
Total time: 1485.51 sec
