No savepoint found. Starting from Pretrained Model
evaluate acc of pretrained model.
eval ref
.....................................................................................................................................................................................................................................................................................................................................................................................................................................................................................................................................................................................................................................................................................................................................................................................................................................................................................................................................................................................................................................................................................................................................................................................................................................................................................................................................................................................................................................................................................................................................................................................................................................................................................................................................................................................................................................................................................................................................................................................................................................................................................................................................................................................................................................................................................................................................................................................................................................................................................................................................................................................................................................................................................................................................................................................................................................................................................................................................................................................................................................................................................................................................................................................................................................................
Evaluation accuracy on 50000 images, 80.35
3125*16 = 50000
.......................................................................................................................................................................................................................................................................................................................................................................................................
Evaluation accuracy on 128000 images, 80.35
1000*128
Size (MB): 102.523238
No savepoint found. Starting from Pretrained Model
evaluate acc of pretrained model.
eval_loss: 1.4146 | eval_acc: 80.34%
Size (MB): 102.527718

----------Quantization Aware Training enabled
No savepoint found. Starting from Pretrained Model
evaluate acc of pretrained model.
eval_loss: 1.4146 | eval_acc: 80.34%
Size (MB): 102.527718
그냥 로딩한 모델 정확도: 80.34
====================================================================================================----------Quantization Aware Training enabled
# case 1 : Dynamic Quantization
---------- Dynamic Quantization enabled
No savepoint found. Starting from Pretrained Model
evaluate acc of pretrained model.
eval_loss: 1.4121 | eval_acc: 80.37%
Size (MB): 96.38006
